[2026-01-13T18:29:08.610Z] [INFO] 🧹 Cleaning old jobs from queue...
[2026-01-13T18:29:08.673Z] [INFO] ✅ Queue cleared. Checking for new injection...
[2026-01-13T18:29:08.676Z] [INFO] 🔧 [DEV] Queue empty. Injecting Test Job...
[2026-01-13T18:29:08.722Z] [SUCCESS] ✅ [DEV] Injected New Job: Account 29 (Batch 11)
[2026-01-13T18:29:08.724Z] [INFO] Processing new job
{
  "accountId": 29,
  "batchId": 11,
  "jobId": "29"
}
[2026-01-13T18:29:08.726Z] [INFO] Starting account creation for Account ID: 29 (Attempt 1/3)
[2026-01-13T18:29:09.725Z] [INFO] Generated Email: tiktokgb4yo3j0@virgilian.com
[2026-01-13T18:29:09.729Z] [INFO] 🚀 Launching SeleniumBase via Python Bridge...
[2026-01-13T18:29:09.729Z] [INFO] Starting Python Browser Launcher: /Users/mac/Desktop/My Work/Tiktok_account_automation/bot/src/utils/browserLauncher.py
[2026-01-13T18:29:09.729Z] [INFO] 🔌 Connecting with proxy: http://fsynjmig-1:****@p.webshare.io:80
[2026-01-13T18:29:14.503Z] [INFO] ✅ Connected to CDP Endpoint: ws://127.0.0.1:9222/devtools/browser/fcb176bf-1b5f-4efc-be26-5872aee2d885
[2026-01-13T18:29:14.578Z] [INFO] Attached to existing page
[2026-01-13T18:29:14.625Z] [INFO] Navigating to https://www.tiktok.com/signup/phone-or-email/email...
[2026-01-13T18:29:17.467Z] [INFO] 🌍 Checking public IP & Location...
[2026-01-13T18:29:17.484Z] [INFO] ✅ IP: Unknown | 📍 Location: Unknown
[2026-01-13T18:29:17.485Z] [INFO] ⏳ Waiting for page to fully load...
[2026-01-13T18:29:37.760Z] [INFO] On signup page - HYBRID FLOW STARTED
[2026-01-13T18:29:41.348Z] [INFO] 🎂 Filling date of birth...
[2026-01-13T18:29:41.349Z] [INFO] Step 1: Opening Month dropdown...
[2026-01-13T18:29:50.154Z] [SUCCESS] ✅ Selected month: 06
[2026-01-13T18:29:52.597Z] [INFO] Step 2: Opening Day dropdown...
[2026-01-13T18:29:59.889Z] [SUCCESS] ✅ Selected day: 18
[2026-01-13T18:30:02.352Z] [INFO] Step 3: Opening Year dropdown...
[2026-01-13T18:30:07.289Z] [SUCCESS] ✅ Selected year: 1984
[2026-01-13T18:30:07.289Z] [SUCCESS] 🎂 Date of birth selection completed!
[2026-01-13T18:30:08.892Z] [INFO] Filling email address...
[2026-01-13T18:30:14.023Z] [SUCCESS] Entered email: tiktokgb4yo3j0@virgilian.com
[2026-01-13T18:30:15.864Z] [INFO] Clicking outside to close email suggestions...
[2026-01-13T18:30:17.698Z] [INFO] Filling password...
[2026-01-13T18:30:20.787Z] [SUCCESS] Entered password
[2026-01-13T18:30:22.918Z] [INFO] Thinking: Clicking "Send code" button...
[2026-01-13T18:30:24.902Z] [INFO] Attempt 1: Clicking Send Code...
[2026-01-13T18:30:28.201Z] [INFO] Attempt 2: Clicking Send Code...
[2026-01-13T18:30:31.164Z] [SUCCESS] ✅ Successfully clicked "Send code"
[2026-01-13T18:30:31.165Z] [INFO] ⏳ Waiting for OTP in mail.tm inbox (Do not close browser)...
[2026-01-13T18:30:42.133Z] [INFO] ✅ Got Code: 932656
[2026-01-13T18:30:42.134Z] [INFO] Entering verification code...
[2026-01-13T18:30:50.760Z] [SUCCESS] ✅ Entered verification code successfully
[2026-01-13T18:30:52.217Z] [INFO] Clicking submit/next button...
[2026-01-13T18:30:52.256Z] [SUCCESS] ✅ Clicked submit button
[2026-01-13T18:30:55.844Z] [SUCCESS] ✅ Clicked submit button
[2026-01-13T18:30:59.698Z] [SUCCESS] ✅ Clicked submit button
[2026-01-13T18:31:03.029Z] [INFO] Waiting for post-signup state...
[2026-01-13T18:31:03.043Z] [INFO] 🔥 Starting Account Warm-up Phase...
[2026-01-13T18:31:06.603Z] [INFO] 🔥 Will perform 5 scroll/watch actions
[2026-01-13T18:31:06.603Z] [INFO] Action 1/5: Watching video...
[2026-01-13T18:31:18.388Z] [INFO] ⬇️ Scrolling to next video...
[2026-01-13T18:31:18.390Z] [ERROR] ❌ Warm-up failed: keyboard.press: Target page, context or browser has been closed
[2026-01-13T18:31:18.391Z] [ERROR] Failed to create account (Attempt 1/3)
{
  "accountId": 29,
  "error": "page.evaluate: Target page, context or browser has been closed",
  "stack": "page.evaluate: Target page, context or browser has been closed\n    at createTikTokAccount (/Users/mac/Desktop/My Work/Tiktok_account_automation/bot/src/automation/tiktokSignup.js:604:36)\n    at async Queue.<anonymous> (/Users/mac/Desktop/My Work/Tiktok_account_automation/bot/src/worker.js:92:24)"
}
[2026-01-13T18:31:18.395Z] [INFO] ⚠️ Error occurred. KEEPING BROWSER OPEN for 60 seconds for inspection...
[2026-01-13T18:31:18.395Z] [INFO] Retrying account creation... (Attempt 2/3)
[2026-01-13T18:31:25.228Z] [INFO] Starting account creation for Account ID: 29 (Attempt 2/3)
[2026-01-13T18:31:25.245Z] [INFO] Killing Python browser process...
[2026-01-13T18:31:25.255Z] [INFO] Browser closed
[2026-01-13T18:31:26.297Z] [INFO] Generated Email: tiktok84b2wl3q@virgilian.com
[2026-01-13T18:31:26.300Z] [INFO] 🚀 Launching SeleniumBase via Python Bridge...
[2026-01-13T18:31:26.300Z] [INFO] Starting Python Browser Launcher: /Users/mac/Desktop/My Work/Tiktok_account_automation/bot/src/utils/browserLauncher.py
[2026-01-13T18:31:26.300Z] [INFO] 🔌 Connecting with proxy: http://fsynjmig-1:****@p.webshare.io:80
[2026-01-13T18:31:56.304Z] [ERROR] Failed to create account (Attempt 2/3)
{
  "accountId": 29,
  "error": "Timeout waiting for Python browser launcher",
  "stack": "Error: Timeout waiting for Python browser launcher\n    at Timeout._onTimeout (file:///Users/mac/Desktop/My%20Work/Tiktok_account_automation/bot/src/automation/tiktokSignup.js:68:35)\n    at listOnTimeout (node:internal/timers:581:17)\n    at process.processTimers (node:internal/timers:519:7)"
}
[2026-01-13T18:31:56.306Z] [INFO] ⚠️ Error occurred. KEEPING BROWSER OPEN for 60 seconds for inspection...
[2026-01-13T18:31:56.307Z] [INFO] Retrying account creation... (Attempt 3/3)
[2026-01-13T18:32:05.849Z] [INFO] Starting account creation for Account ID: 29 (Attempt 3/3)
[2026-01-13T18:32:05.853Z] [INFO] Browser closed
[2026-01-13T18:32:06.647Z] [INFO] Generated Email: tiktok1a9ffbv5@virgilian.com
[2026-01-13T18:32:06.650Z] [INFO] 🚀 Launching SeleniumBase via Python Bridge...
[2026-01-13T18:32:06.650Z] [INFO] Starting Python Browser Launcher: /Users/mac/Desktop/My Work/Tiktok_account_automation/bot/src/utils/browserLauncher.py
[2026-01-13T18:32:06.650Z] [INFO] 🔌 Connecting with proxy: http://fsynjmig-1:****@p.webshare.io:80
[2026-01-13T18:32:08.616Z] [INFO] ✅ Connected to CDP Endpoint: ws://127.0.0.1:9222/devtools/browser/0cb796fb-81f6-4ff5-94a0-092bcd020b36
[2026-01-13T18:32:08.766Z] [INFO] Attached to existing page
[2026-01-13T18:32:08.805Z] [INFO] Navigating to https://www.tiktok.com/signup/phone-or-email/email...
[2026-01-13T18:32:13.425Z] [INFO] 🌍 Checking public IP & Location...
[2026-01-13T18:32:13.441Z] [INFO] ✅ IP: Unknown | 📍 Location: Unknown
[2026-01-13T18:32:13.442Z] [INFO] ⏳ Waiting for page to fully load...
[2026-01-13T18:32:30.004Z] [INFO] On signup page - HYBRID FLOW STARTED
[2026-01-13T18:32:33.776Z] [INFO] 🎂 Filling date of birth...
[2026-01-13T18:32:33.777Z] [INFO] Step 1: Opening Month dropdown...
[2026-01-13T18:32:42.377Z] [SUCCESS] ✅ Selected month: 12
[2026-01-13T18:32:45.561Z] [INFO] Step 2: Opening Day dropdown...
[2026-01-13T18:32:52.212Z] [SUCCESS] ✅ Selected day: 28
[2026-01-13T18:32:54.281Z] [INFO] Step 3: Opening Year dropdown...
[2026-01-13T18:33:00.492Z] [SUCCESS] ✅ Selected year: 1977
[2026-01-13T18:33:00.492Z] [SUCCESS] 🎂 Date of birth selection completed!
[2026-01-13T18:33:01.731Z] [INFO] Filling email address...
[2026-01-13T18:33:06.041Z] [SUCCESS] Entered email: tiktok1a9ffbv5@virgilian.com
[2026-01-13T18:33:08.268Z] [INFO] Clicking outside to close email suggestions...
[2026-01-13T18:33:10.236Z] [INFO] Filling password...
[2026-01-13T18:33:13.813Z] [SUCCESS] Entered password
[2026-01-13T18:33:16.550Z] [INFO] Thinking: Clicking "Send code" button...
[2026-01-13T18:33:18.051Z] [INFO] Attempt 1: Clicking Send Code...
[2026-01-13T18:33:21.469Z] [INFO] Attempt 2: Clicking Send Code...
[2026-01-13T18:33:24.041Z] [SUCCESS] ✅ Successfully clicked "Send code"
[2026-01-13T18:33:24.042Z] [INFO] ⏳ Waiting for OTP in mail.tm inbox (Do not close browser)...
[2026-01-13T18:33:35.989Z] [INFO] ✅ Got Code: 147201
[2026-01-13T18:33:35.990Z] [INFO] Entering verification code...
[2026-01-13T18:33:44.651Z] [SUCCESS] ✅ Entered verification code successfully
[2026-01-13T18:33:46.038Z] [INFO] Clicking submit/next button...
[2026-01-13T18:33:46.080Z] [SUCCESS] ✅ Clicked submit button
[2026-01-13T18:33:49.372Z] [SUCCESS] ✅ Clicked submit button
[2026-01-13T18:33:53.759Z] [SUCCESS] ✅ Clicked submit button
[2026-01-13T18:33:57.889Z] [INFO] Waiting for post-signup state...
[2026-01-13T18:33:57.902Z] [INFO] 🔥 Starting Account Warm-up Phase...
[2026-01-13T18:34:01.092Z] [INFO] 🔥 Will perform 6 scroll/watch actions
[2026-01-13T18:34:01.093Z] [INFO] Action 1/6: Watching video...
[2026-01-13T18:34:12.033Z] [INFO] ⬇️ Scrolling to next video...
[2026-01-13T18:34:12.034Z] [ERROR] ❌ Warm-up failed: keyboard.press: Target page, context or browser has been closed
[2026-01-13T18:34:12.035Z] [ERROR] Failed to create account (Attempt 3/3)
{
  "accountId": 29,
  "error": "page.evaluate: Target page, context or browser has been closed",
  "stack": "page.evaluate: Target page, context or browser has been closed\n    at createTikTokAccount (/Users/mac/Desktop/My Work/Tiktok_account_automation/bot/src/automation/tiktokSignup.js:604:36)\n    at async Queue.<anonymous> (/Users/mac/Desktop/My Work/Tiktok_account_automation/bot/src/worker.js:92:24)"
}
[2026-01-13T18:34:12.037Z] [INFO] ⚠️ Error occurred. KEEPING BROWSER OPEN for 60 seconds for inspection...
[2026-01-13T18:34:12.038Z] [INFO] Killing Python browser process...
[2026-01-13T18:34:12.039Z] [INFO] Browser closed
[2026-01-13T18:34:12.044Z] [SUCCESS] Batch 11 completed!
{
  "totalSuccess": 0,
  "totalFailed": 1
}
[2026-01-13T18:34:12.047Z] [INFO] Waiting 9.90 minutes before next account creation...
[2026-01-13T18:44:05.832Z] [SUCCESS] Job 29 completed
{
  "result": {
    "success": false,
    "accountId": 29,
    "error": "page.evaluate: Target page, context or browser has been closed"
  }
}
