[2026-01-03T20:43:09.426Z] [INFO] Processing new job
{
  "accountId": 9,
  "batchId": 2,
  "jobId": "9"
}
[2026-01-03T20:43:09.428Z] [INFO] Starting account creation for Account ID: 9 (Attempt 1/3)
[2026-01-03T20:43:09.439Z] [INFO] Launching browser with CDP mode (enhanced stealth)...
[2026-01-03T20:43:10.666Z] [INFO] Navigating to https://www.tiktok.com/signup/phone-or-email/email...
[2026-01-03T20:43:27.270Z] [INFO] On direct email signup page - using PRECISE SELECTORS from visual inspection
[2026-01-03T20:43:29.779Z] [INFO] 🎂 Filling date of birth...
[2026-01-03T20:43:31.317Z] [INFO] Step 1: Opening Month dropdown...
[2026-01-03T20:43:31.427Z] [SUCCESS] ✅ Clicked Month trigger
[2026-01-03T20:43:32.074Z] [SUCCESS] ✅ Selected month: December (Index: 11)
[2026-01-03T20:43:33.394Z] [INFO] Step 2: Opening Day dropdown...
[2026-01-03T20:43:33.446Z] [SUCCESS] ✅ Clicked Day trigger
[2026-01-03T20:43:34.305Z] [SUCCESS] ✅ Selected day: 25
[2026-01-03T20:43:35.464Z] [INFO] Step 3: Opening Year dropdown...
[2026-01-03T20:43:35.559Z] [SUCCESS] ✅ Clicked Year trigger
[2026-01-03T20:43:36.566Z] [SUCCESS] ✅ Selected year: 1979
[2026-01-03T20:43:36.567Z] [SUCCESS] 🎂 Date of birth selection completed!
[2026-01-03T20:43:38.117Z] [INFO] Filling email address...
[2026-01-03T20:44:12.011Z] [SUCCESS] Entered email: wixewi3757@icousd.com
[2026-01-03T20:44:14.417Z] [INFO] Clicking outside to close email suggestions...
[2026-01-03T20:44:16.002Z] [INFO] Filling password...
[2026-01-03T20:44:18.529Z] [SUCCESS] Entered password
[2026-01-03T20:44:24.318Z] [INFO] Clicking submit button...
[2026-01-03T20:45:29.947Z] [INFO] Looking for "Send code" button...
[2026-01-03T20:45:32.047Z] [SUCCESS] ✅ Clicked "Send code" button using selector: [data-e2e="send-code-button"]
[2026-01-03T20:45:34.112Z] [INFO] Waiting for verification code input...
[2026-01-03T20:45:39.114Z] [INFO] Retrieving verification code from email...
[2026-01-03T20:47:12.137Z] [ERROR] Failed to create account (Attempt 1/3)
{
  "accountId": 9,
  "error": "Verification code not received within timeout period",
  "stack": "Error: Verification code not received within timeout period\n    at getVerificationCode (file:///Users/mac/Desktop/My%20Work/Tiktok_account_automation/bot/src/services/tempMailService.js:88:15)\n    at async createTikTokAccount (file:///Users/mac/Desktop/My%20Work/Tiktok_account_automation/bot/src/automation/tiktokSignup.js:415:34)\n    at async Queue.<anonymous> (file:///Users/mac/Desktop/My%20Work/Tiktok_account_automation/bot/src/worker.js:45:24)"
}
[2026-01-03T20:47:12.140Z] [INFO] Retrying account creation... (Attempt 2/3)
[2026-01-03T20:47:21.631Z] [INFO] Starting account creation for Account ID: 9 (Attempt 2/3)
[2026-01-03T20:47:21.635Z] [INFO] Launching browser with CDP mode (enhanced stealth)...
[2026-01-03T20:47:22.710Z] [INFO] Navigating to https://www.tiktok.com/signup/phone-or-email/email...
[2026-01-03T20:47:23.125Z] [INFO] Browser closed
[2026-01-03T20:47:37.351Z] [INFO] On direct email signup page - using PRECISE SELECTORS from visual inspection
[2026-01-03T20:47:40.164Z] [INFO] 🎂 Filling date of birth...
[2026-01-03T20:47:42.149Z] [INFO] Step 1: Opening Month dropdown...
[2026-01-03T20:47:42.227Z] [SUCCESS] ✅ Clicked Month trigger
[2026-01-03T20:47:43.235Z] [SUCCESS] ✅ Selected month: May (Index: 4)
[2026-01-03T20:47:44.594Z] [INFO] Step 2: Opening Day dropdown...
[2026-01-03T20:47:44.643Z] [SUCCESS] ✅ Clicked Day trigger
[2026-01-03T20:47:45.533Z] [SUCCESS] ✅ Selected day: 28
[2026-01-03T20:47:46.549Z] [INFO] Step 3: Opening Year dropdown...
[2026-01-03T20:47:46.631Z] [SUCCESS] ✅ Clicked Year trigger
[2026-01-03T20:47:47.472Z] [SUCCESS] ✅ Selected year: 1992
[2026-01-03T20:47:47.472Z] [SUCCESS] 🎂 Date of birth selection completed!
[2026-01-03T20:47:49.183Z] [INFO] Filling email address...
[2026-01-03T20:48:23.059Z] [SUCCESS] Entered email: wixewi3757@icousd.com
[2026-01-03T20:48:25.360Z] [INFO] Clicking outside to close email suggestions...
[2026-01-03T20:48:26.552Z] [INFO] Filling password...
[2026-01-03T20:48:29.701Z] [SUCCESS] Entered password
[2026-01-03T20:48:37.032Z] [INFO] Clicking submit button...
[2026-01-03T21:02:07.389Z] [INFO] Processing new job
{
  "accountId": 8,
  "batchId": 2,
  "jobId": "8"
}
[2026-01-03T21:02:07.390Z] [INFO] Starting account creation for Account ID: 8 (Attempt 1/3)
[2026-01-03T21:02:07.393Z] [INFO] Launching browser with CDP mode (enhanced stealth)...
[2026-01-03T21:02:08.525Z] [INFO] Navigating to https://www.tiktok.com/signup/phone-or-email/email...
[2026-01-03T21:02:26.039Z] [INFO] On direct email signup page - using PRECISE SELECTORS from visual inspection
[2026-01-03T21:02:28.265Z] [INFO] 🎂 Filling date of birth...
[2026-01-03T21:02:30.764Z] [INFO] Step 1: Opening Month dropdown...
[2026-01-03T21:02:30.852Z] [SUCCESS] ✅ Clicked Month trigger
[2026-01-03T21:02:31.613Z] [SUCCESS] ✅ Selected month: April (Index: 3)
[2026-01-03T21:02:32.590Z] [INFO] Step 2: Opening Day dropdown...
[2026-01-03T21:02:32.645Z] [SUCCESS] ✅ Clicked Day trigger
[2026-01-03T21:02:33.731Z] [SUCCESS] ✅ Selected day: 26
[2026-01-03T21:02:35.067Z] [INFO] Step 3: Opening Year dropdown...
[2026-01-03T21:02:35.137Z] [SUCCESS] ✅ Clicked Year trigger
[2026-01-03T21:02:36.313Z] [SUCCESS] ✅ Selected year: 1998
[2026-01-03T21:02:36.314Z] [SUCCESS] 🎂 Date of birth selection completed!
[2026-01-03T21:02:38.161Z] [INFO] Filling email address...
[2026-01-03T21:03:11.916Z] [SUCCESS] Entered email: wixewi3757@icousd.com
[2026-01-03T21:03:14.294Z] [INFO] Clicking outside to close email suggestions...
[2026-01-03T21:03:15.635Z] [INFO] Filling password...
[2026-01-03T21:03:17.892Z] [SUCCESS] Entered password
[2026-01-03T21:03:23.482Z] [INFO] Clicking submit button...
