[2026-02-10T07:29:49.009Z] [INFO] 🚀 Auto-starting job injection (Testing Mode)...
[2026-02-10T07:29:49.398Z] [INFO] ✅ Queue obliterated.
[2026-02-10T07:29:49.399Z] [INFO] 🔧 [DEV] Injecting Fresh Test Job...
[2026-02-10T07:29:49.505Z] [INFO] Processing new job
{
  "accountId": 1996,
  "batchId": 57,
  "jobId": "1"
}
[2026-02-10T07:29:49.507Z] [INFO] Starting account creation for Account ID: 1996 (Attempt 1/3)
[2026-02-10T07:29:49.899Z] [SUCCESS] ✅ [DEV] Injected New Batch 57 with 100 jobs.
[2026-02-10T07:29:51.285Z] [INFO] Generated Email: tiktok294x0a1e@virgilian.com
[2026-02-10T07:29:51.289Z] [SUCCESS] ✅ Saved credentials: email=tiktok294x0a1e@virgilian.com, password length=10, DOB=1996-06-22
[2026-02-10T07:29:51.289Z] [INFO] 🛑 Checking for Fresh IP before launching... (Attempt 1)
[2026-02-10T07:29:56.799Z] [SUCCESS] ✅ Fresh IP Found: 188.177.182.184
[2026-02-10T07:29:56.799Z] [INFO] 🔗 Starting Local Proxy Chain...
[2026-02-10T07:29:56.803Z] [SUCCESS] ✅ Local Proxy Started: http://127.0.0.1:54055
[2026-02-10T07:29:56.803Z] [INFO] 🚀 Launching SeleniumBase via Python Bridge...
[2026-02-10T07:29:56.803Z] [INFO] Starting Python Browser Launcher: /Users/mac/Desktop/My Work/Tiktok_account_automation/bot/src/utils/browserLauncher.py
[2026-02-10T07:29:56.804Z] [INFO] 🔌 Connecting with proxy: http://127.0.0.1:54055
[2026-02-10T07:30:05.707Z] [INFO] ✅ Browser Connected
[2026-02-10T07:30:05.707Z] [INFO] 🌍 Syncing fingerprint with Proxy IP...
[2026-02-10T07:30:13.020Z] [SUCCESS] ✅ Proxy Sync Success: IP=190.121.89.184 | TZ=America/Santiago
[2026-02-10T07:30:13.021Z] [INFO] 🌍 Fetching accurate IP location info...
[2026-02-10T07:30:16.590Z] [SUCCESS] ✅ IP Info Captured: 98.184.26.169 | New Orleans, United States (Cox Communications Inc.)
[2026-02-10T07:30:16.591Z] [SUCCESS] ✅ IP data saved to database: 98.184.26.169
[2026-02-10T07:30:16.595Z] [INFO] Navigating to https://www.tiktok.com/signup/phone-or-email/email...
[2026-02-10T07:30:40.679Z] [INFO] 🔍 Checking if page loaded successfully...
[2026-02-10T07:30:40.687Z] [SUCCESS] ✅ Page loaded successfully!
[2026-02-10T07:30:40.689Z] [INFO] 🌍 Checking public IP & Location...
[2026-02-10T07:30:40.694Z] [INFO] ✅ IP: Unknown | 📍 Location: Unknown
[2026-02-10T07:30:40.695Z] [INFO] ℹ️  Keeping previously saved IP data (secondary check failed)
[2026-02-10T07:30:40.695Z] [INFO] ⏳ Waiting for page to fully load...
[2026-02-10T07:31:04.646Z] [INFO] On signup page - HYBRID FLOW STARTED
[2026-02-10T07:31:07.608Z] [INFO] 🎂 Filling date of birth...
[2026-02-10T07:31:07.609Z] [INFO] Step 1: Opening Month dropdown...
[2026-02-10T07:31:15.632Z] [SUCCESS] ✅ Selected month: 06
[2026-02-10T07:31:19.468Z] [INFO] Step 2: Opening Day dropdown...
[2026-02-10T07:31:25.393Z] [SUCCESS] ✅ Selected day: 22
[2026-02-10T07:31:28.431Z] [INFO] Step 3: Opening Year dropdown...
[2026-02-10T07:31:33.210Z] [SUCCESS] ✅ Selected year: 1996
[2026-02-10T07:31:33.211Z] [SUCCESS] 🎂 Date of birth selection completed!
[2026-02-10T07:31:34.336Z] [INFO] Filling email address...
[2026-02-10T07:31:38.898Z] [SUCCESS] Entered email: tiktok294x0a1e@virgilian.com
[2026-02-10T07:31:41.049Z] [INFO] Clicking outside to close email suggestions...
[2026-02-10T07:31:42.580Z] [INFO] Filling password...
[2026-02-10T07:31:45.601Z] [SUCCESS] Entered password
[2026-02-10T07:31:47.966Z] [INFO] Thinking: Clicking "Send code" button...
[2026-02-10T07:31:50.111Z] [INFO] Attempt 1: Clicking Send Code...
[2026-02-10T07:31:53.577Z] [INFO] Attempt 2: Clicking Send Code...
[2026-02-10T07:31:55.703Z] [SUCCESS] ✅ Successfully clicked "Send code"
[2026-02-10T07:31:55.703Z] [INFO] ⏳ Waiting for OTP in mail.tm inbox (Do not close browser)...
[2026-02-10T07:32:40.740Z] [INFO] ✅ Got Code: 222309
[2026-02-10T07:32:40.740Z] [INFO] Entering verification code...
[2026-02-10T07:32:49.416Z] [SUCCESS] ✅ Entered verification code successfully
[2026-02-10T07:32:50.581Z] [INFO] Clicking submit/next button...
[2026-02-10T07:32:50.621Z] [SUCCESS] ✅ Clicked submit button
[2026-02-10T07:32:54.604Z] [INFO] 🔍 Checking for signup errors after submit...
[2026-02-10T07:32:54.609Z] [SUCCESS] ✅ No critical errors detected after submit
[2026-02-10T07:32:54.638Z] [SUCCESS] ✅ Clicked submit button
[2026-02-10T07:32:57.717Z] [INFO] 🔍 Checking for signup errors after submit...
[2026-02-10T07:32:57.720Z] [SUCCESS] ✅ No critical errors detected after submit
[2026-02-10T07:32:57.747Z] [SUCCESS] ✅ Clicked submit button
[2026-02-10T07:33:01.104Z] [INFO] 🔍 Checking for signup errors after submit...
[2026-02-10T07:33:01.107Z] [SUCCESS] ✅ No critical errors detected after submit
[2026-02-10T07:33:01.107Z] [INFO] Waiting for post-signup state...
[2026-02-10T07:33:01.119Z] [INFO] 📍 Capturing initial IP after account creation...
[2026-02-10T07:33:01.123Z] [SUCCESS] ✅ Initial IP: null
[2026-02-10T07:33:01.123Z] [INFO] 🔥 Starting 30-second account warmup...
[2026-02-10T07:33:17.393Z] [INFO] ⏱️  Warmup progress: 16s / 30s
[2026-02-10T07:33:25.128Z] [INFO] ⏱️  Warmup progress: 24s / 30s
[2026-02-10T07:33:31.492Z] [INFO] ⏱️  Warmup progress: 30s / 30s
[2026-02-10T07:33:31.493Z] [SUCCESS] ✅ Account warmup completed (30 seconds)
[2026-02-10T07:33:31.497Z] [SUCCESS] 🎉 Signup flow finished. ID: 1996
[2026-02-10T07:33:31.523Z] [INFO] Killing Python browser process...
[2026-02-10T07:33:31.523Z] [INFO] Closing Local Proxy Chain...
[2026-02-10T07:33:31.528Z] [INFO] Browser closed
[2026-02-10T07:33:31.598Z] [INFO] Waiting 7.07 minutes before next account creation...
[2026-02-10T07:40:35.815Z] [SUCCESS] Job 1 completed
{
  "result": {
    "success": true,
    "email": "tiktok294x0a1e@virgilian.com"
  }
}
[2026-02-10T07:40:35.816Z] [INFO] Processing new job
{
  "accountId": 1997,
  "batchId": 57,
  "jobId": "2"
}
[2026-02-10T07:40:35.816Z] [INFO] Starting account creation for Account ID: 1997 (Attempt 1/3)
[2026-02-10T07:40:37.121Z] [INFO] Generated Email: tiktokcoknw9v7@virgilian.com
[2026-02-10T07:40:37.123Z] [SUCCESS] ✅ Saved credentials: email=tiktokcoknw9v7@virgilian.com, password length=14, DOB=1976-04-15
[2026-02-10T07:40:37.124Z] [INFO] 🛑 Checking for Fresh IP before launching... (Attempt 1)
[2026-02-10T07:40:40.203Z] [SUCCESS] ✅ Fresh IP Found: 217.9.245.100
[2026-02-10T07:40:40.203Z] [INFO] 🔗 Starting Local Proxy Chain...
[2026-02-10T07:40:40.204Z] [SUCCESS] ✅ Local Proxy Started: http://127.0.0.1:55209
[2026-02-10T07:40:40.205Z] [INFO] 🚀 Launching SeleniumBase via Python Bridge...
[2026-02-10T07:40:40.205Z] [INFO] Starting Python Browser Launcher: /Users/mac/Desktop/My Work/Tiktok_account_automation/bot/src/utils/browserLauncher.py
[2026-02-10T07:40:40.205Z] [INFO] 🔌 Connecting with proxy: http://127.0.0.1:55209
[2026-02-10T07:40:42.610Z] [INFO] ✅ Browser Connected
[2026-02-10T07:40:42.611Z] [INFO] 🌍 Syncing fingerprint with Proxy IP...
[2026-02-10T07:40:45.423Z] [INFO] 🌍 Fetching accurate IP location info...
[2026-02-10T07:40:46.116Z] [ERROR] ❌ IP Validation Failed: ❌ Proxy Check Failed: Could not fetch IP info (Empty Response).
[2026-02-10T07:40:46.116Z] [ERROR] Failed to create account (Attempt 1/3)
{
  "accountId": 1997,
  "error": "ProxyValidationFailed: ❌ Proxy Check Failed: Could not fetch IP info (Empty Response).",
  "stack": "Error: ProxyValidationFailed: ❌ Proxy Check Failed: Could not fetch IP info (Empty Response).\n    at createTikTokAccount (file:///Users/mac/Desktop/My%20Work/Tiktok_account_automation/bot/src/automation/tiktokSignup.js:318:19)\n    at async Queue.<anonymous> (file:///Users/mac/Desktop/My%20Work/Tiktok_account_automation/bot/src/worker.js:148:24)"
}
[2026-02-10T07:40:46.118Z] [WARNING] ⚠️ Proxy-related error detected. Skipping debug wait...
[2026-02-10T07:40:46.118Z] [INFO] 🔄 Retrying immediately with fresh proxy...
[2026-02-10T07:40:46.118Z] [INFO] Retrying account creation... (Attempt 2/3)
[2026-02-10T07:40:48.392Z] [INFO] Starting account creation for Account ID: 1997 (Attempt 2/3)
[2026-02-10T07:40:48.401Z] [INFO] Killing Python browser process...
[2026-02-10T07:40:48.402Z] [INFO] Closing Local Proxy Chain...
[2026-02-10T07:40:48.402Z] [INFO] Browser closed
[2026-02-10T07:40:49.898Z] [INFO] Generated Email: tiktoke2zavj5z@virgilian.com
[2026-02-10T07:40:49.900Z] [SUCCESS] ✅ Saved credentials: email=tiktoke2zavj5z@virgilian.com, password length=10, DOB=1985-06-08
[2026-02-10T07:40:49.901Z] [INFO] 🛑 Checking for Fresh IP before launching... (Attempt 1)
[2026-02-10T07:40:52.383Z] [SUCCESS] ✅ Fresh IP Found: 96.42.201.23
[2026-02-10T07:40:52.383Z] [INFO] 🔗 Starting Local Proxy Chain...
[2026-02-10T07:40:52.385Z] [SUCCESS] ✅ Local Proxy Started: http://127.0.0.1:55347
[2026-02-10T07:40:52.385Z] [INFO] 🚀 Launching SeleniumBase via Python Bridge...
[2026-02-10T07:40:52.385Z] [INFO] Starting Python Browser Launcher: /Users/mac/Desktop/My Work/Tiktok_account_automation/bot/src/utils/browserLauncher.py
[2026-02-10T07:40:52.385Z] [INFO] 🔌 Connecting with proxy: http://127.0.0.1:55347
[2026-02-10T07:40:54.337Z] [INFO] ✅ Browser Connected
[2026-02-10T07:40:54.338Z] [INFO] 🌍 Syncing fingerprint with Proxy IP...
[2026-02-10T07:40:59.068Z] [SUCCESS] ✅ Proxy Sync Success: IP=58.111.207.243 | TZ=Australia/Sydney
[2026-02-10T07:40:59.069Z] [INFO] 🌍 Fetching accurate IP location info...
[2026-02-10T07:41:00.044Z] [SUCCESS] ✅ IP Info Captured: 178.165.198.213 | Vienna, Austria (Network of Hutchison Drei Austria GmbH => NAT)
[2026-02-10T07:41:00.046Z] [SUCCESS] ✅ IP data saved to database: 178.165.198.213
[2026-02-10T07:41:00.048Z] [INFO] Navigating to https://www.tiktok.com/signup/phone-or-email/email...
[2026-02-10T07:41:00.576Z] [ERROR] Failed to create account (Attempt 2/3)
{
  "accountId": 1997,
  "error": "page.goto: net::ERR_ABORTED; maybe frame was detached?\nCall log:\n\u001b[2m  - navigating to \"https://www.tiktok.com/signup/phone-or-email/email\", waiting until \"domcontentloaded\"\u001b[22m\n",
  "stack": "page.goto: net::ERR_ABORTED; maybe frame was detached?\nCall log:\n\u001b[2m  - navigating to \"https://www.tiktok.com/signup/phone-or-email/email\", waiting until \"domcontentloaded\"\u001b[22m\n\n    at createTikTokAccount (/Users/mac/Desktop/My Work/Tiktok_account_automation/bot/src/automation/tiktokSignup.js:331:24)\n    at async Queue.<anonymous> (/Users/mac/Desktop/My Work/Tiktok_account_automation/bot/src/worker.js:148:24)"
}
[2026-02-10T07:41:00.581Z] [INFO] ⚠️ Error occurred. KEEPING BROWSER OPEN for 60 seconds for inspection...
[2026-02-10T07:41:00.583Z] [INFO] Retrying account creation... (Attempt 3/3)
[2026-02-10T07:41:09.044Z] [INFO] Starting account creation for Account ID: 1997 (Attempt 3/3)
[2026-02-10T07:41:09.052Z] [INFO] Killing Python browser process...
[2026-02-10T07:41:09.053Z] [INFO] Closing Local Proxy Chain...
[2026-02-10T07:41:09.053Z] [INFO] Browser closed
[2026-02-10T07:41:10.362Z] [INFO] Generated Email: tiktokw72mxwd2@virgilian.com
[2026-02-10T07:41:10.365Z] [SUCCESS] ✅ Saved credentials: email=tiktokw72mxwd2@virgilian.com, password length=12, DOB=1995-05-21
[2026-02-10T07:41:10.365Z] [INFO] 🛑 Checking for Fresh IP before launching... (Attempt 1)
[2026-02-10T07:41:12.396Z] [SUCCESS] ✅ Fresh IP Found: 47.14.93.123
[2026-02-10T07:41:12.396Z] [INFO] 🔗 Starting Local Proxy Chain...
[2026-02-10T07:41:12.397Z] [SUCCESS] ✅ Local Proxy Started: http://127.0.0.1:55476
[2026-02-10T07:41:12.397Z] [INFO] 🚀 Launching SeleniumBase via Python Bridge...
[2026-02-10T07:41:12.397Z] [INFO] Starting Python Browser Launcher: /Users/mac/Desktop/My Work/Tiktok_account_automation/bot/src/utils/browserLauncher.py
[2026-02-10T07:41:12.398Z] [INFO] 🔌 Connecting with proxy: http://127.0.0.1:55476
[2026-02-10T07:41:14.437Z] [INFO] ✅ Browser Connected
[2026-02-10T07:41:14.438Z] [INFO] 🌍 Syncing fingerprint with Proxy IP...
[2026-02-10T07:41:17.005Z] [WARNING] ⚠️ Could not sync timezone (using default): page.goto: net::ERR_ABORTED at http://ip-api.com/json/
Call log:
[2m  - navigating to "http://ip-api.com/json/", waiting until "domcontentloaded"[22m

[2026-02-10T07:41:17.006Z] [INFO] 🌍 Fetching accurate IP location info...
[2026-02-10T07:41:17.023Z] [ERROR] ❌ IP Validation Failed: page.goto: Target page, context or browser has been closed
Call log:
[2m  - navigating to "http://ip-api.com/json/", waiting until "domcontentloaded"[22m

[2026-02-10T07:41:17.025Z] [ERROR] Failed to create account (Attempt 3/3)
{
  "accountId": 1997,
  "error": "ProxyValidationFailed: page.goto: Target page, context or browser has been closed\nCall log:\n\u001b[2m  - navigating to \"http://ip-api.com/json/\", waiting until \"domcontentloaded\"\u001b[22m\n",
  "stack": "Error: ProxyValidationFailed: page.goto: Target page, context or browser has been closed\nCall log:\n\u001b[2m  - navigating to \"http://ip-api.com/json/\", waiting until \"domcontentloaded\"\u001b[22m\n\n    at createTikTokAccount (file:///Users/mac/Desktop/My%20Work/Tiktok_account_automation/bot/src/automation/tiktokSignup.js:318:19)\n    at async Queue.<anonymous> (file:///Users/mac/Desktop/My%20Work/Tiktok_account_automation/bot/src/worker.js:148:24)"
}
[2026-02-10T07:41:17.027Z] [INFO] ⚠️ Error occurred. KEEPING BROWSER OPEN for 60 seconds for inspection...
[2026-02-10T07:41:17.033Z] [INFO] Killing Python browser process...
[2026-02-10T07:41:17.033Z] [INFO] Closing Local Proxy Chain...
[2026-02-10T07:41:17.035Z] [INFO] Browser closed
[2026-02-10T07:41:17.042Z] [INFO] Waiting 7.93 minutes before next account creation...
[2026-02-10T08:52:13.720Z] [INFO] 🚀 Auto-starting job injection (Testing Mode)...
[2026-02-10T08:52:13.786Z] [INFO] ✅ Queue obliterated.
[2026-02-10T08:52:13.786Z] [INFO] 🔧 [DEV] Injecting Fresh Test Job...
[2026-02-10T08:52:13.802Z] [INFO] Processing new job
{
  "accountId": 2096,
  "batchId": 58,
  "jobId": "1"
}
[2026-02-10T08:52:13.804Z] [INFO] Starting account creation for Account ID: 2096 (Attempt 1/3)
[2026-02-10T08:52:14.050Z] [SUCCESS] ✅ [DEV] Injected New Batch 58 with 100 jobs.
[2026-02-10T08:52:14.726Z] [INFO] Generated Email: tiktokd8d4cv9h@virgilian.com
[2026-02-10T08:52:14.729Z] [SUCCESS] ✅ Saved credentials: email=tiktokd8d4cv9h@virgilian.com, password length=11, DOB=2000-04-27
[2026-02-10T08:52:14.730Z] [INFO] 🛑 Checking for Fresh IP before launching... (Attempt 1)
[2026-02-10T08:52:18.091Z] [SUCCESS] ✅ Fresh IP Found: 180.60.19.131
[2026-02-10T08:52:18.091Z] [INFO] 🔗 Starting Local Proxy Chain...
[2026-02-10T08:52:18.094Z] [SUCCESS] ✅ Local Proxy Started: http://127.0.0.1:60480
[2026-02-10T08:52:18.095Z] [INFO] 🚀 Launching SeleniumBase via Python Bridge...
[2026-02-10T08:52:18.095Z] [INFO] Starting Python Browser Launcher: /Users/mac/Desktop/My Work/Tiktok_account_automation/bot/src/utils/browserLauncher.py
[2026-02-10T08:52:18.095Z] [INFO] 🔌 Connecting with proxy: http://127.0.0.1:60480
[2026-02-10T08:52:20.834Z] [INFO] ✅ Browser Connected
[2026-02-10T08:52:20.834Z] [INFO] 🌍 Syncing fingerprint with Proxy IP...
[2026-02-10T08:52:24.795Z] [SUCCESS] ✅ Proxy Sync Success: IP=92.208.117.243 | TZ=Europe/Berlin
[2026-02-10T08:52:24.796Z] [INFO] 🌍 Fetching accurate IP location info...
[2026-02-10T08:52:26.049Z] [SUCCESS] ✅ IP Info Captured: 204.137.180.166 | Santo Domingo Oeste, Dominican Republic (ORBIT CABLE, S.A.)
[2026-02-10T08:52:26.051Z] [SUCCESS] ✅ IP data saved to database: 204.137.180.166
[2026-02-10T08:52:26.054Z] [INFO] Navigating to https://www.tiktok.com/signup/phone-or-email/email...
[2026-02-10T08:52:31.455Z] [INFO] 🔍 Checking if page loaded successfully...
[2026-02-10T08:52:31.463Z] [SUCCESS] ✅ Page loaded successfully!
[2026-02-10T08:52:31.467Z] [INFO] ⚖️  GDPR/Legal Notice detected. Attempting to dismiss...
[2026-02-10T08:52:31.510Z] [INFO] 🌍 Checking public IP & Location...
[2026-02-10T08:52:31.513Z] [INFO] ✅ IP: Unknown | 📍 Location: Unknown
[2026-02-10T08:52:31.514Z] [INFO] ℹ️  Keeping previously saved IP data (secondary check failed)
[2026-02-10T08:52:31.514Z] [INFO] ⏳ Waiting for page to fully load...
[2026-02-10T08:52:52.575Z] [INFO] On signup page - HYBRID FLOW STARTED
[2026-02-10T08:52:55.715Z] [INFO] 🎂 Filling date of birth...
[2026-02-10T08:52:55.716Z] [INFO] Step 1: Opening Month dropdown...
[2026-02-10T08:53:04.991Z] [SUCCESS] ✅ Selected month: 04
[2026-02-10T08:53:07.866Z] [INFO] Step 2: Opening Day dropdown...
[2026-02-10T08:53:15.066Z] [SUCCESS] ✅ Selected day: 27
[2026-02-10T08:53:18.631Z] [INFO] Step 3: Opening Year dropdown...
[2026-02-10T08:53:24.092Z] [SUCCESS] ✅ Selected year: 2000
[2026-02-10T08:53:24.093Z] [SUCCESS] 🎂 Date of birth selection completed!
[2026-02-10T08:53:25.685Z] [INFO] Filling email address...
[2026-02-10T08:53:30.574Z] [SUCCESS] Entered email: tiktokd8d4cv9h@virgilian.com
[2026-02-10T08:53:32.281Z] [INFO] Clicking outside to close email suggestions...
[2026-02-10T08:53:33.757Z] [INFO] Filling password...
[2026-02-10T08:53:36.625Z] [SUCCESS] Entered password
[2026-02-10T08:53:38.985Z] [INFO] Thinking: Clicking "Send code" button...
[2026-02-10T08:53:41.059Z] [INFO] Attempt 1: Clicking Send Code...
[2026-02-10T08:53:44.249Z] [INFO] Attempt 2: Clicking Send Code...
[2026-02-10T08:53:46.588Z] [SUCCESS] ✅ Successfully clicked "Send code"
[2026-02-10T08:53:46.589Z] [INFO] ⏳ Waiting for OTP in mail.tm inbox (Do not close browser)...
[2026-02-10T09:00:18.639Z] [INFO] 🚀 Auto-starting job injection (Testing Mode)...
[2026-02-10T09:00:18.657Z] [INFO] ✅ Queue obliterated.
[2026-02-10T09:00:18.658Z] [INFO] 🔧 [DEV] Injecting Fresh Test Job...
[2026-02-10T09:00:18.670Z] [INFO] Processing new job
{
  "accountId": 2196,
  "batchId": 59,
  "jobId": "1"
}
[2026-02-10T09:00:18.672Z] [INFO] Starting account creation for Account ID: 2196 (Attempt 1/3)
[2026-02-10T09:00:18.882Z] [SUCCESS] ✅ [DEV] Injected New Batch 59 with 100 jobs.
[2026-02-10T09:00:19.600Z] [INFO] Generated Email: tiktokus002oev@virgilian.com
[2026-02-10T09:00:19.602Z] [SUCCESS] ✅ Saved credentials: email=tiktokus002oev@virgilian.com, password length=11, DOB=2003-02-01
[2026-02-10T09:00:19.603Z] [INFO] 🛑 Checking for Fresh IP before launching... (Attempt 1)
[2026-02-10T09:00:22.052Z] [SUCCESS] ✅ Fresh IP Found: 119.94.166.198
[2026-02-10T09:00:22.053Z] [INFO] 🔗 Starting Local Proxy Chain...
[2026-02-10T09:00:22.055Z] [SUCCESS] ✅ Local Proxy Started: http://127.0.0.1:60862
[2026-02-10T09:00:22.056Z] [INFO] 🚀 Launching SeleniumBase via Python Bridge...
[2026-02-10T09:00:22.056Z] [INFO] Starting Python Browser Launcher: /Users/mac/Desktop/My Work/Tiktok_account_automation/bot/src/utils/browserLauncher.py
[2026-02-10T09:00:22.056Z] [INFO] 🔌 Connecting with proxy: http://127.0.0.1:60862
[2026-02-10T09:00:24.611Z] [INFO] ✅ Browser Connected
[2026-02-10T09:00:24.611Z] [INFO] 🌍 Syncing fingerprint with Proxy IP...
[2026-02-10T09:00:27.583Z] [INFO] 🌍 Fetching accurate IP location info...
[2026-02-10T09:00:29.156Z] [ERROR] ❌ IP Validation Failed: ❌ Proxy Check Failed: Could not fetch IP info (Empty Response).
[2026-02-10T09:00:29.157Z] [ERROR] Failed to create account (Attempt 1/3)
{
  "accountId": 2196,
  "error": "ProxyValidationFailed: ❌ Proxy Check Failed: Could not fetch IP info (Empty Response).",
  "stack": "Error: ProxyValidationFailed: ❌ Proxy Check Failed: Could not fetch IP info (Empty Response).\n    at createTikTokAccount (file:///Users/mac/Desktop/My%20Work/Tiktok_account_automation/bot/src/automation/tiktokSignup.js:318:19)\n    at async Queue.<anonymous> (file:///Users/mac/Desktop/My%20Work/Tiktok_account_automation/bot/src/worker.js:148:24)"
}
[2026-02-10T09:00:29.158Z] [WARNING] ⚠️ Proxy-related error detected. Skipping debug wait...
[2026-02-10T09:00:29.159Z] [INFO] 🔄 Retrying immediately with fresh proxy...
[2026-02-10T09:00:29.159Z] [INFO] Retrying account creation... (Attempt 2/3)
[2026-02-10T09:00:31.180Z] [INFO] Starting account creation for Account ID: 2196 (Attempt 2/3)
[2026-02-10T09:00:31.303Z] [INFO] Killing Python browser process...
[2026-02-10T09:00:31.303Z] [INFO] Closing Local Proxy Chain...
[2026-02-10T09:00:31.304Z] [INFO] Browser closed
[2026-02-10T09:00:31.973Z] [INFO] Generated Email: tiktokfwe2ukk4@virgilian.com
[2026-02-10T09:00:31.976Z] [SUCCESS] ✅ Saved credentials: email=tiktokfwe2ukk4@virgilian.com, password length=16, DOB=1988-09-05
[2026-02-10T09:00:31.976Z] [INFO] 🛑 Checking for Fresh IP before launching... (Attempt 1)
[2026-02-10T09:00:37.821Z] [SUCCESS] ✅ Fresh IP Found: 121.75.73.4
[2026-02-10T09:00:37.821Z] [INFO] 🔗 Starting Local Proxy Chain...
[2026-02-10T09:00:37.822Z] [SUCCESS] ✅ Local Proxy Started: http://127.0.0.1:60955
[2026-02-10T09:00:37.823Z] [INFO] 🚀 Launching SeleniumBase via Python Bridge...
[2026-02-10T09:00:37.823Z] [INFO] Starting Python Browser Launcher: /Users/mac/Desktop/My Work/Tiktok_account_automation/bot/src/utils/browserLauncher.py
[2026-02-10T09:00:37.823Z] [INFO] 🔌 Connecting with proxy: http://127.0.0.1:60955
[2026-02-10T09:00:40.018Z] [INFO] ✅ Browser Connected
[2026-02-10T09:00:40.019Z] [INFO] 🌍 Syncing fingerprint with Proxy IP...
[2026-02-10T09:00:44.713Z] [SUCCESS] ✅ Proxy Sync Success: IP=98.162.80.20 | TZ=America/Los_Angeles
[2026-02-10T09:00:44.713Z] [INFO] 🌍 Fetching accurate IP location info...
[2026-02-10T09:00:46.052Z] [SUCCESS] ✅ IP Info Captured: 76.35.213.152 | Cleveland Heights, United States (Charter Communications)
[2026-02-10T09:00:46.054Z] [SUCCESS] ✅ IP data saved to database: 76.35.213.152
[2026-02-10T09:00:46.057Z] [INFO] Navigating to https://www.tiktok.com/signup/phone-or-email/email...
[2026-02-10T09:00:55.274Z] [INFO] 🔍 Checking if page loaded successfully...
[2026-02-10T09:00:55.466Z] [SUCCESS] ✅ Page loaded successfully!
[2026-02-10T09:00:55.468Z] [INFO] 🌍 Checking public IP & Location...
[2026-02-10T09:00:55.472Z] [INFO] ✅ IP: Unknown | 📍 Location: Unknown
[2026-02-10T09:00:55.473Z] [INFO] ℹ️  Keeping previously saved IP data (secondary check failed)
[2026-02-10T09:00:55.473Z] [INFO] ⏳ Waiting for page to fully load...
[2026-02-10T09:01:20.009Z] [INFO] On signup page - HYBRID FLOW STARTED
[2026-02-10T09:01:23.183Z] [INFO] 🎂 Filling date of birth...
[2026-02-10T09:01:23.184Z] [INFO] Step 1: Opening Month dropdown...
[2026-02-10T09:01:30.775Z] [SUCCESS] ✅ Selected month: 09
[2026-02-10T09:01:34.123Z] [INFO] Step 2: Opening Day dropdown...
[2026-02-10T09:01:40.984Z] [SUCCESS] ✅ Selected day: 05
[2026-02-10T09:01:44.337Z] [INFO] Step 3: Opening Year dropdown...
[2026-02-10T09:01:49.395Z] [SUCCESS] ✅ Selected year: 1988
[2026-02-10T09:01:49.395Z] [SUCCESS] 🎂 Date of birth selection completed!
[2026-02-10T09:01:51.358Z] [INFO] Filling email address...
[2026-02-10T09:01:56.351Z] [SUCCESS] Entered email: tiktokfwe2ukk4@virgilian.com
[2026-02-10T09:01:58.264Z] [INFO] Clicking outside to close email suggestions...
[2026-02-10T09:01:59.498Z] [INFO] Filling password...
[2026-02-10T09:02:02.436Z] [SUCCESS] Entered password
[2026-02-10T09:02:04.519Z] [INFO] Thinking: Clicking "Send code" button...
[2026-02-10T09:02:07.028Z] [INFO] Attempt 1: Clicking Send Code...
[2026-02-10T09:02:10.052Z] [INFO] Attempt 2: Clicking Send Code...
[2026-02-10T09:02:12.241Z] [SUCCESS] ✅ Successfully clicked "Send code"
[2026-02-10T09:02:12.241Z] [INFO] ⏳ Waiting for OTP in mail.tm inbox (Do not close browser)...
[2026-02-10T09:12:34.733Z] [INFO] 🚀 Auto-starting job injection (Testing Mode)...
[2026-02-10T09:12:34.746Z] [INFO] ✅ Queue obliterated.
[2026-02-10T09:12:34.747Z] [INFO] 🔧 [DEV] Injecting Fresh Test Job...
[2026-02-10T09:12:34.759Z] [INFO] Processing new job
{
  "accountId": 2296,
  "batchId": 60,
  "jobId": "1"
}
[2026-02-10T09:12:34.761Z] [INFO] Starting account creation for Account ID: 2296 (Attempt 1/3)
[2026-02-10T09:12:34.981Z] [SUCCESS] ✅ [DEV] Injected New Batch 60 with 100 jobs.
[2026-02-10T09:12:35.682Z] [INFO] Generated Email: tiktokwiz5vxx0@virgilian.com
[2026-02-10T09:12:35.686Z] [SUCCESS] ✅ Saved credentials: email=tiktokwiz5vxx0@virgilian.com, password length=14, DOB=2001-09-09
[2026-02-10T09:12:35.686Z] [INFO] 🛑 Checking for Fresh IP before launching... (Attempt 1)
[2026-02-10T09:12:38.560Z] [SUCCESS] ✅ Fresh IP Found: 181.209.233.202
[2026-02-10T09:12:38.561Z] [INFO] 🔗 Starting Local Proxy Chain...
[2026-02-10T09:12:38.564Z] [SUCCESS] ✅ Local Proxy Started: http://127.0.0.1:61393
[2026-02-10T09:12:38.565Z] [INFO] 🚀 Launching SeleniumBase via Python Bridge...
[2026-02-10T09:12:38.567Z] [INFO] Starting Python Browser Launcher: /Users/mac/Desktop/My Work/Tiktok_account_automation/bot/src/utils/browserLauncher.py
[2026-02-10T09:12:38.568Z] [INFO] 🔌 Connecting with proxy: http://127.0.0.1:61393
[2026-02-10T09:12:40.810Z] [INFO] ✅ Browser Connected
[2026-02-10T09:12:40.810Z] [INFO] 🌍 Syncing fingerprint with Proxy IP...
[2026-02-10T09:12:45.020Z] [SUCCESS] ✅ Proxy Sync Success: IP=47.215.177.128 | TZ=America/Phoenix
[2026-02-10T09:12:45.020Z] [INFO] 🌍 Fetching accurate IP location info...
[2026-02-10T09:12:46.833Z] [SUCCESS] ✅ IP Info Captured: 106.64.126.181 | Taipei, Taiwan (Far EastTone Telecommunication Co., Ltd.)
[2026-02-10T09:12:46.834Z] [SUCCESS] ✅ IP data saved to database: 106.64.126.181
[2026-02-10T09:12:46.838Z] [INFO] Navigating to https://www.tiktok.com/signup/phone-or-email/email...
[2026-02-10T09:12:52.820Z] [INFO] 🔍 Checking if page loaded successfully...
[2026-02-10T09:12:52.829Z] [SUCCESS] ✅ Page loaded successfully!
[2026-02-10T09:12:52.832Z] [INFO] 🌍 Checking public IP & Location...
[2026-02-10T09:12:52.838Z] [INFO] ✅ IP: Unknown | 📍 Location: Unknown
[2026-02-10T09:12:52.838Z] [INFO] ℹ️  Keeping previously saved IP data (secondary check failed)
[2026-02-10T09:12:52.838Z] [INFO] ⏳ Waiting for page to fully load...
[2026-02-10T09:13:14.653Z] [INFO] On signup page - HYBRID FLOW STARTED
[2026-02-10T09:13:18.073Z] [INFO] 🎂 Filling date of birth...
[2026-02-10T09:13:18.074Z] [INFO] Step 1: Opening Month dropdown...
[2026-02-10T09:13:25.355Z] [SUCCESS] ✅ Selected month: 09
[2026-02-10T09:13:29.277Z] [INFO] Step 2: Opening Day dropdown...
[2026-02-10T09:13:35.353Z] [SUCCESS] ✅ Selected day: 09
[2026-02-10T09:13:39.044Z] [INFO] Step 3: Opening Year dropdown...
[2026-02-10T09:13:45.653Z] [SUCCESS] ✅ Selected year: 2001
[2026-02-10T09:13:45.654Z] [SUCCESS] 🎂 Date of birth selection completed!
[2026-02-10T09:13:47.178Z] [INFO] Filling email address...
[2026-02-10T09:13:51.829Z] [SUCCESS] Entered email: tiktokwiz5vxx0@virgilian.com
[2026-02-10T09:13:54.034Z] [INFO] Clicking outside to close email suggestions...
[2026-02-10T09:13:55.915Z] [INFO] Filling password...
[2026-02-10T09:13:58.680Z] [SUCCESS] Entered password
[2026-02-10T09:14:00.818Z] [INFO] Thinking: Clicking "Send code" button...
[2026-02-10T09:14:02.358Z] [INFO] Attempt 1: Clicking Send Code...
[2026-02-10T09:14:04.837Z] [INFO] Attempt 2: Clicking Send Code...
[2026-02-10T09:14:07.132Z] [SUCCESS] ✅ Successfully clicked "Send code"
[2026-02-10T09:14:07.133Z] [INFO] ⏳ Waiting for OTP in mail.tm inbox (Do not close browser)...
[2026-02-10T09:14:18.062Z] [INFO] ✅ Got Code: 205298
[2026-02-10T09:14:18.062Z] [INFO] Entering verification code...
[2026-02-10T09:14:26.308Z] [SUCCESS] ✅ Entered verification code successfully
[2026-02-10T09:14:27.741Z] [INFO] Clicking submit/next button...
[2026-02-10T09:14:27.765Z] [SUCCESS] ✅ Clicked submit button
[2026-02-10T09:14:31.306Z] [INFO] 🔍 Checking for signup errors after submit...
[2026-02-10T09:14:31.310Z] [SUCCESS] ✅ No critical errors detected after submit
[2026-02-10T09:14:31.334Z] [SUCCESS] ✅ Clicked submit button
[2026-02-10T09:14:34.877Z] [INFO] 🔍 Checking for signup errors after submit...
[2026-02-10T09:14:34.881Z] [SUCCESS] ✅ No critical errors detected after submit
[2026-02-10T09:14:34.910Z] [SUCCESS] ✅ Clicked submit button
[2026-02-10T09:14:39.100Z] [INFO] 🔍 Checking for signup errors after submit...
[2026-02-10T09:14:39.103Z] [SUCCESS] ✅ No critical errors detected after submit
[2026-02-10T09:14:39.103Z] [INFO] Waiting for post-signup state...
[2026-02-10T09:14:39.115Z] [INFO] 📍 Capturing initial IP after account creation...
[2026-02-10T09:14:39.119Z] [SUCCESS] ✅ Initial IP: null
[2026-02-10T09:14:39.120Z] [INFO] 🔥 Starting 30-second account warmup...
[2026-02-10T09:14:52.541Z] [INFO] ⏱️  Warmup progress: 13s / 30s
[2026-02-10T09:14:59.996Z] [INFO] ⏱️  Warmup progress: 20s / 30s
[2026-02-10T09:15:06.443Z] [INFO] ⏱️  Warmup progress: 27s / 30s
[2026-02-10T09:15:12.484Z] [INFO] ⏱️  Warmup progress: 33s / 30s
[2026-02-10T09:15:12.485Z] [SUCCESS] ✅ Account warmup completed (30 seconds)
[2026-02-10T09:15:12.490Z] [SUCCESS] 🎉 Signup flow finished. ID: 2296
[2026-02-10T09:15:12.506Z] [INFO] Killing Python browser process...
[2026-02-10T09:15:12.507Z] [INFO] Closing Local Proxy Chain...
[2026-02-10T09:15:12.511Z] [INFO] Browser closed
[2026-02-10T09:15:12.521Z] [INFO] Waiting 8.95 minutes before next account creation...
[2026-02-10T09:24:09.354Z] [SUCCESS] Job 1 completed
{
  "result": {
    "success": true,
    "email": "tiktokwiz5vxx0@virgilian.com"
  }
}
[2026-02-10T09:24:09.355Z] [INFO] Processing new job
{
  "accountId": 2297,
  "batchId": 60,
  "jobId": "2"
}
[2026-02-10T09:24:09.355Z] [INFO] Starting account creation for Account ID: 2297 (Attempt 1/3)
[2026-02-10T09:24:10.259Z] [INFO] Generated Email: tiktok3qxaz5p2@virgilian.com
[2026-02-10T09:24:10.261Z] [SUCCESS] ✅ Saved credentials: email=tiktok3qxaz5p2@virgilian.com, password length=11, DOB=1989-06-18
[2026-02-10T09:24:10.262Z] [INFO] 🛑 Checking for Fresh IP before launching... (Attempt 1)
[2026-02-10T09:24:12.757Z] [SUCCESS] ✅ Fresh IP Found: 103.140.11.138
[2026-02-10T09:24:12.757Z] [INFO] 🔗 Starting Local Proxy Chain...
[2026-02-10T09:24:12.758Z] [SUCCESS] ✅ Local Proxy Started: http://127.0.0.1:61783
[2026-02-10T09:24:12.758Z] [INFO] 🚀 Launching SeleniumBase via Python Bridge...
[2026-02-10T09:24:12.758Z] [INFO] Starting Python Browser Launcher: /Users/mac/Desktop/My Work/Tiktok_account_automation/bot/src/utils/browserLauncher.py
[2026-02-10T09:24:12.758Z] [INFO] 🔌 Connecting with proxy: http://127.0.0.1:61783
[2026-02-10T09:24:15.404Z] [INFO] ✅ Browser Connected
[2026-02-10T09:24:15.404Z] [INFO] 🌍 Syncing fingerprint with Proxy IP...
[2026-02-10T09:24:20.958Z] [SUCCESS] ✅ Proxy Sync Success: IP=47.9.42.139 | TZ=Asia/Kolkata
[2026-02-10T09:24:20.958Z] [INFO] 🌍 Fetching accurate IP location info...
[2026-02-10T09:24:23.245Z] [SUCCESS] ✅ IP Info Captured: 1.171.99.98 | Zhongli District, Taiwan (Chunghwa Telecom Co., Ltd.)
[2026-02-10T09:24:23.247Z] [SUCCESS] ✅ IP data saved to database: 1.171.99.98
[2026-02-10T09:24:23.249Z] [INFO] Navigating to https://www.tiktok.com/signup/phone-or-email/email...
[2026-02-10T09:24:34.531Z] [INFO] 🔍 Checking if page loaded successfully...
[2026-02-10T09:24:34.537Z] [SUCCESS] ✅ Page loaded successfully!
[2026-02-10T09:24:34.540Z] [INFO] 🌍 Checking public IP & Location...
[2026-02-10T09:24:34.547Z] [INFO] ✅ IP: Unknown | 📍 Location: Unknown
[2026-02-10T09:24:34.547Z] [INFO] ℹ️  Keeping previously saved IP data (secondary check failed)
[2026-02-10T09:24:34.547Z] [INFO] ⏳ Waiting for page to fully load...
[2026-02-10T09:24:56.893Z] [INFO] On signup page - HYBRID FLOW STARTED
[2026-02-10T09:25:00.828Z] [INFO] 🎂 Filling date of birth...
[2026-02-10T09:25:00.829Z] [INFO] Step 1: Opening Month dropdown...
[2026-02-10T09:25:08.005Z] [SUCCESS] ✅ Selected month: 06
[2026-02-10T09:25:10.080Z] [INFO] Step 2: Opening Day dropdown...
[2026-02-10T09:25:16.122Z] [SUCCESS] ✅ Selected day: 18
[2026-02-10T09:25:19.510Z] [INFO] Step 3: Opening Year dropdown...
[2026-02-10T09:25:25.070Z] [SUCCESS] ✅ Selected year: 1989
[2026-02-10T09:25:25.071Z] [SUCCESS] 🎂 Date of birth selection completed!
[2026-02-10T09:25:26.162Z] [INFO] Filling email address...
[2026-02-10T09:25:30.808Z] [SUCCESS] Entered email: tiktok3qxaz5p2@virgilian.com
[2026-02-10T09:25:33.731Z] [INFO] Clicking outside to close email suggestions...
[2026-02-10T09:25:35.707Z] [INFO] Filling password...
[2026-02-10T09:25:38.219Z] [SUCCESS] Entered password
[2026-02-10T09:25:40.753Z] [INFO] Thinking: Clicking "Send code" button...
[2026-02-10T09:25:42.609Z] [INFO] Attempt 1: Clicking Send Code...
[2026-02-10T09:25:45.313Z] [INFO] Attempt 2: Clicking Send Code...
[2026-02-10T09:25:47.556Z] [SUCCESS] ✅ Successfully clicked "Send code"
[2026-02-10T09:25:47.556Z] [INFO] ⏳ Waiting for OTP in mail.tm inbox (Do not close browser)...
[2026-02-10T09:25:58.506Z] [INFO] ✅ Got Code: 688002
[2026-02-10T09:25:58.506Z] [INFO] Entering verification code...
[2026-02-10T09:26:07.192Z] [SUCCESS] ✅ Entered verification code successfully
[2026-02-10T09:26:09.017Z] [INFO] Clicking submit/next button...
[2026-02-10T09:26:09.039Z] [SUCCESS] ✅ Clicked submit button
[2026-02-10T09:26:14.019Z] [INFO] 🔍 Checking for signup errors after submit...
[2026-02-10T09:26:14.023Z] [SUCCESS] ✅ No critical errors detected after submit
[2026-02-10T09:26:14.045Z] [SUCCESS] ✅ Clicked submit button
[2026-02-10T09:26:17.757Z] [INFO] 🔍 Checking for signup errors after submit...
[2026-02-10T09:26:17.761Z] [SUCCESS] ✅ No critical errors detected after submit
[2026-02-10T09:26:17.786Z] [SUCCESS] ✅ Clicked submit button
[2026-02-10T09:26:22.390Z] [INFO] 🔍 Checking for signup errors after submit...
[2026-02-10T09:26:22.393Z] [SUCCESS] ✅ No critical errors detected after submit
[2026-02-10T09:26:22.394Z] [INFO] Waiting for post-signup state...
[2026-02-10T09:26:22.404Z] [INFO] 📍 Capturing initial IP after account creation...
[2026-02-10T09:26:22.407Z] [SUCCESS] ✅ Initial IP: null
[2026-02-10T09:26:22.408Z] [INFO] 🔥 Starting 30-second account warmup...
[2026-02-10T09:26:32.852Z] [INFO] ⏱️  Warmup progress: 10s / 30s
[2026-02-10T09:26:39.953Z] [INFO] ⏱️  Warmup progress: 17s / 30s
[2026-02-10T09:26:46.888Z] [INFO] ⏱️  Warmup progress: 24s / 30s
[2026-02-10T09:26:54.601Z] [INFO] ⏱️  Warmup progress: 32s / 30s
[2026-02-10T09:26:54.602Z] [SUCCESS] ✅ Account warmup completed (30 seconds)
[2026-02-10T09:26:54.607Z] [SUCCESS] 🎉 Signup flow finished. ID: 2297
[2026-02-10T09:26:54.615Z] [INFO] Killing Python browser process...
[2026-02-10T09:26:54.616Z] [INFO] Closing Local Proxy Chain...
[2026-02-10T09:26:54.622Z] [INFO] Browser closed
[2026-02-10T09:26:54.629Z] [INFO] Waiting 5.27 minutes before next account creation...
[2026-02-10T09:32:10.973Z] [SUCCESS] Job 2 completed
{
  "result": {
    "success": true,
    "email": "tiktok3qxaz5p2@virgilian.com"
  }
}
[2026-02-10T09:32:10.974Z] [INFO] Processing new job
{
  "accountId": 2298,
  "batchId": 60,
  "jobId": "3"
}
[2026-02-10T09:32:10.974Z] [INFO] Starting account creation for Account ID: 2298 (Attempt 1/3)
[2026-02-10T09:32:11.807Z] [INFO] Generated Email: tiktokjiv283t2@virgilian.com
[2026-02-10T09:32:11.808Z] [SUCCESS] ✅ Saved credentials: email=tiktokjiv283t2@virgilian.com, password length=14, DOB=1983-04-25
[2026-02-10T09:32:11.809Z] [INFO] 🛑 Checking for Fresh IP before launching... (Attempt 1)
[2026-02-10T09:32:13.516Z] [SUCCESS] ✅ Fresh IP Found: 66.85.230.250
[2026-02-10T09:32:13.516Z] [INFO] 🔗 Starting Local Proxy Chain...
[2026-02-10T09:32:13.516Z] [SUCCESS] ✅ Local Proxy Started: http://127.0.0.1:62184
[2026-02-10T09:32:13.517Z] [INFO] 🚀 Launching SeleniumBase via Python Bridge...
[2026-02-10T09:32:13.517Z] [INFO] Starting Python Browser Launcher: /Users/mac/Desktop/My Work/Tiktok_account_automation/bot/src/utils/browserLauncher.py
[2026-02-10T09:32:13.517Z] [INFO] 🔌 Connecting with proxy: http://127.0.0.1:62184
[2026-02-10T09:32:16.196Z] [INFO] ✅ Browser Connected
[2026-02-10T09:32:16.196Z] [INFO] 🌍 Syncing fingerprint with Proxy IP...
[2026-02-10T09:32:19.202Z] [INFO] 🌍 Fetching accurate IP location info...
[2026-02-10T09:32:19.943Z] [ERROR] ❌ IP Validation Failed: ❌ Proxy Check Failed: Could not fetch IP info (Empty Response).
[2026-02-10T09:32:19.944Z] [ERROR] Failed to create account (Attempt 1/3)
{
  "accountId": 2298,
  "error": "ProxyValidationFailed: ❌ Proxy Check Failed: Could not fetch IP info (Empty Response).",
  "stack": "Error: ProxyValidationFailed: ❌ Proxy Check Failed: Could not fetch IP info (Empty Response).\n    at createTikTokAccount (file:///Users/mac/Desktop/My%20Work/Tiktok_account_automation/bot/src/automation/tiktokSignup.js:318:19)\n    at async Queue.<anonymous> (file:///Users/mac/Desktop/My%20Work/Tiktok_account_automation/bot/src/worker.js:148:24)"
}
[2026-02-10T09:32:19.945Z] [WARNING] ⚠️ Proxy-related error detected. Skipping debug wait...
[2026-02-10T09:32:19.945Z] [INFO] 🔄 Retrying immediately with fresh proxy...
[2026-02-10T09:32:19.945Z] [INFO] Retrying account creation... (Attempt 2/3)
[2026-02-10T09:32:23.357Z] [INFO] Starting account creation for Account ID: 2298 (Attempt 2/3)
[2026-02-10T09:32:23.368Z] [INFO] Killing Python browser process...
[2026-02-10T09:32:23.368Z] [INFO] Closing Local Proxy Chain...
[2026-02-10T09:32:23.369Z] [INFO] Browser closed
[2026-02-10T09:32:29.679Z] [INFO] Generated Email: tiktokpnfn21qi@virgilian.com
[2026-02-10T09:32:29.681Z] [SUCCESS] ✅ Saved credentials: email=tiktokpnfn21qi@virgilian.com, password length=14, DOB=1984-08-27
[2026-02-10T09:32:29.681Z] [INFO] 🛑 Checking for Fresh IP before launching... (Attempt 1)
[2026-02-10T09:32:47.766Z] [SUCCESS] ✅ Fresh IP Found: 92.53.30.227
[2026-02-10T09:32:47.767Z] [INFO] 🔗 Starting Local Proxy Chain...
[2026-02-10T09:32:47.767Z] [SUCCESS] ✅ Local Proxy Started: http://127.0.0.1:62274
[2026-02-10T09:32:47.767Z] [INFO] 🚀 Launching SeleniumBase via Python Bridge...
[2026-02-10T09:32:47.768Z] [INFO] Starting Python Browser Launcher: /Users/mac/Desktop/My Work/Tiktok_account_automation/bot/src/utils/browserLauncher.py
[2026-02-10T09:32:47.768Z] [INFO] 🔌 Connecting with proxy: http://127.0.0.1:62274
[2026-02-10T09:32:50.309Z] [INFO] ✅ Browser Connected
[2026-02-10T09:32:50.309Z] [INFO] 🌍 Syncing fingerprint with Proxy IP...
[2026-02-10T09:32:53.071Z] [INFO] 🌍 Fetching accurate IP location info...
[2026-02-10T09:32:53.667Z] [ERROR] ❌ IP Validation Failed: ❌ Proxy Check Failed: Could not fetch IP info (Empty Response).
[2026-02-10T09:32:53.667Z] [ERROR] Failed to create account (Attempt 2/3)
{
  "accountId": 2298,
  "error": "ProxyValidationFailed: ❌ Proxy Check Failed: Could not fetch IP info (Empty Response).",
  "stack": "Error: ProxyValidationFailed: ❌ Proxy Check Failed: Could not fetch IP info (Empty Response).\n    at createTikTokAccount (file:///Users/mac/Desktop/My%20Work/Tiktok_account_automation/bot/src/automation/tiktokSignup.js:318:19)\n    at async Queue.<anonymous> (file:///Users/mac/Desktop/My%20Work/Tiktok_account_automation/bot/src/worker.js:148:24)"
}
[2026-02-10T09:32:53.669Z] [WARNING] ⚠️ Proxy-related error detected. Skipping debug wait...
[2026-02-10T09:32:53.669Z] [INFO] 🔄 Retrying immediately with fresh proxy...
[2026-02-10T09:32:53.669Z] [INFO] Retrying account creation... (Attempt 3/3)
[2026-02-10T09:32:56.430Z] [INFO] Starting account creation for Account ID: 2298 (Attempt 3/3)
[2026-02-10T09:32:56.446Z] [INFO] Killing Python browser process...
[2026-02-10T09:32:56.447Z] [INFO] Closing Local Proxy Chain...
[2026-02-10T09:32:56.447Z] [INFO] Browser closed
[2026-02-10T09:32:57.265Z] [INFO] Generated Email: tiktoka4y01vr0@virgilian.com
[2026-02-10T09:32:57.267Z] [SUCCESS] ✅ Saved credentials: email=tiktoka4y01vr0@virgilian.com, password length=11, DOB=1987-01-26
[2026-02-10T09:32:57.268Z] [INFO] 🛑 Checking for Fresh IP before launching... (Attempt 1)
[2026-02-10T09:33:00.404Z] [SUCCESS] ✅ Fresh IP Found: 103.105.86.18
[2026-02-10T09:33:00.404Z] [INFO] 🔗 Starting Local Proxy Chain...
[2026-02-10T09:33:00.405Z] [SUCCESS] ✅ Local Proxy Started: http://127.0.0.1:62365
[2026-02-10T09:33:00.405Z] [INFO] 🚀 Launching SeleniumBase via Python Bridge...
[2026-02-10T09:33:00.405Z] [INFO] Starting Python Browser Launcher: /Users/mac/Desktop/My Work/Tiktok_account_automation/bot/src/utils/browserLauncher.py
[2026-02-10T09:33:00.405Z] [INFO] 🔌 Connecting with proxy: http://127.0.0.1:62365
[2026-02-10T09:33:02.971Z] [INFO] ✅ Browser Connected
[2026-02-10T09:33:02.971Z] [INFO] 🌍 Syncing fingerprint with Proxy IP...
[2026-02-10T09:33:07.670Z] [SUCCESS] ✅ Proxy Sync Success: IP=211.245.212.227 | TZ=Asia/Seoul
[2026-02-10T09:33:07.670Z] [INFO] 🌍 Fetching accurate IP location info...
[2026-02-10T09:33:12.303Z] [SUCCESS] ✅ IP Info Captured: 190.142.102.102 | Maturín, Venezuela (Corporación Telemic C.A.)
[2026-02-10T09:33:12.311Z] [SUCCESS] ✅ IP data saved to database: 190.142.102.102
[2026-02-10T09:33:12.337Z] [INFO] Navigating to https://www.tiktok.com/signup/phone-or-email/email...
[2026-02-10T09:33:21.028Z] [INFO] 🔍 Checking if page loaded successfully...
[2026-02-10T09:33:21.040Z] [SUCCESS] ✅ Page loaded successfully!
[2026-02-10T09:33:21.045Z] [INFO] 🌍 Checking public IP & Location...
[2026-02-10T09:33:21.054Z] [INFO] ✅ IP: Unknown | 📍 Location: Unknown
[2026-02-10T09:33:21.055Z] [INFO] ℹ️  Keeping previously saved IP data (secondary check failed)
[2026-02-10T09:33:21.055Z] [INFO] ⏳ Waiting for page to fully load...
[2026-02-10T09:33:42.217Z] [INFO] On signup page - HYBRID FLOW STARTED
[2026-02-10T09:33:44.981Z] [INFO] 🎂 Filling date of birth...
[2026-02-10T09:33:44.982Z] [INFO] Step 1: Opening Month dropdown...
[2026-02-10T09:33:54.124Z] [SUCCESS] ✅ Selected month: 01
[2026-02-10T09:33:56.537Z] [INFO] Step 2: Opening Day dropdown...
[2026-02-10T09:34:02.756Z] [SUCCESS] ✅ Selected day: 26
[2026-02-10T09:34:05.618Z] [INFO] Step 3: Opening Year dropdown...
[2026-02-10T09:34:10.480Z] [SUCCESS] ✅ Selected year: 1987
[2026-02-10T09:34:10.481Z] [SUCCESS] 🎂 Date of birth selection completed!
[2026-02-10T09:34:12.406Z] [INFO] Filling email address...
[2026-02-10T09:34:17.011Z] [SUCCESS] Entered email: tiktoka4y01vr0@virgilian.com
[2026-02-10T09:34:19.100Z] [INFO] Clicking outside to close email suggestions...
[2026-02-10T09:34:21.169Z] [INFO] Filling password...
[2026-02-10T09:34:23.810Z] [SUCCESS] Entered password
[2026-02-10T09:34:26.128Z] [INFO] Thinking: Clicking "Send code" button...
[2026-02-10T09:34:27.904Z] [INFO] Attempt 1: Clicking Send Code...
[2026-02-10T09:34:31.148Z] [INFO] Attempt 2: Clicking Send Code...
[2026-02-10T09:34:33.355Z] [SUCCESS] ✅ Successfully clicked "Send code"
[2026-02-10T09:34:33.355Z] [INFO] ⏳ Waiting for OTP in mail.tm inbox (Do not close browser)...
