[2026-01-08T15:07:36.401Z] [INFO] ℹ️ Jobs already in queue, skipping injection.
[2026-01-08T15:08:06.410Z] [ERROR] Job 23 failed
{
  "error": "job stalled more than allowable limit"
}
[2026-01-08T15:12:12.089Z] [INFO] 🧹 Cleaning old jobs from queue...
[2026-01-08T15:12:12.162Z] [INFO] ✅ Queue cleared. Checking for new injection...
[2026-01-08T15:12:12.164Z] [INFO] 🔧 [DEV] Queue empty. Injecting Test Job...
[2026-01-08T15:12:12.222Z] [SUCCESS] ✅ [DEV] Injected New Job: Account 24 (Batch 6)
[2026-01-08T15:12:12.224Z] [INFO] Processing new job
{
  "accountId": 24,
  "batchId": 6,
  "jobId": "24"
}
[2026-01-08T15:12:12.226Z] [INFO] Starting account creation for Account ID: 24 (Attempt 1/3)
[2026-01-08T15:12:13.386Z] [INFO] Generated Email: tiktokqatd33c8@airsworld.net
[2026-01-08T15:12:13.389Z] [INFO] 🚀 Launching SeleniumBase via Python Bridge...
[2026-01-08T15:12:13.389Z] [INFO] Starting Python Browser Launcher: /Users/mac/Desktop/My Work/Tiktok_account_automation/bot/src/utils/browserLauncher.py
[2026-01-08T15:12:13.390Z] [INFO] 🔌 Connecting with proxy: http://fsynjmig-1:****@p.webshare.io:80
[2026-01-08T15:12:17.915Z] [INFO] ✅ Connected to CDP Endpoint: ws://127.0.0.1:9222/devtools/browser/672b8ad5-9ddf-4676-9c9e-c62fd02bea7e
[2026-01-08T15:12:17.999Z] [INFO] Attached to existing page
[2026-01-08T15:12:18.043Z] [INFO] Navigating to https://www.tiktok.com/signup/phone-or-email/email...
[2026-01-08T15:12:21.606Z] [INFO] 🌍 Checking public IP...
[2026-01-08T15:12:21.622Z] [INFO] ✅ Current IP displayed in Browser: Unknown
[2026-01-08T15:12:21.623Z] [INFO] ⏳ Waiting for page to fully load...
[2026-01-08T15:12:45.794Z] [INFO] On signup page - HYBRID FLOW STARTED
[2026-01-08T15:12:47.989Z] [INFO] 🎂 Filling date of birth...
[2026-01-08T15:12:47.989Z] [INFO] Step 1: Opening Month dropdown...
[2026-01-08T15:12:54.485Z] [SUCCESS] ✅ Selected month: 06
[2026-01-08T15:12:58.349Z] [INFO] Step 2: Opening Day dropdown...
[2026-01-08T15:13:06.073Z] [SUCCESS] ✅ Selected day: 27
[2026-01-08T15:13:08.343Z] [INFO] Step 3: Opening Year dropdown...
[2026-01-08T15:13:14.628Z] [SUCCESS] ✅ Selected year: 1990
[2026-01-08T15:13:14.629Z] [SUCCESS] 🎂 Date of birth selection completed!
[2026-01-08T15:13:16.373Z] [INFO] Filling email address...
[2026-01-08T15:13:21.623Z] [SUCCESS] Entered email: tiktokqatd33c8@airsworld.net
[2026-01-08T15:13:24.589Z] [INFO] Clicking outside to close email suggestions...
[2026-01-08T15:13:25.743Z] [INFO] Filling password...
[2026-01-08T15:13:28.285Z] [SUCCESS] Entered password
[2026-01-08T15:13:30.907Z] [INFO] Thinking: Clicking "Send code" button...
[2026-01-08T15:13:33.257Z] [INFO] Attempt 1: Clicking Send Code...
[2026-01-08T15:13:36.700Z] [INFO] Attempt 2: Clicking Send Code...
[2026-01-08T15:13:39.457Z] [SUCCESS] ✅ Successfully clicked "Send code"
[2026-01-08T15:13:39.458Z] [INFO] ⏳ Waiting for OTP in mail.tm inbox (Do not close browser)...
[2026-01-08T15:13:51.168Z] [INFO] ✅ Got Code: 224141
[2026-01-08T15:13:51.168Z] [INFO] Entering verification code...
[2026-01-08T15:13:59.854Z] [SUCCESS] ✅ Entered verification code successfully
[2026-01-08T15:14:01.679Z] [INFO] Clicking submit/next button...
[2026-01-08T15:14:01.719Z] [SUCCESS] ✅ Clicked submit button
[2026-01-08T15:14:05.901Z] [SUCCESS] ✅ Clicked submit button
[2026-01-08T15:14:09.945Z] [INFO] Waiting for account creation to complete...
[2026-01-08T15:14:20.144Z] [SUCCESS] Account created successfully! Account ID: 24
{
  "email": "tiktokqatd33c8@airsworld.net",
  "tiktokUserId": null
}
[2026-01-08T15:14:20.160Z] [INFO] Killing Python browser process...
[2026-01-08T15:14:20.161Z] [INFO] Browser closed
[2026-01-08T15:14:20.167Z] [SUCCESS] Batch 6 completed!
{
  "totalSuccess": 1,
  "totalFailed": 0
}
[2026-01-08T15:14:20.170Z] [INFO] Waiting 7.42 minutes before next account creation...
[2026-01-08T15:24:09.243Z] [INFO] 🧹 Cleaning old jobs from queue...
[2026-01-08T15:24:09.266Z] [INFO] ✅ Queue cleared. Checking for new injection...
[2026-01-08T15:24:09.269Z] [INFO] 🔧 [DEV] Queue empty. Injecting Test Job...
[2026-01-08T15:24:09.276Z] [SUCCESS] ✅ [DEV] Injected New Job: Account 25 (Batch 7)
[2026-01-08T15:24:09.278Z] [INFO] Processing new job
{
  "accountId": 25,
  "batchId": 7,
  "jobId": "25"
}
[2026-01-08T15:24:09.279Z] [INFO] Starting account creation for Account ID: 25 (Attempt 1/3)
[2026-01-08T15:24:10.348Z] [INFO] Generated Email: tiktokufgi6v64@airsworld.net
[2026-01-08T15:24:10.352Z] [INFO] 🚀 Launching SeleniumBase via Python Bridge...
[2026-01-08T15:24:10.352Z] [INFO] Starting Python Browser Launcher: /Users/mac/Desktop/My Work/Tiktok_account_automation/bot/src/utils/browserLauncher.py
[2026-01-08T15:24:10.353Z] [INFO] 🔌 Connecting with proxy: http://fsynjmig-1:****@p.webshare.io:80
[2026-01-08T15:24:12.387Z] [INFO] ✅ Connected to CDP Endpoint: ws://127.0.0.1:9222/devtools/browser/5f657eb0-a03c-4777-ab01-30fade40b66c
[2026-01-08T15:24:12.456Z] [INFO] Attached to existing page
[2026-01-08T15:24:12.500Z] [INFO] Navigating to https://www.tiktok.com/signup/phone-or-email/email...
[2026-01-08T15:24:14.880Z] [INFO] 🌍 Checking public IP...
[2026-01-08T15:24:14.895Z] [INFO] ✅ Current IP displayed in Browser: Unknown
[2026-01-08T15:24:14.896Z] [INFO] ⏳ Waiting for page to fully load...
[2026-01-08T15:24:36.211Z] [INFO] On signup page - HYBRID FLOW STARTED
[2026-01-08T15:24:39.473Z] [INFO] 🎂 Filling date of birth...
[2026-01-08T15:24:39.474Z] [INFO] Step 1: Opening Month dropdown...
[2026-01-08T15:24:47.555Z] [SUCCESS] ✅ Selected month: 03
[2026-01-08T15:24:51.044Z] [INFO] Step 2: Opening Day dropdown...
[2026-01-08T15:24:59.107Z] [SUCCESS] ✅ Selected day: 17
[2026-01-08T15:25:02.920Z] [INFO] Step 3: Opening Year dropdown...
[2026-01-08T15:25:09.353Z] [SUCCESS] ✅ Selected year: 1996
[2026-01-08T15:25:09.354Z] [SUCCESS] 🎂 Date of birth selection completed!
[2026-01-08T15:25:11.239Z] [INFO] Filling email address...
[2026-01-08T15:25:16.183Z] [SUCCESS] Entered email: tiktokufgi6v64@airsworld.net
[2026-01-08T15:25:18.232Z] [INFO] Clicking outside to close email suggestions...
[2026-01-08T15:25:19.379Z] [INFO] Filling password...
[2026-01-08T15:25:22.014Z] [SUCCESS] Entered password
[2026-01-08T15:25:24.739Z] [INFO] Thinking: Clicking "Send code" button...
[2026-01-08T15:25:26.411Z] [INFO] Attempt 1: Clicking Send Code...
[2026-01-08T15:25:29.892Z] [INFO] Attempt 2: Clicking Send Code...
[2026-01-08T15:25:32.912Z] [SUCCESS] ✅ Successfully clicked "Send code"
[2026-01-08T15:25:32.912Z] [INFO] ⏳ Waiting for OTP in mail.tm inbox (Do not close browser)...
[2026-01-08T15:25:38.463Z] [INFO] ✅ Got Code: 200292
[2026-01-08T15:25:38.464Z] [INFO] Entering verification code...
[2026-01-08T15:25:47.466Z] [SUCCESS] ✅ Entered verification code successfully
[2026-01-08T15:25:48.505Z] [INFO] Clicking submit/next button...
[2026-01-08T15:25:48.544Z] [SUCCESS] ✅ Clicked submit button
[2026-01-08T15:25:53.452Z] [INFO] Waiting for account creation to complete...
[2026-01-08T15:26:03.689Z] [SUCCESS] Account created successfully! Account ID: 25
{
  "email": "tiktokufgi6v64@airsworld.net",
  "tiktokUserId": null
}
[2026-01-08T15:26:03.711Z] [INFO] Killing Python browser process...
[2026-01-08T15:26:03.711Z] [INFO] Browser closed
[2026-01-08T15:26:03.716Z] [SUCCESS] Batch 7 completed!
{
  "totalSuccess": 1,
  "totalFailed": 0
}
[2026-01-08T15:26:03.718Z] [INFO] Waiting 8.76 minutes before next account creation...
[2026-01-08T15:34:49.324Z] [SUCCESS] Job 25 completed
{
  "result": {
    "success": true,
    "email": "tiktokufgi6v64@airsworld.net",
    "password": "GE&2q$jJ&D%Qf"
  }
}
[2026-01-08T15:55:44.876Z] [INFO] 🧹 Cleaning old jobs from queue...
[2026-01-08T15:55:44.898Z] [INFO] ✅ Queue cleared. Checking for new injection...
[2026-01-08T15:55:44.900Z] [INFO] 🔧 [DEV] Queue empty. Injecting Test Job...
[2026-01-08T15:55:44.907Z] [SUCCESS] ✅ [DEV] Injected New Job: Account 26 (Batch 8)
[2026-01-08T15:55:44.909Z] [INFO] Processing new job
{
  "accountId": 26,
  "batchId": 8,
  "jobId": "26"
}
[2026-01-08T15:55:44.910Z] [INFO] Starting account creation for Account ID: 26 (Attempt 1/3)
[2026-01-08T15:55:45.771Z] [INFO] Generated Email: tiktokp0929mef@airsworld.net
[2026-01-08T15:55:45.774Z] [INFO] 🚀 Launching SeleniumBase via Python Bridge...
[2026-01-08T15:55:45.774Z] [INFO] Starting Python Browser Launcher: /Users/mac/Desktop/My Work/Tiktok_account_automation/bot/src/utils/browserLauncher.py
[2026-01-08T15:55:45.774Z] [INFO] 🔌 Connecting with proxy: http://fsynjmig-1:****@p.webshare.io:80
[2026-01-08T15:55:47.861Z] [INFO] ✅ Connected to CDP Endpoint: ws://127.0.0.1:9222/devtools/browser/efea72a8-fad5-4359-a6c3-59daa8d2b6d3
[2026-01-08T15:55:47.938Z] [INFO] Attached to existing page
[2026-01-08T15:55:47.982Z] [INFO] Navigating to https://www.tiktok.com/signup/phone-or-email/email...
[2026-01-08T15:55:50.034Z] [INFO] 🌍 Checking public IP & Location...
[2026-01-08T15:55:50.548Z] [INFO] ✅ IP: Unknown | 📍 Location: Unknown
[2026-01-08T15:55:50.552Z] [INFO] ⏳ Waiting for page to fully load...
[2026-01-08T15:56:04.689Z] [INFO] On signup page - HYBRID FLOW STARTED
[2026-01-08T15:56:06.984Z] [INFO] 🎂 Filling date of birth...
[2026-01-08T15:56:06.985Z] [INFO] Step 1: Opening Month dropdown...
[2026-01-08T15:56:15.616Z] [SUCCESS] ✅ Selected month: 10
[2026-01-08T15:56:18.274Z] [INFO] Step 2: Opening Day dropdown...
[2026-01-08T15:56:24.981Z] [SUCCESS] ✅ Selected day: 26
[2026-01-08T15:56:27.004Z] [INFO] Step 3: Opening Year dropdown...
[2026-01-08T15:56:32.429Z] [SUCCESS] ✅ Selected year: 1982
[2026-01-08T15:56:32.429Z] [SUCCESS] 🎂 Date of birth selection completed!
[2026-01-08T15:56:34.062Z] [INFO] Filling email address...
[2026-01-08T15:56:38.650Z] [SUCCESS] Entered email: tiktokp0929mef@airsworld.net
[2026-01-08T15:56:41.098Z] [INFO] Clicking outside to close email suggestions...
[2026-01-08T15:56:42.367Z] [INFO] Filling password...
[2026-01-08T15:56:45.420Z] [SUCCESS] Entered password
[2026-01-08T15:56:48.288Z] [INFO] Thinking: Clicking "Send code" button...
[2026-01-08T15:56:50.016Z] [INFO] Attempt 1: Clicking Send Code...
[2026-01-08T15:56:52.908Z] [INFO] Attempt 2: Clicking Send Code...
[2026-01-08T15:56:55.200Z] [SUCCESS] ✅ Successfully clicked "Send code"
[2026-01-08T15:56:55.201Z] [INFO] ⏳ Waiting for OTP in mail.tm inbox (Do not close browser)...
[2026-01-08T15:57:00.952Z] [INFO] ✅ Got Code: 129564
[2026-01-08T15:57:00.953Z] [INFO] Entering verification code...
[2026-01-08T15:57:09.624Z] [SUCCESS] ✅ Entered verification code successfully
[2026-01-08T15:57:11.598Z] [INFO] Clicking submit/next button...
[2026-01-08T15:57:11.638Z] [SUCCESS] ✅ Clicked submit button
[2026-01-08T15:57:15.920Z] [SUCCESS] ✅ Clicked submit button
[2026-01-08T15:57:20.761Z] [SUCCESS] ✅ Clicked submit button
[2026-01-08T15:57:25.579Z] [INFO] Waiting for post-signup state...
[2026-01-08T15:57:25.596Z] [INFO] 🔥 Starting Account Warm-up Phase...
[2026-01-08T15:57:30.440Z] [INFO] 🔥 Will perform 7 scroll/watch actions
[2026-01-08T15:57:30.441Z] [INFO] Action 1/7: Watching video...
[2026-01-08T15:57:38.513Z] [INFO] ⬇️ Scrolling to next video...
[2026-01-08T15:57:40.651Z] [INFO] Action 2/7: Watching video...
[2026-01-08T15:57:46.218Z] [INFO] ⬇️ Scrolling to next video...
[2026-01-08T15:57:48.518Z] [INFO] Action 3/7: Watching video...
[2026-01-08T15:57:58.351Z] [INFO] ⬇️ Scrolling to next video...
[2026-01-08T15:58:02.256Z] [INFO] Action 4/7: Watching video...
[2026-01-08T15:58:08.075Z] [INFO] ⬇️ Scrolling to next video...
[2026-01-08T15:58:10.381Z] [INFO] Action 5/7: Watching video...
[2026-01-08T15:58:19.552Z] [INFO] ⬇️ Scrolling to next video...
[2026-01-08T15:58:23.324Z] [INFO] Action 6/7: Watching video...
[2026-01-08T15:58:31.680Z] [INFO] ⬇️ Scrolling to next video...
[2026-01-08T15:58:35.430Z] [INFO] Action 7/7: Watching video...
[2026-01-08T16:08:08.041Z] [INFO] 🧹 Cleaning old jobs from queue...
[2026-01-08T16:08:08.064Z] [INFO] ✅ Queue cleared. Checking for new injection...
[2026-01-08T16:08:08.066Z] [INFO] 🔧 [DEV] Queue empty. Injecting Test Job...
[2026-01-08T16:08:08.073Z] [SUCCESS] ✅ [DEV] Injected New Job: Account 27 (Batch 9)
[2026-01-08T16:08:08.075Z] [INFO] Processing new job
{
  "accountId": 27,
  "batchId": 9,
  "jobId": "27"
}
[2026-01-08T16:08:08.076Z] [INFO] Starting account creation for Account ID: 27 (Attempt 1/3)
[2026-01-08T16:08:08.993Z] [INFO] Generated Email: tiktokjiupd3o4@airsworld.net
[2026-01-08T16:08:08.996Z] [INFO] 🚀 Launching SeleniumBase via Python Bridge...
[2026-01-08T16:08:08.997Z] [INFO] Starting Python Browser Launcher: /Users/mac/Desktop/My Work/Tiktok_account_automation/bot/src/utils/browserLauncher.py
[2026-01-08T16:08:08.997Z] [INFO] 🔌 Connecting with proxy: http://fsynjmig-1:****@p.webshare.io:80
[2026-01-08T16:08:10.920Z] [INFO] ✅ Connected to CDP Endpoint: ws://127.0.0.1:9222/devtools/browser/894cf0d9-e610-43dc-9a25-5de28846d4b6
[2026-01-08T16:08:10.991Z] [INFO] Attached to existing page
[2026-01-08T16:08:11.039Z] [INFO] Navigating to https://www.tiktok.com/signup/phone-or-email/email...
[2026-01-08T16:08:12.783Z] [INFO] 🌍 Checking public IP & Location...
[2026-01-08T16:08:12.793Z] [INFO] ✅ IP: Unknown | 📍 Location: Unknown
[2026-01-08T16:08:12.794Z] [INFO] ⏳ Waiting for page to fully load...
[2026-01-08T16:08:24.496Z] [INFO] On signup page - HYBRID FLOW STARTED
[2026-01-08T16:08:27.604Z] [INFO] 🎂 Filling date of birth...
[2026-01-08T16:08:27.604Z] [INFO] Step 1: Opening Month dropdown...
[2026-01-08T16:08:35.085Z] [SUCCESS] ✅ Selected month: 02
[2026-01-08T16:08:37.120Z] [INFO] Step 2: Opening Day dropdown...
[2026-01-08T16:08:45.119Z] [SUCCESS] ✅ Selected day: 07
[2026-01-08T16:08:48.800Z] [INFO] Step 3: Opening Year dropdown...
[2026-01-08T16:08:52.796Z] [SUCCESS] ✅ Selected year: 1990
[2026-01-08T16:08:52.797Z] [SUCCESS] 🎂 Date of birth selection completed!
[2026-01-08T16:08:54.572Z] [INFO] Filling email address...
[2026-01-08T16:08:58.691Z] [SUCCESS] Entered email: tiktokjiupd3o4@airsworld.net
[2026-01-08T16:09:01.566Z] [INFO] Clicking outside to close email suggestions...
[2026-01-08T16:09:03.231Z] [INFO] Filling password...
[2026-01-08T16:09:06.312Z] [SUCCESS] Entered password
[2026-01-08T16:09:08.676Z] [INFO] Thinking: Clicking "Send code" button...
[2026-01-08T16:09:10.418Z] [INFO] Attempt 1: Clicking Send Code...
[2026-01-08T16:09:13.135Z] [INFO] Attempt 2: Clicking Send Code...
[2026-01-08T16:09:15.916Z] [SUCCESS] ✅ Successfully clicked "Send code"
[2026-01-08T16:09:15.916Z] [INFO] ⏳ Waiting for OTP in mail.tm inbox (Do not close browser)...
[2026-01-08T16:09:21.487Z] [INFO] ✅ Got Code: 549910
[2026-01-08T16:09:21.487Z] [INFO] Entering verification code...
[2026-01-08T16:09:30.402Z] [SUCCESS] ✅ Entered verification code successfully
[2026-01-08T16:09:31.492Z] [INFO] Clicking submit/next button...
[2026-01-08T16:09:31.530Z] [SUCCESS] ✅ Clicked submit button
[2026-01-08T16:09:35.883Z] [INFO] Waiting for post-signup state...
[2026-01-08T16:09:35.889Z] [INFO] 👤 "Create Username" step detected
[2026-01-08T16:09:35.889Z] [INFO] Generated Username: star.happy.314
[2026-01-08T16:09:40.493Z] [INFO] 🔥 Starting Account Warm-up Phase...
[2026-01-08T16:09:43.744Z] [INFO] 🔥 Will perform 6 scroll/watch actions
[2026-01-08T16:09:43.747Z] [INFO] Action 1/6: Watching video...
[2026-01-08T16:09:54.015Z] [INFO] ⬇️ Scrolling to next video...
[2026-01-08T16:09:57.181Z] [INFO] Action 2/6: Watching video...
[2026-01-08T16:10:10.275Z] [INFO] ❤️ Randomly liking video...
[2026-01-08T16:10:12.792Z] [INFO] ⬇️ Scrolling to next video...
[2026-01-08T16:10:15.148Z] [INFO] Action 3/6: Watching video...
[2026-01-08T16:10:23.133Z] [INFO] ⬇️ Scrolling to next video...
[2026-01-08T16:10:26.201Z] [INFO] Action 4/6: Watching video...
[2026-01-08T16:10:34.153Z] [INFO] ⬇️ Scrolling to next video...
[2026-01-08T16:10:36.969Z] [INFO] Action 5/6: Watching video...
[2026-01-08T16:10:49.233Z] [INFO] ⬇️ Scrolling to next video...
[2026-01-08T16:10:52.335Z] [INFO] Action 6/6: Watching video...
[2026-01-08T16:11:06.890Z] [INFO] ⬇️ Scrolling to next video...
[2026-01-08T16:11:09.643Z] [SUCCESS] ✅ Account Warm-up Completed!
[2026-01-08T16:11:09.647Z] [SUCCESS] 🎉 Account Created Successfully! ID: 27
[2026-01-08T16:11:09.664Z] [INFO] Killing Python browser process...
[2026-01-08T16:11:09.665Z] [INFO] Browser closed
[2026-01-08T16:11:09.668Z] [SUCCESS] Batch 9 completed!
{
  "totalSuccess": 1,
  "totalFailed": 0
}
[2026-01-08T16:11:09.670Z] [INFO] Waiting 6.69 minutes before next account creation...
