[2026-02-06T12:59:34.512Z] [INFO] 🧹 Nuke-cleaning queue (Dev Mode)...
[2026-02-06T12:59:34.611Z] [INFO] ✅ Queue obliterated.
[2026-02-06T12:59:34.612Z] [INFO] 🔧 [DEV] Injecting Fresh Test Job...
[2026-02-06T12:59:34.627Z] [INFO] Processing new job
{
  "accountId": 896,
  "batchId": 46,
  "jobId": "1"
}
[2026-02-06T12:59:34.629Z] [INFO] Starting account creation for Account ID: 896 (Attempt 1/3)
[2026-02-06T12:59:34.862Z] [SUCCESS] ✅ [DEV] Injected New Batch 46 with 100 jobs.
[2026-02-06T12:59:35.574Z] [INFO] Generated Email: tiktokahlw7ppy@virgilian.com
[2026-02-06T12:59:35.576Z] [INFO] 🛑 Checking for Fresh IP before launching...
[2026-02-06T12:59:37.682Z] [SUCCESS] ✅ Fresh IP Found: 5.34.1.247
[2026-02-06T12:59:37.683Z] [INFO] 🔗 Starting Local Proxy Chain to handle Auth...
[2026-02-06T12:59:37.686Z] [SUCCESS] ✅ Local Proxy Started: http://127.0.0.1:52805 -> Forwards to http://qkgiufyj-rotate:nqc828z...
[2026-02-06T12:59:37.686Z] [INFO] 🚀 Launching SeleniumBase via Python Bridge...
[2026-02-06T12:59:37.686Z] [INFO] Starting Python Browser Launcher: /Users/mac/Desktop/My Work/Tiktok_account_automation/bot/src/utils/browserLauncher.py
[2026-02-06T12:59:37.687Z] [INFO] 🔌 Connecting with proxy: http://127.0.0.1:52805
[2026-02-06T12:59:42.815Z] [INFO] Attached to existing page
[2026-02-06T12:59:42.816Z] [INFO] 🌍 Syncing fingerprint with Proxy IP...
[2026-02-06T12:59:47.972Z] [SUCCESS] ✅ Proxy Sync Success: IP=153.67.31.183 | TZ=America/New_York
[2026-02-06T12:59:47.976Z] [INFO] Navigating to https://www.tiktok.com/signup/phone-or-email/email...
[2026-02-06T12:59:56.116Z] [INFO] 🔍 Checking if page loaded successfully...
[2026-02-06T12:59:56.125Z] [SUCCESS] ✅ Page loaded successfully!
[2026-02-06T12:59:56.125Z] [INFO] 🌍 Checking public IP & Location...
[2026-02-06T12:59:56.131Z] [INFO] ✅ IP: Unknown | 📍 Location: Unknown
[2026-02-06T12:59:56.132Z] [INFO] ⏳ Waiting for page to fully load...
[2026-02-06T13:00:16.706Z] [INFO] On signup page - HYBRID FLOW STARTED
[2026-02-06T13:00:19.618Z] [INFO] 🎂 Filling date of birth...
[2026-02-06T13:00:19.619Z] [INFO] Step 1: Opening Month dropdown...
[2026-02-06T13:00:28.330Z] [SUCCESS] ✅ Selected month: 05
[2026-02-06T13:00:31.548Z] [INFO] Step 2: Opening Day dropdown...
[2026-02-06T13:00:38.147Z] [SUCCESS] ✅ Selected day: 11
[2026-02-06T13:00:41.200Z] [INFO] Step 3: Opening Year dropdown...
[2026-02-06T13:00:45.482Z] [SUCCESS] ✅ Selected year: 1976
[2026-02-06T13:00:45.482Z] [SUCCESS] 🎂 Date of birth selection completed!
[2026-02-06T13:00:46.927Z] [INFO] Filling email address...
[2026-02-06T13:00:51.373Z] [SUCCESS] Entered email: tiktokahlw7ppy@virgilian.com
[2026-02-06T13:00:53.831Z] [INFO] Clicking outside to close email suggestions...
[2026-02-06T13:00:55.391Z] [INFO] Filling password...
[2026-02-06T13:00:58.252Z] [SUCCESS] Entered password
[2026-02-06T13:01:00.709Z] [INFO] Thinking: Clicking "Send code" button...
[2026-02-06T13:01:02.704Z] [INFO] Attempt 1: Clicking Send Code...
[2026-02-06T13:01:06.060Z] [INFO] Attempt 2: Clicking Send Code...
[2026-02-06T13:01:08.799Z] [SUCCESS] ✅ Successfully clicked "Send code"
[2026-02-06T13:01:08.800Z] [INFO] ⏳ Waiting for OTP in mail.tm inbox (Do not close browser)...
[2026-02-06T13:01:25.527Z] [INFO] ✅ Got Code: 105165
[2026-02-06T13:01:25.527Z] [INFO] Entering verification code...
[2026-02-06T13:01:33.987Z] [SUCCESS] ✅ Entered verification code successfully
[2026-02-06T13:01:35.117Z] [INFO] Clicking submit/next button...
[2026-02-06T13:01:35.156Z] [SUCCESS] ✅ Clicked submit button
[2026-02-06T13:01:39.142Z] [INFO] 🔍 Checking for signup errors after submit...
[2026-02-06T13:01:39.147Z] [SUCCESS] ✅ No critical errors detected after submit
[2026-02-06T13:01:39.169Z] [SUCCESS] ✅ Clicked submit button
[2026-02-06T13:01:43.378Z] [INFO] 🔍 Checking for signup errors after submit...
[2026-02-06T13:01:43.381Z] [SUCCESS] ✅ No critical errors detected after submit
[2026-02-06T13:01:43.410Z] [SUCCESS] ✅ Clicked submit button
[2026-02-06T13:01:47.140Z] [INFO] 🔍 Checking for signup errors after submit...
[2026-02-06T13:01:47.142Z] [SUCCESS] ✅ No critical errors detected after submit
[2026-02-06T13:01:47.143Z] [INFO] Waiting for post-signup state...
[2026-02-06T13:01:47.147Z] [INFO] 👤 "Create Username" step detected
[2026-02-06T13:01:47.148Z] [INFO] Attempt 1: Trying username SonicWild3204
[2026-02-06T13:01:58.961Z] [WARNING] Username step skipped: page.evaluate: SyntaxError: Failed to execute 'querySelector' on 'Document': 'div[type="error"]:has-text("taken")' is not a valid selector.
    at Array.d (https://sf16-website-login.neutral.ttwstatic.com/obj/tiktok_web_login_static/webmssdk/1.0.0.328/webmssdk.js:1:124784)
    at S (https://sf16-website-login.neutral.ttwstatic.com/obj/tiktok_web_login_static/webmssdk/1.0.0.328/webmssdk.js:1:226826)
    at HTMLDocument.<anonymous> (https://sf16-website-login.neutral.ttwstatic.com/obj/tiktok_web_login_static/webmssdk/1.0.0.328/webmssdk.js:1:70471)
    at Array.u (https://sf16-website-login.neutral.ttwstatic.com/obj/tiktok_web_login_static/ttweb_webmssdk_ex/1.0.0.2415/webmssdk_ex.js:1:134032)
    at Array.H (https://sf16-website-login.neutral.ttwstatic.com/obj/tiktok_web_login_static/ttweb_webmssdk_ex/1.0.0.2415/webmssdk_ex.js:1:25512)
    at HTMLDocument.querySelector (https://sf16-website-login.neutral.ttwstatic.com/obj/tiktok_web_login_static/ttweb_webmssdk_ex/1.0.0.2415/webmssdk_ex.js:1:29598)
    at eval (eval at evaluate (:290:30), <anonymous>:2:43)
    at UtilityScript.evaluate (<anonymous>:292:16)
    at UtilityScript.<anonymous> (<anonymous>:1:44)
[2026-02-06T13:01:58.962Z] [INFO] 📍 Capturing initial IP after account creation...
[2026-02-06T13:01:58.966Z] [SUCCESS] ✅ Initial IP: null
[2026-02-06T13:01:58.967Z] [INFO] 🔥 Starting 30-second account warmup...
[2026-02-06T13:02:10.028Z] [INFO] ⏱️  Warmup progress: 11s / 30s
[2026-02-06T13:02:16.181Z] [INFO] ⏱️  Warmup progress: 17s / 30s
[2026-02-06T13:02:22.578Z] [INFO] ⏱️  Warmup progress: 23s / 30s
[2026-02-06T13:02:28.524Z] [INFO] ⏱️  Warmup progress: 29s / 30s
[2026-02-06T13:02:36.032Z] [INFO] ⏱️  Warmup progress: 37s / 30s
[2026-02-06T13:02:36.032Z] [SUCCESS] ✅ Account warmup completed (30 seconds)
[2026-02-06T13:02:36.032Z] [INFO] 🔄 Starting Post-Signup Verification: LOGOUT -> LOGIN Test
[2026-02-06T13:02:36.033Z] [INFO] 🚪 Logging out...
[2026-02-06T13:02:41.321Z] [SUCCESS] ✅ Logged out successfully
[2026-02-06T13:02:44.254Z] [INFO] 🔐 Attempting Re-Login with same credentials...
[2026-02-06T13:03:01.067Z] [INFO] 📧 Locating email field...
[2026-02-06T13:03:16.074Z] [ERROR] ❌ Could not enter email in any field
[2026-02-06T13:03:18.314Z] [INFO] 🔑 Locating password field...
[2026-02-06T13:03:30.321Z] [ERROR] ❌ Could not enter password in any field
[2026-02-06T13:03:41.009Z] [SUCCESS] 🎉 RE-LOGIN SUCCESSFUL!
[2026-02-06T13:03:41.009Z] [INFO] 🔍 Verifying IP consistency after re-login...
[2026-02-06T13:03:42.929Z] [WARNING] ⚠️ Could not verify IP consistency (IP fetch failed)
[2026-02-06T13:03:42.933Z] [SUCCESS] 🎉 Signup flow finished. ID: 896
[2026-02-06T13:03:42.952Z] [INFO] Killing Python browser process...
[2026-02-06T13:03:42.953Z] [INFO] Closing Local Proxy Chain...
[2026-02-06T13:03:42.959Z] [INFO] Browser closed
[2026-02-06T13:03:42.977Z] [INFO] Waiting 6.06 minutes before next account creation...
[2026-02-06T13:09:46.843Z] [SUCCESS] Job 1 completed
{
  "result": {
    "success": true,
    "email": "tiktokahlw7ppy@virgilian.com"
  }
}
[2026-02-06T13:09:46.844Z] [INFO] Processing new job
{
  "accountId": 897,
  "batchId": 46,
  "jobId": "2"
}
[2026-02-06T13:09:46.845Z] [INFO] Starting account creation for Account ID: 897 (Attempt 1/3)
[2026-02-06T13:09:47.720Z] [INFO] Generated Email: tiktokgki783cw@virgilian.com
[2026-02-06T13:09:47.723Z] [INFO] 🛑 Checking for Fresh IP before launching...
[2026-02-06T13:09:50.810Z] [SUCCESS] ✅ Fresh IP Found: 180.218.220.23
[2026-02-06T13:09:50.810Z] [INFO] 🔗 Starting Local Proxy Chain to handle Auth...
[2026-02-06T13:09:50.813Z] [SUCCESS] ✅ Local Proxy Started: http://127.0.0.1:53369 -> Forwards to http://qkgiufyj-rotate:nqc828z...
[2026-02-06T13:09:50.813Z] [INFO] 🚀 Launching SeleniumBase via Python Bridge...
[2026-02-06T13:09:50.813Z] [INFO] Starting Python Browser Launcher: /Users/mac/Desktop/My Work/Tiktok_account_automation/bot/src/utils/browserLauncher.py
[2026-02-06T13:09:50.814Z] [INFO] 🔌 Connecting with proxy: http://127.0.0.1:53369
[2026-02-06T13:09:53.453Z] [INFO] Attached to existing page
[2026-02-06T13:09:53.453Z] [INFO] 🌍 Syncing fingerprint with Proxy IP...
[2026-02-06T13:09:55.722Z] [INFO] Navigating to https://www.tiktok.com/signup/phone-or-email/email...
[2026-02-06T13:10:01.499Z] [INFO] 🔍 Checking if page loaded successfully...
[2026-02-06T13:10:01.507Z] [SUCCESS] ✅ Page loaded successfully!
[2026-02-06T13:10:01.508Z] [INFO] 🌍 Checking public IP & Location...
[2026-02-06T13:10:01.513Z] [INFO] ✅ IP: Unknown | 📍 Location: Unknown
[2026-02-06T13:10:01.515Z] [INFO] ⏳ Waiting for page to fully load...
[2026-02-06T13:10:25.890Z] [INFO] On signup page - HYBRID FLOW STARTED
[2026-02-06T13:10:29.096Z] [INFO] 🎂 Filling date of birth...
[2026-02-06T13:10:29.097Z] [INFO] Step 1: Opening Month dropdown...
[2026-02-06T13:11:06.346Z] [ERROR] ❌ DOB error:
"elementHandle.click: Timeout 30000ms exceeded.\nCall log:\n\u001b[2m  - attempting click action\u001b[22m\n\u001b[2m    2 × waiting for element to be visible, enabled and stable\u001b[22m\n\u001b[2m      - element is not visible\u001b[22m\n\u001b[2m    - retrying click action\u001b[22m\n\u001b[2m    - waiting 20ms\u001b[22m\n\u001b[2m    2 × waiting for element to be visible, enabled and stable\u001b[22m\n\u001b[2m      - element is not visible\u001b[22m\n\u001b[2m    - retrying click action\u001b[22m\n\u001b[2m      - waiting 100ms\u001b[22m\n\u001b[2m    56 × waiting for element to be visible, enabled and stable\u001b[22m\n\u001b[2m       - element is not visible\u001b[22m\n\u001b[2m     - retrying click action\u001b[22m\n\u001b[2m       - waiting 500ms\u001b[22m\n"
[2026-02-06T13:11:07.372Z] [INFO] Filling email address...
[2026-02-06T13:11:12.275Z] [SUCCESS] Entered email: tiktokgki783cw@virgilian.com
[2026-02-06T13:11:14.526Z] [INFO] Clicking outside to close email suggestions...
[2026-02-06T13:11:16.352Z] [INFO] Filling password...
[2026-02-06T13:11:19.521Z] [SUCCESS] Entered password
[2026-02-06T13:11:21.641Z] [INFO] Thinking: Clicking "Send code" button...
[2026-02-06T13:11:22.819Z] [SUCCESS] ✅ "Send code" already clicked (Countdown active)
[2026-02-06T13:11:22.819Z] [INFO] ⏳ Waiting for OTP in mail.tm inbox (Do not close browser)...
[2026-02-06T13:12:52.726Z] [INFO] 🧹 Nuke-cleaning queue (Dev Mode)...
[2026-02-06T13:12:52.746Z] [INFO] ✅ Queue obliterated.
[2026-02-06T13:12:52.746Z] [INFO] 🔧 [DEV] Injecting Fresh Test Job...
[2026-02-06T13:12:52.812Z] [INFO] Processing new job
{
  "accountId": 996,
  "batchId": 47,
  "jobId": "1"
}
[2026-02-06T13:12:52.815Z] [INFO] Starting account creation for Account ID: 996 (Attempt 1/3)
[2026-02-06T13:12:53.021Z] [SUCCESS] ✅ [DEV] Injected New Batch 47 with 100 jobs.
[2026-02-06T13:12:53.738Z] [INFO] Generated Email: tiktokz37lka4c@virgilian.com
[2026-02-06T13:12:53.742Z] [INFO] 🛑 Checking for Fresh IP before launching...
[2026-02-06T13:12:55.119Z] [SUCCESS] ✅ Fresh IP Found: 85.207.6.118
[2026-02-06T13:12:55.120Z] [INFO] 🔗 Starting Local Proxy Chain to handle Auth...
[2026-02-06T13:12:55.122Z] [SUCCESS] ✅ Local Proxy Started: http://127.0.0.1:53969 -> Forwards to http://qkgiufyj-rotate:nqc828z...
[2026-02-06T13:12:55.122Z] [INFO] 🚀 Launching SeleniumBase via Python Bridge...
[2026-02-06T13:12:55.123Z] [INFO] Starting Python Browser Launcher: /Users/mac/Desktop/My Work/Tiktok_account_automation/bot/src/utils/browserLauncher.py
[2026-02-06T13:12:55.123Z] [INFO] 🔌 Connecting with proxy: http://127.0.0.1:53969
[2026-02-06T13:12:59.491Z] [INFO] Attached to existing page
[2026-02-06T13:12:59.491Z] [INFO] 🌍 Syncing fingerprint with Proxy IP...
[2026-02-06T13:13:07.141Z] [SUCCESS] ✅ Proxy Sync Success: IP=41.237.180.251 | TZ=Africa/Cairo
[2026-02-06T13:13:07.145Z] [INFO] Navigating to https://www.tiktok.com/signup/phone-or-email/email...
[2026-02-06T13:13:13.401Z] [INFO] 🔍 Checking if page loaded successfully...
[2026-02-06T13:13:13.410Z] [SUCCESS] ✅ Page loaded successfully!
[2026-02-06T13:13:13.410Z] [INFO] 🌍 Checking public IP & Location...
[2026-02-06T13:13:13.419Z] [INFO] ✅ IP: Unknown | 📍 Location: Unknown
[2026-02-06T13:13:13.420Z] [INFO] ⏳ Waiting for page to fully load...
[2026-02-06T13:13:36.329Z] [INFO] On signup page - HYBRID FLOW STARTED
[2026-02-06T13:13:38.848Z] [INFO] 🎂 Filling date of birth...
[2026-02-06T13:13:38.849Z] [INFO] Step 1: Opening Month dropdown...
[2026-02-06T13:13:47.563Z] [SUCCESS] ✅ Selected month: 08
[2026-02-06T13:13:49.676Z] [INFO] Step 2: Opening Day dropdown...
[2026-02-06T13:13:56.962Z] [SUCCESS] ✅ Selected day: 02
[2026-02-06T13:14:00.739Z] [INFO] Step 3: Opening Year dropdown...
[2026-02-06T13:14:05.836Z] [SUCCESS] ✅ Selected year: 2008
[2026-02-06T13:14:05.836Z] [SUCCESS] 🎂 Date of birth selection completed!
[2026-02-06T13:14:06.998Z] [INFO] Filling email address...
[2026-02-06T13:14:11.516Z] [SUCCESS] Entered email: tiktokz37lka4c@virgilian.com
[2026-02-06T13:14:13.765Z] [INFO] Clicking outside to close email suggestions...
[2026-02-06T13:14:14.933Z] [INFO] Filling password...
[2026-02-06T13:14:17.988Z] [SUCCESS] Entered password
[2026-02-06T13:14:20.675Z] [INFO] Thinking: Clicking "Send code" button...
[2026-02-06T13:14:22.633Z] [INFO] Attempt 1: Clicking Send Code...
[2026-02-06T13:14:26.001Z] [INFO] Attempt 2: Clicking Send Code...
[2026-02-06T13:14:28.776Z] [SUCCESS] ✅ Successfully clicked "Send code"
[2026-02-06T13:14:28.777Z] [INFO] ⏳ Waiting for OTP in mail.tm inbox (Do not close browser)...
[2026-02-06T13:17:13.924Z] [INFO] 🧹 Nuke-cleaning queue (Dev Mode)...
[2026-02-06T13:17:13.985Z] [INFO] ✅ Queue obliterated.
[2026-02-06T13:17:13.985Z] [INFO] 🔧 [DEV] Injecting Fresh Test Job...
[2026-02-06T13:17:14.000Z] [INFO] Processing new job
{
  "accountId": 1096,
  "batchId": 48,
  "jobId": "1"
}
[2026-02-06T13:17:14.001Z] [INFO] Starting account creation for Account ID: 1096 (Attempt 1/3)
[2026-02-06T13:17:14.202Z] [SUCCESS] ✅ [DEV] Injected New Batch 48 with 100 jobs.
[2026-02-06T13:17:15.765Z] [INFO] Generated Email: tiktokjaoa1yy4@virgilian.com
[2026-02-06T13:17:15.768Z] [INFO] 🛑 Checking for Fresh IP before launching...
[2026-02-06T13:17:17.594Z] [SUCCESS] ✅ Fresh IP Found: 92.208.181.51
[2026-02-06T13:17:17.594Z] [INFO] 🔗 Starting Local Proxy Chain to handle Auth...
[2026-02-06T13:17:17.597Z] [SUCCESS] ✅ Local Proxy Started: http://127.0.0.1:54306 -> Forwards to http://qkgiufyj-rotate:nqc828z...
[2026-02-06T13:17:17.598Z] [INFO] 🚀 Launching SeleniumBase via Python Bridge...
[2026-02-06T13:17:17.598Z] [INFO] Starting Python Browser Launcher: /Users/mac/Desktop/My Work/Tiktok_account_automation/bot/src/utils/browserLauncher.py
[2026-02-06T13:17:17.598Z] [INFO] 🔌 Connecting with proxy: http://127.0.0.1:54306
[2026-02-06T13:17:19.998Z] [INFO] Attached to existing page
[2026-02-06T13:17:19.998Z] [INFO] 🌍 Syncing fingerprint with Proxy IP...
[2026-02-06T13:17:24.014Z] [SUCCESS] ✅ Proxy Sync Success: IP=91.180.71.93 | TZ=Europe/Brussels
[2026-02-06T13:17:24.018Z] [INFO] Navigating to https://www.tiktok.com/signup/phone-or-email/email...
[2026-02-06T13:17:30.250Z] [INFO] 🔍 Checking if page loaded successfully...
[2026-02-06T13:17:30.257Z] [SUCCESS] ✅ Page loaded successfully!
[2026-02-06T13:17:30.257Z] [INFO] 🌍 Checking public IP & Location...
[2026-02-06T13:17:30.270Z] [INFO] ✅ IP: Unknown | 📍 Location: Unknown
[2026-02-06T13:17:30.271Z] [INFO] ⏳ Waiting for page to fully load...
[2026-02-06T13:17:54.436Z] [INFO] On signup page - HYBRID FLOW STARTED
[2026-02-06T13:17:56.945Z] [INFO] 🎂 Filling date of birth...
[2026-02-06T13:17:56.946Z] [INFO] Step 1: Opening Month dropdown...
[2026-02-06T13:18:06.231Z] [SUCCESS] ✅ Selected month: 02
[2026-02-06T13:18:08.383Z] [INFO] Step 2: Opening Day dropdown...
[2026-02-06T13:18:14.850Z] [SUCCESS] ✅ Selected day: 25
[2026-02-06T13:18:17.372Z] [INFO] Step 3: Opening Year dropdown...
[2026-02-06T13:18:23.516Z] [SUCCESS] ✅ Selected year: 2002
[2026-02-06T13:18:23.517Z] [SUCCESS] 🎂 Date of birth selection completed!
[2026-02-06T13:18:24.528Z] [INFO] Filling email address...
[2026-02-06T13:18:29.832Z] [SUCCESS] Entered email: tiktokjaoa1yy4@virgilian.com
[2026-02-06T13:18:31.904Z] [INFO] Clicking outside to close email suggestions...
[2026-02-06T13:18:33.748Z] [INFO] Filling password...
[2026-02-06T13:18:36.562Z] [SUCCESS] Entered password
[2026-02-06T13:18:39.552Z] [INFO] Thinking: Clicking "Send code" button...
[2026-02-06T13:18:41.455Z] [INFO] Attempt 1: Clicking Send Code...
[2026-02-06T13:18:44.374Z] [INFO] Attempt 2: Clicking Send Code...
[2026-02-06T13:18:46.756Z] [SUCCESS] ✅ Successfully clicked "Send code"
[2026-02-06T13:18:46.756Z] [INFO] ⏳ Waiting for OTP in mail.tm inbox (Do not close browser)...
[2026-02-06T13:19:08.683Z] [INFO] ✅ Got Code: 562207
[2026-02-06T13:19:08.684Z] [INFO] Entering verification code...
[2026-02-06T13:19:17.088Z] [SUCCESS] ✅ Entered verification code successfully
[2026-02-06T13:19:18.357Z] [INFO] Clicking submit/next button...
[2026-02-06T13:19:18.379Z] [SUCCESS] ✅ Clicked submit button
[2026-02-06T13:19:21.573Z] [INFO] 🔍 Checking for signup errors after submit...
[2026-02-06T13:19:21.577Z] [SUCCESS] ✅ No critical errors detected after submit
[2026-02-06T13:19:21.597Z] [SUCCESS] ✅ Clicked submit button
[2026-02-06T13:19:25.089Z] [INFO] 🔍 Checking for signup errors after submit...
[2026-02-06T13:19:25.092Z] [SUCCESS] ✅ No critical errors detected after submit
[2026-02-06T13:19:25.119Z] [SUCCESS] ✅ Clicked submit button
[2026-02-06T13:19:29.586Z] [INFO] 🔍 Checking for signup errors after submit...
[2026-02-06T13:19:29.588Z] [SUCCESS] ✅ No critical errors detected after submit
[2026-02-06T13:19:29.588Z] [INFO] Waiting for post-signup state...
[2026-02-06T13:19:29.598Z] [INFO] 📍 Capturing initial IP after account creation...
[2026-02-06T13:19:29.603Z] [SUCCESS] ✅ Initial IP: null
[2026-02-06T13:19:29.603Z] [INFO] 🔥 Starting 30-second account warmup...
[2026-02-06T13:19:41.609Z] [INFO] ⏱️  Warmup progress: 12s / 30s
[2026-02-06T13:19:49.094Z] [INFO] ⏱️  Warmup progress: 19s / 30s
[2026-02-06T13:19:56.269Z] [INFO] ⏱️  Warmup progress: 26s / 30s
[2026-02-06T13:20:03.327Z] [INFO] ⏱️  Warmup progress: 33s / 30s
[2026-02-06T13:20:03.328Z] [SUCCESS] ✅ Account warmup completed (30 seconds)
[2026-02-06T13:20:03.328Z] [INFO] 🔄 Starting Post-Signup Verification: LOGOUT -> LOGIN Test
[2026-02-06T13:20:03.328Z] [INFO] 🚪 Logging out...
[2026-02-06T13:20:07.889Z] [SUCCESS] ✅ Logged out successfully
[2026-02-06T13:20:10.130Z] [INFO] 🔐 Attempting Re-Login with same credentials...
[2026-02-06T13:20:16.275Z] [INFO] 📧 Locating email field...
[2026-02-06T13:20:21.242Z] [SUCCESS] ✅ Entered email in field: #loginContainer input[type="text"]
[2026-02-06T13:20:22.917Z] [INFO] 🔑 Locating password field...
[2026-02-06T13:20:26.346Z] [SUCCESS] ✅ Entered password in field: input[type="password"]
[2026-02-06T13:20:26.398Z] [INFO] ➡️  Clicked Log In button
[2026-02-06T13:20:33.045Z] [WARNING] ⚠️ Re-Login verification NOT detected (may still be successful)
[2026-02-06T13:20:33.045Z] [INFO] 🔍 Verifying IP consistency after re-login...
[2026-02-06T13:20:33.050Z] [WARNING] ⚠️ Could not verify IP consistency (IP fetch failed)
[2026-02-06T13:20:33.052Z] [SUCCESS] 🎉 Signup flow finished. ID: 1096
[2026-02-06T13:20:33.065Z] [INFO] Killing Python browser process...
[2026-02-06T13:20:33.066Z] [INFO] Closing Local Proxy Chain...
[2026-02-06T13:20:33.070Z] [INFO] Browser closed
[2026-02-06T13:20:33.077Z] [INFO] Waiting 5.01 minutes before next account creation...
[2026-02-06T13:46:55.334Z] [INFO] 🧹 Nuke-cleaning queue (Dev Mode)...
[2026-02-06T13:46:55.395Z] [INFO] ✅ Queue obliterated.
[2026-02-06T13:46:55.395Z] [INFO] 🔧 [DEV] Injecting Fresh Test Job...
[2026-02-06T13:46:55.407Z] [INFO] Processing new job
{
  "accountId": 1196,
  "batchId": 49,
  "jobId": "1"
}
[2026-02-06T13:46:55.409Z] [INFO] Starting account creation for Account ID: 1196 (Attempt 1/3)
[2026-02-06T13:46:55.622Z] [SUCCESS] ✅ [DEV] Injected New Batch 49 with 100 jobs.
[2026-02-06T13:46:56.456Z] [INFO] Generated Email: tiktokjuzk8jnj@virgilian.com
[2026-02-06T13:46:56.459Z] [INFO] 🛑 Checking for Fresh IP before launching...
[2026-02-06T13:46:59.529Z] [SUCCESS] ✅ Fresh IP Found: 182.189.226.115
[2026-02-06T13:46:59.529Z] [INFO] 🔗 Starting Local Proxy Chain to handle Auth...
[2026-02-06T13:46:59.533Z] [SUCCESS] ✅ Local Proxy Started: http://127.0.0.1:55262 -> Forwards to http://qkgiufyj-rotate:nqc828z...
[2026-02-06T13:46:59.533Z] [INFO] 🚀 Launching SeleniumBase via Python Bridge...
[2026-02-06T13:46:59.533Z] [INFO] Starting Python Browser Launcher: /Users/mac/Desktop/My Work/Tiktok_account_automation/bot/src/utils/browserLauncher.py
[2026-02-06T13:46:59.533Z] [INFO] 🔌 Connecting with proxy: http://127.0.0.1:55262
[2026-02-06T13:47:01.707Z] [INFO] Attached to existing page
[2026-02-06T13:47:01.707Z] [INFO] 🌍 Syncing fingerprint with Proxy IP...
[2026-02-06T13:47:08.818Z] [SUCCESS] ✅ Proxy Sync Success: IP=46.255.146.131 | TZ=Europe/Tirane
[2026-02-06T13:47:08.819Z] [INFO] 🌍 Fetching accurate IP location info...
[2026-02-06T13:47:10.654Z] [SUCCESS] ✅ IP Info Captured: 103.134.242.137 | Bibir Hat, Bangladesh (Winer Communication)
[2026-02-06T13:47:10.659Z] [INFO] Navigating to https://www.tiktok.com/signup/phone-or-email/email...
[2026-02-06T13:47:17.735Z] [INFO] 🔍 Checking if page loaded successfully...
[2026-02-06T13:47:17.745Z] [SUCCESS] ✅ Page loaded successfully!
[2026-02-06T13:47:17.745Z] [INFO] 🌍 Checking public IP & Location...
[2026-02-06T13:47:17.751Z] [INFO] ✅ IP: Unknown | 📍 Location: Unknown
[2026-02-06T13:47:17.753Z] [INFO] ⏳ Waiting for page to fully load...
[2026-02-06T13:47:41.477Z] [INFO] On signup page - HYBRID FLOW STARTED
[2026-02-06T13:47:43.730Z] [INFO] 🎂 Filling date of birth...
[2026-02-06T13:47:43.731Z] [INFO] Step 1: Opening Month dropdown...
[2026-02-06T13:47:51.856Z] [SUCCESS] ✅ Selected month: 06
[2026-02-06T13:47:54.869Z] [INFO] Step 2: Opening Day dropdown...
[2026-02-06T13:48:02.854Z] [SUCCESS] ✅ Selected day: 06
[2026-02-06T13:48:05.851Z] [INFO] Step 3: Opening Year dropdown...
[2026-02-06T13:48:12.037Z] [SUCCESS] ✅ Selected year: 1994
[2026-02-06T13:48:12.037Z] [SUCCESS] 🎂 Date of birth selection completed!
[2026-02-06T13:48:13.535Z] [INFO] Filling email address...
[2026-02-06T13:48:17.469Z] [SUCCESS] Entered email: tiktokjuzk8jnj@virgilian.com
[2026-02-06T13:48:19.812Z] [INFO] Clicking outside to close email suggestions...
[2026-02-06T13:48:21.464Z] [INFO] Filling password...
[2026-02-06T13:48:25.069Z] [SUCCESS] Entered password
[2026-02-06T13:48:27.534Z] [INFO] Thinking: Clicking "Send code" button...
[2026-02-06T13:48:29.360Z] [INFO] Attempt 1: Clicking Send Code...
[2026-02-06T13:48:31.872Z] [INFO] Attempt 2: Clicking Send Code...
[2026-02-06T13:48:34.625Z] [SUCCESS] ✅ Successfully clicked "Send code"
[2026-02-06T13:48:34.625Z] [INFO] ⏳ Waiting for OTP in mail.tm inbox (Do not close browser)...
[2026-02-06T13:53:05.016Z] [INFO] 🧹 Nuke-cleaning queue (Dev Mode)...
[2026-02-06T13:53:05.036Z] [INFO] ✅ Queue obliterated.
[2026-02-06T13:53:05.036Z] [INFO] 🔧 [DEV] Injecting Fresh Test Job...
[2026-02-06T13:53:05.052Z] [INFO] Processing new job
{
  "accountId": 1296,
  "batchId": 50,
  "jobId": "1"
}
[2026-02-06T13:53:05.053Z] [INFO] Starting account creation for Account ID: 1296 (Attempt 1/3)
[2026-02-06T13:53:05.262Z] [SUCCESS] ✅ [DEV] Injected New Batch 50 with 100 jobs.
[2026-02-06T13:53:05.948Z] [INFO] Generated Email: tiktokm1xriec6@virgilian.com
[2026-02-06T13:53:05.952Z] [INFO] 🛑 Checking for Fresh IP before launching...
[2026-02-06T13:53:07.564Z] [SUCCESS] ✅ Fresh IP Found: 41.100.174.183
[2026-02-06T13:53:07.564Z] [INFO] 🔗 Starting Local Proxy Chain to handle Auth...
[2026-02-06T13:53:07.568Z] [SUCCESS] ✅ Local Proxy Started: http://127.0.0.1:55897 -> Forwards to http://qkgiufyj-rotate:nqc828z...
[2026-02-06T13:53:07.568Z] [INFO] 🚀 Launching SeleniumBase via Python Bridge...
[2026-02-06T13:53:07.568Z] [INFO] Starting Python Browser Launcher: /Users/mac/Desktop/My Work/Tiktok_account_automation/bot/src/utils/browserLauncher.py
[2026-02-06T13:53:07.569Z] [INFO] 🔌 Connecting with proxy: http://127.0.0.1:55897
[2026-02-06T13:53:09.887Z] [INFO] Attached to existing page
[2026-02-06T13:53:09.888Z] [INFO] 🌍 Syncing fingerprint with Proxy IP...
[2026-02-06T13:53:15.555Z] [SUCCESS] ✅ Proxy Sync Success: IP=172.56.25.94 | TZ=America/Chicago
[2026-02-06T13:53:15.556Z] [INFO] 🌍 Fetching accurate IP location info...
[2026-02-06T13:53:16.841Z] [SUCCESS] ✅ IP Info Captured: 47.64.48.255 | Hamburg, Germany (Vodafone Global Enterprise Inc.)
[2026-02-06T13:53:16.845Z] [INFO] Navigating to https://www.tiktok.com/signup/phone-or-email/email...
[2026-02-06T13:53:23.232Z] [INFO] 🔍 Checking if page loaded successfully...
[2026-02-06T13:53:23.461Z] [SUCCESS] ✅ Page loaded successfully!
[2026-02-06T13:53:23.462Z] [INFO] 🌍 Checking public IP & Location...
[2026-02-06T13:53:23.466Z] [INFO] ✅ IP: Unknown | 📍 Location: Unknown
[2026-02-06T13:53:23.467Z] [INFO] ⏳ Waiting for page to fully load...
[2026-02-06T13:53:47.229Z] [INFO] On signup page - HYBRID FLOW STARTED
[2026-02-06T13:53:49.810Z] [INFO] 🎂 Filling date of birth...
[2026-02-06T13:53:49.810Z] [INFO] Step 1: Opening Month dropdown...
[2026-02-06T13:53:56.956Z] [SUCCESS] ✅ Selected month: 10
[2026-02-06T13:54:00.247Z] [INFO] Step 2: Opening Day dropdown...
[2026-02-06T13:54:05.754Z] [SUCCESS] ✅ Selected day: 20
[2026-02-06T13:54:09.748Z] [INFO] Step 3: Opening Year dropdown...
[2026-02-06T13:54:15.596Z] [SUCCESS] ✅ Selected year: 1998
[2026-02-06T13:54:15.597Z] [SUCCESS] 🎂 Date of birth selection completed!
[2026-02-06T13:54:17.090Z] [INFO] Filling email address...
[2026-02-06T13:54:21.795Z] [SUCCESS] Entered email: tiktokm1xriec6@virgilian.com
[2026-02-06T13:54:23.719Z] [INFO] Clicking outside to close email suggestions...
[2026-02-06T13:54:25.050Z] [INFO] Filling password...
[2026-02-06T13:54:27.719Z] [SUCCESS] Entered password
[2026-02-06T13:54:29.940Z] [INFO] Thinking: Clicking "Send code" button...
[2026-02-06T13:54:31.964Z] [INFO] Attempt 1: Clicking Send Code...
[2026-02-06T13:54:35.255Z] [INFO] Attempt 2: Clicking Send Code...
[2026-02-06T13:54:37.343Z] [SUCCESS] ✅ Successfully clicked "Send code"
[2026-02-06T13:54:37.344Z] [INFO] ⏳ Waiting for OTP in mail.tm inbox (Do not close browser)...
[2026-02-06T13:55:38.923Z] [INFO] ✅ Got Code: 587216
[2026-02-06T13:55:38.924Z] [INFO] Entering verification code...
[2026-02-06T13:55:47.740Z] [SUCCESS] ✅ Entered verification code successfully
[2026-02-06T13:55:49.508Z] [INFO] Clicking submit/next button...
[2026-02-06T13:55:49.549Z] [SUCCESS] ✅ Clicked submit button
[2026-02-06T13:55:53.992Z] [INFO] 🔍 Checking for signup errors after submit...
[2026-02-06T13:55:53.996Z] [SUCCESS] ✅ No critical errors detected after submit
[2026-02-06T13:55:54.018Z] [SUCCESS] ✅ Clicked submit button
[2026-02-06T13:55:57.791Z] [INFO] 🔍 Checking for signup errors after submit...
[2026-02-06T13:55:57.794Z] [SUCCESS] ✅ No critical errors detected after submit
[2026-02-06T13:55:57.923Z] [SUCCESS] ✅ Clicked submit button
[2026-02-06T13:56:01.717Z] [INFO] 🔍 Checking for signup errors after submit...
[2026-02-06T13:56:01.721Z] [SUCCESS] ✅ No critical errors detected after submit
[2026-02-06T13:56:01.721Z] [INFO] Waiting for post-signup state...
[2026-02-06T13:56:01.733Z] [INFO] 📍 Capturing initial IP after account creation...
[2026-02-06T13:56:01.737Z] [SUCCESS] ✅ Initial IP: null
[2026-02-06T13:56:01.738Z] [INFO] 🔥 Starting 30-second account warmup...
[2026-02-06T13:56:17.200Z] [INFO] ⏱️  Warmup progress: 15s / 30s
[2026-02-06T13:56:23.286Z] [INFO] ⏱️  Warmup progress: 21s / 30s
[2026-02-06T13:56:30.286Z] [INFO] ⏱️  Warmup progress: 28s / 30s
[2026-02-06T13:56:37.062Z] [INFO] ⏱️  Warmup progress: 35s / 30s
[2026-02-06T13:56:37.062Z] [SUCCESS] ✅ Account warmup completed (30 seconds)
[2026-02-06T13:56:37.068Z] [SUCCESS] 🎉 Signup flow finished. ID: 1296
[2026-02-06T13:56:37.130Z] [INFO] Killing Python browser process...
[2026-02-06T13:56:37.131Z] [INFO] Closing Local Proxy Chain...
[2026-02-06T13:56:37.137Z] [INFO] Browser closed
[2026-02-06T13:56:37.247Z] [INFO] Waiting 10.00 minutes before next account creation...
[2026-02-06T14:00:52.425Z] [INFO] 🧹 Nuke-cleaning queue (Dev Mode)...
[2026-02-06T14:00:52.479Z] [INFO] ✅ Queue obliterated.
[2026-02-06T14:00:52.480Z] [INFO] 🔧 [DEV] Injecting Fresh Test Job...
[2026-02-06T14:00:52.489Z] [INFO] Processing new job
{
  "accountId": 1396,
  "batchId": 51,
  "jobId": "1"
}
[2026-02-06T14:00:52.491Z] [INFO] Starting account creation for Account ID: 1396 (Attempt 1/3)
[2026-02-06T14:00:52.692Z] [SUCCESS] ✅ [DEV] Injected New Batch 51 with 100 jobs.
[2026-02-06T14:00:53.604Z] [INFO] Generated Email: tiktokhya2u71j@virgilian.com
[2026-02-06T14:00:53.608Z] [INFO] 🛑 Checking for Fresh IP before launching...
[2026-02-06T14:00:56.953Z] [SUCCESS] ✅ Fresh IP Found: 121.183.31.65
[2026-02-06T14:00:56.954Z] [INFO] 🔗 Starting Local Proxy Chain to handle Auth...
[2026-02-06T14:00:56.956Z] [SUCCESS] ✅ Local Proxy Started: http://127.0.0.1:60301 -> Forwards to http://qkgiufyj-rotate:nqc828z...
[2026-02-06T14:00:56.956Z] [INFO] 🚀 Launching SeleniumBase via Python Bridge...
[2026-02-06T14:00:56.957Z] [INFO] Starting Python Browser Launcher: /Users/mac/Desktop/My Work/Tiktok_account_automation/bot/src/utils/browserLauncher.py
[2026-02-06T14:00:56.957Z] [INFO] 🔌 Connecting with proxy: http://127.0.0.1:60301
[2026-02-06T14:00:59.674Z] [INFO] Attached to existing page
[2026-02-06T14:00:59.675Z] [INFO] 🌍 Syncing fingerprint with Proxy IP...
[2026-02-06T14:01:03.631Z] [SUCCESS] ✅ Proxy Sync Success: IP=176.186.75.105 | TZ=Europe/Paris
[2026-02-06T14:01:03.631Z] [INFO] 🌍 Fetching accurate IP location info...
[2026-02-06T14:01:05.570Z] [SUCCESS] ✅ IP Info Captured: 181.103.67.161 | Salto, Uruguay (Telemas Sociedad Anonima)
[2026-02-06T14:01:05.575Z] [INFO] Navigating to https://www.tiktok.com/signup/phone-or-email/email...
[2026-02-06T14:01:15.486Z] [INFO] 🔍 Checking if page loaded successfully...
[2026-02-06T14:01:15.496Z] [SUCCESS] ✅ Page loaded successfully!
[2026-02-06T14:01:15.498Z] [INFO] 🌍 Checking public IP & Location...
[2026-02-06T14:01:15.504Z] [INFO] ✅ IP: Unknown | 📍 Location: Unknown
[2026-02-06T14:01:15.505Z] [INFO] ⏳ Waiting for page to fully load...
[2026-02-06T14:01:34.093Z] [INFO] On signup page - HYBRID FLOW STARTED
[2026-02-06T14:01:37.032Z] [INFO] 🎂 Filling date of birth...
[2026-02-06T14:01:37.033Z] [INFO] Step 1: Opening Month dropdown...
[2026-02-06T14:01:43.946Z] [SUCCESS] ✅ Selected month: 05
[2026-02-06T14:01:46.340Z] [INFO] Step 2: Opening Day dropdown...
[2026-02-06T14:01:53.193Z] [SUCCESS] ✅ Selected day: 17
[2026-02-06T14:01:56.158Z] [INFO] Step 3: Opening Year dropdown...
[2026-02-06T14:02:00.430Z] [SUCCESS] ✅ Selected year: 2000
[2026-02-06T14:02:00.431Z] [SUCCESS] 🎂 Date of birth selection completed!
[2026-02-06T14:02:02.430Z] [INFO] Filling email address...
[2026-02-06T14:02:07.149Z] [SUCCESS] Entered email: tiktokhya2u71j@virgilian.com
[2026-02-06T14:02:09.447Z] [INFO] Clicking outside to close email suggestions...
[2026-02-06T14:02:11.165Z] [INFO] Filling password...
[2026-02-06T14:02:14.022Z] [SUCCESS] Entered password
[2026-02-06T14:02:16.904Z] [INFO] Thinking: Clicking "Send code" button...
[2026-02-06T14:02:19.163Z] [INFO] Attempt 1: Clicking Send Code...
[2026-02-06T14:02:22.281Z] [INFO] Attempt 2: Clicking Send Code...
[2026-02-06T14:02:25.263Z] [SUCCESS] ✅ Successfully clicked "Send code"
[2026-02-06T14:02:25.264Z] [INFO] ⏳ Waiting for OTP in mail.tm inbox (Do not close browser)...
[2026-02-06T14:02:53.201Z] [INFO] ✅ Got Code: 619109
[2026-02-06T14:02:53.201Z] [INFO] Entering verification code...
[2026-02-06T14:03:02.220Z] [SUCCESS] ✅ Entered verification code successfully
[2026-02-06T14:03:03.877Z] [INFO] Clicking submit/next button...
[2026-02-06T14:03:03.901Z] [SUCCESS] ✅ Clicked submit button
[2026-02-06T14:03:07.339Z] [INFO] 🔍 Checking for signup errors after submit...
[2026-02-06T14:03:07.343Z] [SUCCESS] ✅ No critical errors detected after submit
[2026-02-06T14:03:07.361Z] [SUCCESS] ✅ Clicked submit button
[2026-02-06T14:03:11.677Z] [INFO] 🔍 Checking for signup errors after submit...
[2026-02-06T14:03:11.681Z] [SUCCESS] ✅ No critical errors detected after submit
[2026-02-06T14:03:11.708Z] [SUCCESS] ✅ Clicked submit button
[2026-02-06T14:03:15.685Z] [INFO] 🔍 Checking for signup errors after submit...
[2026-02-06T14:03:15.689Z] [SUCCESS] ✅ No critical errors detected after submit
[2026-02-06T14:03:15.689Z] [INFO] Waiting for post-signup state...
[2026-02-06T14:03:15.702Z] [INFO] 📍 Capturing initial IP after account creation...
[2026-02-06T14:03:15.706Z] [SUCCESS] ✅ Initial IP: null
[2026-02-06T14:03:15.706Z] [INFO] 🔥 Starting 30-second account warmup...
[2026-02-06T14:03:28.141Z] [INFO] ⏱️  Warmup progress: 12s / 30s
[2026-02-06T14:03:35.252Z] [INFO] ⏱️  Warmup progress: 19s / 30s
[2026-02-06T14:03:42.335Z] [INFO] ⏱️  Warmup progress: 26s / 30s
[2026-02-06T14:03:48.285Z] [INFO] ⏱️  Warmup progress: 32s / 30s
[2026-02-06T14:03:48.286Z] [SUCCESS] ✅ Account warmup completed (30 seconds)
[2026-02-06T14:03:48.290Z] [SUCCESS] 🎉 Signup flow finished. ID: 1396
[2026-02-06T14:03:48.306Z] [INFO] Killing Python browser process...
[2026-02-06T14:03:48.306Z] [INFO] Closing Local Proxy Chain...
[2026-02-06T14:03:48.309Z] [INFO] Browser closed
[2026-02-06T14:03:48.334Z] [INFO] Waiting 7.37 minutes before next account creation...
[2026-02-06T14:20:26.510Z] [INFO] 🧹 Nuke-cleaning queue (Dev Mode)...
[2026-02-06T14:20:26.529Z] [INFO] ✅ Queue obliterated.
[2026-02-06T14:20:26.529Z] [INFO] 🔧 [DEV] Injecting Fresh Test Job...
[2026-02-06T14:20:26.542Z] [INFO] Processing new job
{
  "accountId": 1496,
  "batchId": 52,
  "jobId": "1"
}
[2026-02-06T14:20:26.544Z] [INFO] Starting account creation for Account ID: 1496 (Attempt 1/3)
[2026-02-06T14:20:26.741Z] [SUCCESS] ✅ [DEV] Injected New Batch 52 with 100 jobs.
[2026-02-06T14:20:27.708Z] [INFO] Generated Email: tiktoky4rp4yi3@virgilian.com
[2026-02-06T14:20:27.710Z] [SUCCESS] ✅ Saved credentials: email=tiktoky4rp4yi3@virgilian.com, password length=12, DOB=1998-01-07
[2026-02-06T14:20:27.711Z] [INFO] 🛑 Checking for Fresh IP before launching...
[2026-02-06T14:20:42.744Z] [WARNING] ⚠️ Proxy validation failed (No IP returned). Retrying...
[2026-02-06T14:21:01.140Z] [WARNING] ⚠️ Proxy validation failed (No IP returned). Retrying...
[2026-02-06T14:21:06.406Z] [SUCCESS] ✅ Fresh IP Found: 167.248.115.24
[2026-02-06T14:21:06.407Z] [INFO] 🔗 Starting Local Proxy Chain to handle Auth...
[2026-02-06T14:21:06.410Z] [SUCCESS] ✅ Local Proxy Started: http://127.0.0.1:61214 -> Forwards to http://qkgiufyj-rotate:nqc828z...
[2026-02-06T14:21:06.410Z] [INFO] 🚀 Launching SeleniumBase via Python Bridge...
[2026-02-06T14:21:06.411Z] [INFO] Starting Python Browser Launcher: /Users/mac/Desktop/My Work/Tiktok_account_automation/bot/src/utils/browserLauncher.py
[2026-02-06T14:21:06.411Z] [INFO] 🔌 Connecting with proxy: http://127.0.0.1:61214
[2026-02-06T14:21:08.877Z] [INFO] Attached to existing page
[2026-02-06T14:21:08.878Z] [INFO] 🌍 Syncing fingerprint with Proxy IP...
[2026-02-06T14:21:13.187Z] [SUCCESS] ✅ Proxy Sync Success: IP=37.103.199.253 | TZ=Europe/Rome
[2026-02-06T14:21:13.188Z] [INFO] 🌍 Fetching accurate IP location info...
[2026-02-06T14:21:14.541Z] [SUCCESS] ✅ IP Info Captured: 85.76.39.26 | Helsinki, Finland (Elisa Oyj)
[2026-02-06T14:21:14.543Z] [SUCCESS] ✅ IP data saved to database: 85.76.39.26
[2026-02-06T14:21:14.547Z] [INFO] Navigating to https://www.tiktok.com/signup/phone-or-email/email...
[2026-02-06T14:21:23.179Z] [INFO] 🔍 Checking if page loaded successfully...
[2026-02-06T14:21:23.188Z] [SUCCESS] ✅ Page loaded successfully!
[2026-02-06T14:21:23.192Z] [INFO] 🌍 Checking public IP & Location...
[2026-02-06T14:21:23.197Z] [INFO] ✅ IP: Unknown | 📍 Location: Unknown
[2026-02-06T14:21:23.198Z] [INFO] ⏳ Waiting for page to fully load...
[2026-02-06T14:21:47.729Z] [INFO] On signup page - HYBRID FLOW STARTED
[2026-02-06T14:21:50.839Z] [INFO] 🎂 Filling date of birth...
[2026-02-06T14:21:50.840Z] [INFO] Step 1: Opening Month dropdown...
[2026-02-06T14:22:00.775Z] [SUCCESS] ✅ Selected month: 01
[2026-02-06T14:22:04.368Z] [INFO] Step 2: Opening Day dropdown...
[2026-02-06T14:22:11.161Z] [SUCCESS] ✅ Selected day: 07
[2026-02-06T14:22:13.723Z] [INFO] Step 3: Opening Year dropdown...
[2026-02-06T14:22:19.211Z] [SUCCESS] ✅ Selected year: 1998
[2026-02-06T14:22:19.212Z] [SUCCESS] 🎂 Date of birth selection completed!
[2026-02-06T14:22:21.156Z] [INFO] Filling email address...
[2026-02-06T14:22:25.687Z] [SUCCESS] Entered email: tiktoky4rp4yi3@virgilian.com
[2026-02-06T14:22:27.546Z] [INFO] Clicking outside to close email suggestions...
[2026-02-06T14:22:28.730Z] [INFO] Filling password...
[2026-02-06T14:22:31.037Z] [SUCCESS] Entered password
[2026-02-06T14:22:33.077Z] [INFO] Thinking: Clicking "Send code" button...
[2026-02-06T14:22:35.237Z] [INFO] Attempt 1: Clicking Send Code...
[2026-02-06T14:22:38.665Z] [INFO] Attempt 2: Clicking Send Code...
[2026-02-06T14:22:41.295Z] [SUCCESS] ✅ Successfully clicked "Send code"
[2026-02-06T14:22:41.296Z] [INFO] ⏳ Waiting for OTP in mail.tm inbox (Do not close browser)...
[2026-02-06T14:23:08.578Z] [INFO] ✅ Got Code: 636115
[2026-02-06T14:23:08.579Z] [INFO] Entering verification code...
[2026-02-06T14:23:16.741Z] [SUCCESS] ✅ Entered verification code successfully
[2026-02-06T14:23:18.500Z] [INFO] Clicking submit/next button...
[2026-02-06T14:23:18.540Z] [SUCCESS] ✅ Clicked submit button
[2026-02-06T14:23:22.709Z] [INFO] 🔍 Checking for signup errors after submit...
[2026-02-06T14:23:22.713Z] [SUCCESS] ✅ No critical errors detected after submit
[2026-02-06T14:23:22.736Z] [SUCCESS] ✅ Clicked submit button
[2026-02-06T14:23:25.939Z] [INFO] 🔍 Checking for signup errors after submit...
[2026-02-06T14:23:25.943Z] [SUCCESS] ✅ No critical errors detected after submit
[2026-02-06T14:23:25.967Z] [SUCCESS] ✅ Clicked submit button
[2026-02-06T14:23:29.547Z] [INFO] 🔍 Checking for signup errors after submit...
[2026-02-06T14:23:29.550Z] [SUCCESS] ✅ No critical errors detected after submit
[2026-02-06T14:23:29.550Z] [INFO] Waiting for post-signup state...
[2026-02-06T14:23:29.562Z] [INFO] 📍 Capturing initial IP after account creation...
[2026-02-06T14:23:29.566Z] [SUCCESS] ✅ Initial IP: null
[2026-02-06T14:23:29.566Z] [INFO] 🔥 Starting 30-second account warmup...
[2026-02-06T14:23:47.367Z] [INFO] ⏱️  Warmup progress: 17s / 30s
[2026-02-06T14:23:53.325Z] [INFO] ⏱️  Warmup progress: 23s / 30s
[2026-02-06T14:24:00.293Z] [INFO] ⏱️  Warmup progress: 30s / 30s
[2026-02-06T14:24:00.293Z] [SUCCESS] ✅ Account warmup completed (30 seconds)
[2026-02-06T14:24:00.297Z] [SUCCESS] 🎉 Signup flow finished. ID: 1496
[2026-02-06T14:24:00.313Z] [INFO] Killing Python browser process...
[2026-02-06T14:24:00.314Z] [INFO] Closing Local Proxy Chain...
[2026-02-06T14:24:00.316Z] [INFO] Browser closed
[2026-02-06T14:24:00.388Z] [INFO] Waiting 9.58 minutes before next account creation...
