[2026-01-10T19:24:39.011Z] [INFO] 🧹 Cleaning old jobs from queue...
[2026-01-10T19:24:39.197Z] [INFO] ✅ Queue cleared. Checking for new injection...
[2026-01-10T19:24:39.240Z] [INFO] 🔧 [DEV] Queue empty. Injecting Test Job...
[2026-01-10T19:24:39.260Z] [SUCCESS] ✅ [DEV] Injected New Job: Account 28 (Batch 10)
[2026-01-10T19:24:39.264Z] [INFO] Processing new job
{
  "accountId": 28,
  "batchId": 10,
  "jobId": "28"
}
[2026-01-10T19:24:39.265Z] [INFO] Starting account creation for Account ID: 28 (Attempt 1/3)
[2026-01-10T19:24:40.559Z] [INFO] Generated Email: tiktok0ypn7h07@airsworld.net
[2026-01-10T19:24:40.564Z] [INFO] 🚀 Launching SeleniumBase via Python Bridge...
[2026-01-10T19:24:40.565Z] [INFO] Starting Python Browser Launcher: /Users/mac/Desktop/My Work/Tiktok_account_automation/bot/src/utils/browserLauncher.py
[2026-01-10T19:24:40.565Z] [INFO] 🔌 Connecting with proxy: http://fsynjmig-1:****@p.webshare.io:80
[2026-01-10T19:24:45.302Z] [INFO] ✅ Connected to CDP Endpoint: ws://127.0.0.1:9222/devtools/browser/1cfd34a6-7b63-47cc-8f28-c137ab9a41cd
[2026-01-10T19:24:45.401Z] [INFO] Attached to existing page
[2026-01-10T19:24:45.457Z] [INFO] Navigating to https://www.tiktok.com/signup/phone-or-email/email...
[2026-01-10T19:24:46.369Z] [INFO] 🌍 Checking public IP & Location...
[2026-01-10T19:24:46.385Z] [INFO] ✅ IP: Unknown | 📍 Location: Unknown
[2026-01-10T19:24:46.387Z] [INFO] ⏳ Waiting for page to fully load...
[2026-01-10T19:24:58.683Z] [INFO] On signup page - HYBRID FLOW STARTED
[2026-01-10T19:25:00.808Z] [INFO] 🎂 Filling date of birth...
[2026-01-10T19:25:00.809Z] [INFO] Step 1: Opening Month dropdown...
[2026-01-10T19:25:09.991Z] [SUCCESS] ✅ Selected month: 07
[2026-01-10T19:25:13.342Z] [INFO] Step 2: Opening Day dropdown...
[2026-01-10T19:25:19.670Z] [SUCCESS] ✅ Selected day: 19
[2026-01-10T19:25:22.592Z] [INFO] Step 3: Opening Year dropdown...
[2026-01-10T19:25:28.387Z] [SUCCESS] ✅ Selected year: 1985
[2026-01-10T19:25:28.388Z] [SUCCESS] 🎂 Date of birth selection completed!
[2026-01-10T19:25:29.701Z] [INFO] Filling email address...
[2026-01-10T19:25:34.215Z] [SUCCESS] Entered email: tiktok0ypn7h07@airsworld.net
[2026-01-10T19:25:36.205Z] [INFO] Clicking outside to close email suggestions...
[2026-01-10T19:25:37.799Z] [INFO] Filling password...
[2026-01-10T19:25:40.605Z] [SUCCESS] Entered password
[2026-01-10T19:25:43.069Z] [INFO] Thinking: Clicking "Send code" button...
[2026-01-10T19:25:44.844Z] [INFO] Attempt 1: Clicking Send Code...
[2026-01-10T19:25:48.391Z] [INFO] Attempt 2: Clicking Send Code...
[2026-01-10T19:25:51.398Z] [SUCCESS] ✅ Successfully clicked "Send code"
[2026-01-10T19:25:51.398Z] [INFO] ⏳ Waiting for OTP in mail.tm inbox (Do not close browser)...
[2026-01-10T19:25:57.969Z] [INFO] ✅ Got Code: 383618
[2026-01-10T19:25:57.969Z] [INFO] Entering verification code...
[2026-01-10T19:26:06.279Z] [SUCCESS] ✅ Entered verification code successfully
[2026-01-10T19:26:07.447Z] [INFO] Clicking submit/next button...
[2026-01-10T19:26:07.490Z] [SUCCESS] ✅ Clicked submit button
[2026-01-10T19:26:11.227Z] [SUCCESS] ✅ Clicked submit button
[2026-01-10T19:26:15.642Z] [INFO] Waiting for post-signup state...
[2026-01-10T19:26:15.648Z] [INFO] 👤 "Create Username" step detected
[2026-01-10T19:26:15.649Z] [INFO] Generated Username: CosmicTiger9903
[2026-01-10T19:26:48.693Z] [INFO] 🔥 Starting Account Warm-up Phase...
[2026-01-10T19:26:52.085Z] [INFO] 🔥 Will perform 6 scroll/watch actions
[2026-01-10T19:26:52.088Z] [INFO] Action 1/6: Watching video...
[2026-01-10T19:26:57.495Z] [INFO] ⬇️ Scrolling to next video...
[2026-01-10T19:27:01.203Z] [INFO] Action 2/6: Watching video...
[2026-01-10T19:27:07.506Z] [INFO] ⬇️ Scrolling to next video...
[2026-01-10T19:27:11.007Z] [INFO] Action 3/6: Watching video...
[2026-01-10T19:27:17.934Z] [INFO] ⬇️ Scrolling to next video...
[2026-01-10T19:27:20.914Z] [INFO] Action 4/6: Watching video...
[2026-01-10T19:27:31.049Z] [INFO] ⬇️ Scrolling to next video...
[2026-01-10T19:27:34.462Z] [INFO] Action 5/6: Watching video...
[2026-01-10T19:27:44.036Z] [INFO] ⬇️ Scrolling to next video...
[2026-01-10T19:27:46.489Z] [INFO] Action 6/6: Watching video...
[2026-01-10T19:27:53.132Z] [INFO] ❤️ Randomly liking video...
[2026-01-10T19:27:55.875Z] [INFO] ⬇️ Scrolling to next video...
[2026-01-10T19:27:59.679Z] [SUCCESS] ✅ Account Warm-up Completed!
[2026-01-10T19:27:59.683Z] [SUCCESS] 🎉 Account Created Successfully! ID: 28
[2026-01-10T19:27:59.705Z] [INFO] Killing Python browser process...
[2026-01-10T19:27:59.706Z] [INFO] Browser closed
[2026-01-10T19:27:59.710Z] [SUCCESS] Batch 10 completed!
{
  "totalSuccess": 1,
  "totalFailed": 0
}
[2026-01-10T19:27:59.714Z] [INFO] Waiting 9.48 minutes before next account creation...
[2026-01-10T19:37:28.365Z] [SUCCESS] Job 28 completed
{
  "result": {
    "success": true,
    "email": "tiktok0ypn7h07@airsworld.net"
  }
}
