[2026-01-30T15:15:52.486Z] [INFO] 🚀 Starting Proxy & Anonymity Debugger...
[2026-01-30T15:15:52.489Z] [INFO] 🌐 Selected Proxy: http://qkgiufyj-rotate:nqc828ze9vua@p.webshare.io:80
[2026-01-30T15:15:52.489Z] [INFO] 🐍 Launching Python Browser...
[2026-01-30T15:16:10.377Z] [SUCCESS] ✅ WebSocket Endpoint: ws://127.0.0.1:9222/devtools/browser/3ac05271-e67a-4624-9edf-ebc0b7a0f233
[2026-01-30T15:16:10.378Z] [INFO] 🔌 Connecting Playwright...
[2026-01-30T15:16:10.559Z] [INFO] 🕵️ Running Anonymity Checks...
[2026-01-30T15:16:14.899Z] [INFO] ---------------------------------------------------
[2026-01-30T15:16:14.899Z] [INFO] 🌍 EXTERNAL IP:   182.190.195.254
[2026-01-30T15:16:14.900Z] [INFO] 📍 LOCATION:      Pakistan, Karachi
[2026-01-30T15:16:14.900Z] [INFO] 🕒 IP TIMEZONE:   Asia/Karachi
[2026-01-30T15:16:14.900Z] [INFO] 🏢 ISP/ORG:       Pakistan Telecommuication company limited / 
[2026-01-30T15:16:14.901Z] [INFO] ---------------------------------------------------
[2026-01-30T15:16:14.901Z] [SUCCESS] ✅ ISP looks Residential/Commercial
[2026-01-30T15:16:14.902Z] [INFO] 🤖 Checking Automation Flags (sannysoft)...
[2026-01-30T15:16:44.904Z] [ERROR] Failed to check bot flags: page.goto: Timeout 30000ms exceeded.
Call log:
[2m  - navigating to "https://bot.sannysoft.com/", waiting until "networkidle"[22m

[2026-01-30T15:16:44.905Z] [INFO] ✅ Debug run complete.
[2026-01-30T15:17:37.800Z] [INFO] 🚀 Starting Proxy & Anonymity Debugger...
[2026-01-30T15:17:37.802Z] [INFO] 🌐 Selected Proxy: http://qkgiufyj-rotate:nqc828ze9vua@p.webshare.io:80
[2026-01-30T15:17:37.803Z] [INFO] 🐍 Launching Python Browser...
[2026-01-30T15:18:32.383Z] [SUCCESS] ✅ WebSocket Endpoint: ws://127.0.0.1:56074/devtools/browser/43f9379f-9672-4b52-9fa4-6848c0d57009
[2026-01-30T15:18:32.383Z] [INFO] 🔌 Connecting Playwright...
[2026-01-30T15:18:32.469Z] [INFO] 🕵️ Running Anonymity Checks...
[2026-01-30T15:18:32.830Z] [ERROR] Failed to fetch IP info: page.goto: net::ERR_INVALID_AUTH_CREDENTIALS at http://ip-api.com/json/
Call log:
[2m  - navigating to "http://ip-api.com/json/", waiting until "domcontentloaded"[22m

[2026-01-30T15:18:32.832Z] [INFO] 🤖 Checking Automation Flags (sannysoft)...
[2026-01-30T15:18:33.319Z] [ERROR] Failed to check bot flags: page.goto: net::ERR_INVALID_AUTH_CREDENTIALS at https://bot.sannysoft.com/
Call log:
[2m  - navigating to "https://bot.sannysoft.com/", waiting until "networkidle"[22m

[2026-01-30T15:18:33.320Z] [INFO] ✅ Debug run complete.
[2026-01-30T15:23:22.960Z] [INFO] 🚀 Starting Proxy & Anonymity Debugger...
[2026-01-30T15:23:22.962Z] [INFO] 🌐 Selected Proxy: http://qkgiufyj-rotate:nqc828ze9vua@p.webshare.io:80
[2026-01-30T15:23:22.962Z] [INFO] 🐍 Launching Python Browser...
[2026-01-30T15:28:15.893Z] [INFO] 🚀 Starting Proxy & Anonymity Debugger...
[2026-01-30T15:28:15.895Z] [INFO] 🌐 Selected Proxy: http://qkgiufyj-rotate:nqc828ze9vua@p.webshare.io:80
[2026-01-30T15:28:15.895Z] [INFO] 🐍 Launching Python Browser...
[2026-01-30T15:28:33.559Z] [SUCCESS] ✅ WebSocket Endpoint: ws://127.0.0.1:56354/devtools/browser/4a568fe3-9bdc-4da5-a174-ba68f01591ee
[2026-01-30T15:28:33.559Z] [INFO] 🔌 Connecting Playwright...
[2026-01-30T15:28:33.648Z] [INFO] 🕵️ Running Anonymity Checks...
[2026-01-30T15:28:38.009Z] [ERROR] Failed to fetch IP info: Unexpected token 'T', "TikTok
Fee"... is not valid JSON
[2026-01-30T15:28:38.009Z] [INFO] 🤖 Checking Automation Flags (sannysoft)...
[2026-01-30T15:28:49.804Z] [INFO] ---------------------------------------------------
[2026-01-30T15:28:49.805Z] [INFO] 🕷️  User Agent:    undefined
[2026-01-30T15:28:49.805Z] [INFO] 🕷️  WebDriver:     undefined
[2026-01-30T15:28:49.806Z] [INFO] 🕷️  Chrome:        undefined
[2026-01-30T15:28:49.806Z] [INFO] 🕷️  Permissions:   undefined
[2026-01-30T15:28:49.806Z] [INFO] 🕷️  Plugins Length:undefined
[2026-01-30T15:28:49.806Z] [INFO] 🕷️  WebGL Vendor:  Google Inc. (Intel Inc.)
[2026-01-30T15:28:49.806Z] [INFO] ---------------------------------------------------
[2026-01-30T15:28:49.806Z] [SUCCESS] ✅ WebDriver not detected (Stealth working)
[2026-01-30T15:28:49.806Z] [INFO] ✅ Debug run complete.
[2026-01-30T15:29:20.951Z] [INFO] 🚀 Starting Proxy & Anonymity Debugger...
[2026-01-30T15:29:20.953Z] [INFO] 🌐 Selected Proxy: http://qkgiufyj-rotate:nqc828ze9vua@p.webshare.io:80
[2026-01-30T15:29:20.953Z] [INFO] 🐍 Launching Python Browser...
[2026-01-30T15:29:23.349Z] [SUCCESS] ✅ WebSocket Endpoint: ws://127.0.0.1:56482/devtools/browser/9f56d068-ef2e-4a88-98a0-391809ff0ea8
[2026-01-30T15:29:23.350Z] [INFO] 🔌 Connecting Playwright...
[2026-01-30T15:29:23.421Z] [INFO] 🕵️ Running Anonymity Checks...
[2026-01-30T15:29:27.582Z] [INFO] ---------------------------------------------------
[2026-01-30T15:29:27.583Z] [INFO] 🌍 EXTERNAL IP:   182.190.195.254
[2026-01-30T15:29:27.583Z] [INFO] 📍 LOCATION:      Pakistan, Karachi
[2026-01-30T15:29:27.583Z] [INFO] 🕒 IP TIMEZONE:   Asia/Karachi
[2026-01-30T15:29:27.583Z] [INFO] 🏢 ISP/ORG:       Pakistan Telecommuication company limited / 
[2026-01-30T15:29:27.583Z] [INFO] ---------------------------------------------------
[2026-01-30T15:29:27.584Z] [SUCCESS] ✅ ISP looks Residential/Commercial
[2026-01-30T15:29:27.584Z] [INFO] 🤖 Checking Automation Flags (sannysoft)...
[2026-01-30T15:29:35.933Z] [INFO] ---------------------------------------------------
[2026-01-30T15:29:35.933Z] [INFO] 🕷️  User Agent:    undefined
[2026-01-30T15:29:35.934Z] [INFO] 🕷️  WebDriver:     undefined
[2026-01-30T15:29:35.934Z] [INFO] 🕷️  Chrome:        undefined
[2026-01-30T15:29:35.934Z] [INFO] 🕷️  Permissions:   undefined
[2026-01-30T15:29:35.934Z] [INFO] 🕷️  Plugins Length:undefined
[2026-01-30T15:29:35.934Z] [INFO] 🕷️  WebGL Vendor:  Google Inc. (Intel Inc.)
[2026-01-30T15:29:35.935Z] [INFO] ---------------------------------------------------
[2026-01-30T15:29:35.935Z] [SUCCESS] ✅ WebDriver not detected (Stealth working)
[2026-01-30T15:29:35.935Z] [INFO] ✅ Debug run complete.
[2026-01-30T15:31:17.285Z] [INFO] 🚀 Starting Proxy & Anonymity Debugger...
[2026-01-30T15:31:17.287Z] [INFO] 🌐 Selected Proxy: http://qkgiufyj-rotate:nqc828ze9vua@p.webshare.io:80
[2026-01-30T15:31:17.287Z] [INFO] 🐍 Launching Python Browser...
[2026-01-30T16:02:47.155Z] [INFO] 🚀 Starting Proxy & Anonymity Debugger...
[2026-01-30T16:02:47.157Z] [INFO] 🌐 Selected Proxy: http://qkgiufyj-rotate:nqc828ze9vua@p.webshare.io:80
[2026-01-30T16:02:47.158Z] [INFO] 🐍 Launching Python Browser...
[2026-01-30T16:03:14.731Z] [SUCCESS] ✅ WebSocket Endpoint: ws://127.0.0.1:56673/devtools/browser/fd13c2e4-91b3-4fd2-a4cf-a5c6cce706a3
[2026-01-30T16:03:14.732Z] [INFO] 🔌 Connecting Playwright...
[2026-01-30T16:03:14.822Z] [INFO] 🕵️ Running Anonymity Checks...
[2026-01-30T16:03:15.089Z] [ERROR] Failed to fetch IP info: page.goto: net::ERR_INVALID_AUTH_CREDENTIALS at http://ip-api.com/json/
Call log:
[2m  - navigating to "http://ip-api.com/json/", waiting until "domcontentloaded"[22m

[2026-01-30T16:03:15.089Z] [INFO] 🤖 Checking Automation Flags (sannysoft)...
[2026-01-30T16:03:15.407Z] [ERROR] Failed to check bot flags: page.goto: net::ERR_INVALID_AUTH_CREDENTIALS at https://bot.sannysoft.com/
Call log:
[2m  - navigating to "https://bot.sannysoft.com/", waiting until "networkidle"[22m

[2026-01-30T16:03:15.408Z] [INFO] ✅ Debug run complete.
[2026-01-30T16:17:13.105Z] [INFO] 🚀 Starting ProxyChain Debugger...
[2026-01-30T16:17:13.107Z] [INFO] 🌐 Upstream Proxy: http://qkgiufyj-rotate:nqc828ze9vua@p.webshare.io:80
[2026-01-30T16:17:13.112Z] [SUCCESS] ✅ Local Proxy Started: http://127.0.0.1:56953 -> Forwards to Upstream
[2026-01-30T16:17:13.113Z] [INFO] 🐍 Launching Python Browser with Local Proxy...
[2026-01-30T16:17:15.991Z] [SUCCESS] ✅ WebSocket Endpoint: ws://127.0.0.1:9222/devtools/browser/49311020-3b9d-44e9-8d22-68615610dab1
[2026-01-30T16:17:15.992Z] [INFO] 🔌 Connecting Playwright...
[2026-01-30T16:17:16.052Z] [INFO] 🕵️ Running Anonymity Checks (Via ProxyChain)...
[2026-01-30T16:17:20.188Z] [INFO] ---------------------------------------------------
[2026-01-30T16:17:20.189Z] [INFO] 🌍 EXTERNAL IP:   62.18.106.179
[2026-01-30T16:17:20.189Z] [INFO] 📍 LOCATION:      Italy, Serina
[2026-01-30T16:17:20.190Z] [INFO] 🕒 IP TIMEZONE:   Europe/Rome
[2026-01-30T16:17:20.190Z] [INFO] 🏢 ISP/ORG:       Telecom Italia Mobile / Telecom Italia S.p.A.
[2026-01-30T16:17:20.190Z] [INFO] ---------------------------------------------------
[2026-01-30T16:17:20.190Z] [SUCCESS] ✅ SUCCESS! IP Masked (Not Pakistan). Proxy works!
[2026-01-30T16:23:40.898Z] [INFO] 🧹 Nuke-cleaning queue (Dev Mode)...
[2026-01-30T16:23:40.922Z] [INFO] ✅ Queue obliterated.
[2026-01-30T16:23:40.923Z] [INFO] 🔧 [DEV] Injecting Fresh Test Job...
[2026-01-30T16:23:40.937Z] [INFO] Processing new job
{
  "accountId": 496,
  "batchId": 42,
  "jobId": "1"
}
[2026-01-30T16:23:40.939Z] [INFO] Starting account creation for Account ID: 496 (Attempt 1/3)
[2026-01-30T16:23:41.165Z] [SUCCESS] ✅ [DEV] Injected New Batch 42 with 100 jobs.
[2026-01-30T16:23:41.880Z] [INFO] Generated Email: tiktok1u0tm2bn@virgilian.com
[2026-01-30T16:23:41.884Z] [INFO] 🛑 Checking for Fresh IP before launching...
[2026-01-30T16:23:43.387Z] [SUCCESS] ✅ Fresh IP Found: 213.55.242.185
[2026-01-30T16:23:43.387Z] [INFO] 🔗 Starting Local Proxy Chain to handle Auth...
[2026-01-30T16:23:43.390Z] [SUCCESS] ✅ Local Proxy Started: http://127.0.0.1:57204 -> Forwards to http://qkgiufyj-rotate:nqc828z...
[2026-01-30T16:23:43.390Z] [INFO] 🚀 Launching SeleniumBase via Python Bridge...
[2026-01-30T16:23:43.391Z] [INFO] Starting Python Browser Launcher: /Users/mac/Desktop/My Work/Tiktok_account_automation/bot/src/utils/browserLauncher.py
[2026-01-30T16:23:43.391Z] [INFO] 🔌 Connecting with proxy: http://127.0.0.1:57204
[2026-01-30T16:23:45.733Z] [INFO] ✅ Connected to CDP Endpoint: ws://127.0.0.1:57208/devtools/browser/030a1751-4275-458a-8780-7fd2463a5b71
[2026-01-30T16:23:45.801Z] [INFO] Attached to existing page
[2026-01-30T16:23:45.801Z] [INFO] 🕵️ Activating Advanced Stealth Mode...
[2026-01-30T16:23:45.804Z] [INFO] 🌍 Syncing fingerprint with Proxy IP...
[2026-01-30T16:23:49.643Z] [SUCCESS] ✅ Proxy Sync Success: IP=81.156.191.64 | TZ=Europe/London
[2026-01-30T16:23:49.644Z] [INFO] 🎭 Injecting aligned fingerprint (TZ: Europe/London)...
[2026-01-30T16:23:49.657Z] [INFO] Navigating to https://www.tiktok.com/signup/phone-or-email/email...
[2026-01-30T16:23:56.361Z] [INFO] 🔍 Checking if page loaded successfully...
[2026-01-30T16:23:56.369Z] [ERROR] ❌ PAGE LOAD ERROR: page not available
[2026-01-30T16:23:56.370Z] [ERROR] 🚫 TikTok is blocking this proxy IP!
[2026-01-30T16:23:56.370Z] [ERROR] 🔄 Closing browser to retry with fresh IP...
[2026-01-30T16:23:56.370Z] [ERROR] Failed to create account (Attempt 1/3)
{
  "accountId": 496,
  "error": "TikTok Blocked Proxy: page not available",
  "stack": "Error: TikTok Blocked Proxy: page not available\n    at createTikTokAccount (file:///Users/mac/Desktop/My%20Work/Tiktok_account_automation/bot/src/automation/tiktokSignup.js:338:23)\n    at async Queue.<anonymous> (file:///Users/mac/Desktop/My%20Work/Tiktok_account_automation/bot/src/worker.js:88:24)"
}
[2026-01-30T16:23:56.372Z] [INFO] ⚠️ Error occurred. KEEPING BROWSER OPEN for 60 seconds for inspection...
[2026-01-30T16:24:28.923Z] [INFO] Retrying account creation... (Attempt 2/3)
[2026-01-30T16:25:52.395Z] [INFO] 🚀 Starting ProxyChain Debugger...
[2026-01-30T16:25:52.397Z] [INFO] 🌐 Upstream Proxy: http://qkgiufyj-rotate:nqc828ze9vua@p.webshare.io:80
[2026-01-30T16:25:52.400Z] [SUCCESS] ✅ Local Proxy Started: http://127.0.0.1:57424 -> Forwards to Upstream
[2026-01-30T16:25:52.400Z] [INFO] 🐍 Launching Python Browser with Local Proxy...
[2026-01-30T16:25:54.832Z] [SUCCESS] ✅ WebSocket Endpoint: ws://127.0.0.1:9222/devtools/browser/7a4e763e-93fd-4446-8908-7bdd476e9ebc
[2026-01-30T16:25:54.833Z] [INFO] 🔌 Connecting Playwright...
[2026-01-30T16:25:54.895Z] [INFO] 🕵️ Running Anonymity Checks (Via ProxyChain)...
[2026-01-30T16:25:58.001Z] [INFO] ---------------------------------------------------
[2026-01-30T16:25:58.001Z] [INFO] 🌍 EXTERNAL IP:   undefined
[2026-01-30T16:25:58.002Z] [INFO] 📍 LOCATION:      undefined, undefined
[2026-01-30T16:25:58.002Z] [INFO] 🕒 IP TIMEZONE:   undefined
[2026-01-30T16:25:58.002Z] [INFO] 🏢 ISP/ORG:       undefined / undefined
[2026-01-30T16:25:58.002Z] [INFO] ---------------------------------------------------
[2026-01-30T16:25:58.002Z] [SUCCESS] ✅ SUCCESS! IP Masked (Not Pakistan). Proxy works!
[2026-01-30T16:26:40.576Z] [INFO] 🚀 Starting ProxyChain Debugger...
[2026-01-30T16:26:40.579Z] [INFO] 🌐 Upstream Proxy: http://qkgiufyj-rotate:nqc828ze9vua@p.webshare.io:80
[2026-01-30T16:26:40.582Z] [SUCCESS] ✅ Local Proxy Started: http://127.0.0.1:57540 -> Forwards to Upstream
[2026-01-30T16:26:40.583Z] [INFO] 🐍 Launching Python Browser with Local Proxy...
[2026-01-30T16:26:43.041Z] [SUCCESS] ✅ WebSocket Endpoint: ws://127.0.0.1:57544/devtools/browser/f54ad32f-3553-44f5-8f18-603b523392b6
[2026-01-30T16:26:43.042Z] [INFO] 🔌 Connecting Playwright...
[2026-01-30T16:26:43.107Z] [INFO] 🕵️ Running Anonymity Checks (Via ProxyChain)...
[2026-01-30T16:26:44.893Z] [INFO] ---------------------------------------------------
[2026-01-30T16:26:44.893Z] [INFO] RAW RESP: {"status":"fail","message":"SSL unavailable for this endpoint, order a key at https://members.ip-api.com/"}
[2026-01-30T16:26:44.894Z] [INFO] 🌍 EXTERNAL IP:   undefined
[2026-01-30T16:26:44.894Z] [INFO] 📍 LOCATION:      undefined, undefined
[2026-01-30T16:26:44.894Z] [INFO] 🕒 IP TIMEZONE:   undefined
[2026-01-30T16:26:44.895Z] [INFO] 🏢 ISP/ORG:       undefined / undefined
[2026-01-30T16:26:44.895Z] [INFO] ---------------------------------------------------
[2026-01-30T16:26:44.895Z] [SUCCESS] ✅ SUCCESS! IP Masked (Not Pakistan). Proxy works!
[2026-01-30T16:27:49.588Z] [INFO] 🚀 Starting ProxyChain Debugger...
[2026-01-30T16:27:49.590Z] [INFO] 🌐 Upstream Proxy: http://qkgiufyj-rotate:nqc828ze9vua@p.webshare.io:80
[2026-01-30T16:27:49.594Z] [SUCCESS] ✅ Local Proxy Started: http://127.0.0.1:57658 -> Forwards to Upstream
[2026-01-30T16:27:49.594Z] [INFO] 🐍 Launching Python Browser with Local Proxy...
[2026-01-30T16:27:52.015Z] [SUCCESS] ✅ WebSocket Endpoint: ws://127.0.0.1:57663/devtools/browser/46fc1372-9271-43ed-b91e-562869cec8fa
[2026-01-30T16:27:52.016Z] [INFO] 🔌 Connecting Playwright...
[2026-01-30T16:27:52.078Z] [INFO] 🕵️ Running Anonymity Checks (Via ProxyChain)...
[2026-01-30T16:27:52.078Z] [INFO] 📱 Navigating to TikTok (HTTPS)...
[2026-01-30T16:27:56.151Z] [SUCCESS] ✅ TikTok Navigation Started (No immediate error)
[2026-01-30T16:28:01.167Z] [INFO] 📄 Page Title: Sign up | TikTok
[2026-01-30T16:28:01.747Z] [INFO] 📸 Screenshot saved to: /Users/mac/Desktop/My Work/Tiktok_account_automation/bot/src/tiktok_debug.png
[2026-01-30T16:29:31.758Z] [INFO] 🧹 Nuke-cleaning queue (Dev Mode)...
[2026-01-30T16:29:31.778Z] [INFO] ✅ Queue obliterated.
[2026-01-30T16:29:31.778Z] [INFO] 🔧 [DEV] Injecting Fresh Test Job...
[2026-01-30T16:29:31.792Z] [INFO] Processing new job
{
  "accountId": 596,
  "batchId": 43,
  "jobId": "1"
}
[2026-01-30T16:29:31.794Z] [INFO] Starting account creation for Account ID: 596 (Attempt 1/3)
[2026-01-30T16:29:32.045Z] [SUCCESS] ✅ [DEV] Injected New Batch 43 with 100 jobs.
[2026-01-30T16:29:32.844Z] [INFO] Generated Email: tiktok9m4g8bwu@virgilian.com
[2026-01-30T16:29:32.848Z] [INFO] 🛑 Checking for Fresh IP before launching...
[2026-01-30T16:29:34.054Z] [SUCCESS] ✅ Fresh IP Found: 80.108.203.213
[2026-01-30T16:29:34.054Z] [INFO] 🔗 Starting Local Proxy Chain to handle Auth...
[2026-01-30T16:29:34.057Z] [SUCCESS] ✅ Local Proxy Started: http://127.0.0.1:57954 -> Forwards to http://qkgiufyj-rotate:nqc828z...
[2026-01-30T16:29:34.057Z] [INFO] 🚀 Launching SeleniumBase via Python Bridge...
[2026-01-30T16:29:34.057Z] [INFO] Starting Python Browser Launcher: /Users/mac/Desktop/My Work/Tiktok_account_automation/bot/src/utils/browserLauncher.py
[2026-01-30T16:29:34.057Z] [INFO] 🔌 Connecting with proxy: http://127.0.0.1:57954
[2026-01-30T16:29:36.080Z] [INFO] ✅ Connected to CDP Endpoint: ws://127.0.0.1:9222/devtools/browser/6d73ee3b-8bb9-4c0a-aa07-0e7e743343fd
[2026-01-30T16:29:36.143Z] [INFO] Attached to existing page
[2026-01-30T16:29:36.143Z] [INFO] 🕵️ Activating Advanced Stealth Mode...
[2026-01-30T16:29:36.146Z] [INFO] 🌍 Syncing fingerprint with Proxy IP...
[2026-01-30T16:29:38.933Z] [INFO] 🎭 Injecting aligned fingerprint (TZ: Europe/London)...
[2026-01-30T16:29:38.938Z] [INFO] Navigating to https://www.tiktok.com/signup/phone-or-email/email...
[2026-01-30T16:29:45.931Z] [INFO] 🔍 Checking if page loaded successfully...
[2026-01-30T16:29:45.940Z] [ERROR] ❌ PAGE LOAD ERROR: page not available
[2026-01-30T16:29:45.940Z] [ERROR] 🚫 TikTok is blocking this proxy IP!
[2026-01-30T16:29:45.940Z] [ERROR] 🔄 Closing browser to retry with fresh IP...
[2026-01-30T16:29:45.941Z] [ERROR] Failed to create account (Attempt 1/3)
{
  "accountId": 596,
  "error": "TikTok Blocked Proxy: page not available",
  "stack": "Error: TikTok Blocked Proxy: page not available\n    at createTikTokAccount (file:///Users/mac/Desktop/My%20Work/Tiktok_account_automation/bot/src/automation/tiktokSignup.js:338:23)\n    at async Queue.<anonymous> (file:///Users/mac/Desktop/My%20Work/Tiktok_account_automation/bot/src/worker.js:88:24)"
}
[2026-01-30T16:29:45.942Z] [INFO] ⚠️ Error occurred. KEEPING BROWSER OPEN for 60 seconds for inspection...
[2026-01-30T16:30:04.416Z] [INFO] Retrying account creation... (Attempt 2/3)
[2026-01-30T16:37:03.253Z] [INFO] 🧹 Nuke-cleaning queue (Dev Mode)...
[2026-01-30T16:37:03.272Z] [INFO] ✅ Queue obliterated.
[2026-01-30T16:37:03.272Z] [INFO] 🔧 [DEV] Injecting Fresh Test Job...
[2026-01-30T16:37:03.291Z] [INFO] Processing new job
{
  "accountId": 696,
  "batchId": 44,
  "jobId": "1"
}
[2026-01-30T16:37:03.293Z] [INFO] Starting account creation for Account ID: 696 (Attempt 1/3)
[2026-01-30T16:37:03.502Z] [SUCCESS] ✅ [DEV] Injected New Batch 44 with 100 jobs.
[2026-01-30T16:37:04.244Z] [INFO] Generated Email: tiktokl252osxy@virgilian.com
[2026-01-30T16:37:04.248Z] [INFO] 🛑 Checking for Fresh IP before launching...
[2026-01-30T16:37:06.093Z] [SUCCESS] ✅ Fresh IP Found: 93.41.68.169
[2026-01-30T16:37:06.094Z] [INFO] 🔗 Starting Local Proxy Chain to handle Auth...
[2026-01-30T16:37:06.096Z] [SUCCESS] ✅ Local Proxy Started: http://127.0.0.1:58373 -> Forwards to http://qkgiufyj-rotate:nqc828z...
[2026-01-30T16:37:06.096Z] [INFO] 🚀 Launching SeleniumBase via Python Bridge...
[2026-01-30T16:37:06.097Z] [INFO] Starting Python Browser Launcher: /Users/mac/Desktop/My Work/Tiktok_account_automation/bot/src/utils/browserLauncher.py
[2026-01-30T16:37:06.097Z] [INFO] 🔌 Connecting with proxy: http://127.0.0.1:58373
[2026-01-30T16:37:08.550Z] [INFO] Attached to existing page
[2026-01-30T16:37:08.550Z] [INFO] 🌍 Syncing fingerprint with Proxy IP...
[2026-01-30T16:37:10.889Z] [INFO] 🎭 Injecting aligned fingerprint (TZ: Europe/London)...
[2026-01-30T16:37:10.895Z] [INFO] Navigating to https://www.tiktok.com/signup/phone-or-email/email...
[2026-01-30T16:37:20.246Z] [INFO] 🔍 Checking if page loaded successfully...
[2026-01-30T16:37:20.255Z] [ERROR] ❌ PAGE LOAD ERROR: page not available
[2026-01-30T16:37:20.256Z] [ERROR] 🚫 TikTok is blocking this proxy IP!
[2026-01-30T16:37:20.256Z] [ERROR] 🔄 Closing browser to retry with fresh IP...
[2026-01-30T16:37:20.256Z] [ERROR] Failed to create account (Attempt 1/3)
{
  "accountId": 696,
  "error": "TikTok Blocked Proxy: page not available",
  "stack": "Error: TikTok Blocked Proxy: page not available\n    at createTikTokAccount (file:///Users/mac/Desktop/My%20Work/Tiktok_account_automation/bot/src/automation/tiktokSignup.js:312:23)\n    at async Queue.<anonymous> (file:///Users/mac/Desktop/My%20Work/Tiktok_account_automation/bot/src/worker.js:88:24)"
}
[2026-01-30T16:37:20.258Z] [INFO] ⚠️ Error occurred. KEEPING BROWSER OPEN for 60 seconds for inspection...
[2026-01-30T16:37:27.570Z] [INFO] Retrying account creation... (Attempt 2/3)
[2026-01-30T18:41:56.464Z] [INFO] 🧹 Nuke-cleaning queue (Dev Mode)...
[2026-01-30T18:41:56.487Z] [INFO] ✅ Queue obliterated.
[2026-01-30T18:41:56.488Z] [INFO] 🔧 [DEV] Injecting Fresh Test Job...
[2026-01-30T18:41:56.510Z] [INFO] Processing new job
{
  "accountId": 796,
  "batchId": 45,
  "jobId": "1"
}
[2026-01-30T18:41:56.512Z] [INFO] Starting account creation for Account ID: 796 (Attempt 1/3)
[2026-01-30T18:41:56.755Z] [SUCCESS] ✅ [DEV] Injected New Batch 45 with 100 jobs.
[2026-01-30T18:41:57.448Z] [INFO] Generated Email: tiktok24y1ctwe@virgilian.com
[2026-01-30T18:41:57.451Z] [INFO] 🛑 Checking for Fresh IP before launching...
[2026-01-30T18:42:01.131Z] [SUCCESS] ✅ Fresh IP Found: 38.137.177.130
[2026-01-30T18:42:01.132Z] [INFO] 🔗 Starting Local Proxy Chain to handle Auth...
[2026-01-30T18:42:01.135Z] [SUCCESS] ✅ Local Proxy Started: http://127.0.0.1:59501 -> Forwards to http://qkgiufyj-rotate:nqc828z...
[2026-01-30T18:42:01.135Z] [INFO] 🚀 Launching SeleniumBase via Python Bridge...
[2026-01-30T18:42:01.136Z] [INFO] Starting Python Browser Launcher: /Users/mac/Desktop/My Work/Tiktok_account_automation/bot/src/utils/browserLauncher.py
[2026-01-30T18:42:01.136Z] [INFO] 🔌 Connecting with proxy: http://127.0.0.1:59501
[2026-01-30T18:42:04.940Z] [INFO] Attached to existing page
[2026-01-30T18:42:04.941Z] [INFO] 🌍 Syncing fingerprint with Proxy IP...
[2026-01-30T18:42:08.120Z] [INFO] Navigating to https://www.tiktok.com/signup/phone-or-email/email...
[2026-01-30T18:42:14.594Z] [INFO] 🔍 Checking if page loaded successfully...
[2026-01-30T18:42:14.603Z] [SUCCESS] ✅ Page loaded successfully!
[2026-01-30T18:42:14.603Z] [INFO] 🌍 Checking public IP & Location...
[2026-01-30T18:42:14.609Z] [INFO] ✅ IP: Unknown | 📍 Location: Unknown
[2026-01-30T18:42:14.611Z] [INFO] ⏳ Waiting for page to fully load...
[2026-01-30T18:42:39.008Z] [INFO] On signup page - HYBRID FLOW STARTED
[2026-01-30T18:42:43.006Z] [INFO] 🎂 Filling date of birth...
[2026-01-30T18:42:43.006Z] [INFO] Step 1: Opening Month dropdown...
[2026-01-30T18:42:52.500Z] [SUCCESS] ✅ Selected month: 09
[2026-01-30T18:42:56.151Z] [INFO] Step 2: Opening Day dropdown...
[2026-01-30T18:43:03.562Z] [SUCCESS] ✅ Selected day: 20
[2026-01-30T18:43:05.689Z] [INFO] Step 3: Opening Year dropdown...
[2026-01-30T18:43:10.714Z] [SUCCESS] ✅ Selected year: 1978
[2026-01-30T18:43:10.714Z] [SUCCESS] 🎂 Date of birth selection completed!
[2026-01-30T18:43:11.829Z] [INFO] Filling email address...
[2026-01-30T18:43:16.526Z] [SUCCESS] Entered email: tiktok24y1ctwe@virgilian.com
[2026-01-30T18:43:19.346Z] [INFO] Clicking outside to close email suggestions...
[2026-01-30T18:43:20.466Z] [INFO] Filling password...
[2026-01-30T18:43:23.210Z] [SUCCESS] Entered password
[2026-01-30T18:43:25.615Z] [INFO] Thinking: Clicking "Send code" button...
[2026-01-30T18:43:27.609Z] [INFO] Attempt 1: Clicking Send Code...
[2026-01-30T18:43:30.821Z] [INFO] Attempt 2: Clicking Send Code...
[2026-01-30T18:43:33.707Z] [SUCCESS] ✅ Successfully clicked "Send code"
[2026-01-30T18:43:33.708Z] [INFO] ⏳ Waiting for OTP in mail.tm inbox (Do not close browser)...
[2026-01-30T18:43:50.831Z] [INFO] ✅ Got Code: 131686
[2026-01-30T18:43:50.832Z] [INFO] Entering verification code...
[2026-01-30T18:43:59.709Z] [SUCCESS] ✅ Entered verification code successfully
[2026-01-30T18:44:01.689Z] [INFO] Clicking submit/next button...
[2026-01-30T18:44:01.758Z] [SUCCESS] ✅ Clicked submit button
[2026-01-30T18:44:05.596Z] [INFO] 🔍 Checking for signup errors after submit...
[2026-01-30T18:44:05.613Z] [ERROR] ❌ CRITICAL SIGNUP ERROR DETECTED: Maximum number of attempts reached
[2026-01-30T18:44:05.614Z] [ERROR] 🚫 Proxy has been detected/blocked by TikTok!
[2026-01-30T18:44:05.615Z] [ERROR] 🔄 Closing browser immediately to retry with fresh proxy...
[2026-01-30T18:44:05.615Z] [ERROR] Failed to create account (Attempt 1/3)
{
  "accountId": 796,
  "error": "Proxy Blocked: Maximum number of attempts reached",
  "stack": "Error: Proxy Blocked: Maximum number of attempts reached\n    at createTikTokAccount (file:///Users/mac/Desktop/My%20Work/Tiktok_account_automation/bot/src/automation/tiktokSignup.js:695:39)\n    at async Queue.<anonymous> (file:///Users/mac/Desktop/My%20Work/Tiktok_account_automation/bot/src/worker.js:88:24)"
}
[2026-01-30T18:44:05.617Z] [WARNING] ⚠️ Proxy-related error detected. Skipping debug wait...
[2026-01-30T18:44:05.617Z] [INFO] 🔄 Retrying immediately with fresh proxy...
[2026-01-30T18:44:05.617Z] [INFO] Retrying account creation... (Attempt 2/3)
[2026-01-30T18:44:09.384Z] [INFO] Starting account creation for Account ID: 796 (Attempt 2/3)
[2026-01-30T18:44:09.402Z] [INFO] Killing Python browser process...
[2026-01-30T18:44:09.402Z] [INFO] Closing Local Proxy Chain...
[2026-01-30T18:44:09.404Z] [INFO] Browser closed
[2026-01-30T18:44:11.437Z] [INFO] Generated Email: tiktok6ybzgr1j@virgilian.com
[2026-01-30T18:44:11.440Z] [INFO] 🛑 Checking for Fresh IP before launching...
[2026-01-30T18:44:13.063Z] [SUCCESS] ✅ Fresh IP Found: 5.15.18.42
[2026-01-30T18:44:13.064Z] [INFO] 🔗 Starting Local Proxy Chain to handle Auth...
[2026-01-30T18:44:13.064Z] [SUCCESS] ✅ Local Proxy Started: http://127.0.0.1:59968 -> Forwards to http://qkgiufyj-rotate:nqc828z...
[2026-01-30T18:44:13.064Z] [INFO] 🚀 Launching SeleniumBase via Python Bridge...
[2026-01-30T18:44:13.065Z] [INFO] Starting Python Browser Launcher: /Users/mac/Desktop/My Work/Tiktok_account_automation/bot/src/utils/browserLauncher.py
[2026-01-30T18:44:13.065Z] [INFO] 🔌 Connecting with proxy: http://127.0.0.1:59968
[2026-01-30T18:44:15.724Z] [INFO] Attached to existing page
[2026-01-30T18:44:15.724Z] [INFO] 🌍 Syncing fingerprint with Proxy IP...
[2026-01-30T18:44:18.278Z] [INFO] Navigating to https://www.tiktok.com/signup/phone-or-email/email...
[2026-01-30T18:44:25.537Z] [INFO] 🔍 Checking if page loaded successfully...
[2026-01-30T18:44:25.544Z] [SUCCESS] ✅ Page loaded successfully!
[2026-01-30T18:44:25.544Z] [INFO] 🌍 Checking public IP & Location...
[2026-01-30T18:44:25.550Z] [INFO] ✅ IP: Unknown | 📍 Location: Unknown
[2026-01-30T18:44:25.551Z] [INFO] ⏳ Waiting for page to fully load...
[2026-01-30T18:44:46.712Z] [INFO] On signup page - HYBRID FLOW STARTED
[2026-01-30T18:44:49.660Z] [INFO] 🎂 Filling date of birth...
[2026-01-30T18:44:49.660Z] [INFO] Step 1: Opening Month dropdown...
[2026-01-30T18:44:58.863Z] [SUCCESS] ✅ Selected month: 02
[2026-01-30T18:45:01.070Z] [INFO] Step 2: Opening Day dropdown...
[2026-01-30T18:45:08.003Z] [SUCCESS] ✅ Selected day: 23
[2026-01-30T18:45:11.852Z] [INFO] Step 3: Opening Year dropdown...
[2026-01-30T18:45:17.383Z] [SUCCESS] ✅ Selected year: 1994
[2026-01-30T18:45:17.385Z] [SUCCESS] 🎂 Date of birth selection completed!
[2026-01-30T18:45:18.972Z] [INFO] Filling email address...
[2026-01-30T18:45:23.623Z] [SUCCESS] Entered email: tiktok6ybzgr1j@virgilian.com
[2026-01-30T18:45:25.765Z] [INFO] Clicking outside to close email suggestions...
[2026-01-30T18:45:27.259Z] [INFO] Filling password...
[2026-01-30T18:45:30.098Z] [SUCCESS] Entered password
[2026-01-30T18:45:32.695Z] [INFO] Thinking: Clicking "Send code" button...
[2026-01-30T18:45:34.645Z] [INFO] Attempt 1: Clicking Send Code...
[2026-01-30T18:45:38.057Z] [INFO] Attempt 2: Clicking Send Code...
[2026-01-30T18:45:40.529Z] [SUCCESS] ✅ Successfully clicked "Send code"
[2026-01-30T18:45:40.530Z] [INFO] ⏳ Waiting for OTP in mail.tm inbox (Do not close browser)...
[2026-01-30T18:46:07.974Z] [INFO] ✅ Got Code: 309084
[2026-01-30T18:46:07.974Z] [INFO] Entering verification code...
[2026-01-30T18:46:16.278Z] [SUCCESS] ✅ Entered verification code successfully
[2026-01-30T18:46:17.766Z] [INFO] Clicking submit/next button...
[2026-01-30T18:46:17.806Z] [SUCCESS] ✅ Clicked submit button
[2026-01-30T18:46:21.263Z] [INFO] 🔍 Checking for signup errors after submit...
[2026-01-30T18:46:21.267Z] [ERROR] ❌ CRITICAL SIGNUP ERROR DETECTED: Maximum number of attempts reached
[2026-01-30T18:46:21.267Z] [ERROR] 🚫 Proxy has been detected/blocked by TikTok!
[2026-01-30T18:46:21.267Z] [ERROR] 🔄 Closing browser immediately to retry with fresh proxy...
[2026-01-30T18:46:21.268Z] [ERROR] Failed to create account (Attempt 2/3)
{
  "accountId": 796,
  "error": "Proxy Blocked: Maximum number of attempts reached",
  "stack": "Error: Proxy Blocked: Maximum number of attempts reached\n    at createTikTokAccount (file:///Users/mac/Desktop/My%20Work/Tiktok_account_automation/bot/src/automation/tiktokSignup.js:695:39)\n    at async Queue.<anonymous> (file:///Users/mac/Desktop/My%20Work/Tiktok_account_automation/bot/src/worker.js:88:24)"
}
[2026-01-30T18:46:21.273Z] [WARNING] ⚠️ Proxy-related error detected. Skipping debug wait...
[2026-01-30T18:46:21.274Z] [INFO] 🔄 Retrying immediately with fresh proxy...
[2026-01-30T18:46:21.274Z] [INFO] Retrying account creation... (Attempt 3/3)
[2026-01-30T18:46:23.381Z] [INFO] Starting account creation for Account ID: 796 (Attempt 3/3)
[2026-01-30T18:46:23.393Z] [INFO] Killing Python browser process...
[2026-01-30T18:46:23.393Z] [INFO] Closing Local Proxy Chain...
[2026-01-30T18:46:23.397Z] [INFO] Browser closed
[2026-01-30T18:46:24.342Z] [INFO] Generated Email: tiktok33bwk87j@virgilian.com
[2026-01-30T18:46:24.345Z] [INFO] 🛑 Checking for Fresh IP before launching...
[2026-01-30T18:46:26.022Z] [SUCCESS] ✅ Fresh IP Found: 188.85.192.171
[2026-01-30T18:46:26.023Z] [INFO] 🔗 Starting Local Proxy Chain to handle Auth...
[2026-01-30T18:46:26.024Z] [SUCCESS] ✅ Local Proxy Started: http://127.0.0.1:60269 -> Forwards to http://qkgiufyj-rotate:nqc828z...
[2026-01-30T18:46:26.024Z] [INFO] 🚀 Launching SeleniumBase via Python Bridge...
[2026-01-30T18:46:26.024Z] [INFO] Starting Python Browser Launcher: /Users/mac/Desktop/My Work/Tiktok_account_automation/bot/src/utils/browserLauncher.py
[2026-01-30T18:46:26.025Z] [INFO] 🔌 Connecting with proxy: http://127.0.0.1:60269
[2026-01-30T18:46:28.823Z] [INFO] Attached to existing page
[2026-01-30T18:46:28.824Z] [INFO] 🌍 Syncing fingerprint with Proxy IP...
[2026-01-30T18:46:32.030Z] [INFO] Navigating to https://www.tiktok.com/signup/phone-or-email/email...
