[2026-02-12T11:50:17.966Z] [INFO] 🚀 Auto-starting job injection (Testing Mode)...
[2026-02-12T11:50:18.070Z] [INFO] ✅ Queue obliterated.
[2026-02-12T11:50:18.071Z] [INFO] 🔧 [DEV] Injecting Fresh Test Job...
[2026-02-12T11:50:18.084Z] [INFO] Processing new job
{
  "accountId": 2396,
  "batchId": 61,
  "jobId": "1"
}
[2026-02-12T11:50:18.090Z] [INFO] Starting account creation for Account ID: 2396 (Attempt 1/3)
[2026-02-12T11:50:18.419Z] [SUCCESS] ✅ [DEV] Injected New Batch 61 with 100 jobs.
[2026-02-12T11:50:19.142Z] [INFO] Generated Email: tiktokcrtr6gdo@dollicons.com
[2026-02-12T11:50:19.145Z] [SUCCESS] ✅ Saved credentials: email=tiktokcrtr6gdo@dollicons.com, password length=11, DOB=1990-09-22
[2026-02-12T11:50:19.145Z] [INFO] 🛑 Checking for Fresh IP before launching... (Attempt 1)
[2026-02-12T11:50:20.768Z] [SUCCESS] ✅ Fresh IP Found: 78.56.25.25
[2026-02-12T11:50:20.768Z] [INFO] 🔗 Starting Local Proxy Chain...
[2026-02-12T11:50:20.772Z] [SUCCESS] ✅ Local Proxy Started: http://127.0.0.1:60347
[2026-02-12T11:50:20.772Z] [INFO] 🚀 Launching SeleniumBase via Python Bridge...
[2026-02-12T11:50:20.772Z] [INFO] Starting Python Browser Launcher: /Users/mac/Desktop/My Work/Tiktok_account_automation/bot/src/utils/browserLauncher.py
[2026-02-12T11:50:20.773Z] [INFO] 🔌 Connecting with proxy: http://127.0.0.1:60347
[2026-02-12T11:50:26.550Z] [INFO] ✅ Browser Connected
[2026-02-12T11:50:26.550Z] [INFO] 🌍 Syncing fingerprint with Proxy IP...
[2026-02-12T11:50:29.569Z] [INFO] 🌍 Fetching accurate IP location info...
[2026-02-12T11:50:30.298Z] [ERROR] ❌ IP Validation Failed: ❌ Proxy Check Failed: Could not fetch IP info (Empty Response).
[2026-02-12T11:50:30.299Z] [ERROR] Failed to create account (Attempt 1/3)
{
  "accountId": 2396,
  "error": "ProxyValidationFailed: ❌ Proxy Check Failed: Could not fetch IP info (Empty Response).",
  "stack": "Error: ProxyValidationFailed: ❌ Proxy Check Failed: Could not fetch IP info (Empty Response).\n    at createTikTokAccount (file:///Users/mac/Desktop/My%20Work/Tiktok_account_automation/bot/src/automation/tiktokSignup.js:318:19)\n    at async Queue.<anonymous> (file:///Users/mac/Desktop/My%20Work/Tiktok_account_automation/bot/src/worker.js:148:24)"
}
[2026-02-12T11:50:30.300Z] [WARNING] ⚠️ Proxy-related error detected. Skipping debug wait...
[2026-02-12T11:50:30.300Z] [INFO] 🔄 Retrying immediately with fresh proxy...
[2026-02-12T11:50:30.301Z] [INFO] Retrying account creation... (Attempt 2/3)
[2026-02-12T11:50:32.989Z] [INFO] Starting account creation for Account ID: 2396 (Attempt 2/3)
[2026-02-12T11:50:33.007Z] [INFO] Killing Python browser process...
[2026-02-12T11:50:33.008Z] [INFO] Closing Local Proxy Chain...
[2026-02-12T11:50:33.009Z] [INFO] Browser closed
[2026-02-12T11:50:33.977Z] [INFO] Generated Email: tiktokgvwwbtj7@dollicons.com
[2026-02-12T11:50:33.980Z] [SUCCESS] ✅ Saved credentials: email=tiktokgvwwbtj7@dollicons.com, password length=12, DOB=1978-01-19
[2026-02-12T11:50:33.980Z] [INFO] 🛑 Checking for Fresh IP before launching... (Attempt 1)
[2026-02-12T11:50:37.523Z] [SUCCESS] ✅ Fresh IP Found: 61.227.133.158
[2026-02-12T11:50:37.523Z] [INFO] 🔗 Starting Local Proxy Chain...
[2026-02-12T11:50:37.524Z] [SUCCESS] ✅ Local Proxy Started: http://127.0.0.1:60429
[2026-02-12T11:50:37.525Z] [INFO] 🚀 Launching SeleniumBase via Python Bridge...
[2026-02-12T11:50:37.525Z] [INFO] Starting Python Browser Launcher: /Users/mac/Desktop/My Work/Tiktok_account_automation/bot/src/utils/browserLauncher.py
[2026-02-12T11:50:37.525Z] [INFO] 🔌 Connecting with proxy: http://127.0.0.1:60429
[2026-02-12T11:50:39.580Z] [INFO] ✅ Browser Connected
[2026-02-12T11:50:39.581Z] [INFO] 🌍 Syncing fingerprint with Proxy IP...
[2026-02-12T11:50:42.641Z] [INFO] 🌍 Fetching accurate IP location info...
[2026-02-12T11:50:43.476Z] [ERROR] ❌ IP Validation Failed: ❌ Proxy Check Failed: Could not fetch IP info (Empty Response).
[2026-02-12T11:50:43.476Z] [ERROR] Failed to create account (Attempt 2/3)
{
  "accountId": 2396,
  "error": "ProxyValidationFailed: ❌ Proxy Check Failed: Could not fetch IP info (Empty Response).",
  "stack": "Error: ProxyValidationFailed: ❌ Proxy Check Failed: Could not fetch IP info (Empty Response).\n    at createTikTokAccount (file:///Users/mac/Desktop/My%20Work/Tiktok_account_automation/bot/src/automation/tiktokSignup.js:318:19)\n    at async Queue.<anonymous> (file:///Users/mac/Desktop/My%20Work/Tiktok_account_automation/bot/src/worker.js:148:24)"
}
[2026-02-12T11:50:43.478Z] [WARNING] ⚠️ Proxy-related error detected. Skipping debug wait...
[2026-02-12T11:50:43.478Z] [INFO] 🔄 Retrying immediately with fresh proxy...
[2026-02-12T11:50:43.478Z] [INFO] Retrying account creation... (Attempt 3/3)
[2026-02-12T11:50:46.338Z] [INFO] Starting account creation for Account ID: 2396 (Attempt 3/3)
[2026-02-12T11:50:46.349Z] [INFO] Killing Python browser process...
[2026-02-12T11:50:46.349Z] [INFO] Closing Local Proxy Chain...
[2026-02-12T11:50:46.350Z] [INFO] Browser closed
[2026-02-12T11:50:47.277Z] [INFO] Generated Email: tiktokeg53t8ge@dollicons.com
[2026-02-12T11:50:47.279Z] [SUCCESS] ✅ Saved credentials: email=tiktokeg53t8ge@dollicons.com, password length=16, DOB=1987-10-06
[2026-02-12T11:50:47.279Z] [INFO] 🛑 Checking for Fresh IP before launching... (Attempt 1)
[2026-02-12T11:50:48.598Z] [SUCCESS] ✅ Fresh IP Found: 195.205.75.245
[2026-02-12T11:50:48.599Z] [INFO] 🔗 Starting Local Proxy Chain...
[2026-02-12T11:50:48.600Z] [SUCCESS] ✅ Local Proxy Started: http://127.0.0.1:60504
[2026-02-12T11:50:48.600Z] [INFO] 🚀 Launching SeleniumBase via Python Bridge...
[2026-02-12T11:50:48.600Z] [INFO] Starting Python Browser Launcher: /Users/mac/Desktop/My Work/Tiktok_account_automation/bot/src/utils/browserLauncher.py
[2026-02-12T11:50:48.600Z] [INFO] 🔌 Connecting with proxy: http://127.0.0.1:60504
[2026-02-12T11:50:50.637Z] [INFO] ✅ Browser Connected
[2026-02-12T11:50:50.637Z] [INFO] 🌍 Syncing fingerprint with Proxy IP...
[2026-02-12T11:50:55.496Z] [SUCCESS] ✅ Proxy Sync Success: IP=113.211.99.105 | TZ=Asia/Kuala_Lumpur
[2026-02-12T11:50:55.496Z] [INFO] 🌍 Fetching accurate IP location info...
[2026-02-12T11:50:58.283Z] [SUCCESS] ✅ IP Info Captured: 41.212.82.184 | Nairobi, Kenya (Wananchi Group (K) LTD)
[2026-02-12T11:50:58.285Z] [SUCCESS] ✅ IP data saved to database: 41.212.82.184
[2026-02-12T11:50:58.288Z] [INFO] Navigating to https://www.tiktok.com/signup/phone-or-email/email...
[2026-02-12T11:51:04.345Z] [INFO] 🔍 Checking if page loaded successfully...
[2026-02-12T11:51:04.352Z] [SUCCESS] ✅ Page loaded successfully!
[2026-02-12T11:51:04.355Z] [INFO] 🌍 Checking public IP & Location...
[2026-02-12T11:51:04.361Z] [INFO] ✅ IP: Unknown | 📍 Location: Unknown
[2026-02-12T11:51:04.361Z] [INFO] ℹ️  Keeping previously saved IP data (secondary check failed)
[2026-02-12T11:51:04.362Z] [INFO] ⏳ Waiting for page to fully load...
[2026-02-12T11:51:27.684Z] [INFO] On signup page - HYBRID FLOW STARTED
[2026-02-12T11:51:30.932Z] [INFO] 🎂 Filling date of birth...
[2026-02-12T11:51:30.933Z] [INFO] Step 1: Opening Month dropdown...
[2026-02-12T11:51:38.523Z] [SUCCESS] ✅ Selected month: 10
[2026-02-12T11:51:40.918Z] [INFO] Step 2: Opening Day dropdown...
[2026-02-12T11:51:47.681Z] [SUCCESS] ✅ Selected day: 06
[2026-02-12T11:51:51.222Z] [INFO] Step 3: Opening Year dropdown...
[2026-02-12T11:51:57.565Z] [SUCCESS] ✅ Selected year: 1987
[2026-02-12T11:51:57.566Z] [SUCCESS] 🎂 Date of birth selection completed!
[2026-02-12T11:51:58.663Z] [INFO] Filling email address...
[2026-02-12T11:52:03.401Z] [SUCCESS] Entered email: tiktokeg53t8ge@dollicons.com
[2026-02-12T11:52:05.216Z] [INFO] Clicking outside to close email suggestions...
[2026-02-12T11:52:07.179Z] [INFO] Filling password...
[2026-02-12T11:52:10.361Z] [SUCCESS] Entered password
[2026-02-12T11:52:12.758Z] [INFO] Thinking: Clicking "Send code" button...
[2026-02-12T11:52:14.524Z] [INFO] Attempt 1: Clicking Send Code...
[2026-02-12T11:52:17.621Z] [INFO] Attempt 2: Clicking Send Code...
[2026-02-12T11:52:20.097Z] [SUCCESS] ✅ Successfully clicked "Send code"
[2026-02-12T11:52:20.097Z] [INFO] ⏳ Waiting for OTP in mail.tm inbox (Do not close browser)...
[2026-02-12T11:52:31.057Z] [INFO] ✅ Got Code: 011286
[2026-02-12T11:52:31.058Z] [INFO] Entering verification code...
[2026-02-12T11:52:39.677Z] [SUCCESS] ✅ Entered verification code successfully
[2026-02-12T11:52:40.992Z] [INFO] Clicking submit/next button...
[2026-02-12T11:52:41.029Z] [SUCCESS] ✅ Clicked submit button
[2026-02-12T11:52:45.776Z] [INFO] 🔍 Checking for signup errors after submit...
[2026-02-12T11:52:45.780Z] [ERROR] ❌ CRITICAL SIGNUP ERROR DETECTED: Maximum number of attempts reached
[2026-02-12T11:52:45.780Z] [ERROR] 🚫 Proxy has been detected/blocked by TikTok!
[2026-02-12T11:52:45.780Z] [ERROR] 🔄 Closing browser immediately to retry with fresh proxy...
[2026-02-12T11:52:45.780Z] [ERROR] Failed to create account (Attempt 3/3)
{
  "accountId": 2396,
  "error": "Proxy Blocked: Maximum number of attempts reached",
  "stack": "Error: Proxy Blocked: Maximum number of attempts reached\n    at createTikTokAccount (file:///Users/mac/Desktop/My%20Work/Tiktok_account_automation/bot/src/automation/tiktokSignup.js:809:39)\n    at async Queue.<anonymous> (file:///Users/mac/Desktop/My%20Work/Tiktok_account_automation/bot/src/worker.js:148:24)"
}
[2026-02-12T11:52:45.782Z] [WARNING] ⚠️ Proxy-related error detected. Skipping debug wait...
[2026-02-12T11:52:45.782Z] [INFO] 🔄 Retrying immediately with fresh proxy...
[2026-02-12T11:52:45.791Z] [INFO] Killing Python browser process...
[2026-02-12T11:52:45.792Z] [INFO] Closing Local Proxy Chain...
[2026-02-12T11:52:45.793Z] [INFO] Browser closed
[2026-02-12T11:52:45.804Z] [INFO] Waiting 7.11 minutes before next account creation...
