[2026-01-20T18:56:13.768Z] [INFO] 🧹 Cleaning old jobs from queue...
[2026-01-20T18:56:13.877Z] [INFO] ✅ Queue cleared. Checking for new injection...
[2026-01-20T18:56:13.881Z] [INFO] 🔧 [DEV] Queue empty. Injecting Test Job...
[2026-01-20T18:56:13.899Z] [SUCCESS] ✅ [DEV] Injected New Job: Account 30 (Batch 12)
[2026-01-20T18:56:13.900Z] [INFO] Processing new job
{
  "accountId": 30,
  "batchId": 12,
  "jobId": "30"
}
[2026-01-20T18:56:13.902Z] [INFO] Starting account creation for Account ID: 30 (Attempt 1/3)
[2026-01-20T18:56:14.789Z] [INFO] Generated Email: tiktok0dftbfqb@virgilian.com
[2026-01-20T18:56:14.793Z] [INFO] 🚀 Launching SeleniumBase via Python Bridge...
[2026-01-20T18:56:14.794Z] [INFO] Starting Python Browser Launcher: /Users/mac/Desktop/My Work/Tiktok_account_automation/bot/src/utils/browserLauncher.py
[2026-01-20T18:56:14.794Z] [INFO] 🔌 Connecting with proxy: http://kajhhcdk-rotate:****@p.webshare.io:80
[2026-01-20T18:56:17.565Z] [INFO] ✅ Connected to CDP Endpoint: ws://127.0.0.1:9222/devtools/browser/3aab2b5d-dc06-48e2-9c6b-f1fad4af50da
[2026-01-20T18:56:17.646Z] [INFO] Attached to existing page
[2026-01-20T18:56:17.706Z] [INFO] Navigating to https://www.tiktok.com/signup/phone-or-email/email...
[2026-01-20T18:56:19.440Z] [INFO] 🌍 Checking public IP & Location...
[2026-01-20T18:56:19.450Z] [INFO] ✅ IP: Unknown | 📍 Location: Unknown
[2026-01-20T18:56:19.453Z] [INFO] ⏳ Waiting for page to fully load...
[2026-01-20T18:56:30.610Z] [INFO] On signup page - HYBRID FLOW STARTED
[2026-01-20T18:56:34.273Z] [INFO] 🎂 Filling date of birth...
[2026-01-20T18:56:34.274Z] [INFO] Step 1: Opening Month dropdown...
[2026-01-20T18:56:41.304Z] [SUCCESS] ✅ Selected month: 10
[2026-01-20T18:56:44.596Z] [INFO] Step 2: Opening Day dropdown...
[2026-01-20T18:56:51.293Z] [SUCCESS] ✅ Selected day: 27
[2026-01-20T18:56:55.231Z] [INFO] Step 3: Opening Year dropdown...
[2026-01-20T18:57:00.433Z] [SUCCESS] ✅ Selected year: 2005
[2026-01-20T18:57:00.433Z] [SUCCESS] 🎂 Date of birth selection completed!
[2026-01-20T18:57:02.198Z] [INFO] Filling email address...
[2026-01-20T18:57:06.703Z] [SUCCESS] Entered email: tiktok0dftbfqb@virgilian.com
[2026-01-20T18:57:09.384Z] [INFO] Clicking outside to close email suggestions...
[2026-01-20T18:57:11.139Z] [INFO] Filling password...
[2026-01-20T18:57:13.893Z] [SUCCESS] Entered password
[2026-01-20T18:57:16.073Z] [INFO] Thinking: Clicking "Send code" button...
[2026-01-20T18:57:18.238Z] [INFO] Attempt 1: Clicking Send Code...
[2026-01-20T18:57:21.616Z] [INFO] Attempt 2: Clicking Send Code...
[2026-01-20T18:57:24.560Z] [SUCCESS] ✅ Successfully clicked "Send code"
[2026-01-20T18:57:24.561Z] [INFO] ⏳ Waiting for OTP in mail.tm inbox (Do not close browser)...
[2026-01-20T18:57:51.822Z] [INFO] ✅ Got Code: 524653
[2026-01-20T18:57:51.823Z] [INFO] Entering verification code...
[2026-01-20T18:58:00.252Z] [SUCCESS] ✅ Entered verification code successfully
[2026-01-20T18:58:01.569Z] [INFO] Clicking submit/next button...
[2026-01-20T18:58:01.608Z] [SUCCESS] ✅ Clicked submit button
[2026-01-20T18:58:04.652Z] [SUCCESS] ✅ Clicked submit button
[2026-01-20T18:58:09.523Z] [SUCCESS] ✅ Clicked submit button
[2026-01-20T18:58:13.226Z] [INFO] Waiting for post-signup state...
[2026-01-20T18:58:13.241Z] [INFO] 🔥 Starting Account Warm-up Phase...
[2026-01-20T18:58:16.846Z] [INFO] 🔥 Will perform 7 scroll/watch actions
[2026-01-20T18:58:16.846Z] [INFO] Action 1/7: Watching video...
[2026-01-20T18:58:21.971Z] [INFO] ⬇️ Scrolling to next video...
[2026-01-20T18:58:25.220Z] [INFO] Action 2/7: Watching video...
[2026-01-20T18:58:33.925Z] [INFO] ⬇️ Scrolling to next video...
[2026-01-20T18:58:37.180Z] [INFO] Action 3/7: Watching video...
[2026-01-20T18:58:46.280Z] [INFO] ⬇️ Scrolling to next video...
[2026-01-20T18:58:49.898Z] [INFO] Action 4/7: Watching video...
[2026-01-20T18:59:04.451Z] [INFO] ❤️ Randomly liking video...
[2026-01-20T18:59:04.474Z] [INFO] ⬇️ Scrolling to next video...
[2026-01-20T18:59:08.295Z] [INFO] Action 5/7: Watching video...
[2026-01-20T18:59:18.782Z] [INFO] ❤️ Randomly liking video...
[2026-01-20T18:59:18.792Z] [INFO] ⬇️ Scrolling to next video...
[2026-01-20T18:59:20.982Z] [INFO] Action 6/7: Watching video...
[2026-01-20T18:59:30.232Z] [INFO] ⬇️ Scrolling to next video...
[2026-01-20T18:59:33.230Z] [INFO] Action 7/7: Watching video...
[2026-01-20T18:59:41.324Z] [INFO] ⬇️ Scrolling to next video...
[2026-01-20T18:59:45.203Z] [SUCCESS] ✅ Account Warm-up Completed!
[2026-01-20T18:59:45.208Z] [SUCCESS] 🎉 Signup flow finished. ID: 30
[2026-01-20T18:59:45.321Z] [INFO] Killing Python browser process...
[2026-01-20T18:59:45.321Z] [INFO] Browser closed
[2026-01-20T18:59:45.326Z] [SUCCESS] Batch 12 completed!
{
  "totalSuccess": 1,
  "totalFailed": 0
}
[2026-01-20T18:59:45.328Z] [INFO] Waiting 8.55 minutes before next account creation...
[2026-01-20T19:04:15.349Z] [INFO] 🧹 Cleaning old jobs from queue...
[2026-01-20T19:04:15.449Z] [INFO] ✅ Queue cleared. Checking for new injection...
[2026-01-20T19:04:15.452Z] [INFO] 🔧 [DEV] Queue empty. Injecting Test Job...
[2026-01-20T19:04:15.460Z] [SUCCESS] ✅ [DEV] Injected New Job: Account 31 (Batch 13)
[2026-01-20T19:04:15.462Z] [INFO] Processing new job
{
  "accountId": 31,
  "batchId": 13,
  "jobId": "31"
}
[2026-01-20T19:04:15.463Z] [INFO] Starting account creation for Account ID: 31 (Attempt 1/3)
[2026-01-20T19:04:16.653Z] [INFO] Generated Email: tiktok094agruq@virgilian.com
[2026-01-20T19:04:16.657Z] [INFO] 🚀 Launching SeleniumBase via Python Bridge...
[2026-01-20T19:04:16.658Z] [INFO] Starting Python Browser Launcher: /Users/mac/Desktop/My Work/Tiktok_account_automation/bot/src/utils/browserLauncher.py
[2026-01-20T19:04:16.658Z] [INFO] 🔌 Connecting with proxy: http://kajhhcdk-rotate:****@p.webshare.io:80
[2026-01-20T19:04:19.401Z] [INFO] ✅ Connected to CDP Endpoint: ws://127.0.0.1:9222/devtools/browser/e2646cd1-2bff-475b-9fd3-ea98cca6342a
[2026-01-20T19:04:19.475Z] [INFO] Attached to existing page
[2026-01-20T19:04:19.519Z] [INFO] Navigating to https://www.tiktok.com/signup/phone-or-email/email...
[2026-01-20T19:04:20.848Z] [INFO] 🌍 Checking public IP & Location...
[2026-01-20T19:04:21.376Z] [INFO] ✅ IP: Unknown | 📍 Location: Unknown
[2026-01-20T19:04:21.380Z] [INFO] ⏳ Waiting for page to fully load...
[2026-01-20T19:04:32.399Z] [INFO] On signup page - HYBRID FLOW STARTED
[2026-01-20T19:04:34.854Z] [INFO] 🎂 Filling date of birth...
[2026-01-20T19:04:34.854Z] [INFO] Step 1: Opening Month dropdown...
[2026-01-20T19:04:46.742Z] [SUCCESS] ✅ Selected month: 07
[2026-01-20T19:04:48.835Z] [INFO] Step 2: Opening Day dropdown...
[2026-01-20T19:04:58.245Z] [SUCCESS] ✅ Selected day: 23
[2026-01-20T19:05:01.269Z] [INFO] Step 3: Opening Year dropdown...
[2026-01-20T19:05:07.743Z] [SUCCESS] ✅ Selected year: 2004
[2026-01-20T19:05:07.744Z] [SUCCESS] 🎂 Date of birth selection completed!
[2026-01-20T19:05:09.109Z] [INFO] Filling email address...
[2026-01-20T19:05:14.203Z] [SUCCESS] Entered email: tiktok094agruq@virgilian.com
[2026-01-20T19:05:15.725Z] [INFO] Clicking outside to close email suggestions...
[2026-01-20T19:05:17.270Z] [INFO] Filling password...
[2026-01-20T19:05:21.125Z] [SUCCESS] Entered password
[2026-01-20T19:05:24.130Z] [INFO] Thinking: Clicking "Send code" button...
[2026-01-20T19:05:26.380Z] [INFO] Attempt 1: Clicking Send Code...
[2026-01-20T19:05:29.120Z] [INFO] Attempt 2: Clicking Send Code...
[2026-01-20T19:05:31.722Z] [SUCCESS] ✅ Successfully clicked "Send code"
[2026-01-20T19:05:31.723Z] [INFO] ⏳ Waiting for OTP in mail.tm inbox (Do not close browser)...
[2026-01-20T19:05:45.156Z] [INFO] ✅ Got Code: 716240
[2026-01-20T19:05:45.156Z] [INFO] Entering verification code...
[2026-01-20T19:05:53.876Z] [SUCCESS] ✅ Entered verification code successfully
[2026-01-20T19:05:55.407Z] [INFO] Clicking submit/next button...
[2026-01-20T19:05:55.443Z] [SUCCESS] ✅ Clicked submit button
[2026-01-20T19:05:58.978Z] [SUCCESS] ✅ Clicked submit button
[2026-01-20T19:06:02.604Z] [INFO] Waiting for post-signup state...
[2026-01-20T19:06:02.611Z] [INFO] 👤 "Create Username" step detected
[2026-01-20T19:06:02.612Z] [INFO] Attempt 1: Trying username DarkGhost4795
[2026-01-20T19:06:02.613Z] [WARNING] Username step skipped: usernameInput.click is not a function
[2026-01-20T19:06:02.613Z] [INFO] 🔥 Starting Account Warm-up Phase...
[2026-01-20T19:06:07.049Z] [INFO] 🔥 Will perform 5 scroll/watch actions
[2026-01-20T19:06:07.050Z] [INFO] Action 1/5: Watching video...
[2026-01-20T19:06:15.767Z] [INFO] ⬇️ Scrolling to next video...
[2026-01-20T19:06:18.493Z] [INFO] Action 2/5: Watching video...
[2026-01-20T19:06:26.860Z] [INFO] ❤️ Randomly liking video...
[2026-01-20T19:06:27.246Z] [INFO] ⬇️ Scrolling to next video...
[2026-01-20T19:06:30.957Z] [INFO] Action 3/5: Watching video...
[2026-01-20T19:06:42.560Z] [INFO] ⬇️ Scrolling to next video...
[2026-01-20T19:06:46.328Z] [INFO] Action 4/5: Watching video...
[2026-01-20T19:06:58.539Z] [INFO] ⬇️ Scrolling to next video...
[2026-01-20T19:06:58.541Z] [ERROR] ❌ Warm-up failed: keyboard.press: Target page, context or browser has been closed
[2026-01-20T19:06:58.542Z] [ERROR] Failed to create account (Attempt 1/3)
{
  "accountId": 31,
  "error": "page.evaluate: Target page, context or browser has been closed",
  "stack": "page.evaluate: Target page, context or browser has been closed\n    at createTikTokAccount (/Users/mac/Desktop/My Work/Tiktok_account_automation/bot/src/automation/tiktokSignup.js:604:36)\n    at async Queue.<anonymous> (/Users/mac/Desktop/My Work/Tiktok_account_automation/bot/src/worker.js:92:24)"
}
[2026-01-20T19:06:58.544Z] [INFO] ⚠️ Error occurred. KEEPING BROWSER OPEN for 60 seconds for inspection...
[2026-01-20T19:06:58.545Z] [INFO] Retrying account creation... (Attempt 2/3)
[2026-01-20T19:07:03.973Z] [INFO] Starting account creation for Account ID: 31 (Attempt 2/3)
[2026-01-20T19:07:03.980Z] [INFO] Killing Python browser process...
[2026-01-20T19:07:03.981Z] [INFO] Browser closed
[2026-01-20T19:07:04.985Z] [INFO] Generated Email: tiktok9mfvttme@virgilian.com
[2026-01-20T19:07:04.988Z] [INFO] 🚀 Launching SeleniumBase via Python Bridge...
[2026-01-20T19:07:04.989Z] [INFO] Starting Python Browser Launcher: /Users/mac/Desktop/My Work/Tiktok_account_automation/bot/src/utils/browserLauncher.py
[2026-01-20T19:07:04.989Z] [INFO] 🔌 Connecting with proxy: http://kajhhcdk-rotate:****@p.webshare.io:80
[2026-01-20T19:07:07.548Z] [INFO] ✅ Connected to CDP Endpoint: ws://127.0.0.1:9222/devtools/browser/beead8b7-c6b7-4587-b7a3-f0347cab09f5
[2026-01-20T19:07:07.576Z] [INFO] Attached to existing page
[2026-01-20T19:07:07.612Z] [INFO] Navigating to https://www.tiktok.com/signup/phone-or-email/email...
[2026-01-20T19:07:10.378Z] [INFO] 🌍 Checking public IP & Location...
[2026-01-20T19:07:10.385Z] [INFO] ✅ IP: Unknown | 📍 Location: Unknown
[2026-01-20T19:07:10.386Z] [INFO] ⏳ Waiting for page to fully load...
[2026-01-20T19:07:30.012Z] [INFO] On signup page - HYBRID FLOW STARTED
[2026-01-20T19:07:33.498Z] [INFO] 🎂 Filling date of birth...
[2026-01-20T19:07:33.499Z] [INFO] Step 1: Opening Month dropdown...
[2026-01-20T19:08:37.718Z] [ERROR] ❌ DOB error:
"mouse.move: Target page, context or browser has been closed"
[2026-01-20T19:08:38.880Z] [INFO] Filling email address...
[2026-01-20T19:08:38.882Z] [ERROR] Failed to create account (Attempt 2/3)
{
  "accountId": 31,
  "error": "page.$: Target page, context or browser has been closed",
  "stack": "page.$: Target page, context or browser has been closed\n    at createTikTokAccount (/Users/mac/Desktop/My Work/Tiktok_account_automation/bot/src/automation/tiktokSignup.js:265:28)\n    at async Queue.<anonymous> (/Users/mac/Desktop/My Work/Tiktok_account_automation/bot/src/worker.js:92:24)"
}
[2026-01-20T19:08:38.884Z] [INFO] ⚠️ Error occurred. KEEPING BROWSER OPEN for 60 seconds for inspection...
[2026-01-20T19:08:38.885Z] [INFO] Retrying account creation... (Attempt 3/3)
[2026-01-20T19:08:45.263Z] [INFO] Starting account creation for Account ID: 31 (Attempt 3/3)
[2026-01-20T19:08:45.270Z] [INFO] Killing Python browser process...
[2026-01-20T19:08:45.270Z] [INFO] Browser closed
[2026-01-20T19:08:46.468Z] [INFO] Generated Email: tiktokhqsbcg0z@virgilian.com
[2026-01-20T19:08:46.470Z] [INFO] 🚀 Launching SeleniumBase via Python Bridge...
[2026-01-20T19:08:46.471Z] [INFO] Starting Python Browser Launcher: /Users/mac/Desktop/My Work/Tiktok_account_automation/bot/src/utils/browserLauncher.py
[2026-01-20T19:08:46.471Z] [INFO] 🔌 Connecting with proxy: http://kajhhcdk-rotate:****@p.webshare.io:80
[2026-01-20T19:08:48.503Z] [INFO] ✅ Connected to CDP Endpoint: ws://127.0.0.1:9222/devtools/browser/78ae905f-6d30-4736-8896-87083060a1e3
[2026-01-20T19:08:48.529Z] [INFO] Attached to existing page
[2026-01-20T19:08:48.570Z] [INFO] Navigating to https://www.tiktok.com/signup/phone-or-email/email...
[2026-01-20T19:08:49.707Z] [INFO] 🌍 Checking public IP & Location...
[2026-01-20T19:08:49.714Z] [INFO] ✅ IP: Unknown | 📍 Location: Unknown
[2026-01-20T19:08:49.714Z] [INFO] ⏳ Waiting for page to fully load...
[2026-01-20T19:09:00.701Z] [INFO] On signup page - HYBRID FLOW STARTED
[2026-01-20T19:09:03.998Z] [INFO] 🎂 Filling date of birth...
[2026-01-20T19:09:03.998Z] [INFO] Step 1: Opening Month dropdown...
[2026-01-20T19:09:11.822Z] [SUCCESS] ✅ Selected month: 11
[2026-01-20T19:09:14.629Z] [INFO] Step 2: Opening Day dropdown...
[2026-01-20T19:09:20.962Z] [SUCCESS] ✅ Selected day: 17
[2026-01-20T19:09:23.024Z] [INFO] Step 3: Opening Year dropdown...
[2026-01-20T19:09:28.627Z] [SUCCESS] ✅ Selected year: 2002
[2026-01-20T19:09:28.628Z] [SUCCESS] 🎂 Date of birth selection completed!
[2026-01-20T19:09:29.935Z] [INFO] Filling email address...
[2026-01-20T19:09:34.165Z] [SUCCESS] Entered email: tiktokhqsbcg0z@virgilian.com
[2026-01-20T19:09:36.151Z] [INFO] Clicking outside to close email suggestions...
[2026-01-20T19:09:38.109Z] [INFO] Filling password...
[2026-01-20T19:09:41.018Z] [SUCCESS] Entered password
[2026-01-20T19:09:44.008Z] [INFO] Thinking: Clicking "Send code" button...
[2026-01-20T19:09:45.643Z] [INFO] Attempt 1: Clicking Send Code...
[2026-01-20T19:09:48.721Z] [INFO] Attempt 2: Clicking Send Code...
[2026-01-20T19:09:51.241Z] [SUCCESS] ✅ Successfully clicked "Send code"
[2026-01-20T19:09:51.242Z] [INFO] ⏳ Waiting for OTP in mail.tm inbox (Do not close browser)...
[2026-01-20T19:09:57.245Z] [INFO] ✅ Got Code: 415062
[2026-01-20T19:09:57.246Z] [INFO] Entering verification code...
[2026-01-20T19:10:05.852Z] [SUCCESS] ✅ Entered verification code successfully
[2026-01-20T19:10:07.351Z] [INFO] Clicking submit/next button...
[2026-01-20T19:10:07.388Z] [SUCCESS] ✅ Clicked submit button
[2026-01-20T19:10:10.719Z] [SUCCESS] ✅ Clicked submit button
[2026-01-20T19:10:15.608Z] [INFO] Waiting for post-signup state...
[2026-01-20T19:10:15.614Z] [INFO] 👤 "Create Username" step detected
[2026-01-20T19:10:15.614Z] [INFO] Attempt 1: Trying username epic_sonic5362
[2026-01-20T19:10:15.615Z] [WARNING] Username step skipped: usernameInput.click is not a function
[2026-01-20T19:10:15.615Z] [INFO] 🔥 Starting Account Warm-up Phase...
[2026-01-20T19:10:19.521Z] [INFO] 🔥 Will perform 5 scroll/watch actions
[2026-01-20T19:10:19.522Z] [INFO] Action 1/5: Watching video...
[2026-01-20T19:10:27.603Z] [INFO] ❤️ Randomly liking video...
[2026-01-20T19:10:27.611Z] [INFO] ⬇️ Scrolling to next video...
[2026-01-20T19:10:29.952Z] [INFO] Action 2/5: Watching video...
[2026-01-20T19:10:38.076Z] [INFO] ⬇️ Scrolling to next video...
[2026-01-20T19:10:41.755Z] [INFO] Action 3/5: Watching video...
[2026-01-20T19:14:56.260Z] [INFO] 🧹 Cleaning old jobs from queue...
[2026-01-20T19:14:56.280Z] [INFO] ✅ Queue cleared. Checking for new injection...
[2026-01-20T19:14:56.282Z] [INFO] 🔧 [DEV] Queue empty. Injecting Test Job...
[2026-01-20T19:14:56.290Z] [SUCCESS] ✅ [DEV] Injected New Job: Account 32 (Batch 14)
[2026-01-20T19:14:56.333Z] [INFO] Processing new job
{
  "accountId": 32,
  "batchId": 14,
  "jobId": "32"
}
[2026-01-20T19:14:56.335Z] [INFO] Starting account creation for Account ID: 32 (Attempt 1/3)
[2026-01-20T19:14:57.524Z] [INFO] Generated Email: tiktokts9t2bv8@virgilian.com
[2026-01-20T19:14:57.528Z] [INFO] 🚀 Launching SeleniumBase via Python Bridge...
[2026-01-20T19:14:57.529Z] [INFO] Starting Python Browser Launcher: /Users/mac/Desktop/My Work/Tiktok_account_automation/bot/src/utils/browserLauncher.py
[2026-01-20T19:14:57.529Z] [INFO] 🔌 Connecting with proxy: http://kajhhcdk-rotate:****@p.webshare.io:80
[2026-01-20T19:14:59.646Z] [INFO] ✅ Connected to CDP Endpoint: ws://127.0.0.1:9222/devtools/browser/1052240d-9ad7-438e-af08-10428f2317c6
[2026-01-20T19:14:59.724Z] [INFO] Attached to existing page
[2026-01-20T19:14:59.767Z] [INFO] Navigating to https://www.tiktok.com/signup/phone-or-email/email...
[2026-01-20T19:15:01.828Z] [INFO] 🌍 Checking public IP & Location...
[2026-01-20T19:15:01.837Z] [INFO] ✅ IP: Unknown | 📍 Location: Unknown
[2026-01-20T19:15:01.838Z] [INFO] ⏳ Waiting for page to fully load...
[2026-01-20T19:15:23.001Z] [INFO] On signup page - HYBRID FLOW STARTED
[2026-01-20T19:15:26.090Z] [INFO] 🎂 Filling date of birth...
[2026-01-20T19:15:26.091Z] [INFO] Step 1: Opening Month dropdown...
[2026-01-20T19:15:34.376Z] [SUCCESS] ✅ Selected month: 08
[2026-01-20T19:15:38.240Z] [INFO] Step 2: Opening Day dropdown...
[2026-01-20T19:15:45.815Z] [SUCCESS] ✅ Selected day: 13
[2026-01-20T19:15:49.767Z] [INFO] Step 3: Opening Year dropdown...
[2026-01-20T19:15:55.189Z] [SUCCESS] ✅ Selected year: 1996
[2026-01-20T19:15:55.189Z] [SUCCESS] 🎂 Date of birth selection completed!
[2026-01-20T19:15:56.266Z] [INFO] Filling email address...
[2026-01-20T19:16:01.214Z] [SUCCESS] Entered email: tiktokts9t2bv8@virgilian.com
[2026-01-20T19:16:04.061Z] [INFO] Clicking outside to close email suggestions...
[2026-01-20T19:16:05.310Z] [INFO] Filling password...
[2026-01-20T19:16:08.187Z] [SUCCESS] Entered password
[2026-01-20T19:16:10.363Z] [INFO] Thinking: Clicking "Send code" button...
[2026-01-20T19:16:12.304Z] [INFO] Attempt 1: Clicking Send Code...
[2026-01-20T19:16:15.414Z] [INFO] Attempt 2: Clicking Send Code...
[2026-01-20T19:16:17.913Z] [SUCCESS] ✅ Successfully clicked "Send code"
[2026-01-20T19:16:17.914Z] [INFO] ⏳ Waiting for OTP in mail.tm inbox (Do not close browser)...
[2026-01-20T19:16:23.752Z] [INFO] ✅ Got Code: 058930
[2026-01-20T19:16:23.752Z] [INFO] Entering verification code...
[2026-01-20T19:16:32.267Z] [SUCCESS] ✅ Entered verification code successfully
[2026-01-20T19:16:33.306Z] [INFO] Clicking submit/next button...
[2026-01-20T19:16:33.342Z] [SUCCESS] ✅ Clicked submit button
[2026-01-20T19:16:37.635Z] [SUCCESS] ✅ Clicked submit button
[2026-01-20T19:16:40.912Z] [INFO] Waiting for post-signup state...
[2026-01-20T19:16:40.938Z] [INFO] 👤 "Create Username" step detected
[2026-01-20T19:16:40.939Z] [INFO] Attempt 1: Trying username CosmicWolf7661
[2026-01-20T19:16:40.940Z] [WARNING] Username step skipped: usernameInput.click is not a function
[2026-01-20T19:16:40.941Z] [INFO] 🔥 Starting Account Warm-up Phase...
[2026-01-20T19:16:45.780Z] [INFO] 🔥 Will perform 4 scroll/watch actions
[2026-01-20T19:16:45.780Z] [INFO] Action 1/4: Watching video...
[2026-01-20T19:16:52.776Z] [INFO] ❤️ Randomly liking video...
[2026-01-20T19:16:52.785Z] [INFO] ⬇️ Scrolling to next video...
[2026-01-20T19:16:54.969Z] [INFO] Action 2/4: Watching video...
[2026-01-20T19:17:07.729Z] [INFO] ⬇️ Scrolling to next video...
[2026-01-20T19:17:10.104Z] [INFO] Action 3/4: Watching video...
[2026-01-20T19:17:19.258Z] [INFO] ❤️ Randomly liking video...
[2026-01-20T19:17:21.839Z] [INFO] ⬇️ Scrolling to next video...
[2026-01-20T19:17:25.172Z] [INFO] Action 4/4: Watching video...
[2026-01-20T19:18:21.607Z] [INFO] 🧹 Cleaning old jobs from queue...
[2026-01-20T19:18:21.629Z] [INFO] ✅ Queue cleared. Checking for new injection...
[2026-01-20T19:18:21.631Z] [INFO] 🔧 [DEV] Queue empty. Injecting Test Job...
[2026-01-20T19:18:21.638Z] [SUCCESS] ✅ [DEV] Injected New Job: Account 33 (Batch 15)
[2026-01-20T19:18:21.682Z] [INFO] Processing new job
{
  "accountId": 33,
  "batchId": 15,
  "jobId": "33"
}
[2026-01-20T19:18:21.684Z] [INFO] Starting account creation for Account ID: 33 (Attempt 1/3)
[2026-01-20T19:18:22.891Z] [INFO] Generated Email: tiktokucygclj4@virgilian.com
[2026-01-20T19:18:22.894Z] [INFO] 🚀 Launching SeleniumBase via Python Bridge...
[2026-01-20T19:18:22.895Z] [INFO] Starting Python Browser Launcher: /Users/mac/Desktop/My Work/Tiktok_account_automation/bot/src/utils/browserLauncher.py
[2026-01-20T19:18:22.895Z] [INFO] 🔌 Connecting with proxy: http://kajhhcdk-rotate:****@p.webshare.io:80
[2026-01-20T19:18:24.831Z] [INFO] ✅ Connected to CDP Endpoint: ws://127.0.0.1:9222/devtools/browser/c90c73ee-6602-4fe2-afac-7c0021f36780
[2026-01-20T19:18:24.906Z] [INFO] Attached to existing page
[2026-01-20T19:18:24.951Z] [INFO] Navigating to https://www.tiktok.com/signup/phone-or-email/email...
[2026-01-20T19:18:26.898Z] [INFO] 🌍 Checking public IP & Location...
[2026-01-20T19:18:26.914Z] [INFO] ✅ IP: Unknown | 📍 Location: Unknown
[2026-01-20T19:18:26.915Z] [INFO] ⏳ Waiting for page to fully load...
[2026-01-20T19:18:42.440Z] [INFO] On signup page - HYBRID FLOW STARTED
[2026-01-20T19:18:46.369Z] [INFO] 🎂 Filling date of birth...
[2026-01-20T19:18:46.369Z] [INFO] Step 1: Opening Month dropdown...
[2026-01-20T19:18:54.977Z] [SUCCESS] ✅ Selected month: 07
[2026-01-20T19:18:58.739Z] [INFO] Step 2: Opening Day dropdown...
[2026-01-20T19:19:05.411Z] [SUCCESS] ✅ Selected day: 23
[2026-01-20T19:19:07.673Z] [INFO] Step 3: Opening Year dropdown...
[2026-01-20T19:19:12.193Z] [SUCCESS] ✅ Selected year: 1978
[2026-01-20T19:19:12.197Z] [SUCCESS] 🎂 Date of birth selection completed!
[2026-01-20T19:19:13.317Z] [INFO] Filling email address...
[2026-01-20T19:19:18.317Z] [SUCCESS] Entered email: tiktokucygclj4@virgilian.com
[2026-01-20T19:19:20.951Z] [INFO] Clicking outside to close email suggestions...
[2026-01-20T19:19:22.492Z] [INFO] Filling password...
[2026-01-20T19:19:25.297Z] [SUCCESS] Entered password
[2026-01-20T19:19:27.935Z] [INFO] Thinking: Clicking "Send code" button...
[2026-01-20T19:19:29.539Z] [INFO] Attempt 1: Clicking Send Code...
[2026-01-20T19:19:32.841Z] [INFO] Attempt 2: Clicking Send Code...
[2026-01-20T19:19:35.654Z] [SUCCESS] ✅ Successfully clicked "Send code"
[2026-01-20T19:19:35.654Z] [INFO] ⏳ Waiting for OTP in mail.tm inbox (Do not close browser)...
[2026-01-20T19:20:03.940Z] [INFO] ✅ Got Code: 568839
[2026-01-20T19:20:03.941Z] [INFO] Entering verification code...
[2026-01-20T19:20:12.830Z] [SUCCESS] ✅ Entered verification code successfully
[2026-01-20T19:20:14.570Z] [INFO] Clicking submit/next button...
[2026-01-20T19:20:14.609Z] [SUCCESS] ✅ Clicked submit button
[2026-01-20T19:20:18.304Z] [SUCCESS] ✅ Clicked submit button
[2026-01-20T19:20:22.318Z] [SUCCESS] ✅ Clicked submit button
[2026-01-20T19:20:25.785Z] [INFO] Waiting for post-signup state...
[2026-01-20T19:20:25.799Z] [INFO] 🔥 Starting Account Warm-up Phase...
[2026-01-20T19:20:29.517Z] [INFO] 🔥 Will perform 5 scroll/watch actions
[2026-01-20T19:20:29.518Z] [INFO] Action 1/5: Watching video...
[2026-01-20T19:20:36.701Z] [INFO] ⬇️ Scrolling to next video...
[2026-01-20T19:20:39.446Z] [INFO] Action 2/5: Watching video...
[2026-01-20T19:20:49.016Z] [INFO] ⬇️ Scrolling to next video...
[2026-01-20T19:20:51.935Z] [INFO] Action 3/5: Watching video...
[2026-01-20T19:22:52.481Z] [INFO] 🧹 Cleaning old jobs from queue...
[2026-01-20T19:22:52.503Z] [INFO] ✅ Queue cleared. Checking for new injection...
[2026-01-20T19:22:52.506Z] [INFO] 🔧 [DEV] Queue empty. Injecting Test Job...
[2026-01-20T19:22:52.513Z] [SUCCESS] ✅ [DEV] Injected New Job: Account 34 (Batch 16)
[2026-01-20T19:22:52.514Z] [INFO] Processing new job
{
  "accountId": 34,
  "batchId": 16,
  "jobId": "34"
}
[2026-01-20T19:22:52.516Z] [INFO] Starting account creation for Account ID: 34 (Attempt 1/3)
[2026-01-20T19:22:53.481Z] [INFO] Generated Email: tiktokmez8yhox@virgilian.com
[2026-01-20T19:22:53.485Z] [INFO] 🚀 Launching SeleniumBase via Python Bridge...
[2026-01-20T19:22:53.485Z] [INFO] Starting Python Browser Launcher: /Users/mac/Desktop/My Work/Tiktok_account_automation/bot/src/utils/browserLauncher.py
[2026-01-20T19:22:53.486Z] [INFO] 🔌 Connecting with proxy: http://kajhhcdk-rotate:****@p.webshare.io:80
[2026-01-20T19:22:55.567Z] [INFO] ✅ Connected to CDP Endpoint: ws://127.0.0.1:9222/devtools/browser/153f9d7c-aece-4f4e-90e8-d713dcb58d34
[2026-01-20T19:22:55.651Z] [INFO] Attached to existing page
[2026-01-20T19:22:55.707Z] [INFO] Navigating to https://www.tiktok.com/signup/phone-or-email/email...
[2026-01-20T19:22:56.834Z] [INFO] 🌍 Checking public IP & Location...
[2026-01-20T19:22:56.851Z] [INFO] ✅ IP: Unknown | 📍 Location: Unknown
[2026-01-20T19:22:56.853Z] [INFO] ⏳ Waiting for page to fully load...
[2026-01-20T19:23:07.680Z] [INFO] On signup page - HYBRID FLOW STARTED
[2026-01-20T19:23:11.666Z] [INFO] 🎂 Filling date of birth...
[2026-01-20T19:23:11.667Z] [INFO] Step 1: Opening Month dropdown...
[2026-01-20T19:23:18.998Z] [SUCCESS] ✅ Selected month: 01
[2026-01-20T19:23:22.463Z] [INFO] Step 2: Opening Day dropdown...
[2026-01-20T19:23:28.708Z] [SUCCESS] ✅ Selected day: 22
[2026-01-20T19:23:32.408Z] [INFO] Step 3: Opening Year dropdown...
[2026-01-20T19:23:37.430Z] [SUCCESS] ✅ Selected year: 1999
[2026-01-20T19:23:37.430Z] [SUCCESS] 🎂 Date of birth selection completed!
[2026-01-20T19:23:38.565Z] [INFO] Filling email address...
[2026-01-20T19:23:43.733Z] [SUCCESS] Entered email: tiktokmez8yhox@virgilian.com
[2026-01-20T19:23:46.729Z] [INFO] Clicking outside to close email suggestions...
[2026-01-20T19:23:48.337Z] [INFO] Filling password...
[2026-01-20T19:23:51.230Z] [SUCCESS] Entered password
[2026-01-20T19:23:54.207Z] [INFO] Thinking: Clicking "Send code" button...
[2026-01-20T19:23:56.929Z] [INFO] Attempt 1: Clicking Send Code...
[2026-01-20T19:23:59.627Z] [INFO] Attempt 2: Clicking Send Code...
[2026-01-20T19:24:01.858Z] [SUCCESS] ✅ Successfully clicked "Send code"
[2026-01-20T19:24:01.858Z] [INFO] ⏳ Waiting for OTP in mail.tm inbox (Do not close browser)...
[2026-01-20T19:24:08.382Z] [INFO] ✅ Got Code: 165412
[2026-01-20T19:24:08.382Z] [INFO] Entering verification code...
[2026-01-20T19:24:16.563Z] [SUCCESS] ✅ Entered verification code successfully
[2026-01-20T19:24:18.257Z] [INFO] Clicking submit/next button...
[2026-01-20T19:24:18.300Z] [SUCCESS] ✅ Clicked submit button
[2026-01-20T19:24:23.265Z] [INFO] Waiting for post-signup state...
[2026-01-20T19:24:23.271Z] [INFO] 👤 "Create Username" step detected
[2026-01-20T19:24:23.271Z] [INFO] Attempt 1: Trying username sunny_ghost1386
[2026-01-20T19:24:30.972Z] [WARNING] Username step skipped: page.evaluate: Execution context was destroyed, most likely because of a navigation
[2026-01-20T19:24:30.972Z] [INFO] 🔄 starting Post-Signup Verification: LOGOUT -> LOGIN Test
[2026-01-20T19:25:06.484Z] [WARNING] ⚠️ Could not find Logout button, assuming logged out or failed.
[2026-01-20T19:25:06.485Z] [INFO] 🔐 Attempting Re-Login with generated credentials...
[2026-01-20T19:25:34.532Z] [SUCCESS] 🎉 RE-LOGIN TEST PASSED! Proxy & Account are stable.
[2026-01-20T19:25:34.534Z] [SUCCESS] 🎉 Account Created Successfully! ID: 34
[2026-01-20T19:25:34.549Z] [INFO] Killing Python browser process...
[2026-01-20T19:25:34.550Z] [INFO] Browser closed
[2026-01-20T19:25:34.554Z] [SUCCESS] Batch 16 completed!
{
  "totalSuccess": 1,
  "totalFailed": 0
}
[2026-01-20T19:25:34.560Z] [INFO] Waiting 5.40 minutes before next account creation...
[2026-01-20T19:32:51.429Z] [INFO] 🧹 Cleaning old jobs from queue...
[2026-01-20T19:32:51.451Z] [INFO] ✅ Queue cleared. Checking for new injection...
[2026-01-20T19:32:51.453Z] [INFO] 🔧 [DEV] Queue empty. Injecting Test Job...
[2026-01-20T19:32:51.461Z] [SUCCESS] ✅ [DEV] Injected New Job: Account 35 (Batch 17)
[2026-01-20T19:32:51.464Z] [INFO] Processing new job
{
  "accountId": 35,
  "batchId": 17,
  "jobId": "35"
}
[2026-01-20T19:32:51.466Z] [INFO] Starting account creation for Account ID: 35 (Attempt 1/3)
[2026-01-20T19:32:52.432Z] [INFO] Generated Email: tiktok6kks35a5@virgilian.com
[2026-01-20T19:32:52.436Z] [INFO] 🚀 Launching SeleniumBase via Python Bridge...
[2026-01-20T19:32:52.436Z] [INFO] Starting Python Browser Launcher: /Users/mac/Desktop/My Work/Tiktok_account_automation/bot/src/utils/browserLauncher.py
[2026-01-20T19:32:52.437Z] [INFO] 🔌 Connecting with proxy: http://kajhhcdk-rotate:****@p.webshare.io:80
[2026-01-20T19:32:54.566Z] [INFO] ✅ Connected to CDP Endpoint: ws://127.0.0.1:9222/devtools/browser/7bb2a904-e3b9-4197-a925-45869595e408
[2026-01-20T19:32:54.638Z] [INFO] Attached to existing page
[2026-01-20T19:32:54.685Z] [INFO] Navigating to https://www.tiktok.com/signup/phone-or-email/email...
[2026-01-20T19:32:55.445Z] [INFO] 🌍 Checking public IP & Location...
[2026-01-20T19:32:55.466Z] [INFO] ✅ IP: Unknown | 📍 Location: Unknown
[2026-01-20T19:32:55.468Z] [INFO] ⏳ Waiting for page to fully load...
[2026-01-20T19:33:07.063Z] [INFO] On signup page - HYBRID FLOW STARTED
[2026-01-20T19:33:10.016Z] [INFO] 🎂 Filling date of birth...
[2026-01-20T19:33:10.016Z] [INFO] Step 1: Opening Month dropdown...
[2026-01-20T19:33:17.306Z] [SUCCESS] ✅ Selected month: 03
[2026-01-20T19:33:21.141Z] [INFO] Step 2: Opening Day dropdown...
[2026-01-20T19:33:28.042Z] [SUCCESS] ✅ Selected day: 01
[2026-01-20T19:33:30.701Z] [INFO] Step 3: Opening Year dropdown...
[2026-01-20T19:33:36.391Z] [SUCCESS] ✅ Selected year: 1983
[2026-01-20T19:33:36.392Z] [SUCCESS] 🎂 Date of birth selection completed!
[2026-01-20T19:33:37.548Z] [INFO] Filling email address...
[2026-01-20T19:33:42.067Z] [SUCCESS] Entered email: tiktok6kks35a5@virgilian.com
[2026-01-20T19:33:43.672Z] [INFO] Clicking outside to close email suggestions...
[2026-01-20T19:33:45.107Z] [INFO] Filling password...
[2026-01-20T19:33:47.454Z] [SUCCESS] Entered password
[2026-01-20T19:33:49.938Z] [INFO] Thinking: Clicking "Send code" button...
[2026-01-20T19:33:51.575Z] [INFO] Attempt 1: Clicking Send Code...
[2026-01-20T19:33:54.753Z] [INFO] Attempt 2: Clicking Send Code...
[2026-01-20T19:33:56.920Z] [SUCCESS] ✅ Successfully clicked "Send code"
[2026-01-20T19:33:56.921Z] [INFO] ⏳ Waiting for OTP in mail.tm inbox (Do not close browser)...
[2026-01-20T19:34:09.378Z] [INFO] ✅ Got Code: 339285
[2026-01-20T19:34:09.378Z] [INFO] Entering verification code...
[2026-01-20T19:34:17.988Z] [SUCCESS] ✅ Entered verification code successfully
[2026-01-20T19:34:19.245Z] [INFO] Clicking submit/next button...
[2026-01-20T19:34:19.284Z] [SUCCESS] ✅ Clicked submit button
[2026-01-20T19:34:24.064Z] [SUCCESS] ✅ Clicked submit button
[2026-01-20T19:34:27.639Z] [SUCCESS] ✅ Clicked submit button
[2026-01-20T19:34:31.141Z] [INFO] Waiting for post-signup state...
[2026-01-20T19:34:31.146Z] [INFO] 👤 "Create Username" step detected
[2026-01-20T19:34:31.147Z] [INFO] Attempt 1: Trying username EagleSilent2727
[2026-01-20T19:35:06.640Z] [WARNING] Username step skipped: locator.click: Timeout 30000ms exceeded.
Call log:
[2m  - waiting for getByText('Sign up').last()[22m
[2m    - locator resolved to <button disabled type="submit" class="e1w6iovg0 tiktok-1hcmd14-Button-StyledButton ehk74z00">Sign up</button>[22m
[2m  - attempting click action[22m
[2m    2 × waiting for element to be visible, enabled and stable[22m
[2m      - element is not enabled[22m
[2m    - retrying click action[22m
[2m    - waiting 20ms[22m
[2m    2 × waiting for element to be visible, enabled and stable[22m
[2m      - element is not enabled[22m
[2m    - retrying click action[22m
[2m      - waiting 100ms[22m
[2m    57 × waiting for element to be visible, enabled and stable[22m
[2m       - element is not enabled[22m
[2m     - retrying click action[22m
[2m       - waiting 500ms[22m

[2026-01-20T19:35:06.641Z] [INFO] 🔄 starting Post-Signup Verification: LOGOUT -> LOGIN Test
[2026-01-20T19:35:42.163Z] [WARNING] ⚠️ Could not find Logout button, assuming logged out or failed.
[2026-01-20T19:35:42.163Z] [INFO] 🔐 Attempting Re-Login with generated credentials...
[2026-01-20T19:35:55.920Z] [ERROR] ❌ Re-Login Test Failed: page.evaluate: Target page, context or browser has been closed
[2026-01-20T19:35:55.923Z] [ERROR] Failed to create account (Attempt 1/3)
{
  "accountId": 35,
  "error": "page.evaluate: Target page, context or browser has been closed",
  "stack": "page.evaluate: Target page, context or browser has been closed\n    at createTikTokAccount (/Users/mac/Desktop/My Work/Tiktok_account_automation/bot/src/automation/tiktokSignup.js:684:36)\n    at async Queue.<anonymous> (/Users/mac/Desktop/My Work/Tiktok_account_automation/bot/src/worker.js:92:24)"
}
[2026-01-20T19:35:55.925Z] [INFO] ⚠️ Error occurred. KEEPING BROWSER OPEN for 60 seconds for inspection...
[2026-01-20T19:35:55.925Z] [INFO] Retrying account creation... (Attempt 2/3)
[2026-01-20T19:36:01.166Z] [INFO] Starting account creation for Account ID: 35 (Attempt 2/3)
[2026-01-20T19:36:01.176Z] [INFO] Killing Python browser process...
[2026-01-20T19:36:01.177Z] [INFO] Browser closed
[2026-01-20T19:36:02.025Z] [INFO] Generated Email: tiktok652kwed2@virgilian.com
[2026-01-20T19:36:02.027Z] [INFO] 🚀 Launching SeleniumBase via Python Bridge...
[2026-01-20T19:36:02.027Z] [INFO] Starting Python Browser Launcher: /Users/mac/Desktop/My Work/Tiktok_account_automation/bot/src/utils/browserLauncher.py
[2026-01-20T19:36:02.027Z] [INFO] 🔌 Connecting with proxy: http://kajhhcdk-rotate:****@p.webshare.io:80
[2026-01-20T19:36:04.411Z] [INFO] ✅ Connected to CDP Endpoint: ws://127.0.0.1:9222/devtools/browser/ca1d71a6-d187-4138-a9c0-0ccc6ae0e62f
[2026-01-20T19:36:04.433Z] [INFO] Attached to existing page
[2026-01-20T19:36:04.491Z] [INFO] Navigating to https://www.tiktok.com/signup/phone-or-email/email...
[2026-01-20T19:36:05.481Z] [INFO] 🌍 Checking public IP & Location...
[2026-01-20T19:36:05.491Z] [INFO] ✅ IP: Unknown | 📍 Location: Unknown
[2026-01-20T19:36:05.492Z] [INFO] ⏳ Waiting for page to fully load...
[2026-01-20T19:36:16.123Z] [INFO] On signup page - HYBRID FLOW STARTED
[2026-01-20T19:36:20.087Z] [INFO] 🎂 Filling date of birth...
[2026-01-20T19:36:20.087Z] [INFO] Step 1: Opening Month dropdown...
[2026-01-20T19:36:28.718Z] [SUCCESS] ✅ Selected month: 01
[2026-01-20T19:36:32.200Z] [INFO] Step 2: Opening Day dropdown...
[2026-01-20T19:36:37.848Z] [SUCCESS] ✅ Selected day: 03
[2026-01-20T19:36:40.323Z] [INFO] Step 3: Opening Year dropdown...
[2026-01-20T19:36:45.475Z] [SUCCESS] ✅ Selected year: 1987
[2026-01-20T19:36:45.475Z] [SUCCESS] 🎂 Date of birth selection completed!
[2026-01-20T19:36:46.817Z] [INFO] Filling email address...
[2026-01-20T19:36:51.533Z] [SUCCESS] Entered email: tiktok652kwed2@virgilian.com
[2026-01-20T19:36:53.805Z] [INFO] Clicking outside to close email suggestions...
[2026-01-20T19:36:55.673Z] [INFO] Filling password...
[2026-01-20T19:36:58.472Z] [SUCCESS] Entered password
[2026-01-20T19:37:01.382Z] [INFO] Thinking: Clicking "Send code" button...
[2026-01-20T19:37:03.115Z] [INFO] Attempt 1: Clicking Send Code...
[2026-01-20T19:37:06.257Z] [INFO] Attempt 2: Clicking Send Code...
[2026-01-20T19:37:09.300Z] [SUCCESS] ✅ Successfully clicked "Send code"
[2026-01-20T19:37:09.301Z] [INFO] ⏳ Waiting for OTP in mail.tm inbox (Do not close browser)...
[2026-01-20T19:37:14.886Z] [INFO] ✅ Got Code: 234871
[2026-01-20T19:37:14.886Z] [INFO] Entering verification code...
[2026-01-20T19:37:23.493Z] [SUCCESS] ✅ Entered verification code successfully
[2026-01-20T19:37:25.426Z] [INFO] Clicking submit/next button...
[2026-01-20T19:37:25.465Z] [SUCCESS] ✅ Clicked submit button
[2026-01-20T19:37:29.371Z] [SUCCESS] ✅ Clicked submit button
[2026-01-20T19:37:33.525Z] [INFO] Waiting for post-signup state...
[2026-01-20T19:37:33.530Z] [INFO] 👤 "Create Username" step detected
[2026-01-20T19:37:33.531Z] [INFO] Attempt 1: Trying username dragon.chill.9508
[2026-01-20T19:37:42.640Z] [WARNING] Username step skipped: page.evaluate: SyntaxError: Failed to execute 'querySelector' on 'Document': 'div[type="error"]:has-text("taken")' is not a valid selector.
    at eval (eval at evaluate (:290:30), <anonymous>:2:43)
    at UtilityScript.evaluate (<anonymous>:292:16)
    at UtilityScript.<anonymous> (<anonymous>:1:44)
[2026-01-20T19:37:42.641Z] [INFO] 🔄 starting Post-Signup Verification: LOGOUT -> LOGIN Test
[2026-01-20T19:38:18.366Z] [WARNING] ⚠️ Could not find Logout button, assuming logged out or failed.
[2026-01-20T19:38:18.367Z] [INFO] 🔐 Attempting Re-Login with generated credentials...
[2026-01-20T19:38:44.407Z] [SUCCESS] 🎉 RE-LOGIN TEST PASSED! Proxy & Account are stable.
[2026-01-20T19:38:44.413Z] [SUCCESS] 🎉 Account Created Successfully! ID: 35
[2026-01-20T19:38:44.422Z] [INFO] Killing Python browser process...
[2026-01-20T19:38:44.423Z] [INFO] Browser closed
[2026-01-20T19:38:44.426Z] [SUCCESS] Batch 17 completed!
{
  "totalSuccess": 1,
  "totalFailed": 0
}
[2026-01-20T19:38:44.427Z] [INFO] Waiting 6.18 minutes before next account creation...
