[2026-01-27T12:49:52.295Z] [INFO] 🧹 Cleaning old jobs from queue...
[2026-01-27T12:49:52.312Z] [INFO] ✅ Queue cleared. Checking for new injection...
[2026-01-27T12:49:52.315Z] [INFO] 🔧 [DEV] Queue empty. Injecting Test Job...
[2026-01-27T12:49:52.322Z] [SUCCESS] ✅ [DEV] Injected New Job: Account 45 (Batch 27)
[2026-01-27T12:49:52.325Z] [INFO] Processing new job
{
  "accountId": 45,
  "batchId": 27,
  "jobId": "45"
}
[2026-01-27T12:49:52.326Z] [INFO] Starting account creation for Account ID: 45 (Attempt 1/3)
[2026-01-27T12:49:53.349Z] [INFO] Generated Email: tiktokwny88er0@virgilian.com
[2026-01-27T12:49:53.353Z] [INFO] 🛑 Checking for Fresh IP before launching...
[2026-01-27T12:49:54.977Z] [SUCCESS] ✅ Fresh IP Found: 176.66.86.82
[2026-01-27T12:49:54.977Z] [INFO] 🚀 Launching SeleniumBase via Python Bridge...
[2026-01-27T12:49:54.978Z] [INFO] Starting Python Browser Launcher: /Users/mac/Desktop/My Work/Tiktok_account_automation/bot/src/utils/browserLauncher.py
[2026-01-27T12:49:54.978Z] [INFO] 🔌 Connecting with proxy: http://kajhhcdk-rotate:****@p.webshare.io:80
[2026-01-27T12:49:57.652Z] [INFO] ✅ Connected to CDP Endpoint: ws://127.0.0.1:9222/devtools/browser/ae7583bb-e3f4-48ba-8d14-00d2f424d4b0
[2026-01-27T12:49:57.750Z] [INFO] Attached to existing page
[2026-01-27T12:49:57.794Z] [INFO] Navigating to https://www.tiktok.com/signup/phone-or-email/email...
[2026-01-27T12:49:58.582Z] [INFO] 🌍 Checking public IP & Location...
[2026-01-27T12:49:58.598Z] [INFO] ✅ IP: Unknown | 📍 Location: Unknown
[2026-01-27T12:49:58.601Z] [INFO] ⏳ Waiting for page to fully load...
[2026-01-27T12:50:11.532Z] [INFO] On signup page - HYBRID FLOW STARTED
[2026-01-27T12:50:13.800Z] [INFO] 🎂 Filling date of birth...
[2026-01-27T12:50:13.800Z] [INFO] Step 1: Opening Month dropdown...
[2026-01-27T12:50:22.470Z] [SUCCESS] ✅ Selected month: 12
[2026-01-27T12:50:25.331Z] [INFO] Step 2: Opening Day dropdown...
[2026-01-27T12:50:32.034Z] [SUCCESS] ✅ Selected day: 19
[2026-01-27T12:50:35.393Z] [INFO] Step 3: Opening Year dropdown...
[2026-01-27T12:50:40.109Z] [SUCCESS] ✅ Selected year: 1995
[2026-01-27T12:50:40.109Z] [SUCCESS] 🎂 Date of birth selection completed!
[2026-01-27T12:50:41.292Z] [INFO] Filling email address...
[2026-01-27T12:50:46.351Z] [SUCCESS] Entered email: tiktokwny88er0@virgilian.com
[2026-01-27T12:50:48.331Z] [INFO] Clicking outside to close email suggestions...
[2026-01-27T12:50:49.395Z] [INFO] Filling password...
[2026-01-27T12:50:52.486Z] [SUCCESS] Entered password
[2026-01-27T12:50:54.935Z] [INFO] Thinking: Clicking "Send code" button...
[2026-01-27T12:50:57.240Z] [INFO] Attempt 1: Clicking Send Code...
[2026-01-27T12:50:59.954Z] [INFO] Attempt 2: Clicking Send Code...
[2026-01-27T12:51:02.552Z] [SUCCESS] ✅ Successfully clicked "Send code"
[2026-01-27T12:51:02.553Z] [INFO] ⏳ Waiting for OTP in mail.tm inbox (Do not close browser)...
[2026-01-27T12:51:08.080Z] [INFO] ✅ Got Code: 571775
[2026-01-27T12:51:08.081Z] [INFO] Entering verification code...
[2026-01-27T12:51:16.886Z] [SUCCESS] ✅ Entered verification code successfully
[2026-01-27T12:51:18.071Z] [INFO] Clicking submit/next button...
[2026-01-27T12:51:18.108Z] [SUCCESS] ✅ Clicked submit button
[2026-01-27T12:51:21.364Z] [SUCCESS] ✅ Clicked submit button
[2026-01-27T12:51:25.385Z] [INFO] Waiting for post-signup state...
[2026-01-27T12:51:25.391Z] [INFO] 👤 "Create Username" step detected
[2026-01-27T12:51:25.391Z] [INFO] Attempt 1: Trying username sonic.chill.8434
[2026-01-27T12:51:33.731Z] [WARNING] Username step skipped: page.evaluate: SyntaxError: Failed to execute 'querySelector' on 'Document': 'div[type="error"]:has-text("taken")' is not a valid selector.
    at Array.d (https://sf16-website-login.neutral.ttwstatic.com/obj/tiktok_web_login_static/webmssdk/1.0.0.328/webmssdk.js:1:124784)
    at S (https://sf16-website-login.neutral.ttwstatic.com/obj/tiktok_web_login_static/webmssdk/1.0.0.328/webmssdk.js:1:226826)
    at HTMLDocument.<anonymous> (https://sf16-website-login.neutral.ttwstatic.com/obj/tiktok_web_login_static/webmssdk/1.0.0.328/webmssdk.js:1:70471)
    at Array.H (https://sf16-website-login.neutral.ttwstatic.com/obj/tiktok_web_login_static/ttweb_webmssdk_ex/1.0.0.2390/webmssdk_ex.js:1:39534)
    at Array.k (https://sf16-website-login.neutral.ttwstatic.com/obj/tiktok_web_login_static/ttweb_webmssdk_ex/1.0.0.2390/webmssdk_ex.js:1:25283)
    at HTMLDocument.querySelector (https://sf16-website-login.neutral.ttwstatic.com/obj/tiktok_web_login_static/ttweb_webmssdk_ex/1.0.0.2390/webmssdk_ex.js:1:82890)
    at eval (eval at evaluate (:290:30), <anonymous>:2:43)
    at UtilityScript.evaluate (<anonymous>:292:16)
    at UtilityScript.<anonymous> (<anonymous>:1:44)
[2026-01-27T12:51:33.732Z] [INFO] 🔄 starting Post-Signup Verification: LOGOUT -> LOGIN Test
[2026-01-27T12:52:09.516Z] [WARNING] ⚠️ Could not find Logout button, assuming logged out or failed.
[2026-01-27T12:52:09.517Z] [INFO] 🔐 Attempting Re-Login with generated credentials...
[2026-01-27T12:52:33.802Z] [SUCCESS] 🎉 RE-LOGIN TEST PASSED! Proxy & Account are stable.
[2026-01-27T12:52:33.804Z] [SUCCESS] 🎉 Account Created Successfully! ID: 45
[2026-01-27T12:52:33.818Z] [INFO] Killing Python browser process...
[2026-01-27T12:52:33.818Z] [INFO] Browser closed
[2026-01-27T12:52:33.820Z] [SUCCESS] Batch 27 completed!
{
  "totalSuccess": 1,
  "totalFailed": 0
}
[2026-01-27T12:52:33.822Z] [INFO] Waiting 6.44 minutes before next account creation...
[2026-01-27T12:59:00.067Z] [SUCCESS] Job 45 completed
{
  "result": {
    "success": true,
    "email": "tiktokwny88er0@virgilian.com"
  }
}
[2026-01-27T13:55:42.576Z] [INFO] 🧹 Cleaning old jobs from queue...
[2026-01-27T13:55:42.592Z] [INFO] ✅ Queue cleared. Checking for new injection...
[2026-01-27T13:55:42.594Z] [INFO] 🔧 [DEV] Queue empty. Injecting Test Job...
[2026-01-27T13:55:42.605Z] [INFO] Processing new job
{
  "accountId": 46,
  "batchId": 28,
  "jobId": "46"
}
[2026-01-27T13:55:42.607Z] [INFO] Starting account creation for Account ID: 46 (Attempt 1/3)
[2026-01-27T13:55:42.677Z] [SUCCESS] ✅ [DEV] Injected New Batch 28 with 5 jobs.
[2026-01-27T13:55:43.566Z] [INFO] Generated Email: tiktoku9ijmt2b@virgilian.com
[2026-01-27T13:55:43.570Z] [INFO] 🛑 Checking for Fresh IP before launching...
[2026-01-27T13:55:45.227Z] [SUCCESS] ✅ Fresh IP Found: 194.230.146.133
[2026-01-27T13:55:45.227Z] [INFO] 🚀 Launching SeleniumBase via Python Bridge...
[2026-01-27T13:55:45.228Z] [INFO] Starting Python Browser Launcher: /Users/mac/Desktop/My Work/Tiktok_account_automation/bot/src/utils/browserLauncher.py
[2026-01-27T13:55:45.229Z] [INFO] 🔌 Connecting with proxy: http://kajhhcdk-rotate:****@p.webshare.io:80
[2026-01-27T13:55:47.201Z] [INFO] ✅ Connected to CDP Endpoint: ws://127.0.0.1:9222/devtools/browser/32d3a775-26c3-4bec-8710-202d13a12d88
[2026-01-27T13:55:47.270Z] [INFO] Attached to existing page
[2026-01-27T13:55:47.317Z] [INFO] Navigating to https://www.tiktok.com/signup/phone-or-email/email...
[2026-01-27T13:55:48.239Z] [INFO] 🌍 Checking public IP & Location...
[2026-01-27T13:55:48.255Z] [INFO] ✅ IP: Unknown | 📍 Location: Unknown
[2026-01-27T13:55:48.257Z] [INFO] ⏳ Waiting for page to fully load...
[2026-01-27T13:56:00.691Z] [INFO] On signup page - HYBRID FLOW STARTED
[2026-01-27T13:56:04.467Z] [INFO] 🎂 Filling date of birth...
[2026-01-27T13:56:04.468Z] [INFO] Step 1: Opening Month dropdown...
[2026-01-27T13:56:13.010Z] [SUCCESS] ✅ Selected month: 01
[2026-01-27T13:56:16.074Z] [INFO] Step 2: Opening Day dropdown...
[2026-01-27T13:56:22.866Z] [SUCCESS] ✅ Selected day: 20
[2026-01-27T13:56:25.043Z] [INFO] Step 3: Opening Year dropdown...
[2026-01-27T13:56:31.221Z] [SUCCESS] ✅ Selected year: 1990
[2026-01-27T13:56:31.221Z] [SUCCESS] 🎂 Date of birth selection completed!
[2026-01-27T13:56:33.012Z] [INFO] Filling email address...
[2026-01-27T13:56:37.651Z] [SUCCESS] Entered email: tiktoku9ijmt2b@virgilian.com
[2026-01-27T13:56:39.374Z] [INFO] Clicking outside to close email suggestions...
[2026-01-27T13:56:41.014Z] [INFO] Filling password...
[2026-01-27T13:56:44.186Z] [SUCCESS] Entered password
[2026-01-27T13:56:46.481Z] [INFO] Thinking: Clicking "Send code" button...
[2026-01-27T13:56:48.605Z] [INFO] Attempt 1: Clicking Send Code...
[2026-01-27T13:56:51.162Z] [INFO] Attempt 2: Clicking Send Code...
[2026-01-27T13:56:53.673Z] [SUCCESS] ✅ Successfully clicked "Send code"
[2026-01-27T13:56:53.674Z] [INFO] ⏳ Waiting for OTP in mail.tm inbox (Do not close browser)...
[2026-01-27T13:56:59.209Z] [INFO] ✅ Got Code: 808379
[2026-01-27T13:56:59.209Z] [INFO] Entering verification code...
[2026-01-27T13:57:07.935Z] [SUCCESS] ✅ Entered verification code successfully
[2026-01-27T13:57:09.810Z] [INFO] Clicking submit/next button...
[2026-01-27T13:57:09.854Z] [SUCCESS] ✅ Clicked submit button
[2026-01-27T13:57:14.086Z] [SUCCESS] ✅ Clicked submit button
[2026-01-27T13:57:20.434Z] [SUCCESS] ✅ Clicked submit button
[2026-01-27T13:57:25.206Z] [INFO] Waiting for post-signup state...
[2026-01-27T13:57:25.243Z] [INFO] 🔄 starting Post-Signup Verification: LOGOUT -> LOGIN Test
[2026-01-27T13:58:00.997Z] [WARNING] ⚠️ Could not find Logout button, assuming logged out or failed.
[2026-01-27T13:58:00.998Z] [INFO] 🔐 Attempting Re-Login with generated credentials...
[2026-01-27T13:58:46.132Z] [ERROR] ❌ Re-Login Test Failed: elementHandle.click: Timeout 30000ms exceeded.
Call log:
[2m  - attempting click action[22m
[2m    2 × waiting for element to be visible, enabled and stable[22m
[2m      - element is not enabled[22m
[2m    - retrying click action[22m
[2m    - waiting 20ms[22m
[2m    2 × waiting for element to be visible, enabled and stable[22m
[2m      - element is not enabled[22m
[2m    - retrying click action[22m
[2m      - waiting 100ms[22m
[2m    57 × waiting for element to be visible, enabled and stable[22m
[2m       - element is not enabled[22m
[2m     - retrying click action[22m
[2m       - waiting 500ms[22m
[2m    - waiting for element to be visible, enabled and stable[22m

[2026-01-27T13:58:46.136Z] [SUCCESS] 🎉 Signup flow finished. ID: 46
[2026-01-27T13:58:46.216Z] [INFO] Killing Python browser process...
[2026-01-27T13:58:46.216Z] [INFO] Browser closed
[2026-01-27T13:58:46.220Z] [INFO] Waiting 8.69 minutes before next account creation...
[2026-01-27T14:22:59.872Z] [INFO] 🧹 Cleaning old jobs from queue...
[2026-01-27T14:22:59.894Z] [INFO] ✅ Queue cleared. Checking for new injection...
[2026-01-27T14:22:59.896Z] [INFO] 🔧 [DEV] Queue empty. Injecting Test Job...
[2026-01-27T14:22:59.906Z] [INFO] Processing new job
{
  "accountId": 51,
  "batchId": 29,
  "jobId": "51"
}
[2026-01-27T14:22:59.908Z] [INFO] Starting account creation for Account ID: 51 (Attempt 1/3)
[2026-01-27T14:22:59.976Z] [SUCCESS] ✅ [DEV] Injected New Batch 29 with 5 jobs.
[2026-01-27T14:23:00.845Z] [INFO] Generated Email: tiktokwp6wwkuy@virgilian.com
[2026-01-27T14:23:00.848Z] [INFO] 🛑 Checking for Fresh IP before launching...
[2026-01-27T14:23:02.626Z] [SUCCESS] ✅ Fresh IP Found: 46.122.100.77
[2026-01-27T14:23:02.627Z] [INFO] 🚀 Launching SeleniumBase via Python Bridge...
[2026-01-27T14:23:02.628Z] [INFO] Starting Python Browser Launcher: /Users/mac/Desktop/My Work/Tiktok_account_automation/bot/src/utils/browserLauncher.py
[2026-01-27T14:23:02.628Z] [INFO] 🔌 Connecting with proxy: http://kajhhcdk-rotate:****@p.webshare.io:80
[2026-01-27T14:23:04.637Z] [INFO] ✅ Connected to CDP Endpoint: ws://127.0.0.1:9222/devtools/browser/5a1d58b9-4044-431e-bfba-c9b89b3170bf
[2026-01-27T14:23:04.722Z] [INFO] Attached to existing page
[2026-01-27T14:23:04.781Z] [INFO] Navigating to https://www.tiktok.com/signup/phone-or-email/email...
[2026-01-27T14:23:06.327Z] [INFO] 🌍 Checking public IP & Location...
[2026-01-27T14:23:06.520Z] [INFO] ✅ IP: Unknown | 📍 Location: Unknown
[2026-01-27T14:23:06.521Z] [INFO] ⏳ Waiting for page to fully load...
[2026-01-27T14:23:16.418Z] [INFO] On signup page - HYBRID FLOW STARTED
[2026-01-27T14:23:19.354Z] [INFO] 🎂 Filling date of birth...
[2026-01-27T14:23:19.354Z] [INFO] Step 1: Opening Month dropdown...
[2026-01-27T14:23:26.966Z] [SUCCESS] ✅ Selected month: 08
[2026-01-27T14:23:29.665Z] [INFO] Step 2: Opening Day dropdown...
[2026-01-27T14:23:37.410Z] [SUCCESS] ✅ Selected day: 13
[2026-01-27T14:23:39.811Z] [INFO] Step 3: Opening Year dropdown...
[2026-01-27T14:23:45.682Z] [SUCCESS] ✅ Selected year: 2001
[2026-01-27T14:23:45.682Z] [SUCCESS] 🎂 Date of birth selection completed!
[2026-01-27T14:23:46.792Z] [INFO] Filling email address...
[2026-01-27T14:23:51.787Z] [SUCCESS] Entered email: tiktokwp6wwkuy@virgilian.com
[2026-01-27T14:23:54.737Z] [INFO] Clicking outside to close email suggestions...
[2026-01-27T14:23:56.021Z] [INFO] Filling password...
[2026-01-27T14:23:58.463Z] [SUCCESS] Entered password
[2026-01-27T14:24:00.678Z] [INFO] Thinking: Clicking "Send code" button...
[2026-01-27T14:24:03.015Z] [INFO] Attempt 1: Clicking Send Code...
[2026-01-27T14:24:06.042Z] [INFO] Attempt 2: Clicking Send Code...
[2026-01-27T14:24:08.088Z] [SUCCESS] ✅ Successfully clicked "Send code"
[2026-01-27T14:24:08.089Z] [INFO] ⏳ Waiting for OTP in mail.tm inbox (Do not close browser)...
[2026-01-27T14:24:13.617Z] [INFO] ✅ Got Code: 373353
[2026-01-27T14:24:13.618Z] [INFO] Entering verification code...
[2026-01-27T14:24:22.268Z] [SUCCESS] ✅ Entered verification code successfully
[2026-01-27T14:24:23.645Z] [INFO] Clicking submit/next button...
[2026-01-27T14:24:23.683Z] [SUCCESS] ✅ Clicked submit button
[2026-01-27T14:24:27.042Z] [SUCCESS] ✅ Clicked submit button
[2026-01-27T14:24:31.631Z] [INFO] Waiting for post-signup state...
[2026-01-27T14:24:31.637Z] [INFO] 👤 "Create Username" step detected
[2026-01-27T14:24:31.637Z] [INFO] Attempt 1: Trying username pixel.neon.4779
[2026-01-27T14:24:39.666Z] [WARNING] Username step skipped: page.evaluate: Execution context was destroyed, most likely because of a navigation
[2026-01-27T14:24:39.688Z] [INFO] 📍 Capturing initial IP after account creation...
[2026-01-27T14:24:40.215Z] [SUCCESS] ✅ Initial IP: null
[2026-01-27T14:24:40.215Z] [INFO] 🔥 Starting 30-second account warmup...
[2026-01-27T14:24:49.684Z] [INFO] ⏱️  Warmup progress: 9s / 30s
[2026-01-27T14:24:57.110Z] [INFO] ⏱️  Warmup progress: 16s / 30s
[2026-01-27T14:25:03.896Z] [INFO] ⏱️  Warmup progress: 23s / 30s
[2026-01-27T14:25:10.434Z] [INFO] ⏱️  Warmup progress: 30s / 30s
[2026-01-27T14:25:10.435Z] [SUCCESS] ✅ Account warmup completed (30 seconds)
[2026-01-27T14:25:10.435Z] [INFO] 🔄 Starting Post-Signup Verification: LOGOUT -> LOGIN Test
[2026-01-27T14:25:10.436Z] [INFO] 🚪 Logging out...
[2026-01-27T14:25:13.867Z] [SUCCESS] ✅ Logged out successfully
[2026-01-27T14:25:16.286Z] [INFO] 🔐 Attempting Re-Login with same credentials...
[2026-01-27T14:25:34.710Z] [INFO] ✅ Entered password
[2026-01-27T14:25:53.031Z] [ERROR] ❌ Re-Login Test Failed: elementHandle.click: Target page, context or browser has been closed
Call log:
[2m  - attempting click action[22m
[2m    2 × waiting for element to be visible, enabled and stable[22m
[2m      - element is not enabled[22m
[2m    - retrying click action[22m
[2m    - waiting 20ms[22m
[2m    2 × waiting for element to be visible, enabled and stable[22m
[2m      - element is not enabled[22m
[2m    - retrying click action[22m
[2m      - waiting 100ms[22m
[2m    31 × waiting for element to be visible, enabled and stable[22m
[2m       - element is not enabled[22m
[2m     - retrying click action[22m
[2m       - waiting 500ms[22m

[2026-01-27T14:25:53.032Z] [ERROR] Failed to create account (Attempt 1/3)
{
  "accountId": 51,
  "error": "page.evaluate: Target page, context or browser has been closed",
  "stack": "page.evaluate: Target page, context or browser has been closed\n    at createTikTokAccount (/Users/mac/Desktop/My Work/Tiktok_account_automation/bot/src/automation/tiktokSignup.js:795:36)\n    at async Queue.<anonymous> (/Users/mac/Desktop/My Work/Tiktok_account_automation/bot/src/worker.js:93:24)"
}
[2026-01-27T14:25:53.034Z] [INFO] ⚠️ Error occurred. KEEPING BROWSER OPEN for 60 seconds for inspection...
[2026-01-27T14:25:53.034Z] [INFO] Retrying account creation... (Attempt 2/3)
[2026-01-27T14:27:51.090Z] [INFO] 🧹 Cleaning old jobs from queue...
[2026-01-27T14:27:51.107Z] [INFO] ✅ Queue cleared. Checking for new injection...
[2026-01-27T14:27:51.110Z] [INFO] 🔧 [DEV] Queue empty. Injecting Test Job...
[2026-01-27T14:27:51.121Z] [INFO] Processing new job
{
  "accountId": 56,
  "batchId": 30,
  "jobId": "56"
}
[2026-01-27T14:27:51.122Z] [INFO] Starting account creation for Account ID: 56 (Attempt 1/3)
[2026-01-27T14:27:51.193Z] [SUCCESS] ✅ [DEV] Injected New Batch 30 with 5 jobs.
[2026-01-27T14:27:52.628Z] [INFO] Generated Email: tiktok2uscllrq@virgilian.com
[2026-01-27T14:27:52.631Z] [INFO] 🛑 Checking for Fresh IP before launching...
[2026-01-27T14:27:54.022Z] [SUCCESS] ✅ Fresh IP Found: 86.100.164.105
[2026-01-27T14:27:54.022Z] [INFO] 🚀 Launching SeleniumBase via Python Bridge...
[2026-01-27T14:27:54.023Z] [INFO] Starting Python Browser Launcher: /Users/mac/Desktop/My Work/Tiktok_account_automation/bot/src/utils/browserLauncher.py
[2026-01-27T14:27:54.023Z] [INFO] 🔌 Connecting with proxy: http://kajhhcdk-rotate:****@p.webshare.io:80
[2026-01-27T14:27:56.066Z] [INFO] ✅ Connected to CDP Endpoint: ws://127.0.0.1:9222/devtools/browser/dbb94c58-0083-47c2-96bd-c7f38d4ce588
[2026-01-27T14:27:56.138Z] [INFO] Attached to existing page
[2026-01-27T14:27:56.188Z] [INFO] Navigating to https://www.tiktok.com/signup/phone-or-email/email...
[2026-01-27T14:27:57.938Z] [INFO] 🌍 Checking public IP & Location...
[2026-01-27T14:27:57.964Z] [INFO] ✅ IP: Unknown | 📍 Location: Unknown
[2026-01-27T14:27:57.968Z] [INFO] ⏳ Waiting for page to fully load...
[2026-01-27T14:28:08.308Z] [INFO] On signup page - HYBRID FLOW STARTED
[2026-01-27T14:28:10.405Z] [INFO] 🎂 Filling date of birth...
[2026-01-27T14:28:10.405Z] [INFO] Step 1: Opening Month dropdown...
[2026-01-27T14:28:18.131Z] [SUCCESS] ✅ Selected month: 12
[2026-01-27T14:28:20.845Z] [INFO] Step 2: Opening Day dropdown...
[2026-01-27T14:28:26.339Z] [SUCCESS] ✅ Selected day: 18
[2026-01-27T14:28:28.657Z] [INFO] Step 3: Opening Year dropdown...
[2026-01-27T14:28:34.007Z] [SUCCESS] ✅ Selected year: 1987
[2026-01-27T14:28:34.007Z] [SUCCESS] 🎂 Date of birth selection completed!
[2026-01-27T14:28:35.920Z] [INFO] Filling email address...
[2026-01-27T14:28:40.528Z] [SUCCESS] Entered email: tiktok2uscllrq@virgilian.com
[2026-01-27T14:28:42.977Z] [INFO] Clicking outside to close email suggestions...
[2026-01-27T14:28:44.052Z] [INFO] Filling password...
[2026-01-27T14:28:47.724Z] [SUCCESS] Entered password
[2026-01-27T14:28:50.343Z] [INFO] Thinking: Clicking "Send code" button...
[2026-01-27T14:28:52.810Z] [INFO] Attempt 1: Clicking Send Code...
[2026-01-27T14:28:55.616Z] [INFO] Attempt 2: Clicking Send Code...
[2026-01-27T14:28:57.897Z] [SUCCESS] ✅ Successfully clicked "Send code"
[2026-01-27T14:28:57.897Z] [INFO] ⏳ Waiting for OTP in mail.tm inbox (Do not close browser)...
[2026-01-27T14:29:08.842Z] [INFO] ✅ Got Code: 500862
[2026-01-27T14:29:08.842Z] [INFO] Entering verification code...
[2026-01-27T14:29:17.184Z] [SUCCESS] ✅ Entered verification code successfully
[2026-01-27T14:29:18.203Z] [INFO] Clicking submit/next button...
[2026-01-27T14:29:18.242Z] [SUCCESS] ✅ Clicked submit button
[2026-01-27T14:29:22.482Z] [SUCCESS] ✅ Clicked submit button
[2026-01-27T14:29:26.048Z] [SUCCESS] ✅ Clicked submit button
[2026-01-27T14:29:30.690Z] [INFO] Waiting for post-signup state...
[2026-01-27T14:29:30.704Z] [INFO] 📍 Capturing initial IP after account creation...
[2026-01-27T14:29:30.707Z] [SUCCESS] ✅ Initial IP: null
[2026-01-27T14:29:30.708Z] [INFO] 🔥 Starting 30-second account warmup...
[2026-01-27T14:29:40.773Z] [INFO] ⏱️  Warmup progress: 10s / 30s
[2026-01-27T14:29:47.109Z] [INFO] ⏱️  Warmup progress: 16s / 30s
[2026-01-27T14:29:54.378Z] [INFO] ⏱️  Warmup progress: 23s / 30s
[2026-01-27T14:30:01.693Z] [INFO] ⏱️  Warmup progress: 30s / 30s
[2026-01-27T14:30:01.693Z] [SUCCESS] ✅ Account warmup completed (30 seconds)
[2026-01-27T14:30:01.693Z] [INFO] 🔄 Starting Post-Signup Verification: LOGOUT -> LOGIN Test
[2026-01-27T14:30:01.694Z] [INFO] 🚪 Logging out...
[2026-01-27T14:30:04.409Z] [SUCCESS] ✅ Logged out successfully
[2026-01-27T14:30:06.607Z] [INFO] 🔐 Attempting Re-Login with same credentials...
[2026-01-27T14:30:13.226Z] [INFO] 📧 Locating email field...
[2026-01-27T14:30:18.451Z] [SUCCESS] ✅ Entered email in field: #loginContainer input[type="text"]
[2026-01-27T14:30:20.891Z] [INFO] 🔑 Locating password field...
[2026-01-27T14:30:23.975Z] [SUCCESS] ✅ Entered password in field: input[type="password"]
[2026-01-27T14:30:24.118Z] [INFO] ➡️  Clicked Log In button
[2026-01-27T14:30:29.737Z] [WARNING] ⚠️ Re-Login verification NOT detected (may still be successful)
[2026-01-27T14:30:29.738Z] [INFO] 🔍 Verifying IP consistency after re-login...
[2026-01-27T14:30:29.743Z] [WARNING] ⚠️ Could not verify IP consistency (IP fetch failed)
[2026-01-27T14:30:29.745Z] [SUCCESS] 🎉 Signup flow finished. ID: 56
[2026-01-27T14:30:29.757Z] [INFO] Killing Python browser process...
[2026-01-27T14:30:29.757Z] [INFO] Browser closed
[2026-01-27T14:30:29.766Z] [INFO] Waiting 8.82 minutes before next account creation...
[2026-01-27T14:33:47.765Z] [INFO] 🧹 Cleaning old jobs from queue...
[2026-01-27T14:33:47.786Z] [INFO] ✅ Queue cleared. Checking for new injection...
[2026-01-27T14:33:47.788Z] [INFO] 🔧 [DEV] Queue empty. Injecting Test Job...
[2026-01-27T14:33:47.799Z] [INFO] Processing new job
{
  "accountId": 61,
  "batchId": 31,
  "jobId": "61"
}
[2026-01-27T14:33:47.800Z] [INFO] Starting account creation for Account ID: 61 (Attempt 1/3)
[2026-01-27T14:33:47.870Z] [SUCCESS] ✅ [DEV] Injected New Batch 31 with 5 jobs.
[2026-01-27T14:33:48.675Z] [INFO] Generated Email: tiktokb7ogasvu@virgilian.com
[2026-01-27T14:33:48.679Z] [INFO] 🛑 Checking for Fresh IP before launching...
[2026-01-27T14:33:50.446Z] [SUCCESS] ✅ Fresh IP Found: 151.35.100.120
[2026-01-27T14:33:50.447Z] [INFO] 🚀 Launching SeleniumBase via Python Bridge...
[2026-01-27T14:33:50.448Z] [INFO] Starting Python Browser Launcher: /Users/mac/Desktop/My Work/Tiktok_account_automation/bot/src/utils/browserLauncher.py
[2026-01-27T14:33:50.448Z] [INFO] 🔌 Connecting with proxy: http://kajhhcdk-rotate:****@p.webshare.io:80
[2026-01-27T14:33:52.390Z] [INFO] ✅ Connected to CDP Endpoint: ws://127.0.0.1:9222/devtools/browser/e03f2b4f-9731-4632-92ab-9950722f9199
[2026-01-27T14:33:52.458Z] [INFO] Attached to existing page
[2026-01-27T14:33:52.503Z] [INFO] Navigating to https://www.tiktok.com/signup/phone-or-email/email...
[2026-01-27T14:33:53.775Z] [INFO] 🌍 Checking public IP & Location...
[2026-01-27T14:33:53.787Z] [INFO] ✅ IP: Unknown | 📍 Location: Unknown
[2026-01-27T14:33:53.789Z] [INFO] ⏳ Waiting for page to fully load...
[2026-01-27T14:34:01.053Z] [INFO] On signup page - HYBRID FLOW STARTED
[2026-01-27T14:34:03.589Z] [INFO] 🎂 Filling date of birth...
[2026-01-27T14:34:03.590Z] [INFO] Step 1: Opening Month dropdown...
[2026-01-27T14:34:12.556Z] [SUCCESS] ✅ Selected month: 11
[2026-01-27T14:34:14.601Z] [INFO] Step 2: Opening Day dropdown...
[2026-01-27T14:34:22.126Z] [SUCCESS] ✅ Selected day: 09
[2026-01-27T14:34:25.808Z] [INFO] Step 3: Opening Year dropdown...
[2026-01-27T14:34:32.006Z] [SUCCESS] ✅ Selected year: 1996
[2026-01-27T14:34:32.007Z] [SUCCESS] 🎂 Date of birth selection completed!
[2026-01-27T14:34:33.591Z] [INFO] Filling email address...
[2026-01-27T14:34:38.290Z] [SUCCESS] Entered email: tiktokb7ogasvu@virgilian.com
[2026-01-27T14:34:40.825Z] [INFO] Clicking outside to close email suggestions...
[2026-01-27T14:34:41.980Z] [INFO] Filling password...
[2026-01-27T14:34:44.446Z] [SUCCESS] Entered password
[2026-01-27T14:34:46.937Z] [INFO] Thinking: Clicking "Send code" button...
[2026-01-27T14:34:48.657Z] [INFO] Attempt 1: Clicking Send Code...
[2026-01-27T14:34:51.207Z] [INFO] Attempt 2: Clicking Send Code...
[2026-01-27T14:34:53.538Z] [SUCCESS] ✅ Successfully clicked "Send code"
[2026-01-27T14:34:53.538Z] [INFO] ⏳ Waiting for OTP in mail.tm inbox (Do not close browser)...
[2026-01-27T14:34:59.109Z] [INFO] ✅ Got Code: 363269
[2026-01-27T14:34:59.110Z] [INFO] Entering verification code...
[2026-01-27T14:35:07.492Z] [SUCCESS] ✅ Entered verification code successfully
[2026-01-27T14:35:09.244Z] [INFO] Clicking submit/next button...
[2026-01-27T14:35:09.282Z] [SUCCESS] ✅ Clicked submit button
[2026-01-27T14:35:13.516Z] [INFO] 🔍 Checking for signup errors after submit...
[2026-01-27T14:35:13.522Z] [ERROR] ❌ CRITICAL SIGNUP ERROR DETECTED: Maximum number of attempts reached
[2026-01-27T14:35:13.522Z] [ERROR] 🚫 Proxy has been detected/blocked by TikTok!
[2026-01-27T14:35:13.523Z] [ERROR] 🔄 Closing browser immediately to retry with fresh proxy...
[2026-01-27T14:35:13.523Z] [ERROR] Failed to create account (Attempt 1/3)
{
  "accountId": 61,
  "error": "Proxy Blocked: Maximum number of attempts reached",
  "stack": "Error: Proxy Blocked: Maximum number of attempts reached\n    at createTikTokAccount (file:///Users/mac/Desktop/My%20Work/Tiktok_account_automation/bot/src/automation/tiktokSignup.js:558:39)\n    at async Queue.<anonymous> (file:///Users/mac/Desktop/My%20Work/Tiktok_account_automation/bot/src/worker.js:93:24)"
}
[2026-01-27T14:35:13.525Z] [INFO] ⚠️ Error occurred. KEEPING BROWSER OPEN for 60 seconds for inspection...
[2026-01-27T14:36:13.527Z] [INFO] Retrying account creation... (Attempt 2/3)
[2026-01-27T14:36:22.865Z] [INFO] Starting account creation for Account ID: 61 (Attempt 2/3)
[2026-01-27T14:36:22.880Z] [INFO] Killing Python browser process...
[2026-01-27T14:36:22.881Z] [INFO] Browser closed
[2026-01-27T14:36:23.794Z] [INFO] Generated Email: tiktok0u5yqyo6@virgilian.com
[2026-01-27T14:36:23.797Z] [INFO] 🛑 Checking for Fresh IP before launching...
[2026-01-27T14:36:25.321Z] [SUCCESS] ✅ Fresh IP Found: 80.94.250.21
[2026-01-27T14:36:25.321Z] [INFO] 🚀 Launching SeleniumBase via Python Bridge...
[2026-01-27T14:36:25.321Z] [INFO] Starting Python Browser Launcher: /Users/mac/Desktop/My Work/Tiktok_account_automation/bot/src/utils/browserLauncher.py
[2026-01-27T14:36:25.321Z] [INFO] 🔌 Connecting with proxy: http://kajhhcdk-rotate:****@p.webshare.io:80
[2026-01-27T14:36:27.347Z] [INFO] ✅ Connected to CDP Endpoint: ws://127.0.0.1:9222/devtools/browser/c7c28808-4c27-456b-b24b-fc0a123c98c4
[2026-01-27T14:36:27.374Z] [INFO] Attached to existing page
[2026-01-27T14:36:27.413Z] [INFO] Navigating to https://www.tiktok.com/signup/phone-or-email/email...
[2026-01-27T14:36:28.842Z] [INFO] 🌍 Checking public IP & Location...
[2026-01-27T14:36:29.366Z] [INFO] ✅ IP: Unknown | 📍 Location: Unknown
[2026-01-27T14:36:29.367Z] [INFO] ⏳ Waiting for page to fully load...
[2026-01-27T14:36:50.769Z] [INFO] On signup page - HYBRID FLOW STARTED
[2026-01-27T14:36:54.609Z] [INFO] 🎂 Filling date of birth...
[2026-01-27T14:36:54.610Z] [INFO] Step 1: Opening Month dropdown...
[2026-01-27T14:37:02.133Z] [SUCCESS] ✅ Selected month: 02
[2026-01-27T14:37:05.193Z] [INFO] Step 2: Opening Day dropdown...
[2026-01-27T14:37:12.284Z] [SUCCESS] ✅ Selected day: 07
[2026-01-27T14:37:16.243Z] [INFO] Step 3: Opening Year dropdown...
[2026-01-27T14:37:20.661Z] [SUCCESS] ✅ Selected year: 1983
[2026-01-27T14:37:20.661Z] [SUCCESS] 🎂 Date of birth selection completed!
[2026-01-27T14:37:21.716Z] [INFO] Filling email address...
[2026-01-27T14:37:26.644Z] [SUCCESS] Entered email: tiktok0u5yqyo6@virgilian.com
[2026-01-27T14:37:28.910Z] [INFO] Clicking outside to close email suggestions...
[2026-01-27T14:37:30.912Z] [INFO] Filling password...
[2026-01-27T14:37:34.500Z] [SUCCESS] Entered password
[2026-01-27T14:37:37.497Z] [INFO] Thinking: Clicking "Send code" button...
[2026-01-27T14:37:39.270Z] [INFO] Attempt 1: Clicking Send Code...
[2026-01-27T14:37:42.168Z] [INFO] Attempt 2: Clicking Send Code...
[2026-01-27T14:37:44.726Z] [SUCCESS] ✅ Successfully clicked "Send code"
[2026-01-27T14:37:44.727Z] [INFO] ⏳ Waiting for OTP in mail.tm inbox (Do not close browser)...
[2026-01-27T14:37:50.255Z] [INFO] ✅ Got Code: 039217
[2026-01-27T14:37:50.255Z] [INFO] Entering verification code...
[2026-01-27T14:37:58.957Z] [SUCCESS] ✅ Entered verification code successfully
[2026-01-27T14:38:00.009Z] [INFO] Clicking submit/next button...
[2026-01-27T14:38:00.050Z] [SUCCESS] ✅ Clicked submit button
[2026-01-27T14:38:03.468Z] [INFO] 🔍 Checking for signup errors after submit...
[2026-01-27T14:38:03.472Z] [ERROR] ❌ CRITICAL SIGNUP ERROR DETECTED: Maximum number of attempts reached
[2026-01-27T14:38:03.472Z] [ERROR] 🚫 Proxy has been detected/blocked by TikTok!
[2026-01-27T14:38:03.472Z] [ERROR] 🔄 Closing browser immediately to retry with fresh proxy...
[2026-01-27T14:38:03.473Z] [ERROR] Failed to create account (Attempt 2/3)
{
  "accountId": 61,
  "error": "Proxy Blocked: Maximum number of attempts reached",
  "stack": "Error: Proxy Blocked: Maximum number of attempts reached\n    at createTikTokAccount (file:///Users/mac/Desktop/My%20Work/Tiktok_account_automation/bot/src/automation/tiktokSignup.js:558:39)\n    at async Queue.<anonymous> (file:///Users/mac/Desktop/My%20Work/Tiktok_account_automation/bot/src/worker.js:93:24)"
}
[2026-01-27T14:38:03.475Z] [INFO] ⚠️ Error occurred. KEEPING BROWSER OPEN for 60 seconds for inspection...
[2026-01-27T14:53:28.195Z] [INFO] 🧹 Cleaning old jobs from queue...
[2026-01-27T14:53:28.218Z] [INFO] ✅ Queue cleared. Checking for new injection...
[2026-01-27T14:53:28.221Z] [INFO] 🔧 [DEV] Queue empty. Injecting Test Job...
[2026-01-27T14:53:28.232Z] [INFO] Processing new job
{
  "accountId": 66,
  "batchId": 32,
  "jobId": "66"
}
[2026-01-27T14:53:28.233Z] [INFO] Starting account creation for Account ID: 66 (Attempt 1/3)
[2026-01-27T14:53:28.302Z] [SUCCESS] ✅ [DEV] Injected New Batch 32 with 5 jobs.
[2026-01-27T14:53:29.221Z] [INFO] Generated Email: tiktokynaqf8c0@virgilian.com
[2026-01-27T14:53:29.224Z] [INFO] 🛑 Checking for Fresh IP before launching...
[2026-01-27T14:53:30.448Z] [SUCCESS] ✅ Fresh IP Found: 80.72.74.144
[2026-01-27T14:53:30.448Z] [INFO] 🚀 Launching SeleniumBase via Python Bridge...
[2026-01-27T14:53:30.449Z] [INFO] Starting Python Browser Launcher: /Users/mac/Desktop/My Work/Tiktok_account_automation/bot/src/utils/browserLauncher.py
[2026-01-27T14:53:30.449Z] [INFO] 🔌 Connecting with proxy: http://qkgiufyj-11:****@p.webshare.io:80/
[2026-01-27T14:53:32.802Z] [INFO] ✅ Connected to CDP Endpoint: ws://127.0.0.1:9222/devtools/browser/81549e4b-dc77-48ba-a732-aafc7a098992
[2026-01-27T14:53:32.879Z] [INFO] Attached to existing page
[2026-01-27T14:53:32.927Z] [INFO] Navigating to https://www.tiktok.com/signup/phone-or-email/email...
[2026-01-27T14:53:34.111Z] [INFO] 🌍 Checking public IP & Location...
[2026-01-27T14:53:34.127Z] [INFO] ✅ IP: Unknown | 📍 Location: Unknown
[2026-01-27T14:53:34.129Z] [INFO] ⏳ Waiting for page to fully load...
[2026-01-27T14:53:45.939Z] [INFO] On signup page - HYBRID FLOW STARTED
[2026-01-27T14:53:48.651Z] [INFO] 🎂 Filling date of birth...
[2026-01-27T14:53:48.652Z] [INFO] Step 1: Opening Month dropdown...
[2026-01-27T14:53:55.484Z] [SUCCESS] ✅ Selected month: 01
[2026-01-27T14:53:58.334Z] [INFO] Step 2: Opening Day dropdown...
[2026-01-27T14:54:03.563Z] [SUCCESS] ✅ Selected day: 18
[2026-01-27T14:54:06.483Z] [INFO] Step 3: Opening Year dropdown...
[2026-01-27T14:54:11.297Z] [SUCCESS] ✅ Selected year: 2004
[2026-01-27T14:54:11.297Z] [SUCCESS] 🎂 Date of birth selection completed!
[2026-01-27T14:54:12.390Z] [INFO] Filling email address...
[2026-01-27T14:54:17.011Z] [SUCCESS] Entered email: tiktokynaqf8c0@virgilian.com
[2026-01-27T14:54:20.001Z] [INFO] Clicking outside to close email suggestions...
[2026-01-27T14:54:21.333Z] [INFO] Filling password...
[2026-01-27T14:54:24.200Z] [SUCCESS] Entered password
[2026-01-27T14:54:27.199Z] [INFO] Thinking: Clicking "Send code" button...
[2026-01-27T14:54:28.870Z] [INFO] Attempt 1: Clicking Send Code...
[2026-01-27T14:54:32.481Z] [INFO] Attempt 2: Clicking Send Code...
[2026-01-27T14:54:35.301Z] [SUCCESS] ✅ Successfully clicked "Send code"
[2026-01-27T14:54:35.302Z] [INFO] ⏳ Waiting for OTP in mail.tm inbox (Do not close browser)...
[2026-01-27T14:54:40.840Z] [INFO] ✅ Got Code: 419445
[2026-01-27T14:54:40.841Z] [INFO] Entering verification code...
[2026-01-27T14:54:49.123Z] [SUCCESS] ✅ Entered verification code successfully
[2026-01-27T14:54:50.265Z] [INFO] Clicking submit/next button...
[2026-01-27T14:54:50.303Z] [SUCCESS] ✅ Clicked submit button
[2026-01-27T14:54:54.982Z] [INFO] 🔍 Checking for signup errors after submit...
[2026-01-27T14:54:54.985Z] [ERROR] ❌ CRITICAL SIGNUP ERROR DETECTED: Maximum number of attempts reached
[2026-01-27T14:54:54.986Z] [ERROR] 🚫 Proxy has been detected/blocked by TikTok!
[2026-01-27T14:54:54.986Z] [ERROR] 🔄 Closing browser immediately to retry with fresh proxy...
[2026-01-27T14:54:54.986Z] [ERROR] Failed to create account (Attempt 1/3)
{
  "accountId": 66,
  "error": "Proxy Blocked: Maximum number of attempts reached",
  "stack": "Error: Proxy Blocked: Maximum number of attempts reached\n    at createTikTokAccount (file:///Users/mac/Desktop/My%20Work/Tiktok_account_automation/bot/src/automation/tiktokSignup.js:558:39)\n    at async Queue.<anonymous> (file:///Users/mac/Desktop/My%20Work/Tiktok_account_automation/bot/src/worker.js:93:24)"
}
[2026-01-27T14:54:54.988Z] [INFO] ⚠️ Error occurred. KEEPING BROWSER OPEN for 60 seconds for inspection...
[2026-01-27T14:55:13.072Z] [INFO] Retrying account creation... (Attempt 2/3)
[2026-01-27T14:58:05.177Z] [INFO] 🧹 Cleaning old jobs from queue...
[2026-01-27T14:58:05.199Z] [INFO] ✅ Queue cleared. Checking for new injection...
[2026-01-27T14:58:05.202Z] [INFO] 🔧 [DEV] Queue empty. Injecting Test Job...
[2026-01-27T14:58:05.212Z] [INFO] Processing new job
{
  "accountId": 71,
  "batchId": 33,
  "jobId": "71"
}
[2026-01-27T14:58:05.213Z] [INFO] Starting account creation for Account ID: 71 (Attempt 1/3)
[2026-01-27T14:58:05.283Z] [SUCCESS] ✅ [DEV] Injected New Batch 33 with 5 jobs.
[2026-01-27T14:58:06.166Z] [INFO] Generated Email: tiktokua8r2cth@virgilian.com
[2026-01-27T14:58:06.169Z] [INFO] 🛑 Checking for Fresh IP before launching...
[2026-01-27T14:58:07.533Z] [SUCCESS] ✅ Fresh IP Found: 80.72.74.144
[2026-01-27T14:58:07.533Z] [INFO] 🚀 Launching SeleniumBase via Python Bridge...
[2026-01-27T14:58:07.534Z] [INFO] Starting Python Browser Launcher: /Users/mac/Desktop/My Work/Tiktok_account_automation/bot/src/utils/browserLauncher.py
[2026-01-27T14:58:07.534Z] [INFO] 🔌 Connecting with proxy: http://qkgiufyj-11:****@p.webshare.io:80
[2026-01-27T14:58:09.502Z] [INFO] ✅ Connected to CDP Endpoint: ws://127.0.0.1:9222/devtools/browser/95403b1a-127c-4fb8-9ae5-3f3308ff15bf
[2026-01-27T14:58:09.576Z] [INFO] Attached to existing page
[2026-01-27T14:58:09.623Z] [INFO] Navigating to https://www.tiktok.com/signup/phone-or-email/email...
[2026-01-27T14:58:10.804Z] [INFO] 🌍 Checking public IP & Location...
[2026-01-27T14:58:10.820Z] [INFO] ✅ IP: Unknown | 📍 Location: Unknown
[2026-01-27T14:58:10.847Z] [INFO] ⏳ Waiting for page to fully load...
[2026-01-27T14:58:21.519Z] [INFO] On signup page - HYBRID FLOW STARTED
[2026-01-27T14:58:24.072Z] [INFO] 🎂 Filling date of birth...
[2026-01-27T14:58:24.073Z] [INFO] Step 1: Opening Month dropdown...
[2026-01-27T14:58:32.404Z] [SUCCESS] ✅ Selected month: 04
[2026-01-27T14:58:35.831Z] [INFO] Step 2: Opening Day dropdown...
[2026-01-27T14:58:42.442Z] [SUCCESS] ✅ Selected day: 13
[2026-01-27T14:58:44.463Z] [INFO] Step 3: Opening Year dropdown...
[2026-01-27T14:58:50.356Z] [SUCCESS] ✅ Selected year: 2000
[2026-01-27T14:58:50.356Z] [SUCCESS] 🎂 Date of birth selection completed!
[2026-01-27T14:58:51.454Z] [INFO] Filling email address...
[2026-01-27T14:58:56.450Z] [SUCCESS] Entered email: tiktokua8r2cth@virgilian.com
[2026-01-27T14:58:59.388Z] [INFO] Clicking outside to close email suggestions...
[2026-01-27T14:59:00.665Z] [INFO] Filling password...
[2026-01-27T14:59:03.158Z] [SUCCESS] Entered password
[2026-01-27T14:59:05.255Z] [INFO] Thinking: Clicking "Send code" button...
[2026-01-27T14:59:07.051Z] [INFO] Attempt 1: Clicking Send Code...
[2026-01-27T14:59:10.252Z] [INFO] Attempt 2: Clicking Send Code...
[2026-01-27T14:59:12.818Z] [SUCCESS] ✅ Successfully clicked "Send code"
[2026-01-27T14:59:12.819Z] [INFO] ⏳ Waiting for OTP in mail.tm inbox (Do not close browser)...
[2026-01-27T14:59:18.341Z] [INFO] ✅ Got Code: 574964
[2026-01-27T14:59:18.341Z] [INFO] Entering verification code...
[2026-01-27T14:59:26.905Z] [SUCCESS] ✅ Entered verification code successfully
[2026-01-27T14:59:28.566Z] [INFO] Clicking submit/next button...
[2026-01-27T14:59:28.607Z] [SUCCESS] ✅ Clicked submit button
[2026-01-27T14:59:32.454Z] [INFO] 🔍 Checking for signup errors after submit...
[2026-01-27T14:59:32.458Z] [ERROR] ❌ CRITICAL SIGNUP ERROR DETECTED: Maximum number of attempts reached
[2026-01-27T14:59:32.459Z] [ERROR] 🚫 Proxy has been detected/blocked by TikTok!
[2026-01-27T14:59:32.459Z] [ERROR] 🔄 Closing browser immediately to retry with fresh proxy...
[2026-01-27T14:59:32.459Z] [ERROR] Failed to create account (Attempt 1/3)
{
  "accountId": 71,
  "error": "Proxy Blocked: Maximum number of attempts reached",
  "stack": "Error: Proxy Blocked: Maximum number of attempts reached\n    at createTikTokAccount (file:///Users/mac/Desktop/My%20Work/Tiktok_account_automation/bot/src/automation/tiktokSignup.js:558:39)\n    at async Queue.<anonymous> (file:///Users/mac/Desktop/My%20Work/Tiktok_account_automation/bot/src/worker.js:93:24)"
}
[2026-01-27T14:59:32.461Z] [INFO] ⚠️ Error occurred. KEEPING BROWSER OPEN for 60 seconds for inspection...
[2026-01-27T14:59:33.971Z] [INFO] Retrying account creation... (Attempt 2/3)
[2026-01-27T14:59:41.905Z] [INFO] Starting account creation for Account ID: 71 (Attempt 2/3)
[2026-01-27T14:59:41.922Z] [INFO] Killing Python browser process...
[2026-01-27T14:59:41.922Z] [INFO] Browser closed
[2026-01-27T14:59:42.768Z] [INFO] Generated Email: tiktoknf1bd255@virgilian.com
[2026-01-27T14:59:42.771Z] [INFO] 🛑 Checking for Fresh IP before launching...
[2026-01-27T14:59:44.108Z] [SUCCESS] ✅ Fresh IP Found: 80.72.74.144
[2026-01-27T14:59:44.108Z] [INFO] 🚀 Launching SeleniumBase via Python Bridge...
[2026-01-27T14:59:44.109Z] [INFO] Starting Python Browser Launcher: /Users/mac/Desktop/My Work/Tiktok_account_automation/bot/src/utils/browserLauncher.py
[2026-01-27T14:59:44.109Z] [INFO] 🔌 Connecting with proxy: http://qkgiufyj-11:****@p.webshare.io:80
[2026-01-27T15:07:43.440Z] [INFO] 🧹 Cleaning old jobs from queue...
[2026-01-27T15:07:43.461Z] [INFO] ✅ Queue cleared. Checking for new injection...
[2026-01-27T15:07:43.464Z] [INFO] 🔧 [DEV] Queue empty. Injecting Test Job...
[2026-01-27T15:07:43.473Z] [INFO] Processing new job
{
  "accountId": 76,
  "batchId": 34,
  "jobId": "76"
}
[2026-01-27T15:07:43.475Z] [INFO] Starting account creation for Account ID: 76 (Attempt 1/3)
[2026-01-27T15:07:43.547Z] [SUCCESS] ✅ [DEV] Injected New Batch 34 with 5 jobs.
[2026-01-27T15:07:44.480Z] [INFO] Generated Email: tiktokomyfidk8@virgilian.com
[2026-01-27T15:07:44.483Z] [INFO] 🛑 Checking for Fresh IP before launching...
[2026-01-27T15:07:46.730Z] [SUCCESS] ✅ Fresh IP Found: 142.59.21.184
[2026-01-27T15:07:46.730Z] [INFO] 🚀 Launching SeleniumBase via Python Bridge...
[2026-01-27T15:07:46.731Z] [INFO] Starting Python Browser Launcher: /Users/mac/Desktop/My Work/Tiktok_account_automation/bot/src/utils/browserLauncher.py
[2026-01-27T15:07:46.732Z] [INFO] 🔌 Connecting with proxy: http://qkgiufyj-rotate:****@p.webshare.io:80
[2026-01-27T15:07:49.042Z] [INFO] ✅ Connected to CDP Endpoint: ws://127.0.0.1:9222/devtools/browser/d754e879-406b-44cf-a65d-c51e3b0e360f
[2026-01-27T15:07:49.128Z] [INFO] Attached to existing page
[2026-01-27T15:07:49.128Z] [INFO] 🎭 Injecting browser fingerprinting...
[2026-01-27T15:07:49.152Z] [SUCCESS] ✅ Fingerprint configured: 1440x900 | macOS Monterey | en-US
[2026-01-27T15:07:49.195Z] [INFO] Navigating to https://www.tiktok.com/signup/phone-or-email/email...
[2026-01-27T15:07:50.120Z] [INFO] 🌍 Checking public IP & Location...
[2026-01-27T15:07:50.133Z] [INFO] ✅ IP: Unknown | 📍 Location: Unknown
[2026-01-27T15:07:50.135Z] [INFO] ⏳ Waiting for page to fully load...
[2026-01-27T15:10:08.372Z] [INFO] 🧹 Cleaning old jobs from queue...
[2026-01-27T15:10:08.393Z] [INFO] ✅ Queue cleared. Checking for new injection...
[2026-01-27T15:10:08.395Z] [INFO] 🔧 [DEV] Queue empty. Injecting Test Job...
[2026-01-27T15:10:08.407Z] [INFO] Processing new job
{
  "accountId": 81,
  "batchId": 35,
  "jobId": "81"
}
[2026-01-27T15:10:08.408Z] [INFO] Starting account creation for Account ID: 81 (Attempt 1/3)
[2026-01-27T15:10:08.480Z] [SUCCESS] ✅ [DEV] Injected New Batch 35 with 5 jobs.
[2026-01-27T15:10:09.303Z] [INFO] Generated Email: tiktokvc46owlz@virgilian.com
[2026-01-27T15:10:09.306Z] [INFO] 🛑 Checking for Fresh IP before launching...
[2026-01-27T15:10:11.679Z] [SUCCESS] ✅ Fresh IP Found: 38.159.53.224
[2026-01-27T15:10:11.680Z] [INFO] 🚀 Launching SeleniumBase via Python Bridge...
[2026-01-27T15:10:11.681Z] [INFO] Starting Python Browser Launcher: /Users/mac/Desktop/My Work/Tiktok_account_automation/bot/src/utils/browserLauncher.py
[2026-01-27T15:10:11.681Z] [INFO] 🔌 Connecting with proxy: http://qkgiufyj-rotate:****@p.webshare.io:80
[2026-01-27T15:10:13.674Z] [INFO] ✅ Connected to CDP Endpoint: ws://127.0.0.1:9222/devtools/browser/c65d5f97-9ced-48ca-b0e2-0da7b3479c50
[2026-01-27T15:10:13.744Z] [INFO] Attached to existing page
[2026-01-27T15:10:13.744Z] [INFO] 🎭 Injecting browser fingerprinting...
[2026-01-27T15:10:13.748Z] [SUCCESS] ✅ Fingerprint configured: 2560x1440 | macOS Sonoma | fr-FR
[2026-01-27T15:10:13.793Z] [INFO] Navigating to https://www.tiktok.com/signup/phone-or-email/email...
[2026-01-27T15:10:16.779Z] [INFO] 🔍 Checking if page loaded successfully...
[2026-01-27T15:10:16.792Z] [ERROR] ❌ PAGE LOAD ERROR: Page not available
[2026-01-27T15:10:16.792Z] [ERROR] 🚫 TikTok is blocking this proxy IP!
[2026-01-27T15:10:16.792Z] [ERROR] 🔄 Closing browser to retry with fresh IP...
[2026-01-27T15:10:16.793Z] [ERROR] Failed to create account (Attempt 1/3)
{
  "accountId": 81,
  "error": "TikTok Blocked Proxy: Page not available",
  "stack": "Error: TikTok Blocked Proxy: Page not available\n    at createTikTokAccount (file:///Users/mac/Desktop/My%20Work/Tiktok_account_automation/bot/src/automation/tiktokSignup.js:329:23)\n    at async Queue.<anonymous> (file:///Users/mac/Desktop/My%20Work/Tiktok_account_automation/bot/src/worker.js:93:24)"
}
[2026-01-27T15:10:16.794Z] [WARNING] ⚠️ Proxy-related error detected. Skipping debug wait...
[2026-01-27T15:10:16.794Z] [INFO] 🔄 Retrying immediately with fresh proxy...
[2026-01-27T15:10:16.794Z] [INFO] Retrying account creation... (Attempt 2/3)
[2026-01-27T15:10:19.896Z] [INFO] Starting account creation for Account ID: 81 (Attempt 2/3)
[2026-01-27T15:10:19.917Z] [INFO] Killing Python browser process...
[2026-01-27T15:10:19.917Z] [INFO] Browser closed
[2026-01-27T15:10:20.691Z] [INFO] Generated Email: tiktokwf1zehsj@virgilian.com
[2026-01-27T15:10:20.694Z] [INFO] 🛑 Checking for Fresh IP before launching...
[2026-01-27T15:10:24.243Z] [SUCCESS] ✅ Fresh IP Found: 186.179.72.115
[2026-01-27T15:10:24.243Z] [INFO] 🚀 Launching SeleniumBase via Python Bridge...
[2026-01-27T15:10:24.244Z] [INFO] Starting Python Browser Launcher: /Users/mac/Desktop/My Work/Tiktok_account_automation/bot/src/utils/browserLauncher.py
[2026-01-27T15:10:24.244Z] [INFO] 🔌 Connecting with proxy: http://qkgiufyj-rotate:****@p.webshare.io:80
[2026-01-27T15:10:26.177Z] [INFO] ✅ Connected to CDP Endpoint: ws://127.0.0.1:9222/devtools/browser/87698512-6679-4268-b6ee-72ab29dd8379
[2026-01-27T15:10:26.209Z] [INFO] Attached to existing page
[2026-01-27T15:10:26.209Z] [INFO] 🎭 Injecting browser fingerprinting...
[2026-01-27T15:10:26.214Z] [SUCCESS] ✅ Fingerprint configured: 1600x900 | Windows 10 | es-ES
[2026-01-27T15:10:26.254Z] [INFO] Navigating to https://www.tiktok.com/signup/phone-or-email/email...
[2026-01-27T15:10:30.021Z] [INFO] 🔍 Checking if page loaded successfully...
[2026-01-27T15:10:30.027Z] [ERROR] ❌ PAGE LOAD ERROR: Page not available
[2026-01-27T15:10:30.027Z] [ERROR] 🚫 TikTok is blocking this proxy IP!
[2026-01-27T15:10:30.027Z] [ERROR] 🔄 Closing browser to retry with fresh IP...
[2026-01-27T15:10:30.028Z] [ERROR] Failed to create account (Attempt 2/3)
{
  "accountId": 81,
  "error": "TikTok Blocked Proxy: Page not available",
  "stack": "Error: TikTok Blocked Proxy: Page not available\n    at createTikTokAccount (file:///Users/mac/Desktop/My%20Work/Tiktok_account_automation/bot/src/automation/tiktokSignup.js:329:23)\n    at async Queue.<anonymous> (file:///Users/mac/Desktop/My%20Work/Tiktok_account_automation/bot/src/worker.js:93:24)"
}
[2026-01-27T15:10:30.029Z] [WARNING] ⚠️ Proxy-related error detected. Skipping debug wait...
[2026-01-27T15:10:30.029Z] [INFO] 🔄 Retrying immediately with fresh proxy...
[2026-01-27T15:10:30.029Z] [INFO] Retrying account creation... (Attempt 3/3)
[2026-01-27T15:10:32.736Z] [INFO] Starting account creation for Account ID: 81 (Attempt 3/3)
[2026-01-27T15:10:32.748Z] [INFO] Killing Python browser process...
[2026-01-27T15:10:32.748Z] [INFO] Browser closed
[2026-01-27T15:10:33.668Z] [INFO] Generated Email: tiktok8kbs1wti@virgilian.com
[2026-01-27T15:10:33.671Z] [INFO] 🛑 Checking for Fresh IP before launching...
[2026-01-27T15:10:35.355Z] [SUCCESS] ✅ Fresh IP Found: 62.121.100.253
[2026-01-27T15:10:35.356Z] [INFO] 🚀 Launching SeleniumBase via Python Bridge...
[2026-01-27T15:10:35.356Z] [INFO] Starting Python Browser Launcher: /Users/mac/Desktop/My Work/Tiktok_account_automation/bot/src/utils/browserLauncher.py
[2026-01-27T15:10:35.357Z] [INFO] 🔌 Connecting with proxy: http://qkgiufyj-rotate:****@p.webshare.io:80
[2026-01-27T15:10:37.596Z] [INFO] ✅ Connected to CDP Endpoint: ws://127.0.0.1:9222/devtools/browser/43c6d8ad-bfda-4bba-87d0-e4514aff9ec8
[2026-01-27T15:10:37.614Z] [INFO] Attached to existing page
[2026-01-27T15:10:37.614Z] [INFO] 🎭 Injecting browser fingerprinting...
[2026-01-27T15:10:37.623Z] [SUCCESS] ✅ Fingerprint configured: 1280x720 | macOS Sonoma | en-GB
[2026-01-27T15:10:37.658Z] [INFO] Navigating to https://www.tiktok.com/signup/phone-or-email/email...
[2026-01-27T15:10:40.837Z] [INFO] 🔍 Checking if page loaded successfully...
[2026-01-27T15:10:40.845Z] [ERROR] ❌ PAGE LOAD ERROR: Page not available
[2026-01-27T15:10:40.845Z] [ERROR] 🚫 TikTok is blocking this proxy IP!
[2026-01-27T15:10:40.845Z] [ERROR] 🔄 Closing browser to retry with fresh IP...
[2026-01-27T15:10:40.845Z] [ERROR] Failed to create account (Attempt 3/3)
{
  "accountId": 81,
  "error": "TikTok Blocked Proxy: Page not available",
  "stack": "Error: TikTok Blocked Proxy: Page not available\n    at createTikTokAccount (file:///Users/mac/Desktop/My%20Work/Tiktok_account_automation/bot/src/automation/tiktokSignup.js:329:23)\n    at async Queue.<anonymous> (file:///Users/mac/Desktop/My%20Work/Tiktok_account_automation/bot/src/worker.js:93:24)"
}
[2026-01-27T15:10:40.847Z] [WARNING] ⚠️ Proxy-related error detected. Skipping debug wait...
[2026-01-27T15:10:40.847Z] [INFO] 🔄 Retrying immediately with fresh proxy...
[2026-01-27T15:10:40.853Z] [INFO] Killing Python browser process...
[2026-01-27T15:10:40.853Z] [INFO] Browser closed
[2026-01-27T15:10:40.856Z] [INFO] Waiting 9.31 minutes before next account creation...
[2026-01-27T15:12:32.744Z] [INFO] 🧹 Cleaning old jobs from queue...
[2026-01-27T15:12:32.765Z] [INFO] ✅ Queue cleared. Checking for new injection...
[2026-01-27T15:12:32.767Z] [INFO] 🔧 [DEV] Queue empty. Injecting Test Job...
[2026-01-27T15:12:32.778Z] [INFO] Processing new job
{
  "accountId": 86,
  "batchId": 36,
  "jobId": "86"
}
[2026-01-27T15:12:32.780Z] [INFO] Starting account creation for Account ID: 86 (Attempt 1/3)
[2026-01-27T15:12:32.848Z] [SUCCESS] ✅ [DEV] Injected New Batch 36 with 5 jobs.
[2026-01-27T15:12:33.635Z] [INFO] Generated Email: tiktok8of00t67@virgilian.com
[2026-01-27T15:12:33.638Z] [INFO] 🛑 Checking for Fresh IP before launching...
[2026-01-27T15:12:35.926Z] [SUCCESS] ✅ Fresh IP Found: 46.19.225.168
[2026-01-27T15:12:35.927Z] [INFO] 🚀 Launching SeleniumBase via Python Bridge...
[2026-01-27T15:12:35.927Z] [INFO] Starting Python Browser Launcher: /Users/mac/Desktop/My Work/Tiktok_account_automation/bot/src/utils/browserLauncher.py
[2026-01-27T15:12:35.927Z] [INFO] 🔌 Connecting with proxy: http://qkgiufyj-rotate:****@p.webshare.io:80
[2026-01-27T15:12:38.344Z] [INFO] ✅ Connected to CDP Endpoint: ws://127.0.0.1:9222/devtools/browser/90973e2e-dd99-466d-b272-b37fe4aac8a7
[2026-01-27T15:12:38.416Z] [INFO] Attached to existing page
[2026-01-27T15:12:38.417Z] [INFO] 🎭 Applying light browser customization...
[2026-01-27T15:12:38.425Z] [SUCCESS] ✅ Browser customized: 1366x768 | Asia/Tokyo
[2026-01-27T15:12:38.467Z] [INFO] Navigating to https://www.tiktok.com/signup/phone-or-email/email...
[2026-01-27T15:12:42.532Z] [INFO] 🔍 Checking if page loaded successfully...
[2026-01-27T15:12:42.542Z] [ERROR] ❌ PAGE LOAD ERROR: Page not available
[2026-01-27T15:12:42.543Z] [ERROR] 🚫 TikTok is blocking this proxy IP!
[2026-01-27T15:12:42.543Z] [ERROR] 🔄 Closing browser to retry with fresh IP...
[2026-01-27T15:12:42.543Z] [ERROR] Failed to create account (Attempt 1/3)
{
  "accountId": 86,
  "error": "TikTok Blocked Proxy: Page not available",
  "stack": "Error: TikTok Blocked Proxy: Page not available\n    at createTikTokAccount (file:///Users/mac/Desktop/My%20Work/Tiktok_account_automation/bot/src/automation/tiktokSignup.js:233:23)\n    at async Queue.<anonymous> (file:///Users/mac/Desktop/My%20Work/Tiktok_account_automation/bot/src/worker.js:93:24)"
}
[2026-01-27T15:12:42.546Z] [WARNING] ⚠️ Proxy-related error detected. Skipping debug wait...
[2026-01-27T15:12:42.546Z] [INFO] 🔄 Retrying immediately with fresh proxy...
[2026-01-27T15:12:42.546Z] [INFO] Retrying account creation... (Attempt 2/3)
[2026-01-27T15:12:44.895Z] [INFO] Starting account creation for Account ID: 86 (Attempt 2/3)
[2026-01-27T15:12:44.917Z] [INFO] Killing Python browser process...
[2026-01-27T15:12:44.918Z] [INFO] Browser closed
[2026-01-27T15:12:45.693Z] [INFO] Generated Email: tiktokmpiyw3w6@virgilian.com
[2026-01-27T15:12:45.694Z] [INFO] 🛑 Checking for Fresh IP before launching...
[2026-01-27T15:12:48.355Z] [SUCCESS] ✅ Fresh IP Found: 119.234.83.117
[2026-01-27T15:12:48.355Z] [INFO] 🚀 Launching SeleniumBase via Python Bridge...
[2026-01-27T15:12:48.356Z] [INFO] Starting Python Browser Launcher: /Users/mac/Desktop/My Work/Tiktok_account_automation/bot/src/utils/browserLauncher.py
[2026-01-27T15:12:48.356Z] [INFO] 🔌 Connecting with proxy: http://qkgiufyj-rotate:****@p.webshare.io:80
[2026-01-27T15:12:50.964Z] [INFO] ✅ Connected to CDP Endpoint: ws://127.0.0.1:9222/devtools/browser/b6482bcf-3c12-47e5-abf1-eb42f8155f6f
[2026-01-27T15:12:51.026Z] [INFO] Attached to existing page
[2026-01-27T15:12:51.027Z] [INFO] 🎭 Applying light browser customization...
[2026-01-27T15:12:51.047Z] [SUCCESS] ✅ Browser customized: 1440x900 | Asia/Tokyo
[2026-01-27T15:12:51.093Z] [INFO] Navigating to https://www.tiktok.com/signup/phone-or-email/email...
[2026-01-27T15:12:54.869Z] [INFO] 🔍 Checking if page loaded successfully...
[2026-01-27T15:12:54.878Z] [ERROR] ❌ PAGE LOAD ERROR: Page not available
[2026-01-27T15:12:54.879Z] [ERROR] 🚫 TikTok is blocking this proxy IP!
[2026-01-27T15:12:54.880Z] [ERROR] 🔄 Closing browser to retry with fresh IP...
[2026-01-27T15:12:54.880Z] [ERROR] Failed to create account (Attempt 2/3)
{
  "accountId": 86,
  "error": "TikTok Blocked Proxy: Page not available",
  "stack": "Error: TikTok Blocked Proxy: Page not available\n    at createTikTokAccount (file:///Users/mac/Desktop/My%20Work/Tiktok_account_automation/bot/src/automation/tiktokSignup.js:233:23)\n    at async Queue.<anonymous> (file:///Users/mac/Desktop/My%20Work/Tiktok_account_automation/bot/src/worker.js:93:24)"
}
[2026-01-27T15:12:54.883Z] [WARNING] ⚠️ Proxy-related error detected. Skipping debug wait...
[2026-01-27T15:12:54.883Z] [INFO] 🔄 Retrying immediately with fresh proxy...
[2026-01-27T15:12:54.883Z] [INFO] Retrying account creation... (Attempt 3/3)
[2026-01-27T15:12:57.180Z] [INFO] Starting account creation for Account ID: 86 (Attempt 3/3)
[2026-01-27T15:12:57.193Z] [INFO] Killing Python browser process...
[2026-01-27T15:12:57.194Z] [INFO] Browser closed
[2026-01-27T15:12:58.021Z] [INFO] Generated Email: tiktok1mp6o5kv@virgilian.com
[2026-01-27T15:12:58.024Z] [INFO] 🛑 Checking for Fresh IP before launching...
[2026-01-27T15:12:59.952Z] [SUCCESS] ✅ Fresh IP Found: 69.92.108.243
[2026-01-27T15:12:59.952Z] [INFO] 🚀 Launching SeleniumBase via Python Bridge...
[2026-01-27T15:12:59.953Z] [INFO] Starting Python Browser Launcher: /Users/mac/Desktop/My Work/Tiktok_account_automation/bot/src/utils/browserLauncher.py
[2026-01-27T15:12:59.953Z] [INFO] 🔌 Connecting with proxy: http://qkgiufyj-rotate:****@p.webshare.io:80
[2026-01-27T15:13:02.321Z] [INFO] ✅ Connected to CDP Endpoint: ws://127.0.0.1:9222/devtools/browser/b8b32611-b837-4849-888d-c04b47d38b09
[2026-01-27T15:13:02.339Z] [INFO] Attached to existing page
[2026-01-27T15:13:02.342Z] [INFO] 🎭 Applying light browser customization...
[2026-01-27T15:13:02.348Z] [SUCCESS] ✅ Browser customized: 1280x720 | Europe/Paris
[2026-01-27T15:13:02.384Z] [INFO] Navigating to https://www.tiktok.com/signup/phone-or-email/email...
[2026-01-27T15:13:05.724Z] [INFO] 🔍 Checking if page loaded successfully...
[2026-01-27T15:13:06.136Z] [ERROR] Failed to create account (Attempt 3/3)
{
  "accountId": 86,
  "error": "page.evaluate: Execution context was destroyed, most likely because of a navigation",
  "stack": "page.evaluate: Execution context was destroyed, most likely because of a navigation\n    at createTikTokAccount (/Users/mac/Desktop/My Work/Tiktok_account_automation/bot/src/automation/tiktokSignup.js:205:42)\n    at async Queue.<anonymous> (/Users/mac/Desktop/My Work/Tiktok_account_automation/bot/src/worker.js:93:24)"
}
[2026-01-27T15:13:06.138Z] [INFO] ⚠️ Error occurred. KEEPING BROWSER OPEN for 60 seconds for inspection...
[2026-01-27T15:14:06.146Z] [INFO] Killing Python browser process...
[2026-01-27T15:14:06.146Z] [INFO] Browser closed
[2026-01-27T15:14:06.151Z] [INFO] Waiting 6.84 minutes before next account creation...
[2026-01-27T15:20:02.400Z] [INFO] 🧹 Cleaning old jobs from queue...
[2026-01-27T15:20:02.422Z] [INFO] ✅ Queue cleared. Checking for new injection...
[2026-01-27T15:20:02.424Z] [INFO] ℹ️ Jobs already in queue, skipping injection.
[2026-01-27T15:20:56.773Z] [SUCCESS] Job 86 completed
{
  "result": {
    "success": false,
    "accountId": 86,
    "error": "page.evaluate: Execution context was destroyed, most likely because of a navigation"
  }
}
[2026-01-27T15:20:57.810Z] [INFO] 🧹 Cleaning old jobs from queue...
[2026-01-27T15:20:57.830Z] [INFO] ✅ Queue cleared. Checking for new injection...
[2026-01-27T15:20:57.832Z] [INFO] 🔧 [DEV] Queue empty. Injecting Test Job...
[2026-01-27T15:20:57.843Z] [INFO] Processing new job
{
  "accountId": 91,
  "batchId": 37,
  "jobId": "91"
}
[2026-01-27T15:20:57.844Z] [INFO] Starting account creation for Account ID: 91 (Attempt 1/3)
[2026-01-27T15:20:57.910Z] [SUCCESS] ✅ [DEV] Injected New Batch 37 with 5 jobs.
[2026-01-27T15:20:58.705Z] [INFO] Generated Email: tiktoky01ifc3a@virgilian.com
[2026-01-27T15:20:58.707Z] [INFO] 🛑 Checking for Fresh IP before launching...
[2026-01-27T15:21:01.415Z] [INFO] 🧹 Cleaning old jobs from queue...
[2026-01-27T15:21:01.432Z] [INFO] ✅ Queue cleared. Checking for new injection...
[2026-01-27T15:21:01.435Z] [INFO] ℹ️ Jobs already in queue, skipping injection.
[2026-01-27T15:21:01.622Z] [SUCCESS] ✅ Fresh IP Found: 103.121.138.50
[2026-01-27T15:21:01.622Z] [INFO] 🚀 Launching SeleniumBase via Python Bridge...
[2026-01-27T15:21:01.623Z] [INFO] Starting Python Browser Launcher: /Users/mac/Desktop/My Work/Tiktok_account_automation/bot/src/utils/browserLauncher.py
[2026-01-27T15:21:01.623Z] [INFO] 🔌 Connecting with proxy: http://qkgiufyj-rotate:****@p.webshare.io:80
[2026-01-27T15:21:04.194Z] [INFO] ✅ Connected to CDP Endpoint: ws://127.0.0.1:9222/devtools/browser/76342678-ffb5-4482-9d1e-d13acb9883ac
[2026-01-27T15:21:04.264Z] [INFO] Attached to existing page
[2026-01-27T15:21:04.264Z] [INFO] 🎭 Applying light browser customization...
[2026-01-27T15:21:04.273Z] [SUCCESS] ✅ Browser customized: 2560x1440 | America/Chicago
[2026-01-27T15:21:04.316Z] [INFO] Navigating to https://www.tiktok.com/signup/phone-or-email/email...
[2026-01-27T15:21:07.682Z] [INFO] 🔍 Checking if page loaded successfully...
[2026-01-27T15:21:07.691Z] [ERROR] ❌ PAGE LOAD ERROR: page not available
[2026-01-27T15:21:07.692Z] [ERROR] 🚫 TikTok is blocking this proxy IP!
[2026-01-27T15:21:07.692Z] [ERROR] 🔄 Closing browser to retry with fresh IP...
[2026-01-27T15:21:07.693Z] [ERROR] Failed to create account (Attempt 1/3)
{
  "accountId": 91,
  "error": "TikTok Blocked Proxy: page not available",
  "stack": "Error: TikTok Blocked Proxy: page not available\n    at createTikTokAccount (file:///Users/mac/Desktop/My%20Work/Tiktok_account_automation/bot/src/automation/tiktokSignup.js:243:23)\n    at async Queue.<anonymous> (file:///Users/mac/Desktop/My%20Work/Tiktok_account_automation/bot/src/worker.js:93:24)"
}
[2026-01-27T15:21:07.694Z] [INFO] ⚠️ Error occurred. KEEPING BROWSER OPEN for 60 seconds for inspection...
[2026-01-27T15:21:16.392Z] [INFO] Retrying account creation... (Attempt 2/3)
[2026-01-27T15:21:21.537Z] [INFO] Starting account creation for Account ID: 91 (Attempt 2/3)
[2026-01-27T15:21:21.553Z] [INFO] Killing Python browser process...
[2026-01-27T15:21:21.554Z] [INFO] Browser closed
[2026-01-27T15:21:22.335Z] [INFO] Generated Email: tiktokr05k64gn@virgilian.com
[2026-01-27T15:21:22.337Z] [INFO] 🛑 Checking for Fresh IP before launching...
[2026-01-27T15:21:23.977Z] [SUCCESS] ✅ Fresh IP Found: 136.34.146.150
[2026-01-27T15:21:23.977Z] [INFO] 🚀 Launching SeleniumBase via Python Bridge...
[2026-01-27T15:21:23.977Z] [INFO] Starting Python Browser Launcher: /Users/mac/Desktop/My Work/Tiktok_account_automation/bot/src/utils/browserLauncher.py
[2026-01-27T15:21:23.977Z] [INFO] 🔌 Connecting with proxy: http://qkgiufyj-rotate:****@p.webshare.io:80
[2026-01-27T15:21:26.235Z] [INFO] ✅ Connected to CDP Endpoint: ws://127.0.0.1:9222/devtools/browser/5149f878-cb3b-4393-af00-1763daf285a4
[2026-01-27T15:21:26.269Z] [INFO] Attached to existing page
[2026-01-27T15:21:26.269Z] [INFO] 🎭 Applying light browser customization...
[2026-01-27T15:21:26.273Z] [SUCCESS] ✅ Browser customized: 1440x900 | Asia/Tokyo
[2026-01-27T15:21:26.309Z] [INFO] Navigating to https://www.tiktok.com/signup/phone-or-email/email...
[2026-01-27T15:21:30.495Z] [INFO] 🔍 Checking if page loaded successfully...
[2026-01-27T15:21:30.497Z] [WARNING] ⚠️ Error checking page content: page.evaluate: Target page, context or browser has been closed
[2026-01-27T15:21:30.498Z] [SUCCESS] ✅ Page loaded successfully!
[2026-01-27T15:21:30.498Z] [INFO] 🌍 Checking public IP & Location...
[2026-01-27T15:21:30.500Z] [WARNING] Could not check IP: page.evaluate: Target page, context or browser has been closed
[2026-01-27T15:21:30.500Z] [INFO] ⏳ Waiting for page to fully load...
[2026-01-27T15:21:30.503Z] [WARNING] Page load wait timeout, proceeding anyway...
[2026-01-27T15:21:30.504Z] [INFO] On signup page - HYBRID FLOW STARTED
[2026-01-27T15:21:33.610Z] [INFO] 🎂 Filling date of birth...
[2026-01-27T15:21:33.610Z] [INFO] Step 1: Opening Month dropdown...
[2026-01-27T15:21:33.612Z] [ERROR] ❌ DOB error:
"mouse.move: Target page, context or browser has been closed"
[2026-01-27T15:21:34.677Z] [INFO] Filling email address...
[2026-01-27T15:21:34.679Z] [ERROR] Failed to create account (Attempt 2/3)
{
  "accountId": 91,
  "error": "page.$: Target page, context or browser has been closed",
  "stack": "page.$: Target page, context or browser has been closed\n    at createTikTokAccount (/Users/mac/Desktop/My Work/Tiktok_account_automation/bot/src/automation/tiktokSignup.js:376:28)\n    at async Queue.<anonymous> (/Users/mac/Desktop/My Work/Tiktok_account_automation/bot/src/worker.js:93:24)"
}
[2026-01-27T15:21:34.681Z] [INFO] ⚠️ Error occurred. KEEPING BROWSER OPEN for 60 seconds for inspection...
[2026-01-27T15:21:34.681Z] [INFO] Retrying account creation... (Attempt 3/3)
[2026-01-27T15:21:44.464Z] [INFO] Starting account creation for Account ID: 91 (Attempt 3/3)
[2026-01-27T15:21:44.470Z] [INFO] Killing Python browser process...
[2026-01-27T15:21:44.470Z] [INFO] Browser closed
[2026-01-27T15:21:45.227Z] [INFO] Generated Email: tiktokyhn4cvkq@virgilian.com
[2026-01-27T15:21:45.229Z] [INFO] 🛑 Checking for Fresh IP before launching...
[2026-01-27T15:21:47.910Z] [SUCCESS] ✅ Fresh IP Found: 132.147.101.3
[2026-01-27T15:21:47.911Z] [INFO] 🚀 Launching SeleniumBase via Python Bridge...
[2026-01-27T15:21:47.911Z] [INFO] Starting Python Browser Launcher: /Users/mac/Desktop/My Work/Tiktok_account_automation/bot/src/utils/browserLauncher.py
[2026-01-27T15:21:47.912Z] [INFO] 🔌 Connecting with proxy: http://qkgiufyj-rotate:****@p.webshare.io:80
[2026-01-27T15:21:50.181Z] [INFO] ✅ Connected to CDP Endpoint: ws://127.0.0.1:9222/devtools/browser/f00a6df9-ffbe-4deb-9ab3-a9b9344c8d2d
[2026-01-27T15:21:50.204Z] [INFO] Attached to existing page
[2026-01-27T15:21:50.204Z] [INFO] 🎭 Applying light browser customization...
[2026-01-27T15:21:50.209Z] [SUCCESS] ✅ Browser customized: 1366x768 | Asia/Singapore
[2026-01-27T15:21:50.245Z] [INFO] Navigating to https://www.tiktok.com/signup/phone-or-email/email...
[2026-01-27T15:21:53.542Z] [INFO] 🔍 Checking if page loaded successfully...
[2026-01-27T15:21:53.550Z] [ERROR] ❌ PAGE LOAD ERROR: page not available
[2026-01-27T15:21:53.550Z] [ERROR] 🚫 TikTok is blocking this proxy IP!
[2026-01-27T15:21:53.550Z] [ERROR] 🔄 Closing browser to retry with fresh IP...
[2026-01-27T15:21:53.551Z] [ERROR] Failed to create account (Attempt 3/3)
{
  "accountId": 91,
  "error": "TikTok Blocked Proxy: page not available",
  "stack": "Error: TikTok Blocked Proxy: page not available\n    at createTikTokAccount (file:///Users/mac/Desktop/My%20Work/Tiktok_account_automation/bot/src/automation/tiktokSignup.js:243:23)\n    at async Queue.<anonymous> (file:///Users/mac/Desktop/My%20Work/Tiktok_account_automation/bot/src/worker.js:93:24)"
}
[2026-01-27T15:21:53.552Z] [INFO] ⚠️ Error occurred. KEEPING BROWSER OPEN for 60 seconds for inspection...
[2026-01-27T15:21:54.023Z] [INFO] Killing Python browser process...
[2026-01-27T15:21:54.024Z] [INFO] Browser closed
[2026-01-27T15:21:54.028Z] [INFO] Waiting 7.12 minutes before next account creation...
[2026-01-27T15:23:25.034Z] [INFO] 🧹 Cleaning old jobs from queue...
[2026-01-27T15:23:25.049Z] [INFO] ✅ Queue cleared. Checking for new injection...
[2026-01-27T15:23:25.052Z] [INFO] ℹ️ Jobs already in queue, skipping injection.
[2026-01-27T15:25:25.045Z] [INFO] 🧹 Nuke-cleaning queue (Dev Mode)...
[2026-01-27T15:25:25.064Z] [INFO] ✅ Queue obliterated.
[2026-01-27T15:25:25.065Z] [INFO] 🔧 [DEV] Injecting Fresh Test Job...
[2026-01-27T15:25:25.076Z] [INFO] Processing new job
{
  "accountId": 96,
  "batchId": 38,
  "jobId": "1"
}
[2026-01-27T15:25:25.078Z] [INFO] Starting account creation for Account ID: 96 (Attempt 1/3)
[2026-01-27T15:25:25.273Z] [SUCCESS] ✅ [DEV] Injected New Batch 38 with 100 jobs.
[2026-01-27T15:25:25.940Z] [INFO] Generated Email: tiktokr6lblaqz@virgilian.com
[2026-01-27T15:25:25.943Z] [INFO] 🛑 Checking for Fresh IP before launching...
[2026-01-27T15:25:27.660Z] [SUCCESS] ✅ Fresh IP Found: 90.171.38.196
[2026-01-27T15:25:27.660Z] [INFO] 🚀 Launching SeleniumBase via Python Bridge...
[2026-01-27T15:25:27.661Z] [INFO] Starting Python Browser Launcher: /Users/mac/Desktop/My Work/Tiktok_account_automation/bot/src/utils/browserLauncher.py
[2026-01-27T15:25:27.661Z] [INFO] 🔌 Connecting with proxy: http://qkgiufyj-rotate:****@p.webshare.io:80
[2026-01-27T15:25:30.023Z] [INFO] ✅ Connected to CDP Endpoint: ws://127.0.0.1:9222/devtools/browser/fcae8d38-8d3b-4efb-bdd7-392c51cbf6b2
[2026-01-27T15:25:30.097Z] [INFO] Attached to existing page
[2026-01-27T15:25:30.097Z] [INFO] 🌍 Syncing fingerprint with Proxy IP...
[2026-01-27T15:25:32.210Z] [WARNING] ⚠️ Standard JSON parse failed, trying relaxed extraction...
[2026-01-27T15:25:32.211Z] [INFO] 🎭 Injecting aligned fingerprint (TZ: Europe/London)...
[2026-01-27T15:25:32.217Z] [INFO] Already on signup page, skipping navigation
[2026-01-27T15:25:32.217Z] [INFO] 🌍 Checking public IP & Location...
[2026-01-27T15:25:32.232Z] [INFO] ✅ IP: Unknown | 📍 Location: Unknown
[2026-01-27T15:25:32.233Z] [INFO] ⏳ Waiting for page to fully load...
[2026-01-27T15:25:41.455Z] [INFO] On signup page - HYBRID FLOW STARTED
[2026-01-27T15:25:44.760Z] [INFO] 🎂 Filling date of birth...
[2026-01-27T15:25:44.761Z] [INFO] Step 1: Opening Month dropdown...
[2026-01-27T15:25:51.827Z] [SUCCESS] ✅ Selected month: 05
[2026-01-27T15:25:54.499Z] [INFO] Step 2: Opening Day dropdown...
[2026-01-27T15:26:01.559Z] [SUCCESS] ✅ Selected day: 18
[2026-01-27T15:26:04.168Z] [INFO] Step 3: Opening Year dropdown...
[2026-01-27T15:26:08.288Z] [SUCCESS] ✅ Selected year: 1988
[2026-01-27T15:26:08.289Z] [SUCCESS] 🎂 Date of birth selection completed!
[2026-01-27T15:26:09.818Z] [INFO] Filling email address...
[2026-01-27T15:26:14.313Z] [SUCCESS] Entered email: tiktokr6lblaqz@virgilian.com
[2026-01-27T15:26:15.964Z] [INFO] Clicking outside to close email suggestions...
[2026-01-27T15:26:17.194Z] [INFO] Filling password...
[2026-01-27T15:26:19.495Z] [SUCCESS] Entered password
[2026-01-27T15:26:22.354Z] [INFO] Thinking: Clicking "Send code" button...
[2026-01-27T15:26:24.574Z] [INFO] Attempt 1: Clicking Send Code...
[2026-01-27T15:26:27.680Z] [INFO] Attempt 2: Clicking Send Code...
[2026-01-27T15:26:29.803Z] [SUCCESS] ✅ Successfully clicked "Send code"
[2026-01-27T15:26:29.804Z] [INFO] ⏳ Waiting for OTP in mail.tm inbox (Do not close browser)...
[2026-01-27T15:26:35.463Z] [INFO] ✅ Got Code: 009372
[2026-01-27T15:26:35.464Z] [INFO] Entering verification code...
[2026-01-27T15:26:43.822Z] [SUCCESS] ✅ Entered verification code successfully
[2026-01-27T15:26:44.971Z] [INFO] Clicking submit/next button...
[2026-01-27T15:26:45.011Z] [SUCCESS] ✅ Clicked submit button
[2026-01-27T15:26:48.366Z] [INFO] 🔍 Checking for signup errors after submit...
[2026-01-27T15:26:48.370Z] [ERROR] ❌ CRITICAL SIGNUP ERROR DETECTED: Maximum number of attempts reached
[2026-01-27T15:26:48.370Z] [ERROR] 🚫 Proxy has been detected/blocked by TikTok!
[2026-01-27T15:26:48.371Z] [ERROR] 🔄 Closing browser immediately to retry with fresh proxy...
[2026-01-27T15:26:48.371Z] [ERROR] Failed to create account (Attempt 1/3)
{
  "accountId": 96,
  "error": "Proxy Blocked: Maximum number of attempts reached",
  "stack": "Error: Proxy Blocked: Maximum number of attempts reached\n    at createTikTokAccount (file:///Users/mac/Desktop/My%20Work/Tiktok_account_automation/bot/src/automation/tiktokSignup.js:662:39)\n    at async Queue.<anonymous> (file:///Users/mac/Desktop/My%20Work/Tiktok_account_automation/bot/src/worker.js:88:24)"
}
[2026-01-27T15:26:48.373Z] [WARNING] ⚠️ Proxy-related error detected. Skipping debug wait...
[2026-01-27T15:26:48.373Z] [INFO] 🔄 Retrying immediately with fresh proxy...
[2026-01-27T15:26:48.373Z] [INFO] Retrying account creation... (Attempt 2/3)
[2026-01-27T15:26:50.576Z] [INFO] Starting account creation for Account ID: 96 (Attempt 2/3)
[2026-01-27T15:26:50.591Z] [INFO] Killing Python browser process...
[2026-01-27T15:26:50.591Z] [INFO] Browser closed
[2026-01-27T15:26:51.360Z] [INFO] Generated Email: tiktok6whyn4mq@virgilian.com
[2026-01-27T15:26:51.363Z] [INFO] 🛑 Checking for Fresh IP before launching...
[2026-01-27T15:26:53.097Z] [SUCCESS] ✅ Fresh IP Found: 64.253.14.242
[2026-01-27T15:26:53.097Z] [INFO] 🚀 Launching SeleniumBase via Python Bridge...
[2026-01-27T15:26:53.097Z] [INFO] Starting Python Browser Launcher: /Users/mac/Desktop/My Work/Tiktok_account_automation/bot/src/utils/browserLauncher.py
[2026-01-27T15:26:53.098Z] [INFO] 🔌 Connecting with proxy: http://qkgiufyj-rotate:****@p.webshare.io:80
[2026-01-27T15:26:55.200Z] [INFO] ✅ Connected to CDP Endpoint: ws://127.0.0.1:9222/devtools/browser/62fd4411-79ed-438e-b18e-32097289a847
[2026-01-27T15:26:55.227Z] [INFO] Attached to existing page
[2026-01-27T15:26:55.227Z] [INFO] 🌍 Syncing fingerprint with Proxy IP...
[2026-01-27T15:26:57.352Z] [WARNING] ⚠️ Standard JSON parse failed, trying relaxed extraction...
[2026-01-27T15:26:57.353Z] [INFO] 🎭 Injecting aligned fingerprint (TZ: Europe/London)...
[2026-01-27T15:26:57.356Z] [INFO] Already on signup page, skipping navigation
[2026-01-27T15:26:57.356Z] [INFO] 🌍 Checking public IP & Location...
[2026-01-27T15:26:57.366Z] [INFO] ✅ IP: Unknown | 📍 Location: Unknown
[2026-01-27T15:26:57.366Z] [INFO] ⏳ Waiting for page to fully load...
[2026-01-27T15:27:07.364Z] [INFO] On signup page - HYBRID FLOW STARTED
[2026-01-27T15:27:11.152Z] [INFO] 🎂 Filling date of birth...
[2026-01-27T15:27:11.153Z] [INFO] Step 1: Opening Month dropdown...
[2026-01-27T15:27:18.347Z] [SUCCESS] ✅ Selected month: 12
[2026-01-27T15:27:22.187Z] [INFO] Step 2: Opening Day dropdown...
[2026-01-27T15:27:28.773Z] [SUCCESS] ✅ Selected day: 22
[2026-01-27T15:27:30.875Z] [INFO] Step 3: Opening Year dropdown...
[2026-01-27T15:27:37.356Z] [SUCCESS] ✅ Selected year: 1989
[2026-01-27T15:27:37.356Z] [SUCCESS] 🎂 Date of birth selection completed!
[2026-01-27T15:27:38.557Z] [INFO] Filling email address...
[2026-01-27T15:27:43.264Z] [SUCCESS] Entered email: tiktok6whyn4mq@virgilian.com
[2026-01-27T15:27:44.935Z] [INFO] Clicking outside to close email suggestions...
[2026-01-27T15:27:46.053Z] [INFO] Filling password...
[2026-01-27T15:27:49.782Z] [SUCCESS] Entered password
[2026-01-27T15:27:52.491Z] [INFO] Thinking: Clicking "Send code" button...
[2026-01-27T15:27:54.882Z] [INFO] Attempt 1: Clicking Send Code...
[2026-01-27T15:27:57.536Z] [INFO] Attempt 2: Clicking Send Code...
[2026-01-27T15:28:00.380Z] [SUCCESS] ✅ Successfully clicked "Send code"
[2026-01-27T15:28:00.380Z] [INFO] ⏳ Waiting for OTP in mail.tm inbox (Do not close browser)...
[2026-01-27T15:28:05.966Z] [INFO] ✅ Got Code: 785871
[2026-01-27T15:28:05.966Z] [INFO] Entering verification code...
[2026-01-27T15:28:15.089Z] [SUCCESS] ✅ Entered verification code successfully
[2026-01-27T15:28:16.992Z] [INFO] Clicking submit/next button...
[2026-01-27T15:28:17.030Z] [SUCCESS] ✅ Clicked submit button
[2026-01-27T15:28:21.896Z] [INFO] 🔍 Checking for signup errors after submit...
[2026-01-27T15:28:21.900Z] [ERROR] ❌ CRITICAL SIGNUP ERROR DETECTED: Maximum number of attempts reached
[2026-01-27T15:28:21.901Z] [ERROR] 🚫 Proxy has been detected/blocked by TikTok!
[2026-01-27T15:28:21.901Z] [ERROR] 🔄 Closing browser immediately to retry with fresh proxy...
[2026-01-27T15:28:21.901Z] [ERROR] Failed to create account (Attempt 2/3)
{
  "accountId": 96,
  "error": "Proxy Blocked: Maximum number of attempts reached",
  "stack": "Error: Proxy Blocked: Maximum number of attempts reached\n    at createTikTokAccount (file:///Users/mac/Desktop/My%20Work/Tiktok_account_automation/bot/src/automation/tiktokSignup.js:662:39)\n    at async Queue.<anonymous> (file:///Users/mac/Desktop/My%20Work/Tiktok_account_automation/bot/src/worker.js:88:24)"
}
[2026-01-27T15:28:21.903Z] [WARNING] ⚠️ Proxy-related error detected. Skipping debug wait...
[2026-01-27T15:28:21.903Z] [INFO] 🔄 Retrying immediately with fresh proxy...
[2026-01-27T15:28:21.903Z] [INFO] Retrying account creation... (Attempt 3/3)
[2026-01-27T15:28:24.695Z] [INFO] Starting account creation for Account ID: 96 (Attempt 3/3)
[2026-01-27T15:28:24.711Z] [INFO] Killing Python browser process...
[2026-01-27T15:28:24.712Z] [INFO] Browser closed
[2026-01-27T15:28:25.491Z] [INFO] Generated Email: tiktokdpob02gk@virgilian.com
[2026-01-27T15:28:25.493Z] [INFO] 🛑 Checking for Fresh IP before launching...
[2026-01-27T15:28:27.592Z] [SUCCESS] ✅ Fresh IP Found: 37.38.134.213
[2026-01-27T15:28:27.593Z] [INFO] 🚀 Launching SeleniumBase via Python Bridge...
[2026-01-27T15:28:27.593Z] [INFO] Starting Python Browser Launcher: /Users/mac/Desktop/My Work/Tiktok_account_automation/bot/src/utils/browserLauncher.py
[2026-01-27T15:28:27.593Z] [INFO] 🔌 Connecting with proxy: http://qkgiufyj-rotate:****@p.webshare.io:80
[2026-01-27T15:28:29.979Z] [INFO] ✅ Connected to CDP Endpoint: ws://127.0.0.1:9222/devtools/browser/a3c0b04f-f08d-4893-9086-816c6a2ac127
[2026-01-27T15:28:30.003Z] [INFO] Attached to existing page
[2026-01-27T15:28:30.003Z] [INFO] 🌍 Syncing fingerprint with Proxy IP...
[2026-01-27T15:28:32.094Z] [WARNING] ⚠️ Standard JSON parse failed, trying relaxed extraction...
[2026-01-27T15:28:32.094Z] [INFO] 🎭 Injecting aligned fingerprint (TZ: Europe/London)...
[2026-01-27T15:28:32.750Z] [INFO] Already on signup page, skipping navigation
[2026-01-27T15:28:32.750Z] [INFO] 🌍 Checking public IP & Location...
[2026-01-27T15:28:32.782Z] [INFO] ✅ IP: Unknown | 📍 Location: Unknown
[2026-01-27T15:28:32.784Z] [INFO] ⏳ Waiting for page to fully load...
[2026-01-27T15:28:42.507Z] [INFO] On signup page - HYBRID FLOW STARTED
[2026-01-27T15:29:01.088Z] [ERROR] Queue error
{
  "error": "Missing lock for job 91 failed"
}
[2026-01-27T15:29:01.958Z] [INFO] 🧹 Nuke-cleaning queue (Dev Mode)...
[2026-01-27T15:29:01.977Z] [INFO] ✅ Queue obliterated.
[2026-01-27T15:29:01.977Z] [INFO] 🔧 [DEV] Injecting Fresh Test Job...
[2026-01-27T15:29:01.992Z] [INFO] Processing new job
{
  "accountId": 196,
  "batchId": 39,
  "jobId": "1"
}
[2026-01-27T15:29:01.994Z] [INFO] Starting account creation for Account ID: 196 (Attempt 1/3)
[2026-01-27T15:29:02.202Z] [SUCCESS] ✅ [DEV] Injected New Batch 39 with 100 jobs.
[2026-01-27T15:29:02.833Z] [INFO] Generated Email: tiktokksb1iycz@virgilian.com
[2026-01-27T15:29:02.835Z] [INFO] 🛑 Checking for Fresh IP before launching...
[2026-01-27T15:29:05.877Z] [SUCCESS] ✅ Fresh IP Found: 1.165.140.160
[2026-01-27T15:29:05.877Z] [INFO] 🚀 Launching SeleniumBase via Python Bridge...
[2026-01-27T15:29:05.878Z] [INFO] Starting Python Browser Launcher: /Users/mac/Desktop/My Work/Tiktok_account_automation/bot/src/utils/browserLauncher.py
[2026-01-27T15:29:05.879Z] [INFO] 🔌 Connecting with proxy: http://qkgiufyj-rotate:****@p.webshare.io:80
[2026-01-27T15:29:08.181Z] [INFO] ✅ Connected to CDP Endpoint: ws://127.0.0.1:9222/devtools/browser/b5183fbc-4576-46e4-8d62-e7d8f76f61ff
[2026-01-27T15:29:08.249Z] [INFO] Attached to existing page
[2026-01-27T15:29:08.249Z] [INFO] 🌍 Syncing fingerprint with Proxy IP...
[2026-01-27T15:29:11.147Z] [WARNING] ⚠️ Standard JSON parse failed, trying relaxed extraction...
[2026-01-27T15:29:11.148Z] [INFO] 🎭 Injecting aligned fingerprint (TZ: Europe/London)...
[2026-01-27T15:29:11.381Z] [INFO] Already on signup page, skipping navigation
[2026-01-27T15:29:11.382Z] [INFO] 🌍 Checking public IP & Location...
[2026-01-27T15:29:11.402Z] [INFO] ✅ IP: Unknown | 📍 Location: Unknown
[2026-01-27T15:29:11.404Z] [INFO] ⏳ Waiting for page to fully load...
[2026-01-27T15:29:20.662Z] [INFO] On signup page - HYBRID FLOW STARTED
[2026-01-27T15:29:23.882Z] [INFO] 🎂 Filling date of birth...
[2026-01-27T15:29:23.883Z] [INFO] Step 1: Opening Month dropdown...
[2026-01-27T15:29:23.885Z] [ERROR] ❌ DOB error:
"mouse.move: Target page, context or browser has been closed"
[2026-01-27T15:29:25.555Z] [INFO] Filling email address...
[2026-01-27T15:29:25.557Z] [ERROR] Failed to create account (Attempt 1/3)
{
  "accountId": 196,
  "error": "page.$: Target page, context or browser has been closed",
  "stack": "page.$: Target page, context or browser has been closed\n    at createTikTokAccount (/Users/mac/Desktop/My Work/Tiktok_account_automation/bot/src/automation/tiktokSignup.js:403:28)\n    at async Queue.<anonymous> (/Users/mac/Desktop/My Work/Tiktok_account_automation/bot/src/worker.js:88:24)"
}
[2026-01-27T15:29:25.559Z] [INFO] ⚠️ Error occurred. KEEPING BROWSER OPEN for 60 seconds for inspection...
[2026-01-27T15:29:25.560Z] [INFO] Retrying account creation... (Attempt 2/3)
[2026-01-27T15:29:33.477Z] [INFO] Starting account creation for Account ID: 196 (Attempt 2/3)
[2026-01-27T15:29:33.486Z] [INFO] Killing Python browser process...
[2026-01-27T15:29:33.487Z] [INFO] Browser closed
[2026-01-27T15:29:34.042Z] [ERROR] Failed to create account (Attempt 2/3)
{
  "accountId": 196,
  "error": "Request failed with status code 429",
  "stack": "AxiosError: Request failed with status code 429\n    at settle (file:///Users/mac/Desktop/My%20Work/Tiktok_account_automation/bot/node_modules/axios/lib/core/settle.js:19:12)\n    at IncomingMessage.handleStreamEnd (file:///Users/mac/Desktop/My%20Work/Tiktok_account_automation/bot/node_modules/axios/lib/adapters/http.js:793:11)\n    at IncomingMessage.emit (node:events:536:35)\n    at endReadableNT (node:internal/streams/readable:1698:12)\n    at process.processTicksAndRejections (node:internal/process/task_queues:82:21)\n    at Axios.request (file:///Users/mac/Desktop/My%20Work/Tiktok_account_automation/bot/node_modules/axios/lib/core/Axios.js:45:41)\n    at process.processTicksAndRejections (node:internal/process/task_queues:95:5)\n    at async generateEmail (file:///Users/mac/Desktop/My%20Work/Tiktok_account_automation/bot/src/services/tempMailService.js:44:32)\n    at async createTikTokAccount (file:///Users/mac/Desktop/My%20Work/Tiktok_account_automation/bot/src/automation/tiktokSignup.js:82:23)\n    at async Queue.<anonymous> (file:///Users/mac/Desktop/My%20Work/Tiktok_account_automation/bot/src/worker.js:88:24)"
}
[2026-01-27T15:29:34.044Z] [INFO] ⚠️ Error occurred. KEEPING BROWSER OPEN for 60 seconds for inspection...
[2026-01-27T15:29:34.044Z] [INFO] Retrying account creation... (Attempt 3/3)
[2026-01-27T15:29:39.300Z] [INFO] Starting account creation for Account ID: 196 (Attempt 3/3)
[2026-01-27T15:29:39.304Z] [INFO] Browser closed
[2026-01-27T15:29:40.069Z] [INFO] Generated Email: tiktok2936e75u@virgilian.com
[2026-01-27T15:29:40.071Z] [INFO] 🛑 Checking for Fresh IP before launching...
[2026-01-27T15:29:43.662Z] [SUCCESS] ✅ Fresh IP Found: 181.197.49.207
[2026-01-27T15:29:43.662Z] [INFO] 🚀 Launching SeleniumBase via Python Bridge...
[2026-01-27T15:29:43.663Z] [INFO] Starting Python Browser Launcher: /Users/mac/Desktop/My Work/Tiktok_account_automation/bot/src/utils/browserLauncher.py
[2026-01-27T15:29:43.663Z] [INFO] 🔌 Connecting with proxy: http://qkgiufyj-rotate:****@p.webshare.io:80
[2026-01-27T15:29:46.098Z] [INFO] ✅ Connected to CDP Endpoint: ws://127.0.0.1:9222/devtools/browser/671b33cb-9bee-4384-8a59-82331886b7a7
[2026-01-27T15:29:46.123Z] [INFO] Attached to existing page
[2026-01-27T15:29:46.123Z] [INFO] 🌍 Syncing fingerprint with Proxy IP...
[2026-01-27T15:29:48.297Z] [WARNING] ⚠️ Could not sync timezone (using default): page.innerText: Target page, context or browser has been closed
Call log:
[2m  - waiting for locator('body')[22m

[2026-01-27T15:29:48.298Z] [INFO] 🎭 Injecting aligned fingerprint (TZ: Europe/London)...
[2026-01-27T15:29:48.299Z] [ERROR] Failed to create account (Attempt 3/3)
{
  "accountId": 196,
  "error": "page.addInitScript: Target page, context or browser has been closed",
  "stack": "page.addInitScript: Target page, context or browser has been closed\n    at async createTikTokAccount (/Users/mac/Desktop/My Work/Tiktok_account_automation/bot/src/automation/tiktokSignup.js:200:9)\n    at async Queue.<anonymous> (/Users/mac/Desktop/My Work/Tiktok_account_automation/bot/src/worker.js:88:24)"
}
[2026-01-27T15:29:48.301Z] [INFO] ⚠️ Error occurred. KEEPING BROWSER OPEN for 60 seconds for inspection...
[2026-01-27T15:29:48.310Z] [INFO] Killing Python browser process...
[2026-01-27T15:29:48.310Z] [INFO] Browser closed
[2026-01-27T15:29:48.313Z] [INFO] Waiting 6.06 minutes before next account creation...
[2026-01-27T15:30:26.273Z] [INFO] 🧹 Nuke-cleaning queue (Dev Mode)...
[2026-01-27T15:30:26.293Z] [INFO] ✅ Queue obliterated.
[2026-01-27T15:30:26.294Z] [INFO] 🔧 [DEV] Injecting Fresh Test Job...
[2026-01-27T15:30:26.308Z] [INFO] Processing new job
{
  "accountId": 296,
  "batchId": 40,
  "jobId": "1"
}
[2026-01-27T15:30:26.310Z] [INFO] Starting account creation for Account ID: 296 (Attempt 1/3)
[2026-01-27T15:30:26.500Z] [SUCCESS] ✅ [DEV] Injected New Batch 40 with 100 jobs.
[2026-01-27T15:30:27.196Z] [INFO] Generated Email: tiktokh906bd92@virgilian.com
[2026-01-27T15:30:27.200Z] [INFO] 🛑 Checking for Fresh IP before launching...
[2026-01-27T15:30:29.234Z] [SUCCESS] ✅ Fresh IP Found: 176.240.225.108
[2026-01-27T15:30:29.234Z] [INFO] 🚀 Launching SeleniumBase via Python Bridge...
[2026-01-27T15:30:29.235Z] [INFO] Starting Python Browser Launcher: /Users/mac/Desktop/My Work/Tiktok_account_automation/bot/src/utils/browserLauncher.py
[2026-01-27T15:30:29.235Z] [INFO] 🔌 Connecting with proxy: http://qkgiufyj-rotate:****@p.webshare.io:80
[2026-01-27T15:30:31.227Z] [INFO] ✅ Connected to CDP Endpoint: ws://127.0.0.1:9222/devtools/browser/c7720881-0f22-4acb-8a4e-fc286e87e0cb
[2026-01-27T15:30:31.302Z] [INFO] Attached to existing page
[2026-01-27T15:30:31.302Z] [INFO] 🕵️ Activating Advanced Stealth Mode...
[2026-01-27T15:30:31.306Z] [INFO] 🌍 Syncing fingerprint with Proxy IP...
[2026-01-27T15:30:33.526Z] [WARNING] ⚠️ Standard JSON parse failed, trying relaxed extraction...
[2026-01-27T15:30:33.527Z] [INFO] 🎭 Injecting aligned fingerprint (TZ: Europe/London)...
[2026-01-27T15:30:33.907Z] [INFO] Already on signup page, skipping navigation
[2026-01-27T15:30:33.907Z] [INFO] 🌍 Checking public IP & Location...
[2026-01-27T15:30:33.922Z] [INFO] ✅ IP: Unknown | 📍 Location: Unknown
[2026-01-27T15:30:33.924Z] [INFO] ⏳ Waiting for page to fully load...
[2026-01-27T15:30:42.465Z] [INFO] On signup page - HYBRID FLOW STARTED
[2026-01-27T15:30:44.766Z] [INFO] 🎂 Filling date of birth...
[2026-01-27T15:30:44.767Z] [INFO] Step 1: Opening Month dropdown...
[2026-01-27T15:30:54.094Z] [SUCCESS] ✅ Selected month: 07
[2026-01-27T15:30:57.637Z] [INFO] Step 2: Opening Day dropdown...
[2026-01-27T15:31:04.286Z] [SUCCESS] ✅ Selected day: 26
[2026-01-27T15:31:06.799Z] [INFO] Step 3: Opening Year dropdown...
[2026-01-27T15:31:12.456Z] [SUCCESS] ✅ Selected year: 2005
[2026-01-27T15:31:12.456Z] [SUCCESS] 🎂 Date of birth selection completed!
[2026-01-27T15:31:13.547Z] [INFO] Filling email address...
[2026-01-27T15:31:18.129Z] [SUCCESS] Entered email: tiktokh906bd92@virgilian.com
[2026-01-27T15:31:20.566Z] [INFO] Clicking outside to close email suggestions...
[2026-01-27T15:31:22.157Z] [INFO] Filling password...
[2026-01-27T15:31:25.208Z] [SUCCESS] Entered password
[2026-01-27T15:31:27.313Z] [INFO] Thinking: Clicking "Send code" button...
[2026-01-27T15:31:29.389Z] [INFO] Attempt 1: Clicking Send Code...
[2026-01-27T15:31:32.659Z] [INFO] Attempt 2: Clicking Send Code...
[2026-01-27T15:31:35.658Z] [INFO] Attempt 3: Clicking Send Code...
[2026-01-27T15:31:38.976Z] [INFO] Attempt 4: Clicking Send Code...
[2026-01-27T15:31:42.544Z] [INFO] Attempt 5: Clicking Send Code...
[2026-01-27T15:31:44.821Z] [ERROR] ❌ Could not verify "Send Code" click. Trying JS click...
[2026-01-27T15:31:47.202Z] [INFO] ⏳ Waiting for OTP in mail.tm inbox (Do not close browser)...
[2026-01-27T15:43:22.643Z] [ERROR] Queue error
{
  "error": "Missing lock for job 1 failed"
}
[2026-01-27T15:43:26.336Z] [INFO] 🧹 Nuke-cleaning queue (Dev Mode)...
[2026-01-27T15:43:26.408Z] [INFO] ✅ Queue obliterated.
[2026-01-27T15:43:26.410Z] [INFO] 🔧 [DEV] Injecting Fresh Test Job...
[2026-01-27T15:43:26.457Z] [INFO] Processing new job
{
  "accountId": 396,
  "batchId": 41,
  "jobId": "1"
}
[2026-01-27T15:43:26.464Z] [INFO] Starting account creation for Account ID: 396 (Attempt 1/3)
[2026-01-27T15:43:27.393Z] [SUCCESS] ✅ [DEV] Injected New Batch 41 with 100 jobs.
[2026-01-27T15:43:27.814Z] [INFO] Generated Email: tiktok9s4iunfd@virgilian.com
[2026-01-27T15:43:27.821Z] [INFO] 🛑 Checking for Fresh IP before launching...
[2026-01-27T15:43:31.775Z] [SUCCESS] ✅ Fresh IP Found: 1.227.158.215
[2026-01-27T15:43:31.776Z] [INFO] 🚀 Launching SeleniumBase via Python Bridge...
[2026-01-27T15:43:31.777Z] [INFO] Starting Python Browser Launcher: /Users/mac/Desktop/My Work/Tiktok_account_automation/bot/src/utils/browserLauncher.py
[2026-01-27T15:43:31.778Z] [INFO] 🔌 Connecting with proxy: http://qkgiufyj-rotate:****@p.webshare.io:80
[2026-01-27T15:44:40.587Z] [ERROR] Failed to create account (Attempt 1/3)
{
  "accountId": 396,
  "error": "Timeout waiting for Python browser launcher",
  "stack": "Error: Timeout waiting for Python browser launcher\n    at Timeout._onTimeout (file:///Users/mac/Desktop/My%20Work/Tiktok_account_automation/bot/src/automation/tiktokSignup.js:68:35)\n    at listOnTimeout (node:internal/timers:581:17)\n    at process.processTimers (node:internal/timers:519:7)"
}
[2026-01-27T15:44:40.588Z] [INFO] ⚠️ Error occurred. KEEPING BROWSER OPEN for 60 seconds for inspection...
[2026-01-27T15:44:40.589Z] [INFO] Retrying account creation... (Attempt 2/3)
[2026-01-27T15:58:44.097Z] [INFO] Starting account creation for Account ID: 396 (Attempt 2/3)
[2026-01-27T15:58:45.119Z] [INFO] Browser closed
[2026-01-27T15:58:45.133Z] [ERROR] Failed to create account (Attempt 2/3)
{
  "accountId": 396,
  "error": "getaddrinfo ENOTFOUND api.mail.tm",
  "stack": "Error: getaddrinfo ENOTFOUND api.mail.tm\n    at AxiosError.from (file:///Users/mac/Desktop/My%20Work/Tiktok_account_automation/bot/node_modules/axios/lib/core/AxiosError.js:96:14)\n    at RedirectableRequest.handleRequestError (file:///Users/mac/Desktop/My%20Work/Tiktok_account_automation/bot/node_modules/axios/lib/adapters/http.js:817:25)\n    at RedirectableRequest.emit (node:events:524:28)\n    at eventHandlers.<computed> (/Users/mac/Desktop/My Work/Tiktok_account_automation/bot/node_modules/follow-redirects/index.js:49:24)\n    at ClientRequest.emit (node:events:524:28)\n    at emitErrorEvent (node:_http_client:101:11)\n    at TLSSocket.socketErrorListener (node:_http_client:504:5)\n    at TLSSocket.emit (node:events:524:28)\n    at emitErrorNT (node:internal/streams/destroy:169:8)\n    at emitErrorCloseNT (node:internal/streams/destroy:128:3)\n    at Axios.request (file:///Users/mac/Desktop/My%20Work/Tiktok_account_automation/bot/node_modules/axios/lib/core/Axios.js:45:41)\n    at process.processTicksAndRejections (node:internal/process/task_queues:95:5)\n    at async generateEmail (file:///Users/mac/Desktop/My%20Work/Tiktok_account_automation/bot/src/services/tempMailService.js:28:33)\n    at async createTikTokAccount (file:///Users/mac/Desktop/My%20Work/Tiktok_account_automation/bot/src/automation/tiktokSignup.js:82:23)\n    at async Queue.<anonymous> (file:///Users/mac/Desktop/My%20Work/Tiktok_account_automation/bot/src/worker.js:88:24)"
}
[2026-01-27T15:58:45.139Z] [INFO] ⚠️ Error occurred. KEEPING BROWSER OPEN for 60 seconds for inspection...
[2026-01-27T15:58:45.142Z] [INFO] Retrying account creation... (Attempt 3/3)
[2026-01-27T15:58:50.824Z] [INFO] Starting account creation for Account ID: 396 (Attempt 3/3)
[2026-01-27T15:58:50.827Z] [INFO] Browser closed
[2026-01-27T15:58:50.831Z] [ERROR] Failed to create account (Attempt 3/3)
{
  "accountId": 396,
  "error": "getaddrinfo ENOTFOUND api.mail.tm",
  "stack": "Error: getaddrinfo ENOTFOUND api.mail.tm\n    at AxiosError.from (file:///Users/mac/Desktop/My%20Work/Tiktok_account_automation/bot/node_modules/axios/lib/core/AxiosError.js:96:14)\n    at RedirectableRequest.handleRequestError (file:///Users/mac/Desktop/My%20Work/Tiktok_account_automation/bot/node_modules/axios/lib/adapters/http.js:817:25)\n    at RedirectableRequest.emit (node:events:524:28)\n    at eventHandlers.<computed> (/Users/mac/Desktop/My Work/Tiktok_account_automation/bot/node_modules/follow-redirects/index.js:49:24)\n    at ClientRequest.emit (node:events:524:28)\n    at emitErrorEvent (node:_http_client:101:11)\n    at TLSSocket.socketErrorListener (node:_http_client:504:5)\n    at TLSSocket.emit (node:events:524:28)\n    at emitErrorNT (node:internal/streams/destroy:169:8)\n    at emitErrorCloseNT (node:internal/streams/destroy:128:3)\n    at Axios.request (file:///Users/mac/Desktop/My%20Work/Tiktok_account_automation/bot/node_modules/axios/lib/core/Axios.js:45:41)\n    at process.processTicksAndRejections (node:internal/process/task_queues:95:5)\n    at async generateEmail (file:///Users/mac/Desktop/My%20Work/Tiktok_account_automation/bot/src/services/tempMailService.js:28:33)\n    at async createTikTokAccount (file:///Users/mac/Desktop/My%20Work/Tiktok_account_automation/bot/src/automation/tiktokSignup.js:82:23)\n    at async Queue.<anonymous> (file:///Users/mac/Desktop/My%20Work/Tiktok_account_automation/bot/src/worker.js:88:24)"
}
[2026-01-27T15:58:50.834Z] [INFO] ⚠️ Error occurred. KEEPING BROWSER OPEN for 60 seconds for inspection...
[2026-01-27T15:58:50.834Z] [INFO] Browser closed
[2026-01-27T15:58:50.839Z] [INFO] Waiting 6.06 minutes before next account creation...
[2026-01-27T16:04:54.195Z] [ERROR] Queue error
{
  "error": "Missing lock for job 1 failed"
}
