[2026-02-07T06:37:02.802Z] [INFO] 🧹 Nuke-cleaning queue (Dev Mode)...
[2026-02-07T06:37:02.951Z] [INFO] ✅ Queue obliterated.
[2026-02-07T06:37:02.952Z] [INFO] 🔧 [DEV] Injecting Fresh Test Job...
[2026-02-07T06:37:02.974Z] [INFO] Processing new job
{
  "accountId": 1596,
  "batchId": 53,
  "jobId": "1"
}
[2026-02-07T06:37:02.976Z] [INFO] Starting account creation for Account ID: 1596 (Attempt 1/3)
[2026-02-07T06:37:03.278Z] [SUCCESS] ✅ [DEV] Injected New Batch 53 with 100 jobs.
[2026-02-07T06:37:04.052Z] [INFO] Generated Email: tiktoka9f3gvm5@virgilian.com
[2026-02-07T06:37:04.060Z] [SUCCESS] ✅ Saved credentials: email=tiktoka9f3gvm5@virgilian.com, password length=12, DOB=1994-10-20
[2026-02-07T06:37:04.062Z] [INFO] 🛑 Checking for Fresh IP before launching...
[2026-02-07T06:37:07.508Z] [SUCCESS] ✅ Fresh IP Found: 116.33.77.138
[2026-02-07T06:37:07.509Z] [INFO] 🔗 Starting Local Proxy Chain to handle Auth...
[2026-02-07T06:37:07.512Z] [SUCCESS] ✅ Local Proxy Started: http://127.0.0.1:62537 -> Forwards to http://qkgiufyj-rotate:nqc828z...
[2026-02-07T06:37:07.512Z] [INFO] 🚀 Launching SeleniumBase via Python Bridge...
[2026-02-07T06:37:07.513Z] [INFO] Starting Python Browser Launcher: /Users/mac/Desktop/My Work/Tiktok_account_automation/bot/src/utils/browserLauncher.py
[2026-02-07T06:37:07.513Z] [INFO] 🔌 Connecting with proxy: http://127.0.0.1:62537
[2026-02-07T06:37:11.113Z] [INFO] Attached to existing page
[2026-02-07T06:37:11.113Z] [INFO] 🌍 Syncing fingerprint with Proxy IP...
[2026-02-07T06:37:15.264Z] [SUCCESS] ✅ Proxy Sync Success: IP=172.56.23.88 | TZ=America/Chicago
[2026-02-07T06:37:15.265Z] [INFO] 🌍 Fetching accurate IP location info...
[2026-02-07T06:37:16.792Z] [SUCCESS] ✅ IP Info Captured: 102.206.61.74 | Talatona, Angola (Finstar - Sociedade de Investimento e Participacoes S.A)
[2026-02-07T06:37:16.793Z] [SUCCESS] ✅ IP data saved to database: 102.206.61.74
[2026-02-07T06:37:16.796Z] [INFO] Navigating to https://www.tiktok.com/signup/phone-or-email/email...
[2026-02-07T06:37:23.716Z] [INFO] 🔍 Checking if page loaded successfully...
[2026-02-07T06:37:23.726Z] [SUCCESS] ✅ Page loaded successfully!
[2026-02-07T06:37:23.730Z] [INFO] 🌍 Checking public IP & Location...
[2026-02-07T06:37:23.735Z] [INFO] ✅ IP: Unknown | 📍 Location: Unknown
[2026-02-07T06:37:23.737Z] [INFO] ⏳ Waiting for page to fully load...
[2026-02-07T06:37:47.091Z] [INFO] On signup page - HYBRID FLOW STARTED
[2026-02-07T06:37:49.658Z] [INFO] 🎂 Filling date of birth...
[2026-02-07T06:37:49.658Z] [INFO] Step 1: Opening Month dropdown...
[2026-02-07T06:37:57.433Z] [SUCCESS] ✅ Selected month: 10
[2026-02-07T06:38:00.184Z] [INFO] Step 2: Opening Day dropdown...
[2026-02-07T06:38:05.855Z] [SUCCESS] ✅ Selected day: 20
[2026-02-07T06:38:09.175Z] [INFO] Step 3: Opening Year dropdown...
[2026-02-07T06:38:14.723Z] [SUCCESS] ✅ Selected year: 1994
[2026-02-07T06:38:14.724Z] [SUCCESS] 🎂 Date of birth selection completed!
[2026-02-07T06:38:16.232Z] [INFO] Filling email address...
[2026-02-07T06:38:21.349Z] [SUCCESS] Entered email: tiktoka9f3gvm5@virgilian.com
[2026-02-07T06:38:22.881Z] [INFO] Clicking outside to close email suggestions...
[2026-02-07T06:38:23.926Z] [INFO] Filling password...
[2026-02-07T06:38:26.676Z] [SUCCESS] Entered password
[2026-02-07T06:38:29.193Z] [INFO] Thinking: Clicking "Send code" button...
[2026-02-07T06:38:31.548Z] [INFO] Attempt 1: Clicking Send Code...
[2026-02-07T06:38:34.721Z] [INFO] Attempt 2: Clicking Send Code...
[2026-02-07T06:38:37.559Z] [INFO] Attempt 3: Clicking Send Code...
[2026-02-07T06:38:40.249Z] [SUCCESS] ✅ Successfully clicked "Send code"
[2026-02-07T06:38:40.249Z] [INFO] ⏳ Waiting for OTP in mail.tm inbox (Do not close browser)...
[2026-02-07T06:40:08.855Z] [INFO] ✅ Got Code: 008645
[2026-02-07T06:40:08.855Z] [INFO] Entering verification code...
[2026-02-07T06:40:16.938Z] [SUCCESS] ✅ Entered verification code successfully
[2026-02-07T06:40:18.752Z] [INFO] Clicking submit/next button...
[2026-02-07T06:40:18.797Z] [SUCCESS] ✅ Clicked submit button
[2026-02-07T06:40:23.024Z] [INFO] 🔍 Checking for signup errors after submit...
[2026-02-07T06:40:23.028Z] [SUCCESS] ✅ No critical errors detected after submit
[2026-02-07T06:40:23.028Z] [INFO] Waiting for post-signup state...
[2026-02-07T06:40:23.040Z] [INFO] 📍 Capturing initial IP after account creation...
[2026-02-07T06:40:23.043Z] [SUCCESS] ✅ Initial IP: null
[2026-02-07T06:40:23.044Z] [INFO] 🔥 Starting 30-second account warmup...
[2026-02-07T06:40:33.462Z] [INFO] ⏱️  Warmup progress: 10s / 30s
[2026-02-07T06:40:40.041Z] [INFO] ⏱️  Warmup progress: 16s / 30s
[2026-02-07T06:40:47.561Z] [INFO] ⏱️  Warmup progress: 24s / 30s
[2026-02-07T06:40:54.243Z] [INFO] ⏱️  Warmup progress: 31s / 30s
[2026-02-07T06:40:54.243Z] [SUCCESS] ✅ Account warmup completed (30 seconds)
[2026-02-07T06:40:54.246Z] [SUCCESS] 🎉 Signup flow finished. ID: 1596
[2026-02-07T06:40:54.258Z] [INFO] Killing Python browser process...
[2026-02-07T06:40:54.259Z] [INFO] Closing Local Proxy Chain...
[2026-02-07T06:40:54.261Z] [INFO] Browser closed
[2026-02-07T06:40:54.271Z] [INFO] Waiting 6.02 minutes before next account creation...
[2026-02-07T06:53:52.386Z] [INFO] 🧹 Nuke-cleaning queue (Dev Mode)...
[2026-02-07T06:53:52.450Z] [INFO] ✅ Queue obliterated.
[2026-02-07T06:53:52.451Z] [INFO] 🔧 [DEV] Injecting Fresh Test Job...
[2026-02-07T06:53:52.461Z] [INFO] Processing new job
{
  "accountId": 1696,
  "batchId": 54,
  "jobId": "1"
}
[2026-02-07T06:53:52.463Z] [INFO] Starting account creation for Account ID: 1696 (Attempt 1/3)
[2026-02-07T06:53:52.781Z] [SUCCESS] ✅ [DEV] Injected New Batch 54 with 100 jobs.
[2026-02-07T06:53:55.243Z] [INFO] Generated Email: tiktokyv4onqnk@virgilian.com
[2026-02-07T06:53:55.246Z] [SUCCESS] ✅ Saved credentials: email=tiktokyv4onqnk@virgilian.com, password length=10, DOB=2004-06-18
[2026-02-07T06:53:55.247Z] [INFO] 🛑 Checking for Fresh IP before launching...
[2026-02-07T06:53:58.140Z] [SUCCESS] ✅ Fresh IP Found: 77.237.188.16
[2026-02-07T06:53:58.140Z] [INFO] 🔗 Starting Local Proxy Chain to handle Auth...
[2026-02-07T06:53:58.143Z] [SUCCESS] ✅ Local Proxy Started: http://127.0.0.1:63359 -> Forwards to http://qkgiufyj-rotate:nqc828z...
[2026-02-07T06:53:58.143Z] [INFO] 🚀 Launching SeleniumBase via Python Bridge...
[2026-02-07T06:53:58.144Z] [INFO] Starting Python Browser Launcher: /Users/mac/Desktop/My Work/Tiktok_account_automation/bot/src/utils/browserLauncher.py
[2026-02-07T06:53:58.144Z] [INFO] 🔌 Connecting with proxy: http://127.0.0.1:63359
[2026-02-07T06:54:09.018Z] [INFO] Attached to existing page
[2026-02-07T06:54:09.018Z] [INFO] 🌍 Syncing fingerprint with Proxy IP...
[2026-02-07T06:54:13.652Z] [SUCCESS] ✅ Proxy Sync Success: IP=85.74.206.117 | TZ=Europe/Athens
[2026-02-07T06:54:13.653Z] [INFO] 🌍 Fetching accurate IP location info...
[2026-02-07T06:54:15.345Z] [SUCCESS] ✅ IP Info Captured: 66.173.37.151 | St. George, United States (TDS TELECOM)
[2026-02-07T06:54:15.347Z] [SUCCESS] ✅ IP data saved to database: 66.173.37.151
[2026-02-07T06:54:15.350Z] [INFO] Navigating to https://www.tiktok.com/signup/phone-or-email/email...
[2026-02-07T06:54:25.627Z] [INFO] 🔍 Checking if page loaded successfully...
[2026-02-07T06:54:25.636Z] [SUCCESS] ✅ Page loaded successfully!
[2026-02-07T06:54:25.640Z] [INFO] 🌍 Checking public IP & Location...
[2026-02-07T06:54:25.646Z] [INFO] ✅ IP: Unknown | 📍 Location: Unknown
[2026-02-07T06:54:25.646Z] [INFO] ℹ️  Keeping previously saved IP data (secondary check failed)
[2026-02-07T06:54:25.646Z] [INFO] ⏳ Waiting for page to fully load...
[2026-02-07T06:54:50.317Z] [INFO] On signup page - HYBRID FLOW STARTED
[2026-02-07T06:54:52.937Z] [INFO] 🎂 Filling date of birth...
[2026-02-07T06:54:52.938Z] [INFO] Step 1: Opening Month dropdown...
[2026-02-07T06:55:00.740Z] [SUCCESS] ✅ Selected month: 06
[2026-02-07T06:55:03.087Z] [INFO] Step 2: Opening Day dropdown...
[2026-02-07T06:55:09.852Z] [SUCCESS] ✅ Selected day: 18
[2026-02-07T06:55:13.328Z] [INFO] Step 3: Opening Year dropdown...
[2026-02-07T06:55:18.892Z] [SUCCESS] ✅ Selected year: 2004
[2026-02-07T06:55:18.893Z] [SUCCESS] 🎂 Date of birth selection completed!
[2026-02-07T06:55:20.455Z] [INFO] Filling email address...
[2026-02-07T06:55:25.141Z] [SUCCESS] Entered email: tiktokyv4onqnk@virgilian.com
[2026-02-07T06:55:27.113Z] [INFO] Clicking outside to close email suggestions...
[2026-02-07T06:55:28.225Z] [INFO] Filling password...
[2026-02-07T06:55:30.894Z] [SUCCESS] Entered password
[2026-02-07T06:55:33.316Z] [INFO] Thinking: Clicking "Send code" button...
[2026-02-07T06:55:35.283Z] [INFO] Attempt 1: Clicking Send Code...
[2026-02-07T06:55:38.631Z] [INFO] Attempt 2: Clicking Send Code...
[2026-02-07T06:55:41.254Z] [SUCCESS] ✅ Successfully clicked "Send code"
[2026-02-07T06:55:41.254Z] [INFO] ⏳ Waiting for OTP in mail.tm inbox (Do not close browser)...
[2026-02-07T06:55:57.634Z] [INFO] ✅ Got Code: 710455
[2026-02-07T06:55:57.634Z] [INFO] Entering verification code...
[2026-02-07T06:56:06.442Z] [SUCCESS] ✅ Entered verification code successfully
[2026-02-07T06:56:07.760Z] [INFO] Clicking submit/next button...
[2026-02-07T06:56:07.784Z] [SUCCESS] ✅ Clicked submit button
[2026-02-07T06:56:12.146Z] [INFO] 🔍 Checking for signup errors after submit...
[2026-02-07T06:56:12.151Z] [SUCCESS] ✅ No critical errors detected after submit
[2026-02-07T06:56:12.173Z] [SUCCESS] ✅ Clicked submit button
[2026-02-07T06:56:16.149Z] [INFO] 🔍 Checking for signup errors after submit...
[2026-02-07T06:56:16.154Z] [SUCCESS] ✅ No critical errors detected after submit
[2026-02-07T06:56:16.181Z] [SUCCESS] ✅ Clicked submit button
[2026-02-07T06:56:20.351Z] [INFO] 🔍 Checking for signup errors after submit...
[2026-02-07T06:56:20.356Z] [SUCCESS] ✅ No critical errors detected after submit
[2026-02-07T06:56:20.357Z] [INFO] Waiting for post-signup state...
[2026-02-07T06:56:20.368Z] [INFO] 📍 Capturing initial IP after account creation...
[2026-02-07T06:56:20.374Z] [SUCCESS] ✅ Initial IP: null
[2026-02-07T06:56:20.374Z] [INFO] 🔥 Starting 30-second account warmup...
[2026-02-07T06:56:33.925Z] [INFO] ⏱️  Warmup progress: 13s / 30s
[2026-02-07T06:56:39.388Z] [INFO] ⏱️  Warmup progress: 19s / 30s
[2026-02-07T06:56:46.295Z] [INFO] ⏱️  Warmup progress: 25s / 30s
[2026-02-07T06:56:51.832Z] [INFO] ⏱️  Warmup progress: 31s / 30s
[2026-02-07T06:56:51.833Z] [SUCCESS] ✅ Account warmup completed (30 seconds)
[2026-02-07T06:56:51.837Z] [SUCCESS] 🎉 Signup flow finished. ID: 1696
[2026-02-07T06:56:51.855Z] [INFO] Killing Python browser process...
[2026-02-07T06:56:51.855Z] [INFO] Closing Local Proxy Chain...
[2026-02-07T06:56:51.859Z] [INFO] Browser closed
[2026-02-07T06:56:51.937Z] [INFO] Waiting 8.86 minutes before next account creation...
[2026-02-07T08:22:38.096Z] [INFO] 🚀 Auto-starting job injection (Testing Mode)...
[2026-02-07T08:22:38.109Z] [INFO] ✅ Queue obliterated.
[2026-02-07T08:22:38.110Z] [INFO] 🔧 [DEV] Injecting Fresh Test Job...
[2026-02-07T08:22:38.125Z] [INFO] Processing new job
{
  "accountId": 1796,
  "batchId": 55,
  "jobId": "1"
}
[2026-02-07T08:22:38.127Z] [INFO] Starting account creation for Account ID: 1796 (Attempt 1/3)
[2026-02-07T08:22:38.320Z] [SUCCESS] ✅ [DEV] Injected New Batch 55 with 100 jobs.
[2026-02-07T08:22:39.697Z] [INFO] Generated Email: tiktok4a50kava@virgilian.com
[2026-02-07T08:22:39.700Z] [SUCCESS] ✅ Saved credentials: email=tiktok4a50kava@virgilian.com, password length=12, DOB=1993-07-07
[2026-02-07T08:22:39.701Z] [INFO] 🛑 Checking for Fresh IP before launching...
[2026-02-07T08:22:41.400Z] [SUCCESS] ✅ Fresh IP Found: 92.208.189.174
[2026-02-07T08:22:41.401Z] [INFO] 🔗 Starting Local Proxy Chain to handle Auth...
[2026-02-07T08:22:41.404Z] [SUCCESS] ✅ Local Proxy Started: http://127.0.0.1:64898 -> Forwards to http://qkgiufyj-rotate:nqc828z...
[2026-02-07T08:22:41.404Z] [INFO] 🚀 Launching SeleniumBase via Python Bridge...
[2026-02-07T08:22:41.405Z] [INFO] Starting Python Browser Launcher: /Users/mac/Desktop/My Work/Tiktok_account_automation/bot/src/utils/browserLauncher.py
[2026-02-07T08:22:41.405Z] [INFO] 🔌 Connecting with proxy: http://127.0.0.1:64898
[2026-02-07T08:22:53.937Z] [INFO] Attached to existing page
[2026-02-07T08:22:53.937Z] [INFO] 🌍 Syncing fingerprint with Proxy IP...
[2026-02-07T08:22:56.130Z] [INFO] 🌍 Fetching accurate IP location info...
[2026-02-07T08:22:56.837Z] [ERROR] ❌ IP Validation Failed: ❌ Proxy Check Failed: Could not fetch IP info (Empty Response).
[2026-02-07T08:22:56.837Z] [ERROR] Failed to create account (Attempt 1/3)
{
  "accountId": 1796,
  "error": "❌ Proxy Check Failed: Could not fetch IP info (Empty Response).",
  "stack": "Error: ❌ Proxy Check Failed: Could not fetch IP info (Empty Response).\n    at createTikTokAccount (file:///Users/mac/Desktop/My%20Work/Tiktok_account_automation/bot/src/automation/tiktokSignup.js:292:23)\n    at async Queue.<anonymous> (file:///Users/mac/Desktop/My%20Work/Tiktok_account_automation/bot/src/worker.js:148:24)"
}
[2026-02-07T08:22:56.839Z] [WARNING] ⚠️ Proxy-related error detected. Skipping debug wait...
[2026-02-07T08:22:56.839Z] [INFO] 🔄 Retrying immediately with fresh proxy...
[2026-02-07T08:22:56.839Z] [INFO] Retrying account creation... (Attempt 2/3)
[2026-02-07T08:22:59.344Z] [INFO] Starting account creation for Account ID: 1796 (Attempt 2/3)
[2026-02-07T08:22:59.372Z] [INFO] Killing Python browser process...
[2026-02-07T08:22:59.373Z] [INFO] Closing Local Proxy Chain...
[2026-02-07T08:22:59.374Z] [INFO] Browser closed
[2026-02-07T08:23:00.743Z] [INFO] Generated Email: tiktokr1f2u6d5@virgilian.com
[2026-02-07T08:23:00.744Z] [SUCCESS] ✅ Saved credentials: email=tiktokr1f2u6d5@virgilian.com, password length=11, DOB=1988-12-26
[2026-02-07T08:23:00.745Z] [INFO] 🛑 Checking for Fresh IP before launching...
[2026-02-07T08:23:03.679Z] [SUCCESS] ✅ Fresh IP Found: 158.47.220.43
[2026-02-07T08:23:03.679Z] [INFO] 🔗 Starting Local Proxy Chain to handle Auth...
[2026-02-07T08:23:03.681Z] [SUCCESS] ✅ Local Proxy Started: http://127.0.0.1:64996 -> Forwards to http://qkgiufyj-rotate:nqc828z...
[2026-02-07T08:23:03.681Z] [INFO] 🚀 Launching SeleniumBase via Python Bridge...
[2026-02-07T08:23:03.681Z] [INFO] Starting Python Browser Launcher: /Users/mac/Desktop/My Work/Tiktok_account_automation/bot/src/utils/browserLauncher.py
[2026-02-07T08:23:03.681Z] [INFO] 🔌 Connecting with proxy: http://127.0.0.1:64996
[2026-02-07T08:23:05.906Z] [INFO] Attached to existing page
[2026-02-07T08:23:05.906Z] [INFO] 🌍 Syncing fingerprint with Proxy IP...
[2026-02-07T08:23:08.939Z] [INFO] 🌍 Fetching accurate IP location info...
[2026-02-07T08:23:09.544Z] [ERROR] ❌ IP Validation Failed: ❌ Proxy Check Failed: Could not fetch IP info (Empty Response).
[2026-02-07T08:23:09.544Z] [ERROR] Failed to create account (Attempt 2/3)
{
  "accountId": 1796,
  "error": "❌ Proxy Check Failed: Could not fetch IP info (Empty Response).",
  "stack": "Error: ❌ Proxy Check Failed: Could not fetch IP info (Empty Response).\n    at createTikTokAccount (file:///Users/mac/Desktop/My%20Work/Tiktok_account_automation/bot/src/automation/tiktokSignup.js:292:23)\n    at async Queue.<anonymous> (file:///Users/mac/Desktop/My%20Work/Tiktok_account_automation/bot/src/worker.js:148:24)"
}
[2026-02-07T08:23:09.545Z] [WARNING] ⚠️ Proxy-related error detected. Skipping debug wait...
[2026-02-07T08:23:09.546Z] [INFO] 🔄 Retrying immediately with fresh proxy...
[2026-02-07T08:23:09.546Z] [INFO] Retrying account creation... (Attempt 3/3)
[2026-02-07T08:23:11.814Z] [INFO] Starting account creation for Account ID: 1796 (Attempt 3/3)
[2026-02-07T08:23:11.825Z] [INFO] Killing Python browser process...
[2026-02-07T08:23:11.825Z] [INFO] Closing Local Proxy Chain...
[2026-02-07T08:23:11.828Z] [INFO] Browser closed
[2026-02-07T08:23:12.570Z] [ERROR] Failed to create account (Attempt 3/3)
{
  "accountId": 1796,
  "error": "Request failed with status code 429",
  "stack": "AxiosError: Request failed with status code 429\n    at settle (file:///Users/mac/Desktop/My%20Work/Tiktok_account_automation/bot/node_modules/axios/lib/core/settle.js:19:12)\n    at IncomingMessage.handleStreamEnd (file:///Users/mac/Desktop/My%20Work/Tiktok_account_automation/bot/node_modules/axios/lib/adapters/http.js:793:11)\n    at IncomingMessage.emit (node:events:536:35)\n    at endReadableNT (node:internal/streams/readable:1698:12)\n    at process.processTicksAndRejections (node:internal/process/task_queues:82:21)\n    at Axios.request (file:///Users/mac/Desktop/My%20Work/Tiktok_account_automation/bot/node_modules/axios/lib/core/Axios.js:45:41)\n    at process.processTicksAndRejections (node:internal/process/task_queues:95:5)\n    at async generateEmail (file:///Users/mac/Desktop/My%20Work/Tiktok_account_automation/bot/src/services/tempMailService.js:44:32)\n    at async createTikTokAccount (file:///Users/mac/Desktop/My%20Work/Tiktok_account_automation/bot/src/automation/tiktokSignup.js:84:23)\n    at async Queue.<anonymous> (file:///Users/mac/Desktop/My%20Work/Tiktok_account_automation/bot/src/worker.js:148:24)"
}
[2026-02-07T08:23:12.573Z] [INFO] ⚠️ Error occurred. KEEPING BROWSER OPEN for 60 seconds for inspection...
[2026-02-07T08:23:12.573Z] [INFO] Browser closed
[2026-02-07T08:23:12.576Z] [INFO] Waiting 6.32 minutes before next account creation...
[2026-02-07T08:26:08.861Z] [INFO] 🚀 Auto-starting job injection (Testing Mode)...
[2026-02-07T08:26:08.874Z] [INFO] ✅ Queue obliterated.
[2026-02-07T08:26:08.874Z] [INFO] 🔧 [DEV] Injecting Fresh Test Job...
[2026-02-07T08:26:08.887Z] [INFO] Processing new job
{
  "accountId": 1896,
  "batchId": 56,
  "jobId": "1"
}
[2026-02-07T08:26:08.889Z] [INFO] Starting account creation for Account ID: 1896 (Attempt 1/3)
[2026-02-07T08:26:09.089Z] [SUCCESS] ✅ [DEV] Injected New Batch 56 with 100 jobs.
[2026-02-07T08:26:10.100Z] [INFO] Generated Email: tiktoklz2kxdrq@virgilian.com
[2026-02-07T08:26:10.103Z] [SUCCESS] ✅ Saved credentials: email=tiktoklz2kxdrq@virgilian.com, password length=16, DOB=2007-11-11
[2026-02-07T08:26:10.104Z] [INFO] 🛑 Checking for Fresh IP before launching... (Attempt 1)
[2026-02-07T08:26:11.003Z] [SUCCESS] ✅ Fresh IP Found: 88.191.228.78
[2026-02-07T08:26:11.003Z] [INFO] 🔗 Starting Local Proxy Chain...
[2026-02-07T08:26:11.007Z] [SUCCESS] ✅ Local Proxy Started: http://127.0.0.1:65138
[2026-02-07T08:26:11.007Z] [INFO] 🚀 Launching SeleniumBase via Python Bridge...
[2026-02-07T08:26:11.008Z] [INFO] Starting Python Browser Launcher: /Users/mac/Desktop/My Work/Tiktok_account_automation/bot/src/utils/browserLauncher.py
[2026-02-07T08:26:11.008Z] [INFO] 🔌 Connecting with proxy: http://127.0.0.1:65138
[2026-02-07T08:26:13.320Z] [INFO] ✅ Browser Connected
[2026-02-07T08:26:13.322Z] [INFO] 🌍 Syncing fingerprint with Proxy IP...
[2026-02-07T08:26:17.582Z] [SUCCESS] ✅ Proxy Sync Success: IP=91.254.42.42 | TZ=Europe/Rome
[2026-02-07T08:26:17.582Z] [INFO] 🌍 Fetching accurate IP location info...
[2026-02-07T08:26:18.570Z] [SUCCESS] ✅ IP Info Captured: 130.44.17.112 | Sulligent, United States (Tombigbee Communications, LLC)
[2026-02-07T08:26:18.572Z] [SUCCESS] ✅ IP data saved to database: 130.44.17.112
[2026-02-07T08:26:18.575Z] [INFO] Navigating to https://www.tiktok.com/signup/phone-or-email/email...
[2026-02-07T08:26:25.325Z] [INFO] 🔍 Checking if page loaded successfully...
[2026-02-07T08:26:25.335Z] [SUCCESS] ✅ Page loaded successfully!
[2026-02-07T08:26:25.339Z] [INFO] ⚖️  GDPR/Legal Notice detected. Attempting to dismiss...
[2026-02-07T08:26:25.384Z] [INFO] 🌍 Checking public IP & Location...
[2026-02-07T08:26:25.391Z] [INFO] ✅ IP: Unknown | 📍 Location: Unknown
[2026-02-07T08:26:25.391Z] [INFO] ℹ️  Keeping previously saved IP data (secondary check failed)
[2026-02-07T08:26:25.391Z] [INFO] ⏳ Waiting for page to fully load...
[2026-02-07T08:26:50.396Z] [INFO] On signup page - HYBRID FLOW STARTED
[2026-02-07T08:26:53.027Z] [INFO] 🎂 Filling date of birth...
[2026-02-07T08:26:53.028Z] [INFO] Step 1: Opening Month dropdown...
[2026-02-07T08:27:00.120Z] [SUCCESS] ✅ Selected month: 11
[2026-02-07T08:27:04.104Z] [INFO] Step 2: Opening Day dropdown...
[2026-02-07T08:27:11.458Z] [SUCCESS] ✅ Selected day: 11
[2026-02-07T08:27:13.691Z] [INFO] Step 3: Opening Year dropdown...
[2026-02-07T08:27:19.823Z] [SUCCESS] ✅ Selected year: 2007
[2026-02-07T08:27:19.823Z] [SUCCESS] 🎂 Date of birth selection completed!
[2026-02-07T08:27:21.227Z] [INFO] Filling email address...
[2026-02-07T08:27:25.842Z] [SUCCESS] Entered email: tiktoklz2kxdrq@virgilian.com
[2026-02-07T08:27:27.528Z] [INFO] Clicking outside to close email suggestions...
[2026-02-07T08:27:29.233Z] [INFO] Filling password...
[2026-02-07T08:27:32.784Z] [SUCCESS] Entered password
[2026-02-07T08:27:35.204Z] [INFO] Thinking: Clicking "Send code" button...
[2026-02-07T08:27:36.837Z] [INFO] Attempt 1: Clicking Send Code...
[2026-02-07T08:27:40.232Z] [INFO] Attempt 2: Clicking Send Code...
[2026-02-07T08:27:42.915Z] [SUCCESS] ✅ Successfully clicked "Send code"
[2026-02-07T08:27:42.916Z] [INFO] ⏳ Waiting for OTP in mail.tm inbox (Do not close browser)...
[2026-02-07T08:27:54.326Z] [INFO] ✅ Got Code: 085087
[2026-02-07T08:27:54.327Z] [INFO] Entering verification code...
[2026-02-07T08:28:02.655Z] [SUCCESS] ✅ Entered verification code successfully
[2026-02-07T08:28:03.869Z] [INFO] Clicking submit/next button...
[2026-02-07T08:28:03.893Z] [SUCCESS] ✅ Clicked submit button
[2026-02-07T08:28:07.573Z] [INFO] 🔍 Checking for signup errors after submit...
[2026-02-07T08:28:07.578Z] [SUCCESS] ✅ No critical errors detected after submit
[2026-02-07T08:28:07.603Z] [SUCCESS] ✅ Clicked submit button
[2026-02-07T08:28:11.583Z] [INFO] 🔍 Checking for signup errors after submit...
[2026-02-07T08:28:11.588Z] [SUCCESS] ✅ No critical errors detected after submit
[2026-02-07T08:28:11.612Z] [SUCCESS] ✅ Clicked submit button
[2026-02-07T08:28:16.371Z] [INFO] 🔍 Checking for signup errors after submit...
[2026-02-07T08:28:16.374Z] [SUCCESS] ✅ No critical errors detected after submit
[2026-02-07T08:28:16.374Z] [INFO] Waiting for post-signup state...
[2026-02-07T08:28:46.392Z] [INFO] 📍 Capturing initial IP after account creation...
[2026-02-07T08:28:46.397Z] [SUCCESS] ✅ Initial IP: null
[2026-02-07T08:28:46.397Z] [INFO] 🔥 Starting 30-second account warmup...
[2026-02-07T08:29:00.983Z] [INFO] ⏱️  Warmup progress: 14s / 30s
[2026-02-07T08:29:08.015Z] [INFO] ⏱️  Warmup progress: 21s / 30s
[2026-02-07T08:29:14.779Z] [INFO] ⏱️  Warmup progress: 28s / 30s
[2026-02-07T08:29:22.108Z] [INFO] ⏱️  Warmup progress: 35s / 30s
[2026-02-07T08:29:22.109Z] [SUCCESS] ✅ Account warmup completed (30 seconds)
[2026-02-07T08:29:22.111Z] [SUCCESS] 🎉 Signup flow finished. ID: 1896
[2026-02-07T08:29:22.132Z] [INFO] Killing Python browser process...
[2026-02-07T08:29:22.133Z] [INFO] Closing Local Proxy Chain...
[2026-02-07T08:29:22.134Z] [INFO] Browser closed
[2026-02-07T08:29:22.172Z] [INFO] Waiting 7.48 minutes before next account creation...
[2026-02-07T08:37:47.551Z] [ERROR] Queue error
{
  "error": "Missing lock for job 1 failed"
}
[2026-02-07T08:37:52.556Z] [INFO] Processing new job
{
  "accountId": 1897,
  "batchId": 56,
  "jobId": "2"
}
[2026-02-07T08:37:52.557Z] [INFO] Starting account creation for Account ID: 1897 (Attempt 1/3)
[2026-02-07T08:37:53.896Z] [INFO] Generated Email: tiktok9pltzf40@virgilian.com
[2026-02-07T08:37:53.903Z] [SUCCESS] ✅ Saved credentials: email=tiktok9pltzf40@virgilian.com, password length=10, DOB=1976-03-06
[2026-02-07T08:37:53.903Z] [INFO] 🛑 Checking for Fresh IP before launching... (Attempt 1)
[2026-02-07T08:37:55.204Z] [SUCCESS] ✅ Fresh IP Found: 213.172.252.251
[2026-02-07T08:37:55.205Z] [INFO] 🔗 Starting Local Proxy Chain...
[2026-02-07T08:37:55.207Z] [SUCCESS] ✅ Local Proxy Started: http://127.0.0.1:49307
[2026-02-07T08:37:55.208Z] [INFO] 🚀 Launching SeleniumBase via Python Bridge...
[2026-02-07T08:37:55.208Z] [INFO] Starting Python Browser Launcher: /Users/mac/Desktop/My Work/Tiktok_account_automation/bot/src/utils/browserLauncher.py
[2026-02-07T08:37:55.209Z] [INFO] 🔌 Connecting with proxy: http://127.0.0.1:49307
[2026-02-07T08:38:03.095Z] [INFO] ✅ Browser Connected
[2026-02-07T08:38:03.096Z] [INFO] 🌍 Syncing fingerprint with Proxy IP...
[2026-02-07T08:38:08.213Z] [SUCCESS] ✅ Proxy Sync Success: IP=194.192.104.65 | TZ=Europe/Copenhagen
[2026-02-07T08:38:08.214Z] [INFO] 🌍 Fetching accurate IP location info...
[2026-02-07T08:38:10.260Z] [SUCCESS] ✅ IP Info Captured: 104.28.101.198 | Tokyo, Japan (Cloudflare, Inc.)
[2026-02-07T08:38:10.265Z] [SUCCESS] ✅ IP data saved to database: 104.28.101.198
[2026-02-07T08:38:10.272Z] [INFO] Navigating to https://www.tiktok.com/signup/phone-or-email/email...
[2026-02-07T09:07:36.010Z] [ERROR] Failed to create account (Attempt 1/3)
{
  "accountId": 1897,
  "error": "page.goto: Timeout 30000ms exceeded.\nCall log:\n\u001b[2m  - navigating to \"https://www.tiktok.com/signup/phone-or-email/email\", waiting until \"domcontentloaded\"\u001b[22m\n",
  "stack": "page.goto: Timeout 30000ms exceeded.\nCall log:\n\u001b[2m  - navigating to \"https://www.tiktok.com/signup/phone-or-email/email\", waiting until \"domcontentloaded\"\u001b[22m\n\n    at createTikTokAccount (/Users/mac/Desktop/My Work/Tiktok_account_automation/bot/src/automation/tiktokSignup.js:331:24)\n    at async Queue.<anonymous> (/Users/mac/Desktop/My Work/Tiktok_account_automation/bot/src/worker.js:148:24)"
}
[2026-02-07T09:07:37.117Z] [INFO] ⚠️ Error occurred. KEEPING BROWSER OPEN for 60 seconds for inspection...
[2026-02-07T09:09:14.008Z] [INFO] Retrying account creation... (Attempt 2/3)
[2026-02-07T10:01:52.016Z] [INFO] Starting account creation for Account ID: 1897 (Attempt 2/3)
[2026-02-07T10:01:53.125Z] [ERROR] Failed to create account (Attempt 2/3)
{
  "accountId": 1897,
  "error": "getaddrinfo ENOTFOUND api.mail.tm",
  "stack": "Error: getaddrinfo ENOTFOUND api.mail.tm\n    at AxiosError.from (file:///Users/mac/Desktop/My%20Work/Tiktok_account_automation/bot/node_modules/axios/lib/core/AxiosError.js:96:14)\n    at RedirectableRequest.handleRequestError (file:///Users/mac/Desktop/My%20Work/Tiktok_account_automation/bot/node_modules/axios/lib/adapters/http.js:817:25)\n    at RedirectableRequest.emit (node:events:524:28)\n    at eventHandlers.<computed> (/Users/mac/Desktop/My Work/Tiktok_account_automation/bot/node_modules/follow-redirects/index.js:49:24)\n    at ClientRequest.emit (node:events:524:28)\n    at emitErrorEvent (node:_http_client:101:11)\n    at TLSSocket.socketErrorListener (node:_http_client:504:5)\n    at TLSSocket.emit (node:events:524:28)\n    at emitErrorNT (node:internal/streams/destroy:169:8)\n    at emitErrorCloseNT (node:internal/streams/destroy:128:3)\n    at Axios.request (file:///Users/mac/Desktop/My%20Work/Tiktok_account_automation/bot/node_modules/axios/lib/core/Axios.js:45:41)\n    at process.processTicksAndRejections (node:internal/process/task_queues:95:5)\n    at async generateEmail (file:///Users/mac/Desktop/My%20Work/Tiktok_account_automation/bot/src/services/tempMailService.js:28:33)\n    at async createTikTokAccount (file:///Users/mac/Desktop/My%20Work/Tiktok_account_automation/bot/src/automation/tiktokSignup.js:84:23)"
}
[2026-02-07T10:01:53.159Z] [INFO] ⚠️ Error occurred. KEEPING BROWSER OPEN for 60 seconds for inspection...
[2026-02-07T10:01:53.160Z] [INFO] Retrying account creation... (Attempt 3/3)
[2026-02-07T10:01:53.168Z] [INFO] Killing Python browser process...
[2026-02-07T10:01:53.168Z] [INFO] Closing Local Proxy Chain...
[2026-02-07T10:01:53.170Z] [INFO] Browser closed
[2026-02-07T10:01:59.422Z] [INFO] Starting account creation for Account ID: 1897 (Attempt 3/3)
[2026-02-07T10:01:59.424Z] [INFO] Browser closed
[2026-02-07T10:02:00.374Z] [INFO] Generated Email: tiktokoil048h8@virgilian.com
[2026-02-07T10:02:00.376Z] [SUCCESS] ✅ Saved credentials: email=tiktokoil048h8@virgilian.com, password length=14, DOB=1983-08-14
[2026-02-07T10:02:00.377Z] [INFO] 🛑 Checking for Fresh IP before launching... (Attempt 1)
[2026-02-07T10:02:01.769Z] [SUCCESS] ✅ Fresh IP Found: 84.232.151.129
[2026-02-07T10:02:01.770Z] [INFO] 🔗 Starting Local Proxy Chain...
[2026-02-07T10:02:01.770Z] [SUCCESS] ✅ Local Proxy Started: http://127.0.0.1:49500
[2026-02-07T10:02:01.770Z] [INFO] 🚀 Launching SeleniumBase via Python Bridge...
[2026-02-07T10:02:01.770Z] [INFO] Starting Python Browser Launcher: /Users/mac/Desktop/My Work/Tiktok_account_automation/bot/src/utils/browserLauncher.py
[2026-02-07T10:02:01.770Z] [INFO] 🔌 Connecting with proxy: http://127.0.0.1:49500
[2026-02-07T10:02:04.627Z] [INFO] ✅ Browser Connected
[2026-02-07T10:02:04.628Z] [INFO] 🌍 Syncing fingerprint with Proxy IP...
[2026-02-07T10:02:08.641Z] [SUCCESS] ✅ Proxy Sync Success: IP=46.34.248.7 | TZ=Europe/Bratislava
[2026-02-07T10:02:08.641Z] [INFO] 🌍 Fetching accurate IP location info...
[2026-02-07T10:02:10.401Z] [SUCCESS] ✅ IP Info Captured: 175.116.220.100 | Gangnam-gu, South Korea (SK Broadband Co Ltd)
[2026-02-07T10:02:10.403Z] [SUCCESS] ✅ IP data saved to database: 175.116.220.100
[2026-02-07T10:02:10.405Z] [INFO] Navigating to https://www.tiktok.com/signup/phone-or-email/email...
[2026-02-07T10:02:19.155Z] [INFO] 🔍 Checking if page loaded successfully...
[2026-02-07T10:02:19.165Z] [SUCCESS] ✅ Page loaded successfully!
[2026-02-07T10:02:19.168Z] [INFO] 🌍 Checking public IP & Location...
[2026-02-07T10:02:19.173Z] [INFO] ✅ IP: Unknown | 📍 Location: Unknown
[2026-02-07T10:02:19.173Z] [INFO] ℹ️  Keeping previously saved IP data (secondary check failed)
[2026-02-07T10:02:19.173Z] [INFO] ⏳ Waiting for page to fully load...
[2026-02-07T10:02:42.448Z] [INFO] On signup page - HYBRID FLOW STARTED
[2026-02-07T10:02:46.239Z] [INFO] 🎂 Filling date of birth...
[2026-02-07T10:02:46.245Z] [INFO] Step 1: Opening Month dropdown...
[2026-02-07T10:02:53.212Z] [SUCCESS] ✅ Selected month: 08
[2026-02-07T10:02:57.043Z] [INFO] Step 2: Opening Day dropdown...
[2026-02-07T10:03:03.774Z] [SUCCESS] ✅ Selected day: 14
[2026-02-07T10:03:06.826Z] [INFO] Step 3: Opening Year dropdown...
[2026-02-07T10:03:12.188Z] [SUCCESS] ✅ Selected year: 1983
[2026-02-07T10:03:12.188Z] [SUCCESS] 🎂 Date of birth selection completed!
[2026-02-07T10:03:14.010Z] [INFO] Filling email address...
[2026-02-07T10:03:18.653Z] [SUCCESS] Entered email: tiktokoil048h8@virgilian.com
[2026-02-07T10:03:20.358Z] [INFO] Clicking outside to close email suggestions...
[2026-02-07T10:03:21.426Z] [INFO] Filling password...
[2026-02-07T10:03:24.676Z] [SUCCESS] Entered password
[2026-02-07T10:03:27.090Z] [INFO] Thinking: Clicking "Send code" button...
[2026-02-07T10:03:29.043Z] [INFO] Attempt 1: Clicking Send Code...
[2026-02-07T10:03:32.515Z] [INFO] Attempt 2: Clicking Send Code...
[2026-02-07T10:03:35.260Z] [SUCCESS] ✅ Successfully clicked "Send code"
[2026-02-07T10:03:35.261Z] [INFO] ⏳ Waiting for OTP in mail.tm inbox (Do not close browser)...
[2026-02-07T10:03:52.377Z] [INFO] ✅ Got Code: 375017
[2026-02-07T10:03:52.377Z] [INFO] Entering verification code...
[2026-02-07T10:04:00.374Z] [SUCCESS] ✅ Entered verification code successfully
[2026-02-07T10:04:02.264Z] [INFO] Clicking submit/next button...
[2026-02-07T10:04:02.299Z] [SUCCESS] ✅ Clicked submit button
[2026-02-07T10:04:06.584Z] [INFO] 🔍 Checking for signup errors after submit...
[2026-02-07T10:04:06.588Z] [SUCCESS] ✅ No critical errors detected after submit
[2026-02-07T10:04:06.651Z] [SUCCESS] ✅ Clicked submit button
[2026-02-07T10:04:11.108Z] [INFO] 🔍 Checking for signup errors after submit...
[2026-02-07T10:04:11.112Z] [SUCCESS] ✅ No critical errors detected after submit
[2026-02-07T10:04:11.138Z] [SUCCESS] ✅ Clicked submit button
[2026-02-07T10:04:14.188Z] [INFO] 🔍 Checking for signup errors after submit...
[2026-02-07T10:04:14.191Z] [SUCCESS] ✅ No critical errors detected after submit
[2026-02-07T10:04:14.192Z] [INFO] Waiting for post-signup state...
[2026-02-07T10:04:14.202Z] [INFO] 📍 Capturing initial IP after account creation...
[2026-02-07T10:04:14.206Z] [SUCCESS] ✅ Initial IP: null
[2026-02-07T10:04:14.207Z] [INFO] 🔥 Starting 30-second account warmup...
[2026-02-07T10:04:26.153Z] [INFO] ⏱️  Warmup progress: 11s / 30s
[2026-02-07T10:04:31.878Z] [INFO] ⏱️  Warmup progress: 17s / 30s
[2026-02-07T10:04:38.538Z] [INFO] ⏱️  Warmup progress: 24s / 30s
[2026-02-07T10:04:45.553Z] [INFO] ⏱️  Warmup progress: 31s / 30s
[2026-02-07T10:04:45.553Z] [SUCCESS] ✅ Account warmup completed (30 seconds)
[2026-02-07T10:04:45.556Z] [SUCCESS] 🎉 Signup flow finished. ID: 1897
[2026-02-07T10:04:45.565Z] [INFO] Killing Python browser process...
[2026-02-07T10:04:45.565Z] [INFO] Closing Local Proxy Chain...
[2026-02-07T10:04:45.566Z] [INFO] Browser closed
[2026-02-07T10:04:45.590Z] [INFO] Waiting 6.90 minutes before next account creation...
