[2026-01-02T19:44:37.735Z] [ERROR] Job 4 failed
{
  "error": "job stalled more than allowable limit"
}
[2026-01-02T19:44:37.738Z] [INFO] Processing new job
{
  "accountId": 6,
  "batchId": 2,
  "jobId": "6"
}
[2026-01-02T19:44:37.739Z] [INFO] Starting account creation for Account ID: 6 (Attempt 1/3)
[2026-01-02T19:44:39.827Z] [INFO] Launching browser with CDP mode (enhanced stealth)...
[2026-01-02T19:44:40.939Z] [INFO] Navigating to https://www.tiktok.com/signup/phone-or-email/email...
[2026-01-02T19:44:52.035Z] [INFO] On direct email signup page - starting form fill...
[2026-01-02T19:44:54.691Z] [INFO] 🎂 Filling date of birth...
[2026-01-02T19:44:55.966Z] [INFO] Found 1 select elements
[2026-01-02T19:44:55.966Z] [INFO] Trying aggressive method - first 3 inputs
[2026-01-02T19:44:56.950Z] [SUCCESS] ✅ Filled DOB aggressively
[2026-01-02T19:44:58.698Z] [INFO] Filling email address...
[2026-01-02T19:45:21.504Z] [INFO] Filling password...
[2026-01-02T19:45:25.098Z] [ERROR] Failed to create account (Attempt 1/3)
{
  "accountId": 6,
  "error": "page.evaluate: Target page, context or browser has been closed",
  "stack": "page.evaluate: Target page, context or browser has been closed\n    at randomScroll (/Users/mac/Desktop/My Work/Tiktok_account_automation/bot/src/utils/humanBehavior.js:49:16)\n    at createTikTokAccount (/Users/mac/Desktop/My Work/Tiktok_account_automation/bot/src/automation/tiktokSignup.js:264:15)\n    at async Queue.<anonymous> (/Users/mac/Desktop/My Work/Tiktok_account_automation/bot/src/worker.js:45:24)"
}
[2026-01-02T19:45:25.100Z] [INFO] Retrying account creation... (Attempt 2/3)
[2026-01-02T19:45:30.285Z] [INFO] Starting account creation for Account ID: 6 (Attempt 2/3)
[2026-01-02T19:45:30.873Z] [INFO] Browser closed
[2026-01-02T19:45:31.478Z] [INFO] Launching browser with CDP mode (enhanced stealth)...
[2026-01-02T19:45:32.547Z] [INFO] Navigating to https://www.tiktok.com/signup/phone-or-email/email...
[2026-01-02T19:45:47.343Z] [INFO] On direct email signup page - starting form fill...
[2026-01-02T19:45:50.138Z] [INFO] 🎂 Filling date of birth...
[2026-01-02T19:45:51.726Z] [INFO] Found 1 select elements
[2026-01-02T19:45:51.727Z] [INFO] Trying aggressive method - first 3 inputs
[2026-01-02T19:45:52.963Z] [SUCCESS] ✅ Filled DOB aggressively
[2026-01-02T19:45:54.675Z] [INFO] Filling email address...
[2026-01-02T19:46:10.738Z] [INFO] Filling password...
[2026-01-02T19:56:15.558Z] [INFO] Processing new job
{
  "accountId": 7,
  "batchId": 2,
  "jobId": "7"
}
[2026-01-02T19:56:15.559Z] [INFO] Starting account creation for Account ID: 7 (Attempt 1/3)
[2026-01-02T19:56:20.904Z] [INFO] Launching browser with CDP mode (enhanced stealth)...
[2026-01-02T19:56:21.799Z] [INFO] Navigating to https://www.tiktok.com/signup/phone-or-email/email...
[2026-01-02T19:56:40.100Z] [INFO] On direct email signup page - starting form fill...
[2026-01-02T19:56:42.437Z] [INFO] 🎂 Filling date of birth with custom dropdowns...
[2026-01-02T19:56:44.534Z] [INFO] Step 1: Opening Month dropdown...
[2026-01-02T19:57:15.604Z] [SUCCESS] ✅ Month dropdown opened
[2026-01-02T19:57:15.604Z] [INFO] Step 2: Selecting April...
[2026-01-02T19:57:18.606Z] [ERROR] ❌ DOB error:
"page.waitForSelector: Timeout 3000ms exceeded.\nCall log:\n\u001b[2m  - waiting for locator('div[role=\"listbox\"]') to be visible\u001b[22m\n\u001b[2m    11 × locator resolved to 3 elements. Proceeding with the first one: <div role=\"listbox\" data-e2e=\"select-list\" id=\"Month-options-list-container\" class=\"tiktok-i3j2md-DivOptionsWrapper e1phcp2x5\">…</div>\u001b[22m\n"
[2026-01-02T19:57:19.976Z] [INFO] Filling email address...
[2026-01-02T19:57:55.575Z] [SUCCESS] Entered email: tiktoko1mem1bqrdmjxao4@airsworld.net
[2026-01-02T19:57:57.917Z] [INFO] Filling password...
[2026-01-02T19:58:22.077Z] [SUCCESS] Entered password
[2026-01-02T19:58:30.711Z] [INFO] Clicking submit button...
[2026-01-02T19:59:34.980Z] [INFO] Waiting for verification code page...
[2026-01-02T19:59:39.982Z] [INFO] Retrieving verification code from email...
[2026-01-02T20:08:10.306Z] [INFO] Processing new job
{
  "accountId": 6,
  "batchId": 2,
  "jobId": "6"
}
[2026-01-02T20:08:10.307Z] [INFO] Starting account creation for Account ID: 6 (Attempt 1/3)
[2026-01-02T20:08:11.359Z] [INFO] Launching browser with CDP mode (enhanced stealth)...
[2026-01-02T20:08:12.414Z] [INFO] Navigating to https://www.tiktok.com/signup/phone-or-email/email...
[2026-01-02T20:08:24.789Z] [INFO] On direct email signup page - using PRECISE SELECTORS from visual inspection
[2026-01-02T20:08:27.208Z] [INFO] 🎂 Filling date of birth...
[2026-01-02T20:08:29.096Z] [INFO] Step 1: Opening Month dropdown...
[2026-01-02T20:08:29.208Z] [SUCCESS] ✅ Clicked Month trigger
[2026-01-02T20:08:30.080Z] [SUCCESS] ✅ Selected month: January (Index: 0)
[2026-01-02T20:08:30.939Z] [INFO] Step 2: Opening Day dropdown...
[2026-01-02T20:08:30.987Z] [SUCCESS] ✅ Clicked Day trigger
[2026-01-02T20:08:31.854Z] [SUCCESS] ✅ Selected day: 24
[2026-01-02T20:08:33.167Z] [INFO] Step 3: Opening Year dropdown...
[2026-01-02T20:08:33.242Z] [SUCCESS] ✅ Clicked Year trigger
[2026-01-02T20:08:34.010Z] [SUCCESS] ✅ Selected year: 1985
[2026-01-02T20:08:34.010Z] [SUCCESS] 🎂 Date of birth selection completed!
[2026-01-02T20:08:35.024Z] [INFO] Filling email address...
[2026-01-02T20:09:10.471Z] [SUCCESS] Entered email: tiktokkhnsjwf664mjxb3c@airsworld.net
[2026-01-02T20:09:12.984Z] [INFO] Filling password...
[2026-01-02T20:09:30.234Z] [SUCCESS] Entered password
[2026-01-02T20:09:38.181Z] [INFO] Clicking submit button...
[2026-01-02T20:10:43.545Z] [INFO] Waiting for verification code page...
[2026-01-02T20:10:48.547Z] [INFO] Retrieving verification code from email...
[2026-01-02T20:19:17.041Z] [INFO] Processing new job
{
  "accountId": 7,
  "batchId": 2,
  "jobId": "7"
}
[2026-01-02T20:19:17.042Z] [INFO] Starting account creation for Account ID: 7 (Attempt 1/3)
[2026-01-02T20:19:17.045Z] [INFO] Launching browser with CDP mode (enhanced stealth)...
[2026-01-02T20:19:17.933Z] [INFO] Navigating to https://www.tiktok.com/signup/phone-or-email/email...
[2026-01-02T20:19:31.575Z] [INFO] On direct email signup page - using PRECISE SELECTORS from visual inspection
[2026-01-02T20:19:34.419Z] [INFO] 🎂 Filling date of birth...
[2026-01-02T20:19:36.170Z] [INFO] Step 1: Opening Month dropdown...
[2026-01-02T20:19:36.289Z] [SUCCESS] ✅ Clicked Month trigger
[2026-01-02T20:19:37.245Z] [SUCCESS] ✅ Selected month: July (Index: 6)
[2026-01-02T20:19:38.401Z] [INFO] Step 2: Opening Day dropdown...
[2026-01-02T20:19:38.453Z] [SUCCESS] ✅ Clicked Day trigger
[2026-01-02T20:19:39.214Z] [SUCCESS] ✅ Selected day: 24
[2026-01-02T20:19:40.690Z] [INFO] Step 3: Opening Year dropdown...
[2026-01-02T20:19:40.760Z] [SUCCESS] ✅ Clicked Year trigger
[2026-01-02T20:19:41.520Z] [SUCCESS] ✅ Selected year: 2007
[2026-01-02T20:19:41.520Z] [SUCCESS] 🎂 Date of birth selection completed!
[2026-01-02T20:19:43.461Z] [INFO] Filling email address...
[2026-01-02T20:19:47.049Z] [ERROR] Job 6 failed
{
  "error": "job stalled more than allowable limit"
}
[2026-01-02T20:20:18.474Z] [SUCCESS] Entered email: tiktok0x59x2agum@1secmail.org
[2026-01-02T20:20:21.285Z] [INFO] Clicking outside to close email suggestions...
[2026-01-02T20:20:23.110Z] [INFO] Filling password...
[2026-01-02T20:20:26.491Z] [SUCCESS] Entered password
[2026-01-02T20:20:31.759Z] [INFO] Clicking submit button...
[2026-01-02T20:21:36.697Z] [INFO] Waiting for verification code page...
[2026-01-02T20:21:41.700Z] [INFO] Retrieving verification code from email...
[2026-01-02T20:25:42.127Z] [INFO] Processing new job
{
  "accountId": 8,
  "batchId": 2,
  "jobId": "8"
}
[2026-01-02T20:25:42.129Z] [INFO] Starting account creation for Account ID: 8 (Attempt 1/3)
[2026-01-02T20:25:42.132Z] [INFO] Launching browser with CDP mode (enhanced stealth)...
[2026-01-02T20:25:43.092Z] [INFO] Navigating to https://www.tiktok.com/signup/phone-or-email/email...
[2026-01-02T20:25:55.579Z] [INFO] On direct email signup page - using PRECISE SELECTORS from visual inspection
[2026-01-02T20:25:57.607Z] [INFO] 🎂 Filling date of birth...
[2026-01-02T20:26:00.044Z] [INFO] Step 1: Opening Month dropdown...
[2026-01-02T20:26:00.153Z] [SUCCESS] ✅ Clicked Month trigger
[2026-01-02T20:26:00.780Z] [SUCCESS] ✅ Selected month: June (Index: 5)
[2026-01-02T20:26:01.591Z] [INFO] Step 2: Opening Day dropdown...
[2026-01-02T20:26:01.654Z] [SUCCESS] ✅ Clicked Day trigger
[2026-01-02T20:26:02.339Z] [SUCCESS] ✅ Selected day: 26
[2026-01-02T20:26:03.398Z] [INFO] Step 3: Opening Year dropdown...
[2026-01-02T20:26:03.470Z] [SUCCESS] ✅ Clicked Year trigger
[2026-01-02T20:26:04.253Z] [SUCCESS] ✅ Selected year: 1982
[2026-01-02T20:26:04.253Z] [SUCCESS] 🎂 Date of birth selection completed!
[2026-01-02T20:26:05.925Z] [INFO] Filling email address...
[2026-01-02T20:26:40.749Z] [SUCCESS] Entered email: tiktokb36s84wbk6@1secmail.org
[2026-01-02T20:26:42.126Z] [ERROR] Job 7 failed
{
  "error": "job stalled more than allowable limit"
}
[2026-01-02T20:26:43.411Z] [INFO] Clicking outside to close email suggestions...
[2026-01-02T20:26:44.619Z] [INFO] Filling password...
[2026-01-02T20:26:47.364Z] [SUCCESS] Entered password
[2026-01-02T20:26:55.287Z] [INFO] Clicking submit button...
