[2026-01-26T19:58:24.955Z] [INFO] 🧹 Cleaning old jobs from queue...
[2026-01-26T19:58:25.049Z] [INFO] ✅ Queue cleared. Checking for new injection...
[2026-01-26T19:58:25.052Z] [INFO] 🔧 [DEV] Queue empty. Injecting Test Job...
[2026-01-26T19:58:25.062Z] [SUCCESS] ✅ [DEV] Injected New Job: Account 36 (Batch 18)
[2026-01-26T19:58:25.064Z] [INFO] Processing new job
{
  "accountId": 36,
  "batchId": 18,
  "jobId": "36"
}
[2026-01-26T19:58:25.066Z] [INFO] Starting account creation for Account ID: 36 (Attempt 1/3)
[2026-01-26T19:58:26.433Z] [INFO] Generated Email: tiktokterkxaic@virgilian.com
[2026-01-26T19:58:26.437Z] [INFO] 🚀 Launching SeleniumBase via Python Bridge...
[2026-01-26T19:58:26.438Z] [INFO] Starting Python Browser Launcher: /Users/mac/Desktop/My Work/Tiktok_account_automation/bot/src/utils/browserLauncher.py
[2026-01-26T19:58:26.438Z] [INFO] 🔌 Connecting with proxy: http://kajhhcdk-rotate:****@p.webshare.io:80
[2026-01-26T19:58:31.580Z] [INFO] ✅ Connected to CDP Endpoint: ws://127.0.0.1:9222/devtools/browser/71ecaf3f-9c6e-400a-ab5f-f653410570c7
[2026-01-26T19:58:31.663Z] [INFO] Attached to existing page
[2026-01-26T19:58:31.711Z] [INFO] Navigating to https://www.tiktok.com/signup/phone-or-email/email...
[2026-01-26T19:58:33.681Z] [INFO] 🌍 Checking public IP & Location...
[2026-01-26T19:58:33.695Z] [INFO] ✅ IP: Unknown | 📍 Location: Unknown
[2026-01-26T19:58:33.698Z] [INFO] ⏳ Waiting for page to fully load...
[2026-01-26T19:58:44.184Z] [INFO] On signup page - HYBRID FLOW STARTED
[2026-01-26T19:58:47.003Z] [INFO] 🎂 Filling date of birth...
[2026-01-26T19:58:47.004Z] [INFO] Step 1: Opening Month dropdown...
[2026-01-26T19:58:55.800Z] [SUCCESS] ✅ Selected month: 07
[2026-01-26T19:58:58.455Z] [INFO] Step 2: Opening Day dropdown...
[2026-01-26T19:59:04.514Z] [SUCCESS] ✅ Selected day: 26
[2026-01-26T19:59:06.901Z] [INFO] Step 3: Opening Year dropdown...
[2026-01-26T19:59:12.878Z] [SUCCESS] ✅ Selected year: 1993
[2026-01-26T19:59:12.879Z] [SUCCESS] 🎂 Date of birth selection completed!
[2026-01-26T19:59:14.547Z] [INFO] Filling email address...
[2026-01-26T19:59:18.983Z] [SUCCESS] Entered email: tiktokterkxaic@virgilian.com
[2026-01-26T19:59:20.884Z] [INFO] Clicking outside to close email suggestions...
[2026-01-26T19:59:21.968Z] [INFO] Filling password...
[2026-01-26T19:59:24.889Z] [SUCCESS] Entered password
[2026-01-26T19:59:27.760Z] [INFO] Thinking: Clicking "Send code" button...
[2026-01-26T19:59:29.654Z] [INFO] Attempt 1: Clicking Send Code...
[2026-01-26T19:59:32.938Z] [INFO] Attempt 2: Clicking Send Code...
[2026-01-26T19:59:35.887Z] [SUCCESS] ✅ Successfully clicked "Send code"
[2026-01-26T19:59:35.887Z] [INFO] ⏳ Waiting for OTP in mail.tm inbox (Do not close browser)...
[2026-01-26T19:59:46.850Z] [INFO] ✅ Got Code: 816547
[2026-01-26T19:59:46.851Z] [INFO] Entering verification code...
[2026-01-26T19:59:55.633Z] [SUCCESS] ✅ Entered verification code successfully
[2026-01-26T19:59:57.182Z] [INFO] Clicking submit/next button...
[2026-01-26T19:59:57.221Z] [SUCCESS] ✅ Clicked submit button
[2026-01-26T20:00:01.922Z] [SUCCESS] ✅ Clicked submit button
[2026-01-26T20:00:06.270Z] [SUCCESS] ✅ Clicked submit button
[2026-01-26T20:00:10.112Z] [INFO] Waiting for post-signup state...
[2026-01-26T20:00:10.122Z] [INFO] 🔄 starting Post-Signup Verification: LOGOUT -> LOGIN Test
[2026-01-26T20:00:32.535Z] [WARNING] ⚠️ Could not find Logout button, assuming logged out or failed.
[2026-01-26T20:00:32.535Z] [INFO] 🔐 Attempting Re-Login with generated credentials...
[2026-01-26T20:00:32.537Z] [ERROR] ❌ Re-Login Test Failed: page.goto: Target page, context or browser has been closed
[2026-01-26T20:00:32.537Z] [ERROR] Failed to create account (Attempt 1/3)
{
  "accountId": 36,
  "error": "page.evaluate: Target page, context or browser has been closed",
  "stack": "page.evaluate: Target page, context or browser has been closed\n    at createTikTokAccount (/Users/mac/Desktop/My Work/Tiktok_account_automation/bot/src/automation/tiktokSignup.js:684:36)\n    at async Queue.<anonymous> (/Users/mac/Desktop/My Work/Tiktok_account_automation/bot/src/worker.js:92:24)"
}
[2026-01-26T20:00:32.539Z] [INFO] ⚠️ Error occurred. KEEPING BROWSER OPEN for 60 seconds for inspection...
[2026-01-26T20:00:32.539Z] [INFO] Retrying account creation... (Attempt 2/3)
[2026-01-26T20:00:40.808Z] [INFO] Starting account creation for Account ID: 36 (Attempt 2/3)
[2026-01-26T20:00:40.826Z] [INFO] Killing Python browser process...
[2026-01-26T20:00:40.827Z] [INFO] Browser closed
[2026-01-26T20:00:42.084Z] [INFO] Generated Email: tiktokq0pv3ztu@virgilian.com
[2026-01-26T20:00:42.088Z] [INFO] 🚀 Launching SeleniumBase via Python Bridge...
[2026-01-26T20:00:42.088Z] [INFO] Starting Python Browser Launcher: /Users/mac/Desktop/My Work/Tiktok_account_automation/bot/src/utils/browserLauncher.py
[2026-01-26T20:00:42.089Z] [INFO] 🔌 Connecting with proxy: http://kajhhcdk-rotate:****@p.webshare.io:80
[2026-01-26T20:00:44.477Z] [INFO] ✅ Connected to CDP Endpoint: ws://127.0.0.1:9222/devtools/browser/d3cdcbb3-a0f5-4a66-80af-648645e4d5fd
[2026-01-26T20:00:44.511Z] [INFO] Attached to existing page
[2026-01-26T20:00:44.549Z] [INFO] Navigating to https://www.tiktok.com/signup/phone-or-email/email...
[2026-01-26T20:00:45.246Z] [INFO] 🌍 Checking public IP & Location...
[2026-01-26T20:00:45.741Z] [INFO] ✅ IP: Unknown | 📍 Location: Unknown
[2026-01-26T20:00:45.742Z] [INFO] ⏳ Waiting for page to fully load...
[2026-01-26T20:00:57.524Z] [INFO] On signup page - HYBRID FLOW STARTED
[2026-01-26T20:01:00.775Z] [INFO] 🎂 Filling date of birth...
[2026-01-26T20:01:00.775Z] [INFO] Step 1: Opening Month dropdown...
[2026-01-26T20:01:12.437Z] [SUCCESS] ✅ Selected month: 07
[2026-01-26T20:01:14.608Z] [INFO] Step 2: Opening Day dropdown...
[2026-01-26T20:01:22.556Z] [SUCCESS] ✅ Selected day: 28
[2026-01-26T20:01:24.757Z] [INFO] Step 3: Opening Year dropdown...
[2026-01-26T20:01:24.760Z] [ERROR] ❌ DOB error:
"page.waitForSelector: Target page, context or browser has been closed"
[2026-01-26T20:01:26.149Z] [INFO] Filling email address...
[2026-01-26T20:01:26.154Z] [ERROR] Failed to create account (Attempt 2/3)
{
  "accountId": 36,
  "error": "page.$: Target page, context or browser has been closed",
  "stack": "page.$: Target page, context or browser has been closed\n    at createTikTokAccount (/Users/mac/Desktop/My Work/Tiktok_account_automation/bot/src/automation/tiktokSignup.js:265:28)\n    at async Queue.<anonymous> (/Users/mac/Desktop/My Work/Tiktok_account_automation/bot/src/worker.js:92:24)"
}
[2026-01-26T20:01:26.159Z] [INFO] ⚠️ Error occurred. KEEPING BROWSER OPEN for 60 seconds for inspection...
[2026-01-26T20:01:26.160Z] [INFO] Retrying account creation... (Attempt 3/3)
[2026-01-26T20:01:35.094Z] [INFO] Starting account creation for Account ID: 36 (Attempt 3/3)
[2026-01-26T20:01:35.120Z] [INFO] Killing Python browser process...
[2026-01-26T20:01:35.121Z] [INFO] Browser closed
[2026-01-26T20:01:36.744Z] [INFO] Generated Email: tiktok585qjsmy@virgilian.com
[2026-01-26T20:01:36.748Z] [INFO] 🚀 Launching SeleniumBase via Python Bridge...
[2026-01-26T20:01:36.748Z] [INFO] Starting Python Browser Launcher: /Users/mac/Desktop/My Work/Tiktok_account_automation/bot/src/utils/browserLauncher.py
[2026-01-26T20:01:36.749Z] [INFO] 🔌 Connecting with proxy: http://kajhhcdk-rotate:****@p.webshare.io:80
[2026-01-26T20:01:39.053Z] [INFO] ✅ Connected to CDP Endpoint: ws://127.0.0.1:9222/devtools/browser/df854bfd-acc7-436c-b0ba-75c84399b3f4
[2026-01-26T20:01:39.086Z] [INFO] Attached to existing page
[2026-01-26T20:01:39.123Z] [INFO] Navigating to https://www.tiktok.com/signup/phone-or-email/email...
[2026-01-26T20:01:39.916Z] [INFO] 🌍 Checking public IP & Location...
[2026-01-26T20:01:39.939Z] [INFO] ✅ IP: Unknown | 📍 Location: Unknown
[2026-01-26T20:01:39.940Z] [INFO] ⏳ Waiting for page to fully load...
[2026-01-26T20:11:30.392Z] [INFO] 🧹 Cleaning old jobs from queue...
[2026-01-26T20:11:30.416Z] [INFO] ✅ Queue cleared. Checking for new injection...
[2026-01-26T20:11:30.419Z] [INFO] 🔧 [DEV] Queue empty. Injecting Test Job...
[2026-01-26T20:11:30.428Z] [SUCCESS] ✅ [DEV] Injected New Job: Account 37 (Batch 19)
[2026-01-26T20:11:30.430Z] [INFO] Processing new job
{
  "accountId": 37,
  "batchId": 19,
  "jobId": "37"
}
[2026-01-26T20:11:30.432Z] [INFO] Starting account creation for Account ID: 37 (Attempt 1/3)
[2026-01-26T20:11:31.361Z] [INFO] Generated Email: tiktoksihtq91n@virgilian.com
[2026-01-26T20:11:31.361Z] [ERROR] Failed to create account (Attempt 1/3)
{
  "accountId": 37,
  "error": "generatePassword is not defined",
  "stack": "ReferenceError: generatePassword is not defined\n    at createTikTokAccount (file:///Users/mac/Desktop/My%20Work/Tiktok_account_automation/bot/src/automation/tiktokSignup.js:81:26)\n    at process.processTicksAndRejections (node:internal/process/task_queues:95:5)\n    at async Queue.<anonymous> (file:///Users/mac/Desktop/My%20Work/Tiktok_account_automation/bot/src/worker.js:92:24)"
}
[2026-01-26T20:11:31.363Z] [INFO] ⚠️ Error occurred. KEEPING BROWSER OPEN for 60 seconds for inspection...
[2026-01-26T20:11:31.364Z] [INFO] Retrying account creation... (Attempt 2/3)
[2026-01-26T20:11:37.194Z] [INFO] Starting account creation for Account ID: 37 (Attempt 2/3)
[2026-01-26T20:11:37.198Z] [INFO] Browser closed
[2026-01-26T20:11:38.017Z] [INFO] Generated Email: tiktokbmheqvqx@virgilian.com
[2026-01-26T20:11:38.017Z] [ERROR] Failed to create account (Attempt 2/3)
{
  "accountId": 37,
  "error": "generatePassword is not defined",
  "stack": "ReferenceError: generatePassword is not defined\n    at createTikTokAccount (file:///Users/mac/Desktop/My%20Work/Tiktok_account_automation/bot/src/automation/tiktokSignup.js:81:26)\n    at process.processTicksAndRejections (node:internal/process/task_queues:95:5)\n    at async Queue.<anonymous> (file:///Users/mac/Desktop/My%20Work/Tiktok_account_automation/bot/src/worker.js:92:24)"
}
[2026-01-26T20:11:38.020Z] [INFO] ⚠️ Error occurred. KEEPING BROWSER OPEN for 60 seconds for inspection...
[2026-01-26T20:11:38.020Z] [INFO] Retrying account creation... (Attempt 3/3)
[2026-01-26T20:11:45.914Z] [INFO] Starting account creation for Account ID: 37 (Attempt 3/3)
[2026-01-26T20:11:45.919Z] [INFO] Browser closed
[2026-01-26T20:11:47.211Z] [INFO] Generated Email: tiktok7hh551ng@virgilian.com
[2026-01-26T20:11:47.212Z] [ERROR] Failed to create account (Attempt 3/3)
{
  "accountId": 37,
  "error": "generatePassword is not defined",
  "stack": "ReferenceError: generatePassword is not defined\n    at createTikTokAccount (file:///Users/mac/Desktop/My%20Work/Tiktok_account_automation/bot/src/automation/tiktokSignup.js:81:26)\n    at process.processTicksAndRejections (node:internal/process/task_queues:95:5)\n    at async Queue.<anonymous> (file:///Users/mac/Desktop/My%20Work/Tiktok_account_automation/bot/src/worker.js:92:24)"
}
[2026-01-26T20:11:47.214Z] [INFO] ⚠️ Error occurred. KEEPING BROWSER OPEN for 60 seconds for inspection...
[2026-01-26T20:11:47.214Z] [INFO] Browser closed
[2026-01-26T20:11:47.218Z] [SUCCESS] Batch 19 completed!
{
  "totalSuccess": 0,
  "totalFailed": 1
}
[2026-01-26T20:11:47.220Z] [INFO] Waiting 7.45 minutes before next account creation...
[2026-01-26T20:14:35.467Z] [INFO] 🧹 Cleaning old jobs from queue...
[2026-01-26T20:14:35.483Z] [INFO] ✅ Queue cleared. Checking for new injection...
[2026-01-26T20:14:35.485Z] [INFO] 🔧 [DEV] Queue empty. Injecting Test Job...
[2026-01-26T20:14:35.492Z] [SUCCESS] ✅ [DEV] Injected New Job: Account 38 (Batch 20)
[2026-01-26T20:14:35.494Z] [INFO] Processing new job
{
  "accountId": 38,
  "batchId": 20,
  "jobId": "38"
}
[2026-01-26T20:14:35.495Z] [INFO] Starting account creation for Account ID: 38 (Attempt 1/3)
[2026-01-26T20:14:36.517Z] [INFO] Generated Email: tiktokaenat5to@virgilian.com
[2026-01-26T20:14:43.824Z] [INFO] 🚀 Launching SeleniumBase via Python Bridge...
[2026-01-26T20:14:43.825Z] [INFO] Starting Python Browser Launcher: /Users/mac/Desktop/My Work/Tiktok_account_automation/bot/src/utils/browserLauncher.py
[2026-01-26T20:14:43.826Z] [INFO] 🔌 Connecting with proxy: http://kajhhcdk-rotate:****@p.webshare.io:80
[2026-01-26T20:14:45.850Z] [INFO] ✅ Connected to CDP Endpoint: ws://127.0.0.1:9222/devtools/browser/9c27d309-07c1-4b6b-91d0-34b68689ccec
[2026-01-26T20:14:45.921Z] [INFO] Attached to existing page
[2026-01-26T20:14:45.966Z] [INFO] Navigating to https://www.tiktok.com/signup/phone-or-email/email...
[2026-01-26T20:14:46.907Z] [INFO] 🌍 Checking public IP & Location...
[2026-01-26T20:14:46.918Z] [INFO] ✅ IP: Unknown | 📍 Location: Unknown
[2026-01-26T20:14:46.919Z] [INFO] ⏳ Waiting for page to fully load...
[2026-01-26T20:14:59.310Z] [INFO] On signup page - HYBRID FLOW STARTED
[2026-01-26T20:15:02.188Z] [INFO] 🎂 Filling date of birth...
[2026-01-26T20:15:02.188Z] [INFO] Step 1: Opening Month dropdown...
[2026-01-26T20:15:13.451Z] [ERROR] ❌ DOB error:
"page.waitForSelector: Timeout 5000ms exceeded.\nCall log:\n\u001b[2m  - waiting for locator('div#Month-options-item-3') to be visible\u001b[22m\n\u001b[2m    15 × locator resolved to hidden <div role=\"option\" aria-selected=\"false\" id=\"Month-options-item-3\" class=\"tiktok-vz5m7n-DivOption e1phcp2x6\">April</div>\u001b[22m\n"
[2026-01-26T20:15:15.092Z] [INFO] Filling email address...
[2026-01-26T20:15:20.126Z] [SUCCESS] Entered email: tiktokaenat5to@virgilian.com
[2026-01-26T20:15:22.652Z] [INFO] Clicking outside to close email suggestions...
[2026-01-26T20:15:24.176Z] [INFO] Filling password...
[2026-01-26T20:15:29.465Z] [ERROR] Failed to create account (Attempt 1/3)
{
  "accountId": 38,
  "error": "page.click: Target page, context or browser has been closed\nCall log:\n\u001b[2m  - waiting for locator('input[type=\"password\"]')\u001b[22m\n\u001b[2m    - locator resolved to <input value=\"\" type=\"password\" placeholder=\"Password\" autocomplete=\"new-password\" class=\"tiktok-1eber3k-InputContainer etcs7ny0\"/>\u001b[22m\n\u001b[2m  - attempting click action\u001b[22m\n\u001b[2m    2 × waiting for element to be visible, enabled and stable\u001b[22m\n\u001b[2m      - element is visible, enabled and stable\u001b[22m\n\u001b[2m      - scrolling into view if needed\u001b[22m\n\u001b[2m      - done scrolling\u001b[22m\n\u001b[2m      - <li class=\"tiktok-lmncfu-LiListItem e3y4xh61\">.comliantiktokaenat5to@gmail.com</li> from <div class=\"tiktok-1f2rpw0-DivEmailSignupInputWrapper esdrtey0\">…</div> subtree intercepts pointer events\u001b[22m\n\u001b[2m    - retrying click action\u001b[22m\n\u001b[2m    - waiting 20ms\u001b[22m\n\u001b[2m    2 × waiting for element to be visible, enabled and stable\u001b[22m\n\u001b[2m      - element is visible, enabled and stable\u001b[22m\n\u001b[2m      - scrolling into view if needed\u001b[22m\n\u001b[2m      - done scrolling\u001b[22m\n\u001b[2m      - <li class=\"tiktok-lmncfu-LiListItem e3y4xh61\">.comliantiktokaenat5to@gmail.com</li> from <div class=\"tiktok-1f2rpw0-DivEmailSignupInputWrapper esdrtey0\">…</div> subtree intercepts pointer events\u001b[22m\n\u001b[2m    - retrying click action\u001b[22m\n\u001b[2m      - waiting 100ms\u001b[22m\n\u001b[2m    9 × waiting for element to be visible, enabled and stable\u001b[22m\n\u001b[2m      - element is visible, enabled and stable\u001b[22m\n\u001b[2m      - scrolling into view if needed\u001b[22m\n\u001b[2m      - done scrolling\u001b[22m\n\u001b[2m      - <li class=\"tiktok-lmncfu-LiListItem e3y4xh61\">.comliantiktokaenat5to@gmail.com</li> from <div class=\"tiktok-1f2rpw0-DivEmailSignupInputWrapper esdrtey0\">…</div> subtree intercepts pointer events\u001b[22m\n\u001b[2m    - retrying click action\u001b[22m\n\u001b[2m      - waiting 500ms\u001b[22m\n",
  "stack": "page.click: Target page, context or browser has been closed\nCall log:\n\u001b[2m  - waiting for locator('input[type=\"password\"]')\u001b[22m\n\u001b[2m    - locator resolved to <input value=\"\" type=\"password\" placeholder=\"Password\" autocomplete=\"new-password\" class=\"tiktok-1eber3k-InputContainer etcs7ny0\"/>\u001b[22m\n\u001b[2m  - attempting click action\u001b[22m\n\u001b[2m    2 × waiting for element to be visible, enabled and stable\u001b[22m\n\u001b[2m      - element is visible, enabled and stable\u001b[22m\n\u001b[2m      - scrolling into view if needed\u001b[22m\n\u001b[2m      - done scrolling\u001b[22m\n\u001b[2m      - <li class=\"tiktok-lmncfu-LiListItem e3y4xh61\">.comliantiktokaenat5to@gmail.com</li> from <div class=\"tiktok-1f2rpw0-DivEmailSignupInputWrapper esdrtey0\">…</div> subtree intercepts pointer events\u001b[22m\n\u001b[2m    - retrying click action\u001b[22m\n\u001b[2m    - waiting 20ms\u001b[22m\n\u001b[2m    2 × waiting for element to be visible, enabled and stable\u001b[22m\n\u001b[2m      - element is visible, enabled and stable\u001b[22m\n\u001b[2m      - scrolling into view if needed\u001b[22m\n\u001b[2m      - done scrolling\u001b[22m\n\u001b[2m      - <li class=\"tiktok-lmncfu-LiListItem e3y4xh61\">.comliantiktokaenat5to@gmail.com</li> from <div class=\"tiktok-1f2rpw0-DivEmailSignupInputWrapper esdrtey0\">…</div> subtree intercepts pointer events\u001b[22m\n\u001b[2m    - retrying click action\u001b[22m\n\u001b[2m      - waiting 100ms\u001b[22m\n\u001b[2m    9 × waiting for element to be visible, enabled and stable\u001b[22m\n\u001b[2m      - element is visible, enabled and stable\u001b[22m\n\u001b[2m      - scrolling into view if needed\u001b[22m\n\u001b[2m      - done scrolling\u001b[22m\n\u001b[2m      - <li class=\"tiktok-lmncfu-LiListItem e3y4xh61\">.comliantiktokaenat5to@gmail.com</li> from <div class=\"tiktok-1f2rpw0-DivEmailSignupInputWrapper esdrtey0\">…</div> subtree intercepts pointer events\u001b[22m\n\u001b[2m    - retrying click action\u001b[22m\n\u001b[2m      - waiting 500ms\u001b[22m\n\n    at humanType (/Users/mac/Desktop/My Work/Tiktok_account_automation/bot/src/utils/humanBehavior.js:9:16)\n    at createTikTokAccount (/Users/mac/Desktop/My Work/Tiktok_account_automation/bot/src/automation/tiktokSignup.js:302:23)\n    at async Queue.<anonymous> (/Users/mac/Desktop/My Work/Tiktok_account_automation/bot/src/worker.js:92:24)"
}
[2026-01-26T20:15:29.478Z] [INFO] ⚠️ Error occurred. KEEPING BROWSER OPEN for 60 seconds for inspection...
[2026-01-26T20:15:29.480Z] [INFO] Retrying account creation... (Attempt 2/3)
[2026-01-26T20:15:38.785Z] [INFO] Starting account creation for Account ID: 38 (Attempt 2/3)
[2026-01-26T20:15:38.803Z] [INFO] Killing Python browser process...
[2026-01-26T20:15:38.803Z] [INFO] Browser closed
[2026-01-26T20:15:50.582Z] [INFO] Generated Email: tiktoksyazvtq8@virgilian.com
[2026-01-26T20:15:53.241Z] [INFO] 🚀 Launching SeleniumBase via Python Bridge...
[2026-01-26T20:15:53.242Z] [INFO] Starting Python Browser Launcher: /Users/mac/Desktop/My Work/Tiktok_account_automation/bot/src/utils/browserLauncher.py
[2026-01-26T20:15:53.242Z] [INFO] 🔌 Connecting with proxy: http://kajhhcdk-rotate:****@p.webshare.io:80
[2026-01-26T20:15:55.312Z] [INFO] ✅ Connected to CDP Endpoint: ws://127.0.0.1:9222/devtools/browser/877d69f6-7a14-42fb-aea1-0420255fd1a4
[2026-01-26T20:15:55.335Z] [INFO] Attached to existing page
[2026-01-26T20:15:55.374Z] [INFO] Navigating to https://www.tiktok.com/signup/phone-or-email/email...
[2026-01-26T20:15:56.217Z] [INFO] 🌍 Checking public IP & Location...
[2026-01-26T20:15:56.228Z] [INFO] ✅ IP: Unknown | 📍 Location: Unknown
[2026-01-26T20:15:56.228Z] [INFO] ⏳ Waiting for page to fully load...
[2026-01-26T20:16:07.992Z] [INFO] On signup page - HYBRID FLOW STARTED
[2026-01-26T20:16:10.206Z] [INFO] 🎂 Filling date of birth...
[2026-01-26T20:16:10.207Z] [INFO] Step 1: Opening Month dropdown...
[2026-01-26T20:16:18.455Z] [SUCCESS] ✅ Selected month: 10
[2026-01-26T20:16:22.077Z] [INFO] Step 2: Opening Day dropdown...
[2026-01-26T20:16:28.274Z] [SUCCESS] ✅ Selected day: 09
[2026-01-26T20:16:32.022Z] [INFO] Step 3: Opening Year dropdown...
[2026-01-26T20:16:37.348Z] [SUCCESS] ✅ Selected year: 1985
[2026-01-26T20:16:37.349Z] [SUCCESS] 🎂 Date of birth selection completed!
[2026-01-26T20:16:39.156Z] [INFO] Filling email address...
[2026-01-26T20:16:44.091Z] [SUCCESS] Entered email: tiktoksyazvtq8@virgilian.com
[2026-01-26T20:16:46.355Z] [INFO] Clicking outside to close email suggestions...
[2026-01-26T20:16:47.632Z] [INFO] Filling password...
[2026-01-26T20:16:50.690Z] [SUCCESS] Entered password
[2026-01-26T20:16:53.657Z] [INFO] Thinking: Clicking "Send code" button...
[2026-01-26T20:16:56.357Z] [INFO] Attempt 1: Clicking Send Code...
[2026-01-26T20:16:59.205Z] [INFO] Attempt 2: Clicking Send Code...
[2026-01-26T20:17:01.316Z] [SUCCESS] ✅ Successfully clicked "Send code"
[2026-01-26T20:17:01.317Z] [INFO] ⏳ Waiting for OTP in mail.tm inbox (Do not close browser)...
[2026-01-26T20:17:13.072Z] [INFO] ✅ Got Code: 048567
[2026-01-26T20:17:13.073Z] [INFO] Entering verification code...
[2026-01-26T20:17:21.798Z] [SUCCESS] ✅ Entered verification code successfully
[2026-01-26T20:17:23.061Z] [INFO] Clicking submit/next button...
[2026-01-26T20:17:23.096Z] [SUCCESS] ✅ Clicked submit button
[2026-01-26T20:17:27.179Z] [SUCCESS] ✅ Clicked submit button
[2026-01-26T20:17:32.148Z] [INFO] Waiting for post-signup state...
[2026-01-26T20:17:32.153Z] [INFO] 👤 "Create Username" step detected
[2026-01-26T20:17:32.153Z] [INFO] Attempt 1: Trying username dark_wolf3210
[2026-01-26T20:17:40.499Z] [WARNING] Username step skipped: page.evaluate: Execution context was destroyed, most likely because of a navigation
[2026-01-26T20:17:40.513Z] [INFO] 🔄 starting Post-Signup Verification: LOGOUT -> LOGIN Test
[2026-01-26T20:18:16.403Z] [WARNING] ⚠️ Could not find Logout button, assuming logged out or failed.
[2026-01-26T20:18:16.404Z] [INFO] 🔐 Attempting Re-Login with generated credentials...
[2026-01-26T20:18:42.788Z] [SUCCESS] 🎉 RE-LOGIN TEST PASSED! Proxy & Account are stable.
[2026-01-26T20:18:42.790Z] [SUCCESS] 🎉 Account Created Successfully! ID: 38
[2026-01-26T20:18:42.803Z] [INFO] Killing Python browser process...
[2026-01-26T20:18:42.803Z] [INFO] Browser closed
[2026-01-26T20:18:42.805Z] [SUCCESS] Batch 20 completed!
{
  "totalSuccess": 1,
  "totalFailed": 0
}
[2026-01-26T20:18:42.808Z] [INFO] Waiting 8.59 minutes before next account creation...
[2026-01-26T20:31:24.989Z] [INFO] 🧹 Cleaning old jobs from queue...
[2026-01-26T20:31:25.006Z] [INFO] ✅ Queue cleared. Checking for new injection...
[2026-01-26T20:31:25.009Z] [INFO] 🔧 [DEV] Queue empty. Injecting Test Job...
[2026-01-26T20:31:25.023Z] [SUCCESS] ✅ [DEV] Injected New Job: Account 39 (Batch 21)
[2026-01-26T20:31:25.024Z] [INFO] Processing new job
{
  "accountId": 39,
  "batchId": 21,
  "jobId": "39"
}
[2026-01-26T20:31:25.025Z] [INFO] Starting account creation for Account ID: 39 (Attempt 1/3)
[2026-01-26T20:31:26.747Z] [INFO] Generated Email: tiktokuu9rg38e@virgilian.com
[2026-01-26T20:31:28.678Z] [INFO] 🚀 Launching SeleniumBase via Python Bridge...
[2026-01-26T20:31:28.678Z] [INFO] Starting Python Browser Launcher: /Users/mac/Desktop/My Work/Tiktok_account_automation/bot/src/utils/browserLauncher.py
[2026-01-26T20:31:28.679Z] [INFO] 🔌 Connecting with proxy: http://kajhhcdk-rotate:****@p.webshare.io:80
[2026-01-26T20:31:31.269Z] [INFO] ✅ Connected to CDP Endpoint: ws://127.0.0.1:9222/devtools/browser/47184285-5503-467e-9fe8-33afcdb322b4
[2026-01-26T20:31:31.375Z] [INFO] Attached to existing page
[2026-01-26T20:31:31.430Z] [INFO] Navigating to https://www.tiktok.com/signup/phone-or-email/email...
[2026-01-26T20:31:32.550Z] [INFO] 🌍 Checking public IP & Location...
[2026-01-26T20:31:32.733Z] [INFO] ✅ IP: Unknown | 📍 Location: Unknown
[2026-01-26T20:31:32.735Z] [INFO] ⏳ Waiting for page to fully load...
[2026-01-26T20:31:42.568Z] [INFO] On signup page - HYBRID FLOW STARTED
[2026-01-26T20:31:46.552Z] [INFO] 🎂 Filling date of birth...
[2026-01-26T20:31:46.553Z] [INFO] Step 1: Opening Month dropdown...
[2026-01-26T20:31:54.303Z] [SUCCESS] ✅ Selected month: 02
[2026-01-26T20:31:56.986Z] [INFO] Step 2: Opening Day dropdown...
[2026-01-26T20:32:03.000Z] [SUCCESS] ✅ Selected day: 04
[2026-01-26T20:32:05.216Z] [INFO] Step 3: Opening Year dropdown...
[2026-01-26T20:32:10.474Z] [SUCCESS] ✅ Selected year: 2000
[2026-01-26T20:32:10.475Z] [SUCCESS] 🎂 Date of birth selection completed!
[2026-01-26T20:32:12.009Z] [INFO] Filling email address...
[2026-01-26T20:32:16.317Z] [SUCCESS] Entered email: tiktokuu9rg38e@virgilian.com
[2026-01-26T20:32:17.978Z] [INFO] Clicking outside to close email suggestions...
[2026-01-26T20:32:19.406Z] [INFO] Filling password...
[2026-01-26T20:32:22.871Z] [SUCCESS] Entered password
[2026-01-26T20:32:25.358Z] [INFO] Thinking: Clicking "Send code" button...
[2026-01-26T20:32:27.738Z] [INFO] Attempt 1: Clicking Send Code...
[2026-01-26T20:32:30.953Z] [INFO] Attempt 2: Clicking Send Code...
[2026-01-26T20:32:33.973Z] [SUCCESS] ✅ Successfully clicked "Send code"
[2026-01-26T20:32:33.974Z] [INFO] ⏳ Waiting for OTP in mail.tm inbox (Do not close browser)...
[2026-01-26T20:32:47.314Z] [INFO] ✅ Got Code: 290279
[2026-01-26T20:32:47.315Z] [INFO] Entering verification code...
[2026-01-26T20:32:55.997Z] [SUCCESS] ✅ Entered verification code successfully
[2026-01-26T20:32:57.487Z] [INFO] Clicking submit/next button...
[2026-01-26T20:32:57.527Z] [SUCCESS] ✅ Clicked submit button
[2026-01-26T20:33:01.736Z] [SUCCESS] ✅ Clicked submit button
[2026-01-26T20:33:04.959Z] [SUCCESS] ✅ Clicked submit button
[2026-01-26T20:33:09.058Z] [INFO] Waiting for post-signup state...
[2026-01-26T20:33:09.071Z] [INFO] 🔄 starting Post-Signup Verification: LOGOUT -> LOGIN Test
[2026-01-26T20:33:25.879Z] [WARNING] ⚠️ Could not find Logout button, assuming logged out or failed.
[2026-01-26T20:33:25.881Z] [INFO] 🔐 Attempting Re-Login with generated credentials...
[2026-01-26T20:33:25.882Z] [ERROR] ❌ Re-Login Test Failed: page.goto: Target page, context or browser has been closed
[2026-01-26T20:33:25.882Z] [ERROR] Failed to create account (Attempt 1/3)
{
  "accountId": 39,
  "error": "page.evaluate: Target page, context or browser has been closed",
  "stack": "page.evaluate: Target page, context or browser has been closed\n    at createTikTokAccount (/Users/mac/Desktop/My Work/Tiktok_account_automation/bot/src/automation/tiktokSignup.js:700:36)\n    at async Queue.<anonymous> (/Users/mac/Desktop/My Work/Tiktok_account_automation/bot/src/worker.js:92:24)"
}
[2026-01-26T20:33:25.885Z] [INFO] ⚠️ Error occurred. KEEPING BROWSER OPEN for 60 seconds for inspection...
[2026-01-26T20:33:25.885Z] [INFO] Retrying account creation... (Attempt 2/3)
[2026-01-26T20:39:10.668Z] [INFO] 🛑 Checking for Fresh IP before launching...
[2026-01-26T20:45:04.211Z] [INFO] 🧹 Cleaning old jobs from queue...
[2026-01-26T20:45:04.228Z] [INFO] ✅ Queue cleared. Checking for new injection...
[2026-01-26T20:45:04.231Z] [INFO] 🔧 [DEV] Queue empty. Injecting Test Job...
[2026-01-26T20:45:04.238Z] [SUCCESS] ✅ [DEV] Injected New Job: Account 40 (Batch 22)
[2026-01-26T20:45:04.240Z] [INFO] Processing new job
{
  "accountId": 40,
  "batchId": 22,
  "jobId": "40"
}
[2026-01-26T20:45:04.241Z] [INFO] Starting account creation for Account ID: 40 (Attempt 1/3)
[2026-01-26T20:45:05.912Z] [INFO] Generated Email: tiktokv8ufezlw@virgilian.com
[2026-01-26T20:45:05.920Z] [INFO] 🛑 Checking for Fresh IP before launching...
[2026-01-26T20:45:08.339Z] [SUCCESS] ✅ Fresh IP Found: 189.219.61.134
[2026-01-26T20:45:08.340Z] [INFO] 🚀 Launching SeleniumBase via Python Bridge...
[2026-01-26T20:45:08.340Z] [INFO] Starting Python Browser Launcher: /Users/mac/Desktop/My Work/Tiktok_account_automation/bot/src/utils/browserLauncher.py
[2026-01-26T20:45:08.340Z] [INFO] 🔌 Connecting with proxy: http://kajhhcdk-rotate:****@p.webshare.io:80
[2026-01-26T20:45:10.832Z] [INFO] ✅ Connected to CDP Endpoint: ws://127.0.0.1:9222/devtools/browser/810f628c-6c28-4f16-8b45-f19066f660ec
[2026-01-26T20:45:10.911Z] [INFO] Attached to existing page
[2026-01-26T20:45:10.955Z] [INFO] Navigating to https://www.tiktok.com/signup/phone-or-email/email...
[2026-01-26T20:45:11.943Z] [INFO] 🌍 Checking public IP & Location...
[2026-01-26T20:45:12.445Z] [INFO] ✅ IP: Unknown | 📍 Location: Unknown
[2026-01-26T20:45:12.446Z] [INFO] ⏳ Waiting for page to fully load...
[2026-01-26T20:45:21.848Z] [INFO] On signup page - HYBRID FLOW STARTED
[2026-01-26T20:45:25.070Z] [INFO] 🎂 Filling date of birth...
[2026-01-26T20:45:25.071Z] [INFO] Step 1: Opening Month dropdown...
[2026-01-26T20:45:32.021Z] [SUCCESS] ✅ Selected month: 04
[2026-01-26T20:45:34.132Z] [INFO] Step 2: Opening Day dropdown...
[2026-01-26T20:45:40.549Z] [SUCCESS] ✅ Selected day: 13
[2026-01-26T20:45:42.878Z] [INFO] Step 3: Opening Year dropdown...
[2026-01-26T20:45:49.286Z] [SUCCESS] ✅ Selected year: 1985
[2026-01-26T20:45:49.287Z] [SUCCESS] 🎂 Date of birth selection completed!
[2026-01-26T20:45:50.508Z] [INFO] Filling email address...
[2026-01-26T20:45:55.243Z] [SUCCESS] Entered email: tiktokv8ufezlw@virgilian.com
[2026-01-26T20:45:57.344Z] [INFO] Clicking outside to close email suggestions...
[2026-01-26T20:45:59.202Z] [INFO] Filling password...
[2026-01-26T20:46:02.115Z] [SUCCESS] Entered password
[2026-01-26T20:46:04.517Z] [INFO] Thinking: Clicking "Send code" button...
[2026-01-26T20:46:06.376Z] [INFO] Attempt 1: Clicking Send Code...
[2026-01-26T20:46:09.490Z] [INFO] Attempt 2: Clicking Send Code...
[2026-01-26T20:46:11.974Z] [SUCCESS] ✅ Successfully clicked "Send code"
[2026-01-26T20:46:11.974Z] [INFO] ⏳ Waiting for OTP in mail.tm inbox (Do not close browser)...
[2026-01-26T20:46:17.629Z] [INFO] ✅ Got Code: 728874
[2026-01-26T20:46:17.630Z] [INFO] Entering verification code...
[2026-01-26T20:46:26.069Z] [SUCCESS] ✅ Entered verification code successfully
[2026-01-26T20:46:27.769Z] [INFO] Clicking submit/next button...
[2026-01-26T20:46:27.811Z] [SUCCESS] ✅ Clicked submit button
[2026-01-26T20:46:32.833Z] [SUCCESS] ✅ Clicked submit button
[2026-01-26T20:46:37.425Z] [SUCCESS] ✅ Clicked submit button
[2026-01-26T20:46:41.826Z] [INFO] Waiting for post-signup state...
[2026-01-26T20:46:41.841Z] [INFO] 🔄 starting Post-Signup Verification: LOGOUT -> LOGIN Test
[2026-01-26T20:47:17.402Z] [WARNING] ⚠️ Could not find Logout button, assuming logged out or failed.
[2026-01-26T20:47:17.403Z] [INFO] 🔐 Attempting Re-Login with generated credentials...
[2026-01-26T20:49:45.610Z] [INFO] 🧹 Cleaning old jobs from queue...
[2026-01-26T20:49:45.626Z] [INFO] ✅ Queue cleared. Checking for new injection...
[2026-01-26T20:49:45.628Z] [INFO] 🔧 [DEV] Queue empty. Injecting Test Job...
[2026-01-26T20:49:45.635Z] [SUCCESS] ✅ [DEV] Injected New Job: Account 41 (Batch 23)
[2026-01-26T20:49:45.638Z] [INFO] Processing new job
{
  "accountId": 41,
  "batchId": 23,
  "jobId": "41"
}
[2026-01-26T20:49:45.639Z] [INFO] Starting account creation for Account ID: 41 (Attempt 1/3)
[2026-01-26T20:49:46.659Z] [INFO] Generated Email: tiktok4atm0am2@virgilian.com
[2026-01-26T20:49:46.662Z] [INFO] 🛑 Checking for Fresh IP before launching...
[2026-01-26T20:49:49.042Z] [SUCCESS] ✅ Fresh IP Found: 109.136.222.2
[2026-01-26T20:49:49.042Z] [INFO] 🚀 Launching SeleniumBase via Python Bridge...
[2026-01-26T20:49:49.044Z] [INFO] Starting Python Browser Launcher: /Users/mac/Desktop/My Work/Tiktok_account_automation/bot/src/utils/browserLauncher.py
[2026-01-26T20:49:49.044Z] [INFO] 🔌 Connecting with proxy: http://kajhhcdk-rotate:****@p.webshare.io:80
[2026-01-26T20:49:51.013Z] [INFO] ✅ Connected to CDP Endpoint: ws://127.0.0.1:9222/devtools/browser/6883e04f-9d8c-4fd1-aad2-a5ec630d381f
[2026-01-26T20:49:51.080Z] [INFO] Attached to existing page
[2026-01-26T20:49:51.127Z] [INFO] Navigating to https://www.tiktok.com/signup/phone-or-email/email...
[2026-01-26T20:49:53.290Z] [INFO] 🌍 Checking public IP & Location...
[2026-01-26T20:49:53.683Z] [INFO] ✅ IP: Unknown | 📍 Location: Unknown
[2026-01-26T20:49:53.685Z] [INFO] ⏳ Waiting for page to fully load...
[2026-01-26T20:50:04.922Z] [INFO] On signup page - HYBRID FLOW STARTED
[2026-01-26T20:50:07.677Z] [INFO] 🎂 Filling date of birth...
[2026-01-26T20:50:07.677Z] [INFO] Step 1: Opening Month dropdown...
[2026-01-26T20:50:15.567Z] [SUCCESS] ✅ Selected month: 03
[2026-01-26T20:50:17.676Z] [INFO] Step 2: Opening Day dropdown...
[2026-01-26T20:50:24.051Z] [SUCCESS] ✅ Selected day: 20
[2026-01-26T20:50:27.876Z] [INFO] Step 3: Opening Year dropdown...
[2026-01-26T20:50:32.145Z] [SUCCESS] ✅ Selected year: 2003
[2026-01-26T20:50:32.146Z] [SUCCESS] 🎂 Date of birth selection completed!
[2026-01-26T20:50:33.825Z] [INFO] Filling email address...
[2026-01-26T20:50:38.239Z] [SUCCESS] Entered email: tiktok4atm0am2@virgilian.com
[2026-01-26T20:50:40.285Z] [INFO] Clicking outside to close email suggestions...
[2026-01-26T20:50:41.407Z] [INFO] Filling password...
[2026-01-26T20:50:44.052Z] [SUCCESS] Entered password
[2026-01-26T20:50:46.909Z] [INFO] Thinking: Clicking "Send code" button...
[2026-01-26T20:50:48.755Z] [INFO] Attempt 1: Clicking Send Code...
[2026-01-26T20:50:51.691Z] [INFO] Attempt 2: Clicking Send Code...
[2026-01-26T20:50:53.772Z] [SUCCESS] ✅ Successfully clicked "Send code"
[2026-01-26T20:50:53.772Z] [INFO] ⏳ Waiting for OTP in mail.tm inbox (Do not close browser)...
[2026-01-26T20:51:05.228Z] [INFO] ✅ Got Code: 561559
[2026-01-26T20:51:05.229Z] [INFO] Entering verification code...
[2026-01-26T20:51:13.837Z] [SUCCESS] ✅ Entered verification code successfully
[2026-01-26T20:51:15.582Z] [INFO] Clicking submit/next button...
[2026-01-26T20:51:15.625Z] [SUCCESS] ✅ Clicked submit button
[2026-01-26T20:51:20.534Z] [SUCCESS] ✅ Clicked submit button
[2026-01-26T20:51:24.429Z] [INFO] Waiting for post-signup state...
[2026-01-26T20:51:24.432Z] [WARNING] Username step skipped: page.isVisible: Target page, context or browser has been closed
[2026-01-26T20:51:24.432Z] [INFO] 🔄 starting Post-Signup Verification: LOGOUT -> LOGIN Test
[2026-01-26T20:54:45.247Z] [INFO] 🧹 Cleaning old jobs from queue...
[2026-01-26T20:54:45.263Z] [INFO] ✅ Queue cleared. Checking for new injection...
[2026-01-26T20:54:45.265Z] [INFO] 🔧 [DEV] Queue empty. Injecting Test Job...
[2026-01-26T20:54:45.272Z] [SUCCESS] ✅ [DEV] Injected New Job: Account 42 (Batch 24)
[2026-01-26T20:54:45.274Z] [INFO] Processing new job
{
  "accountId": 42,
  "batchId": 24,
  "jobId": "42"
}
[2026-01-26T20:54:45.275Z] [INFO] Starting account creation for Account ID: 42 (Attempt 1/3)
[2026-01-26T20:55:21.539Z] [INFO] Generated Email: tiktok87ndfg1g@virgilian.com
[2026-01-26T20:55:21.542Z] [INFO] 🛑 Checking for Fresh IP before launching...
[2026-01-26T20:55:24.577Z] [SUCCESS] ✅ Fresh IP Found: 70.77.120.237
[2026-01-26T20:55:24.577Z] [INFO] 🚀 Launching SeleniumBase via Python Bridge...
[2026-01-26T20:55:24.578Z] [INFO] Starting Python Browser Launcher: /Users/mac/Desktop/My Work/Tiktok_account_automation/bot/src/utils/browserLauncher.py
[2026-01-26T20:55:24.578Z] [INFO] 🔌 Connecting with proxy: http://kajhhcdk-rotate:****@p.webshare.io:80
[2026-01-26T20:55:26.522Z] [INFO] ✅ Connected to CDP Endpoint: ws://127.0.0.1:9222/devtools/browser/6ce2ad43-af3e-4244-8879-009be1d19cb7
[2026-01-26T20:55:26.591Z] [INFO] Attached to existing page
[2026-01-26T20:55:26.636Z] [INFO] Navigating to https://www.tiktok.com/signup/phone-or-email/email...
[2026-01-26T20:55:27.120Z] [INFO] 🌍 Checking public IP & Location...
[2026-01-26T20:55:27.136Z] [INFO] ✅ IP: Unknown | 📍 Location: Unknown
[2026-01-26T20:55:27.137Z] [INFO] ⏳ Waiting for page to fully load...
[2026-01-26T20:55:39.069Z] [INFO] On signup page - HYBRID FLOW STARTED
[2026-01-26T20:55:42.609Z] [INFO] 🎂 Filling date of birth...
[2026-01-26T20:55:42.609Z] [INFO] Step 1: Opening Month dropdown...
[2026-01-26T20:55:52.032Z] [SUCCESS] ✅ Selected month: 11
[2026-01-26T20:55:55.097Z] [INFO] Step 2: Opening Day dropdown...
[2026-01-26T20:56:01.947Z] [SUCCESS] ✅ Selected day: 28
[2026-01-26T20:56:04.093Z] [INFO] Step 3: Opening Year dropdown...
[2026-01-26T20:56:09.441Z] [SUCCESS] ✅ Selected year: 2004
[2026-01-26T20:56:09.441Z] [SUCCESS] 🎂 Date of birth selection completed!
[2026-01-26T20:56:10.891Z] [INFO] Filling email address...
[2026-01-26T20:56:15.894Z] [SUCCESS] Entered email: tiktok87ndfg1g@virgilian.com
[2026-01-26T20:56:17.562Z] [INFO] Clicking outside to close email suggestions...
[2026-01-26T20:56:19.073Z] [INFO] Filling password...
[2026-01-26T20:56:21.901Z] [SUCCESS] Entered password
[2026-01-26T20:56:23.997Z] [INFO] Thinking: Clicking "Send code" button...
[2026-01-26T20:56:26.167Z] [INFO] Attempt 1: Clicking Send Code...
[2026-01-26T20:56:29.440Z] [INFO] Attempt 2: Clicking Send Code...
[2026-01-26T20:56:31.693Z] [SUCCESS] ✅ Successfully clicked "Send code"
[2026-01-26T20:56:31.693Z] [INFO] ⏳ Waiting for OTP in mail.tm inbox (Do not close browser)...
[2026-01-26T20:56:37.358Z] [INFO] ✅ Got Code: 620033
[2026-01-26T20:56:37.358Z] [INFO] Entering verification code...
[2026-01-26T20:56:46.029Z] [SUCCESS] ✅ Entered verification code successfully
[2026-01-26T20:56:47.951Z] [INFO] Clicking submit/next button...
[2026-01-26T20:56:47.991Z] [SUCCESS] ✅ Clicked submit button
[2026-01-26T20:56:52.413Z] [SUCCESS] ✅ Clicked submit button
[2026-01-26T20:56:55.512Z] [SUCCESS] ✅ Clicked submit button
[2026-01-26T20:56:59.954Z] [INFO] Waiting for post-signup state...
[2026-01-26T20:56:59.967Z] [INFO] 🔄 starting Post-Signup Verification: LOGOUT -> LOGIN Test
[2026-01-26T20:57:35.881Z] [WARNING] ⚠️ Could not find Logout button, assuming logged out or failed.
[2026-01-26T20:57:35.882Z] [INFO] 🔐 Attempting Re-Login with generated credentials...
[2026-01-26T20:57:49.421Z] [ERROR] ❌ Re-Login Test Failed: page.type: Target page, context or browser has been closed
Call log:
[2m  - waiting for locator('input[name="password"], input[type="password"]')[22m
[2m    - locator resolved to <input value="5b" type="password" placeholder="Password" autocomplete="new-password" class="tiktok-1eber3k-InputContainer etcs7ny0"/>[22m
[2m  - elementHandle.type("h")[22m

[2026-01-26T20:57:49.422Z] [ERROR] Failed to create account (Attempt 1/3)
{
  "accountId": 42,
  "error": "page.evaluate: Target page, context or browser has been closed",
  "stack": "page.evaluate: Target page, context or browser has been closed\n    at createTikTokAccount (/Users/mac/Desktop/My Work/Tiktok_account_automation/bot/src/automation/tiktokSignup.js:718:36)\n    at async Queue.<anonymous> (/Users/mac/Desktop/My Work/Tiktok_account_automation/bot/src/worker.js:92:24)"
}
[2026-01-26T20:57:49.424Z] [INFO] ⚠️ Error occurred. KEEPING BROWSER OPEN for 60 seconds for inspection...
[2026-01-26T20:57:49.425Z] [INFO] Retrying account creation... (Attempt 2/3)
[2026-01-26T21:00:17.610Z] [INFO] 🧹 Cleaning old jobs from queue...
[2026-01-26T21:00:17.632Z] [INFO] ✅ Queue cleared. Checking for new injection...
[2026-01-26T21:00:17.635Z] [INFO] 🔧 [DEV] Queue empty. Injecting Test Job...
[2026-01-26T21:00:17.642Z] [SUCCESS] ✅ [DEV] Injected New Job: Account 43 (Batch 25)
[2026-01-26T21:00:17.644Z] [INFO] Processing new job
{
  "accountId": 43,
  "batchId": 25,
  "jobId": "43"
}
[2026-01-26T21:00:17.646Z] [INFO] Starting account creation for Account ID: 43 (Attempt 1/3)
[2026-01-26T21:00:19.011Z] [INFO] Generated Email: tiktoktowube6o@virgilian.com
[2026-01-26T21:00:19.014Z] [INFO] 🛑 Checking for Fresh IP before launching...
[2026-01-26T21:00:21.761Z] [SUCCESS] ✅ Fresh IP Found: 106.219.175.4
[2026-01-26T21:00:21.762Z] [INFO] 🚀 Launching SeleniumBase via Python Bridge...
[2026-01-26T21:00:21.762Z] [INFO] Starting Python Browser Launcher: /Users/mac/Desktop/My Work/Tiktok_account_automation/bot/src/utils/browserLauncher.py
[2026-01-26T21:00:21.762Z] [INFO] 🔌 Connecting with proxy: http://kajhhcdk-rotate:****@p.webshare.io:80
[2026-01-26T21:00:51.766Z] [ERROR] Failed to create account (Attempt 1/3)
{
  "accountId": 43,
  "error": "Timeout waiting for Python browser launcher",
  "stack": "Error: Timeout waiting for Python browser launcher\n    at Timeout._onTimeout (file:///Users/mac/Desktop/My%20Work/Tiktok_account_automation/bot/src/automation/tiktokSignup.js:67:35)\n    at listOnTimeout (node:internal/timers:581:17)\n    at process.processTimers (node:internal/timers:519:7)"
}
[2026-01-26T21:00:51.769Z] [INFO] ⚠️ Error occurred. KEEPING BROWSER OPEN for 60 seconds for inspection...
[2026-01-26T21:00:51.769Z] [INFO] Retrying account creation... (Attempt 2/3)
[2026-01-26T21:01:25.939Z] [INFO] 🧹 Cleaning old jobs from queue...
[2026-01-26T21:01:25.962Z] [INFO] ✅ Queue cleared. Checking for new injection...
[2026-01-26T21:01:25.964Z] [INFO] 🔧 [DEV] Queue empty. Injecting Test Job...
[2026-01-26T21:01:25.972Z] [SUCCESS] ✅ [DEV] Injected New Job: Account 44 (Batch 26)
[2026-01-26T21:01:25.973Z] [INFO] Processing new job
{
  "accountId": 44,
  "batchId": 26,
  "jobId": "44"
}
[2026-01-26T21:01:25.974Z] [INFO] Starting account creation for Account ID: 44 (Attempt 1/3)
[2026-01-26T21:01:27.005Z] [INFO] Generated Email: tiktokv5iju3h4@virgilian.com
[2026-01-26T21:01:27.009Z] [INFO] 🛑 Checking for Fresh IP before launching...
[2026-01-26T21:01:28.966Z] [SUCCESS] ✅ Fresh IP Found: 83.77.187.147
[2026-01-26T21:01:28.966Z] [INFO] 🚀 Launching SeleniumBase via Python Bridge...
[2026-01-26T21:01:28.967Z] [INFO] Starting Python Browser Launcher: /Users/mac/Desktop/My Work/Tiktok_account_automation/bot/src/utils/browserLauncher.py
[2026-01-26T21:01:28.967Z] [INFO] 🔌 Connecting with proxy: http://kajhhcdk-rotate:****@p.webshare.io:80
[2026-01-26T21:01:31.269Z] [INFO] ✅ Connected to CDP Endpoint: ws://127.0.0.1:9222/devtools/browser/f68065df-26ca-4e3f-b1c1-93e8ee6e8e13
[2026-01-26T21:01:31.337Z] [INFO] Attached to existing page
[2026-01-26T21:01:31.379Z] [INFO] Navigating to https://www.tiktok.com/signup/phone-or-email/email...
[2026-01-26T21:01:31.947Z] [INFO] 🌍 Checking public IP & Location...
[2026-01-26T21:01:31.975Z] [INFO] ✅ IP: Unknown | 📍 Location: Unknown
[2026-01-26T21:01:31.982Z] [INFO] ⏳ Waiting for page to fully load...
[2026-01-26T21:01:45.500Z] [INFO] On signup page - HYBRID FLOW STARTED
[2026-01-26T21:01:48.263Z] [INFO] 🎂 Filling date of birth...
[2026-01-26T21:01:48.264Z] [INFO] Step 1: Opening Month dropdown...
[2026-01-26T21:01:57.476Z] [SUCCESS] ✅ Selected month: 10
[2026-01-26T21:02:01.116Z] [INFO] Step 2: Opening Day dropdown...
[2026-01-26T21:02:07.039Z] [SUCCESS] ✅ Selected day: 21
[2026-01-26T21:02:09.995Z] [INFO] Step 3: Opening Year dropdown...
[2026-01-26T21:02:15.890Z] [SUCCESS] ✅ Selected year: 2007
[2026-01-26T21:02:15.891Z] [SUCCESS] 🎂 Date of birth selection completed!
[2026-01-26T21:02:17.292Z] [INFO] Filling email address...
[2026-01-26T21:02:22.585Z] [SUCCESS] Entered email: tiktokv5iju3h4@virgilian.com
[2026-01-26T21:02:25.210Z] [INFO] Clicking outside to close email suggestions...
[2026-01-26T21:02:26.237Z] [INFO] Filling password...
[2026-01-26T21:02:29.774Z] [SUCCESS] Entered password
[2026-01-26T21:02:32.539Z] [INFO] Thinking: Clicking "Send code" button...
[2026-01-26T21:02:34.473Z] [INFO] Attempt 1: Clicking Send Code...
[2026-01-26T21:02:37.981Z] [INFO] Attempt 2: Clicking Send Code...
[2026-01-26T21:02:40.575Z] [SUCCESS] ✅ Successfully clicked "Send code"
[2026-01-26T21:02:40.576Z] [INFO] ⏳ Waiting for OTP in mail.tm inbox (Do not close browser)...
[2026-01-26T21:02:46.446Z] [INFO] ✅ Got Code: 084182
[2026-01-26T21:02:46.446Z] [INFO] Entering verification code...
[2026-01-26T21:02:54.762Z] [SUCCESS] ✅ Entered verification code successfully
[2026-01-26T21:02:55.983Z] [INFO] Clicking submit/next button...
[2026-01-26T21:02:56.022Z] [SUCCESS] ✅ Clicked submit button
[2026-01-26T21:02:59.893Z] [INFO] Waiting for post-signup state...
[2026-01-26T21:02:59.899Z] [INFO] 👤 "Create Username" step detected
[2026-01-26T21:02:59.899Z] [INFO] Attempt 1: Trying username silent_falcon425
[2026-01-26T21:03:08.582Z] [WARNING] Username step skipped: page.evaluate: SyntaxError: Failed to execute 'querySelector' on 'Document': 'div[type="error"]:has-text("taken")' is not a valid selector.
    at eval (eval at evaluate (:290:30), <anonymous>:2:43)
    at UtilityScript.evaluate (<anonymous>:292:16)
    at UtilityScript.<anonymous> (<anonymous>:1:44)
[2026-01-26T21:03:08.583Z] [INFO] 🔄 starting Post-Signup Verification: LOGOUT -> LOGIN Test
[2026-01-26T21:03:44.302Z] [WARNING] ⚠️ Could not find Logout button, assuming logged out or failed.
[2026-01-26T21:03:44.303Z] [INFO] 🔐 Attempting Re-Login with generated credentials...
[2026-01-26T21:04:11.000Z] [SUCCESS] 🎉 RE-LOGIN TEST PASSED! Proxy & Account are stable.
[2026-01-26T21:04:11.002Z] [SUCCESS] 🎉 Account Created Successfully! ID: 44
[2026-01-26T21:04:11.020Z] [INFO] Killing Python browser process...
[2026-01-26T21:04:11.020Z] [INFO] Browser closed
[2026-01-26T21:04:11.025Z] [SUCCESS] Batch 26 completed!
{
  "totalSuccess": 1,
  "totalFailed": 0
}
[2026-01-26T21:04:11.028Z] [INFO] Waiting 5.63 minutes before next account creation...
[2026-01-26T21:09:48.726Z] [SUCCESS] Job 44 completed
{
  "result": {
    "success": true,
    "email": "tiktokv5iju3h4@virgilian.com"
  }
}
